[2.565s] Invoking command in '/workspaces/workspaces/build/ros_visuals': PYTHONPATH=/workspaces/workspaces/build/ros_visuals/prefix_override:/usr/lib/python3/dist-packages/colcon_core/task/python/colcon_distutils_commands:/workspaces/workspaces/install/ros_visuals/lib/python3.12/site-packages:${PYTHONPATH} /usr/bin/python3 -W ignore:setup.py install is deprecated -W ignore:easy_install command is deprecated setup.py develop --editable --build-directory /workspaces/workspaces/build/ros_visuals/build --no-deps symlink_data
[3.372s] running develop
[4.097s] running egg_info
[4.098s] creating ros_visuals.egg-info
[4.153s] writing ros_visuals.egg-info/PKG-INFO
[4.154s] writing dependency_links to ros_visuals.egg-info/dependency_links.txt
[4.156s] writing entry points to ros_visuals.egg-info/entry_points.txt
[4.156s] writing requirements to ros_visuals.egg-info/requires.txt
[4.156s] writing top-level names to ros_visuals.egg-info/top_level.txt
[4.157s] writing manifest file 'ros_visuals.egg-info/SOURCES.txt'
[6.191s] reading manifest file 'ros_visuals.egg-info/SOURCES.txt'
[6.195s] writing manifest file 'ros_visuals.egg-info/SOURCES.txt'
[6.279s] running build_ext
[6.280s] Creating /workspaces/workspaces/install/ros_visuals/lib/python3.12/site-packages/ros-visuals.egg-link (link to .)
[6.282s] Installing t11 script to /workspaces/workspaces/install/ros_visuals/lib/ros_visuals
[6.284s] Installing t12 script to /workspaces/workspaces/install/ros_visuals/lib/ros_visuals
[6.285s] Installing t13 script to /workspaces/workspaces/install/ros_visuals/lib/ros_visuals
[6.287s] 
[6.287s] Installed /workspaces/workspaces/build/ros_visuals
[6.289s] running symlink_data
[6.289s] symbolically linking /workspaces/workspaces/build/ros_visuals/package.xml -> /workspaces/workspaces/install/ros_visuals/share/ament_index/resource_index/packages
[6.291s] creating /workspaces/workspaces/install/ros_visuals/share/ros_visuals/config
[6.291s] symbolically linking /workspaces/workspaces/build/ros_visuals/config/compare_cage.rviz -> /workspaces/workspaces/install/ros_visuals/share/ros_visuals/config
[6.292s] symbolically linking /workspaces/workspaces/build/ros_visuals/config/talos_new.rviz -> /workspaces/workspaces/install/ros_visuals/share/ros_visuals/config
[6.292s] symbolically linking /workspaces/workspaces/build/ros_visuals/config/rviz_config.rviz -> /workspaces/workspaces/install/ros_visuals/share/ros_visuals/config
[6.293s] symbolically linking /workspaces/workspaces/build/ros_visuals/config/talos.rviz -> /workspaces/workspaces/install/ros_visuals/share/ros_visuals/config
[6.294s] creating /workspaces/workspaces/install/ros_visuals/share/ros_visuals/launch
[6.294s] symbolically linking /workspaces/workspaces/build/ros_visuals/launch/talos_control_launch.py -> /workspaces/workspaces/install/ros_visuals/share/ros_visuals/launch
[6.295s] symbolically linking /workspaces/workspaces/build/ros_visuals/launch/launch.py -> /workspaces/workspaces/install/ros_visuals/share/ros_visuals/launch
[6.295s] symbolically linking /workspaces/workspaces/build/ros_visuals/launch/talos_rviz_launch.py -> /workspaces/workspaces/install/ros_visuals/share/ros_visuals/launch
[6.295s] symbolically linking /workspaces/workspaces/build/ros_visuals/launch/compare_methods.launch.py -> /workspaces/workspaces/install/ros_visuals/share/ros_visuals/launch
[6.412s] Invoked command in '/workspaces/workspaces/build/ros_visuals' returned '0': PYTHONPATH=/workspaces/workspaces/build/ros_visuals/prefix_override:/usr/lib/python3/dist-packages/colcon_core/task/python/colcon_distutils_commands:/workspaces/workspaces/install/ros_visuals/lib/python3.12/site-packages:${PYTHONPATH} /usr/bin/python3 -W ignore:setup.py install is deprecated -W ignore:easy_install command is deprecated setup.py develop --editable --build-directory /workspaces/workspaces/build/ros_visuals/build --no-deps symlink_data
