[2.407s] Invoking command in '/workspaces/workspaces/my_workspace/build/bullet_sims': AMENT_PREFIX_PATH=/workspaces/workspaces/my_workspace/install/talos_description:/workspaces/workspaces/my_workspace/install/simulator:/workspaces/workspaces/my_workspace/install/reemc_description:${AMENT_PREFIX_PATH} CMAKE_PREFIX_PATH=/workspaces/workspaces/my_workspace/install/talos_description:/workspaces/workspaces/my_workspace/install/reemc_description:${CMAKE_PREFIX_PATH} PYTHONPATH=/workspaces/workspaces/my_workspace/build/bullet_sims/prefix_override:/usr/lib/python3/dist-packages/colcon_core/task/python/colcon_distutils_commands:/workspaces/workspaces/my_workspace/install/bullet_sims/lib/python3.12/site-packages:/workspaces/workspaces/my_workspace/install/simulator/lib/python3.12/site-packages:${PYTHONPATH} /usr/bin/python3 -W ignore:setup.py install is deprecated -W ignore:easy_install command is deprecated setup.py develop --uninstall --editable --build-directory /workspaces/workspaces/my_workspace/build/bullet_sims/build
[3.323s] running develop
[3.736s] Removing /workspaces/workspaces/my_workspace/install/bullet_sims/lib/python3.12/site-packages/bullet-sims.egg-link (link to .)
[3.806s] Invoked command in '/workspaces/workspaces/my_workspace/build/bullet_sims' returned '0': AMENT_PREFIX_PATH=/workspaces/workspaces/my_workspace/install/talos_description:/workspaces/workspaces/my_workspace/install/simulator:/workspaces/workspaces/my_workspace/install/reemc_description:${AMENT_PREFIX_PATH} CMAKE_PREFIX_PATH=/workspaces/workspaces/my_workspace/install/talos_description:/workspaces/workspaces/my_workspace/install/reemc_description:${CMAKE_PREFIX_PATH} PYTHONPATH=/workspaces/workspaces/my_workspace/build/bullet_sims/prefix_override:/usr/lib/python3/dist-packages/colcon_core/task/python/colcon_distutils_commands:/workspaces/workspaces/my_workspace/install/bullet_sims/lib/python3.12/site-packages:/workspaces/workspaces/my_workspace/install/simulator/lib/python3.12/site-packages:${PYTHONPATH} /usr/bin/python3 -W ignore:setup.py install is deprecated -W ignore:easy_install command is deprecated setup.py develop --uninstall --editable --build-directory /workspaces/workspaces/my_workspace/build/bullet_sims/build
[3.809s] Invoking command in '/workspaces/workspaces/my_workspace/src/bullet_sims': AMENT_PREFIX_PATH=/workspaces/workspaces/my_workspace/install/talos_description:/workspaces/workspaces/my_workspace/install/simulator:/workspaces/workspaces/my_workspace/install/reemc_description:${AMENT_PREFIX_PATH} CMAKE_PREFIX_PATH=/workspaces/workspaces/my_workspace/install/talos_description:/workspaces/workspaces/my_workspace/install/reemc_description:${CMAKE_PREFIX_PATH} PYTHONPATH=/workspaces/workspaces/my_workspace/build/bullet_sims/prefix_override:/usr/lib/python3/dist-packages/colcon_core/task/python/colcon_distutils_commands:/workspaces/workspaces/my_workspace/install/bullet_sims/lib/python3.12/site-packages:/workspaces/workspaces/my_workspace/install/simulator/lib/python3.12/site-packages:${PYTHONPATH} /usr/bin/python3 -W ignore:setup.py install is deprecated -W ignore:easy_install command is deprecated setup.py egg_info --egg-base ../../build/bullet_sims build --build-base /workspaces/workspaces/my_workspace/build/bullet_sims/build install --record /workspaces/workspaces/my_workspace/build/bullet_sims/install.log --single-version-externally-managed install_data --force
[4.284s] running egg_info
[4.316s] writing ../../build/bullet_sims/bullet_sims.egg-info/PKG-INFO
[4.317s] writing dependency_links to ../../build/bullet_sims/bullet_sims.egg-info/dependency_links.txt
[4.317s] writing entry points to ../../build/bullet_sims/bullet_sims.egg-info/entry_points.txt
[4.317s] writing requirements to ../../build/bullet_sims/bullet_sims.egg-info/requires.txt
[4.318s] writing top-level names to ../../build/bullet_sims/bullet_sims.egg-info/top_level.txt
[4.791s] writing manifest file '../../build/bullet_sims/bullet_sims.egg-info/SOURCES.txt'
[4.791s] running build
[4.791s] running build_py
[4.792s] copying bullet_sims/t3_main.py -> /workspaces/workspaces/my_workspace/build/bullet_sims/build/lib/bullet_sims
[4.792s] running install
[4.806s] running install_lib
[4.843s] creating /workspaces/workspaces/my_workspace/install/bullet_sims/lib/python3.12/site-packages/bullet_sims
[4.843s] copying /workspaces/workspaces/my_workspace/build/bullet_sims/build/lib/bullet_sims/t22.py -> /workspaces/workspaces/my_workspace/install/bullet_sims/lib/python3.12/site-packages/bullet_sims
[4.844s] copying /workspaces/workspaces/my_workspace/build/bullet_sims/build/lib/bullet_sims/t2_temp.py -> /workspaces/workspaces/my_workspace/install/bullet_sims/lib/python3.12/site-packages/bullet_sims
[4.844s] copying /workspaces/workspaces/my_workspace/build/bullet_sims/build/lib/bullet_sims/t3_main.py -> /workspaces/workspaces/my_workspace/install/bullet_sims/lib/python3.12/site-packages/bullet_sims
[4.844s] copying /workspaces/workspaces/my_workspace/build/bullet_sims/build/lib/bullet_sims/__init__.py -> /workspaces/workspaces/my_workspace/install/bullet_sims/lib/python3.12/site-packages/bullet_sims
[4.845s] copying /workspaces/workspaces/my_workspace/build/bullet_sims/build/lib/bullet_sims/t21.py -> /workspaces/workspaces/my_workspace/install/bullet_sims/lib/python3.12/site-packages/bullet_sims
[4.845s] copying /workspaces/workspaces/my_workspace/build/bullet_sims/build/lib/bullet_sims/t23.py -> /workspaces/workspaces/my_workspace/install/bullet_sims/lib/python3.12/site-packages/bullet_sims
[4.846s] copying /workspaces/workspaces/my_workspace/build/bullet_sims/build/lib/bullet_sims/teleoperation.py -> /workspaces/workspaces/my_workspace/install/bullet_sims/lib/python3.12/site-packages/bullet_sims
[4.846s] byte-compiling /workspaces/workspaces/my_workspace/install/bullet_sims/lib/python3.12/site-packages/bullet_sims/t22.py to t22.cpython-312.pyc
[4.847s] byte-compiling /workspaces/workspaces/my_workspace/install/bullet_sims/lib/python3.12/site-packages/bullet_sims/t2_temp.py to t2_temp.cpython-312.pyc
[4.848s] byte-compiling /workspaces/workspaces/my_workspace/install/bullet_sims/lib/python3.12/site-packages/bullet_sims/t3_main.py to t3_main.cpython-312.pyc
[4.851s] byte-compiling /workspaces/workspaces/my_workspace/install/bullet_sims/lib/python3.12/site-packages/bullet_sims/__init__.py to __init__.cpython-312.pyc
[4.851s] byte-compiling /workspaces/workspaces/my_workspace/install/bullet_sims/lib/python3.12/site-packages/bullet_sims/t21.py to t21.cpython-312.pyc
[4.852s] byte-compiling /workspaces/workspaces/my_workspace/install/bullet_sims/lib/python3.12/site-packages/bullet_sims/t23.py to t23.cpython-312.pyc
[4.854s] byte-compiling /workspaces/workspaces/my_workspace/install/bullet_sims/lib/python3.12/site-packages/bullet_sims/teleoperation.py to teleoperation.cpython-312.pyc
[4.856s] running install_data
[4.857s] copying resource/bullet_sims -> /workspaces/workspaces/my_workspace/install/bullet_sims/share/ament_index/resource_index/packages
[4.858s] copying package.xml -> /workspaces/workspaces/my_workspace/install/bullet_sims/share/bullet_sims
[4.858s] running install_egg_info
[4.905s] Copying ../../build/bullet_sims/bullet_sims.egg-info to /workspaces/workspaces/my_workspace/install/bullet_sims/lib/python3.12/site-packages/bullet_sims-0.0.0-py3.12.egg-info
[4.908s] running install_scripts
[5.145s] Installing t21 script to /workspaces/workspaces/my_workspace/install/bullet_sims/lib/bullet_sims
[5.145s] Installing t22 script to /workspaces/workspaces/my_workspace/install/bullet_sims/lib/bullet_sims
[5.146s] Installing t23 script to /workspaces/workspaces/my_workspace/install/bullet_sims/lib/bullet_sims
[5.146s] Installing t2_temp script to /workspaces/workspaces/my_workspace/install/bullet_sims/lib/bullet_sims
[5.147s] Installing t3_main script to /workspaces/workspaces/my_workspace/install/bullet_sims/lib/bullet_sims
[5.147s] writing list of installed files to '/workspaces/workspaces/my_workspace/build/bullet_sims/install.log'
[5.212s] Invoked command in '/workspaces/workspaces/my_workspace/src/bullet_sims' returned '0': AMENT_PREFIX_PATH=/workspaces/workspaces/my_workspace/install/talos_description:/workspaces/workspaces/my_workspace/install/simulator:/workspaces/workspaces/my_workspace/install/reemc_description:${AMENT_PREFIX_PATH} CMAKE_PREFIX_PATH=/workspaces/workspaces/my_workspace/install/talos_description:/workspaces/workspaces/my_workspace/install/reemc_description:${CMAKE_PREFIX_PATH} PYTHONPATH=/workspaces/workspaces/my_workspace/build/bullet_sims/prefix_override:/usr/lib/python3/dist-packages/colcon_core/task/python/colcon_distutils_commands:/workspaces/workspaces/my_workspace/install/bullet_sims/lib/python3.12/site-packages:/workspaces/workspaces/my_workspace/install/simulator/lib/python3.12/site-packages:${PYTHONPATH} /usr/bin/python3 -W ignore:setup.py install is deprecated -W ignore:easy_install command is deprecated setup.py egg_info --egg-base ../../build/bullet_sims build --build-base /workspaces/workspaces/my_workspace/build/bullet_sims/build install --record /workspaces/workspaces/my_workspace/build/bullet_sims/install.log --single-version-externally-managed install_data --force
