[2.916s] Invoking command in '/workspaces/workspaces/build/whole_body_control': AMENT_PREFIX_PATH=/workspaces/workspaces/install/talos_description:/workspaces/workspaces/install/simulator:/workspaces/workspaces/install/reemc_description:${AMENT_PREFIX_PATH} CMAKE_PREFIX_PATH=/workspaces/workspaces/install/talos_description:/workspaces/workspaces/install/reemc_description:${CMAKE_PREFIX_PATH} PYTHONPATH=/workspaces/workspaces/build/whole_body_control/prefix_override:/usr/lib/python3/dist-packages/colcon_core/task/python/colcon_distutils_commands:/workspaces/workspaces/install/whole_body_control/lib/python3.12/site-packages:/workspaces/workspaces/build/simulator:/workspaces/workspaces/install/simulator/lib/python3.12/site-packages:${PYTHONPATH} /usr/bin/python3 -W ignore:setup.py install is deprecated -W ignore:easy_install command is deprecated setup.py develop --editable --build-directory /workspaces/workspaces/build/whole_body_control/build --no-deps symlink_data
[3.582s] running develop
[4.090s] running egg_info
[4.090s] creating whole_body_control.egg-info
[4.131s] writing whole_body_control.egg-info/PKG-INFO
[4.131s] writing dependency_links to whole_body_control.egg-info/dependency_links.txt
[4.132s] writing entry points to whole_body_control.egg-info/entry_points.txt
[4.133s] writing requirements to whole_body_control.egg-info/requires.txt
[4.134s] writing top-level names to whole_body_control.egg-info/top_level.txt
[4.134s] writing manifest file 'whole_body_control.egg-info/SOURCES.txt'
[5.332s] reading manifest file 'whole_body_control.egg-info/SOURCES.txt'
[5.334s] writing manifest file 'whole_body_control.egg-info/SOURCES.txt'
[5.403s] running build_ext
[5.407s] Creating /workspaces/workspaces/install/whole_body_control/lib/python3.12/site-packages/whole-body-control.egg-link (link to .)
[5.407s] Installing 02_one_leg_stand script to /workspaces/workspaces/install/whole_body_control/lib/whole_body_control
[5.408s] Installing 03_squating script to /workspaces/workspaces/install/whole_body_control/lib/whole_body_control
[5.408s] Installing t4_standing script to /workspaces/workspaces/install/whole_body_control/lib/whole_body_control
[5.409s] Installing t51 script to /workspaces/workspaces/install/whole_body_control/lib/whole_body_control
[5.409s] 
[5.410s] Installed /workspaces/workspaces/build/whole_body_control
[5.410s] running symlink_data
[5.411s] creating /workspaces/workspaces/install/whole_body_control/share/ament_index
[5.411s] creating /workspaces/workspaces/install/whole_body_control/share/ament_index/resource_index
[5.411s] creating /workspaces/workspaces/install/whole_body_control/share/ament_index/resource_index/packages
[5.411s] symbolically linking /workspaces/workspaces/build/whole_body_control/resource/whole_body_control -> /workspaces/workspaces/install/whole_body_control/share/ament_index/resource_index/packages
[5.412s] symbolically linking /workspaces/workspaces/build/whole_body_control/package.xml -> /workspaces/workspaces/install/whole_body_control/share/whole_body_control
[5.412s] creating /workspaces/workspaces/install/whole_body_control/share/whole_body_control/launch
[5.412s] symbolically linking /workspaces/workspaces/build/whole_body_control/launch/launch.py -> /workspaces/workspaces/install/whole_body_control/share/whole_body_control/launch
[5.520s] Invoked command in '/workspaces/workspaces/build/whole_body_control' returned '0': AMENT_PREFIX_PATH=/workspaces/workspaces/install/talos_description:/workspaces/workspaces/install/simulator:/workspaces/workspaces/install/reemc_description:${AMENT_PREFIX_PATH} CMAKE_PREFIX_PATH=/workspaces/workspaces/install/talos_description:/workspaces/workspaces/install/reemc_description:${CMAKE_PREFIX_PATH} PYTHONPATH=/workspaces/workspaces/build/whole_body_control/prefix_override:/usr/lib/python3/dist-packages/colcon_core/task/python/colcon_distutils_commands:/workspaces/workspaces/install/whole_body_control/lib/python3.12/site-packages:/workspaces/workspaces/build/simulator:/workspaces/workspaces/install/simulator/lib/python3.12/site-packages:${PYTHONPATH} /usr/bin/python3 -W ignore:setup.py install is deprecated -W ignore:easy_install command is deprecated setup.py develop --editable --build-directory /workspaces/workspaces/build/whole_body_control/build --no-deps symlink_data
