[2.570s] Invoking command in '/workspaces/workspaces/build/simulator': PYTHONPATH=/workspaces/workspaces/build/simulator/prefix_override:/usr/lib/python3/dist-packages/colcon_core/task/python/colcon_distutils_commands:/workspaces/workspaces/install/simulator/lib/python3.12/site-packages:${PYTHONPATH} /usr/bin/python3 -W ignore:setup.py install is deprecated -W ignore:easy_install command is deprecated setup.py develop --editable --build-directory /workspaces/workspaces/build/simulator/build --no-deps symlink_data
[3.397s] running develop
[4.191s] running egg_info
[4.191s] creating simulator.egg-info
[4.239s] writing simulator.egg-info/PKG-INFO
[4.240s] writing dependency_links to simulator.egg-info/dependency_links.txt
[4.241s] writing requirements to simulator.egg-info/requires.txt
[4.241s] writing top-level names to simulator.egg-info/top_level.txt
[4.242s] writing manifest file 'simulator.egg-info/SOURCES.txt'
[6.214s] reading manifest file 'simulator.egg-info/SOURCES.txt'
[6.214s] writing manifest file 'simulator.egg-info/SOURCES.txt'
[6.297s] running build_ext
[6.297s] Creating /workspaces/workspaces/install/simulator/lib/python3.12/site-packages/simulator.egg-link (link to .)
[6.303s] 
[6.303s] Installed /workspaces/workspaces/build/simulator
[6.303s] running symlink_data
[6.304s] creating /workspaces/workspaces/install/simulator/share/ament_index
[6.305s] creating /workspaces/workspaces/install/simulator/share/ament_index/resource_index
[6.305s] creating /workspaces/workspaces/install/simulator/share/ament_index/resource_index/packages
[6.306s] symbolically linking /workspaces/workspaces/build/simulator/resource/simulator -> /workspaces/workspaces/install/simulator/share/ament_index/resource_index/packages
[6.306s] symbolically linking /workspaces/workspaces/build/simulator/package.xml -> /workspaces/workspaces/install/simulator/share/simulator
[6.451s] Invoked command in '/workspaces/workspaces/build/simulator' returned '0': PYTHONPATH=/workspaces/workspaces/build/simulator/prefix_override:/usr/lib/python3/dist-packages/colcon_core/task/python/colcon_distutils_commands:/workspaces/workspaces/install/simulator/lib/python3.12/site-packages:${PYTHONPATH} /usr/bin/python3 -W ignore:setup.py install is deprecated -W ignore:easy_install command is deprecated setup.py develop --editable --build-directory /workspaces/workspaces/build/simulator/build --no-deps symlink_data
