[0.622s] Invoking command in '/workspaces/workspaces/legged-robots/build/simulator': PYTHONPATH=/workspaces/workspaces/legged-robots/build/simulator/prefix_override:/usr/lib/python3/dist-packages/colcon_core/task/python/colcon_distutils_commands:/workspaces/workspaces/legged-robots/install/simulator/lib/python3.12/site-packages:${PYTHONPATH} /usr/bin/python3 -W ignore:setup.py install is deprecated -W ignore:easy_install command is deprecated setup.py develop --editable --build-directory /workspaces/workspaces/legged-robots/build/simulator/build --no-deps symlink_data
[0.850s] running develop
[1.049s] running egg_info
[1.049s] creating simulator.egg-info
[1.076s] writing simulator.egg-info/PKG-INFO
[1.076s] writing dependency_links to simulator.egg-info/dependency_links.txt
[1.076s] writing requirements to simulator.egg-info/requires.txt
[1.076s] writing top-level names to simulator.egg-info/top_level.txt
[1.076s] writing manifest file 'simulator.egg-info/SOURCES.txt'
[1.611s] reading manifest file 'simulator.egg-info/SOURCES.txt'
[1.612s] writing manifest file 'simulator.egg-info/SOURCES.txt'
[1.647s] running build_ext
[1.648s] Creating /workspaces/workspaces/legged-robots/install/simulator/lib/python3.12/site-packages/simulator.egg-link (link to .)
[1.648s] 
[1.648s] Installed /workspaces/workspaces/legged-robots/build/simulator
[1.648s] running symlink_data
[1.648s] creating /workspaces/workspaces/legged-robots/install/simulator/share/ament_index
[1.648s] creating /workspaces/workspaces/legged-robots/install/simulator/share/ament_index/resource_index
[1.648s] creating /workspaces/workspaces/legged-robots/install/simulator/share/ament_index/resource_index/packages
[1.648s] symbolically linking /workspaces/workspaces/legged-robots/build/simulator/resource/simulator -> /workspaces/workspaces/legged-robots/install/simulator/share/ament_index/resource_index/packages
[1.648s] symbolically linking /workspaces/workspaces/legged-robots/build/simulator/package.xml -> /workspaces/workspaces/legged-robots/install/simulator/share/simulator
[1.692s] Invoked command in '/workspaces/workspaces/legged-robots/build/simulator' returned '0': PYTHONPATH=/workspaces/workspaces/legged-robots/build/simulator/prefix_override:/usr/lib/python3/dist-packages/colcon_core/task/python/colcon_distutils_commands:/workspaces/workspaces/legged-robots/install/simulator/lib/python3.12/site-packages:${PYTHONPATH} /usr/bin/python3 -W ignore:setup.py install is deprecated -W ignore:easy_install command is deprecated setup.py develop --editable --build-directory /workspaces/workspaces/legged-robots/build/simulator/build --no-deps symlink_data
