/workspaces/workspaces/legged-robots/my_workspace/install/walking/lib/python3.12/site-packages/walking/lip_mpc.py
/workspaces/workspaces/legged-robots/my_workspace/install/walking/lib/python3.12/site-packages/walking/tsid_wrapper.py
/workspaces/workspaces/legged-robots/my_workspace/install/walking/lib/python3.12/site-packages/walking/talos_conf.py
/workspaces/workspaces/legged-robots/my_workspace/install/walking/lib/python3.12/site-packages/walking/footstep_planner.py
/workspaces/workspaces/legged-robots/my_workspace/install/walking/lib/python3.12/site-packages/walking/walking.py
/workspaces/workspaces/legged-robots/my_workspace/install/walking/lib/python3.12/site-packages/walking/__init__.py
/workspaces/workspaces/legged-robots/my_workspace/install/walking/lib/python3.12/site-packages/walking/foot_trajectory.py
/workspaces/workspaces/legged-robots/my_workspace/install/walking/lib/python3.12/site-packages/walking/talos.py
/workspaces/workspaces/legged-robots/my_workspace/install/walking/lib/python3.12/site-packages/walking/__pycache__/lip_mpc.cpython-312.pyc
/workspaces/workspaces/legged-robots/my_workspace/install/walking/lib/python3.12/site-packages/walking/__pycache__/tsid_wrapper.cpython-312.pyc
/workspaces/workspaces/legged-robots/my_workspace/install/walking/lib/python3.12/site-packages/walking/__pycache__/talos_conf.cpython-312.pyc
/workspaces/workspaces/legged-robots/my_workspace/install/walking/lib/python3.12/site-packages/walking/__pycache__/footstep_planner.cpython-312.pyc
/workspaces/workspaces/legged-robots/my_workspace/install/walking/lib/python3.12/site-packages/walking/__pycache__/walking.cpython-312.pyc
/workspaces/workspaces/legged-robots/my_workspace/install/walking/lib/python3.12/site-packages/walking/__pycache__/__init__.cpython-312.pyc
/workspaces/workspaces/legged-robots/my_workspace/install/walking/lib/python3.12/site-packages/walking/__pycache__/foot_trajectory.cpython-312.pyc
/workspaces/workspaces/legged-robots/my_workspace/install/walking/lib/python3.12/site-packages/walking/__pycache__/talos.cpython-312.pyc
/workspaces/workspaces/legged-robots/my_workspace/install/walking/share/ament_index/resource_index/packages/walking
/workspaces/workspaces/legged-robots/my_workspace/install/walking/share/walking/package.xml
/workspaces/workspaces/legged-robots/my_workspace/install/walking/lib/python3.12/site-packages/walking-0.0.0-py3.12.egg-info/entry_points.txt
/workspaces/workspaces/legged-robots/my_workspace/install/walking/lib/python3.12/site-packages/walking-0.0.0-py3.12.egg-info/requires.txt
/workspaces/workspaces/legged-robots/my_workspace/install/walking/lib/python3.12/site-packages/walking-0.0.0-py3.12.egg-info/top_level.txt
/workspaces/workspaces/legged-robots/my_workspace/install/walking/lib/python3.12/site-packages/walking-0.0.0-py3.12.egg-info/PKG-INFO
/workspaces/workspaces/legged-robots/my_workspace/install/walking/lib/python3.12/site-packages/walking-0.0.0-py3.12.egg-info/zip-safe
/workspaces/workspaces/legged-robots/my_workspace/install/walking/lib/python3.12/site-packages/walking-0.0.0-py3.12.egg-info/dependency_links.txt
/workspaces/workspaces/legged-robots/my_workspace/install/walking/lib/python3.12/site-packages/walking-0.0.0-py3.12.egg-info/SOURCES.txt
/workspaces/workspaces/legged-robots/my_workspace/install/walking/lib/walking/footstep_planner
/workspaces/workspaces/legged-robots/my_workspace/install/walking/lib/walking/walking
