running develop
running egg_info
creating walking.egg-info
writing walking.egg-info/PKG-INFO
writing dependency_links to walking.egg-info/dependency_links.txt
writing entry points to walking.egg-info/entry_points.txt
writing requirements to walking.egg-info/requires.txt
writing top-level names to walking.egg-info/top_level.txt
writing manifest file 'walking.egg-info/SOURCES.txt'
reading manifest file 'walking.egg-info/SOURCES.txt'
writing manifest file 'walking.egg-info/SOURCES.txt'
running build_ext
Creating /workspaces/workspaces/legged-robots/my_workspace/install/walking/lib/python3.12/site-packages/walking.egg-link (link to .)
Installing footstep_planner script to /workspaces/workspaces/legged-robots/my_workspace/install/walking/lib/walking
Installing walking script to /workspaces/workspaces/legged-robots/my_workspace/install/walking/lib/walking

Installed /workspaces/workspaces/legged-robots/my_workspace/build/walking
running symlink_data
creating /workspaces/workspaces/legged-robots/my_workspace/install/walking/share/ament_index
creating /workspaces/workspaces/legged-robots/my_workspace/install/walking/share/ament_index/resource_index
creating /workspaces/workspaces/legged-robots/my_workspace/install/walking/share/ament_index/resource_index/packages
symbolically linking /workspaces/workspaces/legged-robots/my_workspace/build/walking/resource/walking -> /workspaces/workspaces/legged-robots/my_workspace/install/walking/share/ament_index/resource_index/packages
symbolically linking /workspaces/workspaces/legged-robots/my_workspace/build/walking/package.xml -> /workspaces/workspaces/legged-robots/my_workspace/install/walking/share/walking
