[0.711s] Invoking command in '/workspaces/workspaces/legged-robots/my_workspace/build/walking': AMENT_PREFIX_PATH=/workspaces/workspaces/legged-robots/my_workspace/install/simulator:/workspaces/workspaces/legged-robots/my_workspace/install/whole_body_control:/workspaces/workspaces/legged-robots/my_workspace/install/walking:/workspaces/workspaces/legged-robots/my_workspace/install/bullet_sims:/workspaces/workspaces/legged-robots/my_workspace/install/talos_description:/workspaces/workspaces/legged-robots/my_workspace/install/ros_visuals:/workspaces/workspaces/legged-robots/my_workspace/install/reemc_description:/opt/ros/rolling PYTHONPATH=/workspaces/workspaces/legged-robots/my_workspace/build/walking/prefix_override:/usr/lib/python3/dist-packages/colcon_core/task/python/colcon_distutils_commands:/workspaces/workspaces/legged-robots/my_workspace/install/walking/lib/python3.12/site-packages:/workspaces/workspaces/legged-robots/my_workspace/build/simulator:/workspaces/workspaces/legged-robots/my_workspace/install/simulator/lib/python3.12/site-packages:/workspaces/workspaces/legged-robots/my_workspace/build/whole_body_control:/workspaces/workspaces/legged-robots/my_workspace/install/whole_body_control/lib/python3.12/site-packages:/workspaces/workspaces/legged-robots/my_workspace/build/walking:/workspaces/workspaces/legged-robots/my_workspace/install/walking/lib/python3.12/site-packages:/workspaces/workspaces/legged-robots/my_workspace/build/bullet_sims:/workspaces/workspaces/legged-robots/my_workspace/install/bullet_sims/lib/python3.12/site-packages:/workspaces/workspaces/legged-robots/my_workspace/build/ros_visuals:/workspaces/workspaces/legged-robots/my_workspace/install/ros_visuals/lib/python3.12/site-packages:/opt/openrobots/lib/python3.12/site-packages:/opt/openrobots/lib/python3.12/site-packages:/opt/ros/rolling/lib/python3.12/site-packages /usr/bin/python3 -W ignore:setup.py install is deprecated -W ignore:easy_install command is deprecated setup.py develop --editable --build-directory /workspaces/workspaces/legged-robots/my_workspace/build/walking/build --no-deps symlink_data
[0.895s] running develop
[0.987s] running egg_info
[0.987s] creating walking.egg-info
[0.997s] writing walking.egg-info/PKG-INFO
[0.997s] writing dependency_links to walking.egg-info/dependency_links.txt
[0.997s] writing entry points to walking.egg-info/entry_points.txt
[0.997s] writing requirements to walking.egg-info/requires.txt
[0.997s] writing top-level names to walking.egg-info/top_level.txt
[0.998s] writing manifest file 'walking.egg-info/SOURCES.txt'
[1.276s] reading manifest file 'walking.egg-info/SOURCES.txt'
[1.276s] writing manifest file 'walking.egg-info/SOURCES.txt'
[1.287s] running build_ext
[1.287s] Creating /workspaces/workspaces/legged-robots/my_workspace/install/walking/lib/python3.12/site-packages/walking.egg-link (link to .)
[1.288s] Installing footstep_planner script to /workspaces/workspaces/legged-robots/my_workspace/install/walking/lib/walking
[1.288s] Installing walking script to /workspaces/workspaces/legged-robots/my_workspace/install/walking/lib/walking
[1.288s] 
[1.288s] Installed /workspaces/workspaces/legged-robots/my_workspace/build/walking
[1.288s] running symlink_data
[1.288s] creating /workspaces/workspaces/legged-robots/my_workspace/install/walking/share/ament_index
[1.288s] creating /workspaces/workspaces/legged-robots/my_workspace/install/walking/share/ament_index/resource_index
[1.288s] creating /workspaces/workspaces/legged-robots/my_workspace/install/walking/share/ament_index/resource_index/packages
[1.288s] symbolically linking /workspaces/workspaces/legged-robots/my_workspace/build/walking/resource/walking -> /workspaces/workspaces/legged-robots/my_workspace/install/walking/share/ament_index/resource_index/packages
[1.288s] symbolically linking /workspaces/workspaces/legged-robots/my_workspace/build/walking/package.xml -> /workspaces/workspaces/legged-robots/my_workspace/install/walking/share/walking
[1.308s] Invoked command in '/workspaces/workspaces/legged-robots/my_workspace/build/walking' returned '0': AMENT_PREFIX_PATH=/workspaces/workspaces/legged-robots/my_workspace/install/simulator:/workspaces/workspaces/legged-robots/my_workspace/install/whole_body_control:/workspaces/workspaces/legged-robots/my_workspace/install/walking:/workspaces/workspaces/legged-robots/my_workspace/install/bullet_sims:/workspaces/workspaces/legged-robots/my_workspace/install/talos_description:/workspaces/workspaces/legged-robots/my_workspace/install/ros_visuals:/workspaces/workspaces/legged-robots/my_workspace/install/reemc_description:/opt/ros/rolling PYTHONPATH=/workspaces/workspaces/legged-robots/my_workspace/build/walking/prefix_override:/usr/lib/python3/dist-packages/colcon_core/task/python/colcon_distutils_commands:/workspaces/workspaces/legged-robots/my_workspace/install/walking/lib/python3.12/site-packages:/workspaces/workspaces/legged-robots/my_workspace/build/simulator:/workspaces/workspaces/legged-robots/my_workspace/install/simulator/lib/python3.12/site-packages:/workspaces/workspaces/legged-robots/my_workspace/build/whole_body_control:/workspaces/workspaces/legged-robots/my_workspace/install/whole_body_control/lib/python3.12/site-packages:/workspaces/workspaces/legged-robots/my_workspace/build/walking:/workspaces/workspaces/legged-robots/my_workspace/install/walking/lib/python3.12/site-packages:/workspaces/workspaces/legged-robots/my_workspace/build/bullet_sims:/workspaces/workspaces/legged-robots/my_workspace/install/bullet_sims/lib/python3.12/site-packages:/workspaces/workspaces/legged-robots/my_workspace/build/ros_visuals:/workspaces/workspaces/legged-robots/my_workspace/install/ros_visuals/lib/python3.12/site-packages:/opt/openrobots/lib/python3.12/site-packages:/opt/openrobots/lib/python3.12/site-packages:/opt/ros/rolling/lib/python3.12/site-packages /usr/bin/python3 -W ignore:setup.py install is deprecated -W ignore:easy_install command is deprecated setup.py develop --editable --build-directory /workspaces/workspaces/legged-robots/my_workspace/build/walking/build --no-deps symlink_data
