/workspaces/workspaces/my_workspace/install/bullet_sims/lib/python3.12/site-packages/bullet_sims/t22.py
/workspaces/workspaces/my_workspace/install/bullet_sims/lib/python3.12/site-packages/bullet_sims/t2_temp.py
/workspaces/workspaces/my_workspace/install/bullet_sims/lib/python3.12/site-packages/bullet_sims/__init__.py
/workspaces/workspaces/my_workspace/install/bullet_sims/lib/python3.12/site-packages/bullet_sims/t21.py
/workspaces/workspaces/my_workspace/install/bullet_sims/lib/python3.12/site-packages/bullet_sims/t23.py
/workspaces/workspaces/my_workspace/install/bullet_sims/lib/python3.12/site-packages/bullet_sims/__pycache__/t22.cpython-312.pyc
/workspaces/workspaces/my_workspace/install/bullet_sims/lib/python3.12/site-packages/bullet_sims/__pycache__/t2_temp.cpython-312.pyc
/workspaces/workspaces/my_workspace/install/bullet_sims/lib/python3.12/site-packages/bullet_sims/__pycache__/__init__.cpython-312.pyc
/workspaces/workspaces/my_workspace/install/bullet_sims/lib/python3.12/site-packages/bullet_sims/__pycache__/t21.cpython-312.pyc
/workspaces/workspaces/my_workspace/install/bullet_sims/lib/python3.12/site-packages/bullet_sims/__pycache__/t23.cpython-312.pyc
/workspaces/workspaces/my_workspace/install/bullet_sims/share/ament_index/resource_index/packages/bullet_sims
/workspaces/workspaces/my_workspace/install/bullet_sims/share/bullet_sims/package.xml
/workspaces/workspaces/my_workspace/install/bullet_sims/lib/python3.12/site-packages/bullet_sims-0.0.0-py3.12.egg-info/entry_points.txt
/workspaces/workspaces/my_workspace/install/bullet_sims/lib/python3.12/site-packages/bullet_sims-0.0.0-py3.12.egg-info/top_level.txt
/workspaces/workspaces/my_workspace/install/bullet_sims/lib/python3.12/site-packages/bullet_sims-0.0.0-py3.12.egg-info/PKG-INFO
/workspaces/workspaces/my_workspace/install/bullet_sims/lib/python3.12/site-packages/bullet_sims-0.0.0-py3.12.egg-info/dependency_links.txt
/workspaces/workspaces/my_workspace/install/bullet_sims/lib/python3.12/site-packages/bullet_sims-0.0.0-py3.12.egg-info/requires.txt
/workspaces/workspaces/my_workspace/install/bullet_sims/lib/python3.12/site-packages/bullet_sims-0.0.0-py3.12.egg-info/SOURCES.txt
/workspaces/workspaces/my_workspace/install/bullet_sims/lib/python3.12/site-packages/bullet_sims-0.0.0-py3.12.egg-info/zip-safe
/workspaces/workspaces/my_workspace/install/bullet_sims/lib/bullet_sims/t21
/workspaces/workspaces/my_workspace/install/bullet_sims/lib/bullet_sims/t22
/workspaces/workspaces/my_workspace/install/bullet_sims/lib/bullet_sims/t23
/workspaces/workspaces/my_workspace/install/bullet_sims/lib/bullet_sims/t2_temp
