[1.027s] Invoking command in '/workspaces/workspaces/my_workspace/build/talos_description': CMAKE_PREFIX_PATH=${CMAKE_PREFIX_PATH}:/workspaces/workspaces/my_workspace/install/whole_body_control:/workspaces/workspaces/my_workspace/install/bullet_sims:/workspaces/workspaces/my_workspace/install/simulator:/workspaces/workspaces/my_workspace/install/ros_visuals:/opt/ros/rolling /usr/bin/cmake /workspaces/workspaces/my_workspace/src/talos_description -DAMENT_CMAKE_SYMLINK_INSTALL=1 -DCMAKE_INSTALL_PREFIX=/workspaces/workspaces/my_workspace/install/talos_description
[1.272s] -- The C compiler identification is GNU 13.3.0
[1.533s] -- The CXX compiler identification is GNU 13.3.0
[1.612s] -- Detecting C compiler ABI info
[2.011s] -- Detecting C compiler ABI info - done
[2.061s] -- Check for working C compiler: /usr/bin/cc - skipped
[2.062s] -- Detecting C compile features
[2.064s] -- Detecting C compile features - done
[2.117s] -- Detecting CXX compiler ABI info
[2.662s] -- Detecting CXX compiler ABI info - done
[2.711s] -- Check for working CXX compiler: /usr/bin/c++ - skipped
[2.712s] -- Detecting CXX compile features
[2.714s] -- Detecting CXX compile features - done
[2.747s] -- Found ament_cmake: 2.7.2 (/opt/ros/rolling/share/ament_cmake/cmake)
[3.674s] -- Found Python3: /usr/bin/python3 (found version "3.12.3") found components: Interpreter 
[4.120s] -- Override CMake install command with custom implementation using symlinks instead of copying resources
[4.484s] -- Found ament_lint_auto: 0.19.1 (/opt/ros/rolling/share/ament_lint_auto/cmake)
[4.863s] -- Configuring done (3.8s)
[4.883s] -- Generating done (0.0s)
[4.889s] -- Build files have been written to: /workspaces/workspaces/my_workspace/build/talos_description
[4.905s] Invoked command in '/workspaces/workspaces/my_workspace/build/talos_description' returned '0': CMAKE_PREFIX_PATH=${CMAKE_PREFIX_PATH}:/workspaces/workspaces/my_workspace/install/whole_body_control:/workspaces/workspaces/my_workspace/install/bullet_sims:/workspaces/workspaces/my_workspace/install/simulator:/workspaces/workspaces/my_workspace/install/ros_visuals:/opt/ros/rolling /usr/bin/cmake /workspaces/workspaces/my_workspace/src/talos_description -DAMENT_CMAKE_SYMLINK_INSTALL=1 -DCMAKE_INSTALL_PREFIX=/workspaces/workspaces/my_workspace/install/talos_description
[4.908s] Invoking command in '/workspaces/workspaces/my_workspace/build/talos_description': CMAKE_PREFIX_PATH=${CMAKE_PREFIX_PATH}:/workspaces/workspaces/my_workspace/install/whole_body_control:/workspaces/workspaces/my_workspace/install/bullet_sims:/workspaces/workspaces/my_workspace/install/simulator:/workspaces/workspaces/my_workspace/install/ros_visuals:/opt/ros/rolling /usr/bin/cmake --build /workspaces/workspaces/my_workspace/build/talos_description -- -j8 -l8
[5.084s] Invoked command in '/workspaces/workspaces/my_workspace/build/talos_description' returned '0': CMAKE_PREFIX_PATH=${CMAKE_PREFIX_PATH}:/workspaces/workspaces/my_workspace/install/whole_body_control:/workspaces/workspaces/my_workspace/install/bullet_sims:/workspaces/workspaces/my_workspace/install/simulator:/workspaces/workspaces/my_workspace/install/ros_visuals:/opt/ros/rolling /usr/bin/cmake --build /workspaces/workspaces/my_workspace/build/talos_description -- -j8 -l8
[5.087s] Invoking command in '/workspaces/workspaces/my_workspace/build/talos_description': CMAKE_PREFIX_PATH=${CMAKE_PREFIX_PATH}:/workspaces/workspaces/my_workspace/install/whole_body_control:/workspaces/workspaces/my_workspace/install/bullet_sims:/workspaces/workspaces/my_workspace/install/simulator:/workspaces/workspaces/my_workspace/install/ros_visuals:/opt/ros/rolling /usr/bin/cmake --install /workspaces/workspaces/my_workspace/build/talos_description
[5.124s] -- Install configuration: ""
[5.126s] -- Execute custom install script
[5.132s] -- Symlinking: /workspaces/workspaces/my_workspace/install/talos_description/share/talos_description/meshes/arm/arm_1.STL
[5.180s] -- Symlinking: /workspaces/workspaces/my_workspace/install/talos_description/share/talos_description/meshes/arm/arm_1_collision.STL
[5.230s] -- Symlinking: /workspaces/workspaces/my_workspace/install/talos_description/share/talos_description/meshes/arm/arm_2.STL
[5.283s] -- Symlinking: /workspaces/workspaces/my_workspace/install/talos_description/share/talos_description/meshes/arm/arm_2_collision.STL
[5.342s] -- Symlinking: /workspaces/workspaces/my_workspace/install/talos_description/share/talos_description/meshes/arm/arm_3.STL
[5.395s] -- Symlinking: /workspaces/workspaces/my_workspace/install/talos_description/share/talos_description/meshes/arm/arm_3_collision.STL
[5.447s] -- Symlinking: /workspaces/workspaces/my_workspace/install/talos_description/share/talos_description/meshes/arm/arm_4.STL
[5.502s] -- Symlinking: /workspaces/workspaces/my_workspace/install/talos_description/share/talos_description/meshes/arm/arm_4_collision.STL
[5.543s] -- Symlinking: /workspaces/workspaces/my_workspace/install/talos_description/share/talos_description/meshes/arm/arm_5.STL
[5.583s] -- Symlinking: /workspaces/workspaces/my_workspace/install/talos_description/share/talos_description/meshes/arm/arm_5_collision.STL
[5.630s] -- Symlinking: /workspaces/workspaces/my_workspace/install/talos_description/share/talos_description/meshes/arm/arm_6.STL
[5.683s] -- Symlinking: /workspaces/workspaces/my_workspace/install/talos_description/share/talos_description/meshes/arm/arm_6_collision.STL
[5.726s] -- Symlinking: /workspaces/workspaces/my_workspace/install/talos_description/share/talos_description/meshes/arm/arm_7.STL
[5.770s] -- Symlinking: /workspaces/workspaces/my_workspace/install/talos_description/share/talos_description/meshes/arm/arm_7_collision.STL
[5.824s] -- Symlinking: /workspaces/workspaces/my_workspace/install/talos_description/share/talos_description/meshes/bart.STL
[5.873s] -- Symlinking: /workspaces/workspaces/my_workspace/install/talos_description/share/talos_description/meshes/bart_light.STL
[5.921s] -- Symlinking: /workspaces/workspaces/my_workspace/install/talos_description/share/talos_description/meshes/dummy_hand.STL
[5.961s] -- Symlinking: /workspaces/workspaces/my_workspace/install/talos_description/share/talos_description/meshes/femur.STL
[6.012s] -- Symlinking: /workspaces/workspaces/my_workspace/install/talos_description/share/talos_description/meshes/femur_light.STL
[6.057s] -- Symlinking: /workspaces/workspaces/my_workspace/install/talos_description/share/talos_description/meshes/foot.STL
[6.109s] -- Symlinking: /workspaces/workspaces/my_workspace/install/talos_description/share/talos_description/meshes/gripper/base_link.STL
[6.160s] -- Symlinking: /workspaces/workspaces/my_workspace/install/talos_description/share/talos_description/meshes/gripper/base_link_collision.STL
[6.211s] -- Symlinking: /workspaces/workspaces/my_workspace/install/talos_description/share/talos_description/meshes/gripper/fingertip.STL
[6.269s] -- Symlinking: /workspaces/workspaces/my_workspace/install/talos_description/share/talos_description/meshes/gripper/fingertip_collision.STL
[6.326s] -- Symlinking: /workspaces/workspaces/my_workspace/install/talos_description/share/talos_description/meshes/gripper/gripper_motor_double.STL
[6.383s] -- Symlinking: /workspaces/workspaces/my_workspace/install/talos_description/share/talos_description/meshes/gripper/gripper_motor_double_collision.STL
[6.442s] -- Symlinking: /workspaces/workspaces/my_workspace/install/talos_description/share/talos_description/meshes/gripper/gripper_motor_single.STL
[6.492s] -- Symlinking: /workspaces/workspaces/my_workspace/install/talos_description/share/talos_description/meshes/gripper/gripper_motor_single_collision.STL
[6.543s] -- Symlinking: /workspaces/workspaces/my_workspace/install/talos_description/share/talos_description/meshes/gripper/gripper_simple.STL
[6.583s] -- Symlinking: /workspaces/workspaces/my_workspace/install/talos_description/share/talos_description/meshes/gripper/gripper_simple_collision.STL
[6.630s] -- Symlinking: /workspaces/workspaces/my_workspace/install/talos_description/share/talos_description/meshes/gripper/gripper_tweezers.STL
[6.674s] -- Symlinking: /workspaces/workspaces/my_workspace/install/talos_description/share/talos_description/meshes/gripper/gripper_tweezers_collision.STL
[6.722s] -- Symlinking: /workspaces/workspaces/my_workspace/install/talos_description/share/talos_description/meshes/gripper/inner_double.STL
[6.761s] -- Symlinking: /workspaces/workspaces/my_workspace/install/talos_description/share/talos_description/meshes/gripper/inner_double_collision.STL
[6.806s] -- Symlinking: /workspaces/workspaces/my_workspace/install/talos_description/share/talos_description/meshes/gripper/inner_single.STL
[6.855s] -- Symlinking: /workspaces/workspaces/my_workspace/install/talos_description/share/talos_description/meshes/gripper/inner_single_collision.STL
[6.906s] -- Symlinking: /workspaces/workspaces/my_workspace/install/talos_description/share/talos_description/meshes/head/head_1.stl
[6.961s] -- Symlinking: /workspaces/workspaces/my_workspace/install/talos_description/share/talos_description/meshes/head/head_1_collision.stl
[7.021s] -- Symlinking: /workspaces/workspaces/my_workspace/install/talos_description/share/talos_description/meshes/head/head_2.stl
[7.074s] -- Symlinking: /workspaces/workspaces/my_workspace/install/talos_description/share/talos_description/meshes/head/head_2_collision.stl
[7.131s] -- Symlinking: /workspaces/workspaces/my_workspace/install/talos_description/share/talos_description/meshes/head/head_2_default.stl
[7.183s] -- Symlinking: /workspaces/workspaces/my_workspace/install/talos_description/share/talos_description/meshes/head/head_2_default_collision.stl
[7.227s] -- Symlinking: /workspaces/workspaces/my_workspace/install/talos_description/share/talos_description/meshes/head/head_2_lidar.stl
[7.282s] -- Symlinking: /workspaces/workspaces/my_workspace/install/talos_description/share/talos_description/meshes/head/head_2_lidar_collision.stl
[7.330s] -- Symlinking: /workspaces/workspaces/my_workspace/install/talos_description/share/talos_description/meshes/hipZ.STL
[7.377s] -- Symlinking: /workspaces/workspaces/my_workspace/install/talos_description/share/talos_description/meshes/hipZ_light.STL
[7.423s] -- Symlinking: /workspaces/workspaces/my_workspace/install/talos_description/share/talos_description/meshes/marker.STL
[7.469s] -- Symlinking: /workspaces/workspaces/my_workspace/install/talos_description/share/talos_description/meshes/marker_head.STL
[7.525s] -- Symlinking: /workspaces/workspaces/my_workspace/install/talos_description/share/talos_description/meshes/sensors/orbbec/orbbec.STL
[7.576s] -- Symlinking: /workspaces/workspaces/my_workspace/install/talos_description/share/talos_description/meshes/sensors/ouster/os1_64.dae
[7.630s] -- Symlinking: /workspaces/workspaces/my_workspace/install/talos_description/share/talos_description/meshes/sensors/xtion_pro_live/xtion_pro_live.dae
[7.689s] -- Symlinking: /workspaces/workspaces/my_workspace/install/talos_description/share/talos_description/meshes/sensors/xtion_pro_live/xtion_pro_live.png
[7.743s] -- Symlinking: /workspaces/workspaces/my_workspace/install/talos_description/share/talos_description/meshes/super-simple-bart.STL
[7.798s] -- Symlinking: /workspaces/workspaces/my_workspace/install/talos_description/share/talos_description/meshes/super-simple-femur.STL
[7.864s] -- Symlinking: /workspaces/workspaces/my_workspace/install/talos_description/share/talos_description/meshes/super-simple-tibia.STL
[7.942s] -- Symlinking: /workspaces/workspaces/my_workspace/install/talos_description/share/talos_description/meshes/talos_dummy.stl
[8.001s] -- Symlinking: /workspaces/workspaces/my_workspace/install/talos_description/share/talos_description/meshes/tibia.STL
[8.058s] -- Symlinking: /workspaces/workspaces/my_workspace/install/talos_description/share/talos_description/meshes/tibia_light.STL
[8.120s] -- Symlinking: /workspaces/workspaces/my_workspace/install/talos_description/share/talos_description/meshes/torso/base_link.STL
[8.185s] -- Symlinking: /workspaces/workspaces/my_workspace/install/talos_description/share/talos_description/meshes/torso/base_link_collision.STL
[8.245s] -- Symlinking: /workspaces/workspaces/my_workspace/install/talos_description/share/talos_description/meshes/torso/torso_1.STL
[8.305s] -- Symlinking: /workspaces/workspaces/my_workspace/install/talos_description/share/talos_description/meshes/torso/torso_2.STL
[8.379s] -- Symlinking: /workspaces/workspaces/my_workspace/install/talos_description/share/talos_description/meshes/torso/torso_2_collision.STL
[8.439s] -- Symlinking: /workspaces/workspaces/my_workspace/install/talos_description/share/talos_description/meshes/v2/ankle_X_collision.stl
[8.512s] -- Symlinking: /workspaces/workspaces/my_workspace/install/talos_description/share/talos_description/meshes/v2/ankle_X_lo_res.stl
[8.593s] -- Symlinking: /workspaces/workspaces/my_workspace/install/talos_description/share/talos_description/meshes/v2/ankle_Y_collision.stl
[8.662s] -- Symlinking: /workspaces/workspaces/my_workspace/install/talos_description/share/talos_description/meshes/v2/ankle_Y_lo_res.stl
[8.756s] -- Symlinking: /workspaces/workspaces/my_workspace/install/talos_description/share/talos_description/meshes/v2/base_link_collision.stl
[8.826s] -- Symlinking: /workspaces/workspaces/my_workspace/install/talos_description/share/talos_description/meshes/v2/base_link_lo_res.stl
[8.909s] -- Symlinking: /workspaces/workspaces/my_workspace/install/talos_description/share/talos_description/meshes/v2/hip_x_collision.stl
[8.975s] -- Symlinking: /workspaces/workspaces/my_workspace/install/talos_description/share/talos_description/meshes/v2/hip_x_lo_res.stl
[9.041s] -- Symlinking: /workspaces/workspaces/my_workspace/install/talos_description/share/talos_description/meshes/v2/hip_y_collision.stl
[9.119s] -- Symlinking: /workspaces/workspaces/my_workspace/install/talos_description/share/talos_description/meshes/v2/hip_y_lo_res.stl
[9.175s] -- Symlinking: /workspaces/workspaces/my_workspace/install/talos_description/share/talos_description/meshes/v2/hip_z_collision.stl
[9.231s] -- Symlinking: /workspaces/workspaces/my_workspace/install/talos_description/share/talos_description/meshes/v2/hip_z_lo_res.stl
[9.285s] -- Symlinking: /workspaces/workspaces/my_workspace/install/talos_description/share/talos_description/meshes/v2/knee_collision.stl
[9.340s] -- Symlinking: /workspaces/workspaces/my_workspace/install/talos_description/share/talos_description/meshes/v2/knee_lo_res.stl
[9.388s] -- Symlinking: /workspaces/workspaces/my_workspace/install/talos_description/share/talos_description/robots/talos.urdf
[9.427s] -- Symlinking: /workspaces/workspaces/my_workspace/install/talos_description/share/talos_description/robots/talos_reduced.urdf
[9.476s] -- Symlinking: /workspaces/workspaces/my_workspace/install/talos_description/share/talos_description/robots/talos_reduced_no_hands.urdf
[9.518s] -- Symlinking: /workspaces/workspaces/my_workspace/install/talos_description/share/talos_description/robots/talos_reduced_no_hands_old.urdf
[9.562s] -- Symlinking: /workspaces/workspaces/my_workspace/install/talos_description/share/ament_index/resource_index/package_run_dependencies/talos_description
[9.601s] -- Symlinking: /workspaces/workspaces/my_workspace/install/talos_description/share/ament_index/resource_index/parent_prefix_path/talos_description
[9.644s] -- Symlinking: /workspaces/workspaces/my_workspace/install/talos_description/share/talos_description/environment/ament_prefix_path.sh
[9.692s] -- Symlinking: /workspaces/workspaces/my_workspace/install/talos_description/share/talos_description/environment/ament_prefix_path.dsv
[9.730s] -- Symlinking: /workspaces/workspaces/my_workspace/install/talos_description/share/talos_description/environment/path.sh
[9.771s] -- Symlinking: /workspaces/workspaces/my_workspace/install/talos_description/share/talos_description/environment/path.dsv
[9.813s] -- Symlinking: /workspaces/workspaces/my_workspace/install/talos_description/share/talos_description/local_setup.bash
[9.851s] -- Symlinking: /workspaces/workspaces/my_workspace/install/talos_description/share/talos_description/local_setup.sh
[9.897s] -- Symlinking: /workspaces/workspaces/my_workspace/install/talos_description/share/talos_description/local_setup.zsh
[9.943s] -- Symlinking: /workspaces/workspaces/my_workspace/install/talos_description/share/talos_description/local_setup.dsv
[9.986s] -- Symlinking: /workspaces/workspaces/my_workspace/install/talos_description/share/talos_description/package.dsv
[10.032s] -- Symlinking: /workspaces/workspaces/my_workspace/install/talos_description/share/ament_index/resource_index/packages/talos_description
[10.072s] -- Symlinking: /workspaces/workspaces/my_workspace/install/talos_description/share/talos_description/cmake/talos_descriptionConfig.cmake
[10.115s] -- Symlinking: /workspaces/workspaces/my_workspace/install/talos_description/share/talos_description/cmake/talos_descriptionConfig-version.cmake
[10.159s] -- Symlinking: /workspaces/workspaces/my_workspace/install/talos_description/share/talos_description/package.xml
[10.208s] Invoked command in '/workspaces/workspaces/my_workspace/build/talos_description' returned '0': CMAKE_PREFIX_PATH=${CMAKE_PREFIX_PATH}:/workspaces/workspaces/my_workspace/install/whole_body_control:/workspaces/workspaces/my_workspace/install/bullet_sims:/workspaces/workspaces/my_workspace/install/simulator:/workspaces/workspaces/my_workspace/install/ros_visuals:/opt/ros/rolling /usr/bin/cmake --install /workspaces/workspaces/my_workspace/build/talos_description
