[0.143s] DEBUG:colcon:Command line arguments: ['/usr/bin/colcon', 'build']
[0.143s] DEBUG:colcon:Parsed command line arguments: Namespace(log_base=None, log_level=None, verb_name='build', build_base='build', install_base='install', merge_install=False, symlink_install=False, test_result_base=None, continue_on_error=False, executor='parallel', parallel_workers=8, event_handlers=None, ignore_user_meta=False, metas=['./colcon.meta'], base_paths=['.'], packages_ignore=None, packages_ignore_regex=None, paths=None, packages_up_to=None, packages_up_to_regex=None, packages_above=None, packages_above_and_dependencies=None, packages_above_depth=None, packages_select_by_dep=None, packages_skip_by_dep=None, packages_skip_up_to=None, packages_select_build_failed=False, packages_skip_build_finished=False, packages_select_test_failures=False, packages_skip_test_passed=False, packages_select=None, packages_skip=None, packages_select_regex=None, packages_skip_regex=None, packages_start=None, packages_end=None, cmake_args=None, cmake_target=None, cmake_target_skip_unavailable=False, cmake_clean_cache=False, cmake_clean_first=False, cmake_force_configure=False, ament_cmake_args=None, catkin_cmake_args=None, catkin_skip_building_tests=False, mixin_files=None, mixin=None, verb_parser=<colcon_mixin.mixin.mixin_argument.MixinArgumentDecorator object at 0x7e28e6a4b2f0>, verb_extension=<colcon_core.verb.build.BuildVerb object at 0x7e28e6a4af00>, main=<bound method BuildVerb.main of <colcon_core.verb.build.BuildVerb object at 0x7e28e6a4af00>>, mixin_verb=('build',))
[0.194s] Level 1:colcon.colcon_core.package_discovery:discover_packages(colcon_meta) check parameters
[0.194s] Level 1:colcon.colcon_core.package_discovery:discover_packages(recursive) check parameters
[0.194s] Level 1:colcon.colcon_core.package_discovery:discover_packages(ignore) check parameters
[0.194s] Level 1:colcon.colcon_core.package_discovery:discover_packages(path) check parameters
[0.194s] Level 1:colcon.colcon_core.package_discovery:discover_packages(colcon_meta) discover
[0.194s] Level 1:colcon.colcon_core.package_discovery:discover_packages(recursive) discover
[0.195s] INFO:colcon.colcon_core.package_discovery:Crawling recursively for packages in '/workspaces/workspaces/my_workspace'
[0.195s] Level 1:colcon.colcon_core.package_identification:_identify(.) by extensions ['ignore', 'ignore_ament_install']
[0.195s] Level 1:colcon.colcon_core.package_identification:_identify(.) by extension 'ignore'
[0.195s] Level 1:colcon.colcon_core.package_identification:_identify(.) by extension 'ignore_ament_install'
[0.195s] Level 1:colcon.colcon_core.package_identification:_identify(.) by extensions ['colcon_pkg']
[0.195s] Level 1:colcon.colcon_core.package_identification:_identify(.) by extension 'colcon_pkg'
[0.195s] Level 1:colcon.colcon_core.package_identification:_identify(.) by extensions ['colcon_meta']
[0.195s] Level 1:colcon.colcon_core.package_identification:_identify(.) by extension 'colcon_meta'
[0.195s] Level 1:colcon.colcon_core.package_identification:_identify(.) by extensions ['ros']
[0.195s] Level 1:colcon.colcon_core.package_identification:_identify(.) by extension 'ros'
[0.225s] Level 1:colcon.colcon_core.package_identification:_identify(.) by extensions ['cmake', 'python']
[0.226s] Level 1:colcon.colcon_core.package_identification:_identify(.) by extension 'cmake'
[0.226s] Level 1:colcon.colcon_core.package_identification:_identify(.) by extension 'python'
[0.226s] Level 1:colcon.colcon_core.package_identification:_identify(.) by extensions ['python_setup_py']
[0.226s] Level 1:colcon.colcon_core.package_identification:_identify(.) by extension 'python_setup_py'
[0.226s] Level 1:colcon.colcon_core.package_identification:_identify(build) by extensions ['ignore', 'ignore_ament_install']
[0.226s] Level 1:colcon.colcon_core.package_identification:_identify(build) by extension 'ignore'
[0.226s] Level 1:colcon.colcon_core.package_identification:_identify(build) ignored
[0.226s] Level 1:colcon.colcon_core.package_identification:_identify(install) by extensions ['ignore', 'ignore_ament_install']
[0.226s] Level 1:colcon.colcon_core.package_identification:_identify(install) by extension 'ignore'
[0.226s] Level 1:colcon.colcon_core.package_identification:_identify(install) ignored
[0.226s] Level 1:colcon.colcon_core.package_identification:_identify(log) by extensions ['ignore', 'ignore_ament_install']
[0.226s] Level 1:colcon.colcon_core.package_identification:_identify(log) by extension 'ignore'
[0.226s] Level 1:colcon.colcon_core.package_identification:_identify(log) ignored
[0.227s] Level 1:colcon.colcon_core.package_identification:_identify(src) by extensions ['ignore', 'ignore_ament_install']
[0.227s] Level 1:colcon.colcon_core.package_identification:_identify(src) by extension 'ignore'
[0.227s] Level 1:colcon.colcon_core.package_identification:_identify(src) by extension 'ignore_ament_install'
[0.227s] Level 1:colcon.colcon_core.package_identification:_identify(src) by extensions ['colcon_pkg']
[0.227s] Level 1:colcon.colcon_core.package_identification:_identify(src) by extension 'colcon_pkg'
[0.227s] Level 1:colcon.colcon_core.package_identification:_identify(src) by extensions ['colcon_meta']
[0.227s] Level 1:colcon.colcon_core.package_identification:_identify(src) by extension 'colcon_meta'
[0.227s] Level 1:colcon.colcon_core.package_identification:_identify(src) by extensions ['ros']
[0.227s] Level 1:colcon.colcon_core.package_identification:_identify(src) by extension 'ros'
[0.227s] Level 1:colcon.colcon_core.package_identification:_identify(src) by extensions ['cmake', 'python']
[0.227s] Level 1:colcon.colcon_core.package_identification:_identify(src) by extension 'cmake'
[0.227s] Level 1:colcon.colcon_core.package_identification:_identify(src) by extension 'python'
[0.227s] Level 1:colcon.colcon_core.package_identification:_identify(src) by extensions ['python_setup_py']
[0.227s] Level 1:colcon.colcon_core.package_identification:_identify(src) by extension 'python_setup_py'
[0.227s] Level 1:colcon.colcon_core.package_identification:_identify(src/ros_visuals) by extensions ['ignore', 'ignore_ament_install']
[0.227s] Level 1:colcon.colcon_core.package_identification:_identify(src/ros_visuals) by extension 'ignore'
[0.227s] Level 1:colcon.colcon_core.package_identification:_identify(src/ros_visuals) by extension 'ignore_ament_install'
[0.228s] Level 1:colcon.colcon_core.package_identification:_identify(src/ros_visuals) by extensions ['colcon_pkg']
[0.228s] Level 1:colcon.colcon_core.package_identification:_identify(src/ros_visuals) by extension 'colcon_pkg'
[0.228s] Level 1:colcon.colcon_core.package_identification:_identify(src/ros_visuals) by extensions ['colcon_meta']
[0.228s] Level 1:colcon.colcon_core.package_identification:_identify(src/ros_visuals) by extension 'colcon_meta'
[0.228s] Level 1:colcon.colcon_core.package_identification:_identify(src/ros_visuals) by extensions ['ros']
[0.228s] Level 1:colcon.colcon_core.package_identification:_identify(src/ros_visuals) by extension 'ros'
[0.231s] DEBUG:colcon.colcon_core.package_identification:Package 'src/ros_visuals' with type 'ros.ament_python' and name 'ros_visuals'
[0.231s] Level 1:colcon.colcon_core.package_discovery:discover_packages(recursive) using defaults
[0.231s] Level 1:colcon.colcon_core.package_discovery:discover_packages(ignore) discover
[0.231s] Level 1:colcon.colcon_core.package_discovery:discover_packages(ignore) using defaults
[0.231s] Level 1:colcon.colcon_core.package_discovery:discover_packages(path) discover
[0.231s] Level 1:colcon.colcon_core.package_discovery:discover_packages(path) using defaults
[0.251s] Level 5:colcon.colcon_core.verb:set package 'ros_visuals' build argument 'cmake_args' from command line to 'None'
[0.251s] Level 5:colcon.colcon_core.verb:set package 'ros_visuals' build argument 'cmake_target' from command line to 'None'
[0.252s] Level 5:colcon.colcon_core.verb:set package 'ros_visuals' build argument 'cmake_target_skip_unavailable' from command line to 'False'
[0.252s] Level 5:colcon.colcon_core.verb:set package 'ros_visuals' build argument 'cmake_clean_cache' from command line to 'False'
[0.252s] Level 5:colcon.colcon_core.verb:set package 'ros_visuals' build argument 'cmake_clean_first' from command line to 'False'
[0.252s] Level 5:colcon.colcon_core.verb:set package 'ros_visuals' build argument 'cmake_force_configure' from command line to 'False'
[0.252s] Level 5:colcon.colcon_core.verb:set package 'ros_visuals' build argument 'ament_cmake_args' from command line to 'None'
[0.252s] Level 5:colcon.colcon_core.verb:set package 'ros_visuals' build argument 'catkin_cmake_args' from command line to 'None'
[0.252s] Level 5:colcon.colcon_core.verb:set package 'ros_visuals' build argument 'catkin_skip_building_tests' from command line to 'False'
[0.252s] DEBUG:colcon.colcon_core.verb:Building package 'ros_visuals' with the following arguments: {'ament_cmake_args': None, 'build_base': '/workspaces/workspaces/my_workspace/build/ros_visuals', 'catkin_cmake_args': None, 'catkin_skip_building_tests': False, 'cmake_args': None, 'cmake_clean_cache': False, 'cmake_clean_first': False, 'cmake_force_configure': False, 'cmake_target': None, 'cmake_target_skip_unavailable': False, 'install_base': '/workspaces/workspaces/my_workspace/install/ros_visuals', 'merge_install': False, 'path': '/workspaces/workspaces/my_workspace/src/ros_visuals', 'symlink_install': False, 'test_result_base': None}
[0.252s] INFO:colcon.colcon_core.executor:Executing jobs using 'parallel' executor
[0.253s] DEBUG:colcon.colcon_parallel_executor.executor.parallel:run_until_complete
[0.253s] INFO:colcon.colcon_ros.task.ament_python.build:Building ROS package in '/workspaces/workspaces/my_workspace/src/ros_visuals' with build type 'ament_python'
[0.253s] Level 1:colcon.colcon_core.shell:create_environment_hook('ros_visuals', 'ament_prefix_path')
[0.256s] INFO:colcon.colcon_core.plugin_system:Skipping extension 'colcon_core.shell.bat': Not used on non-Windows systems
[0.256s] INFO:colcon.colcon_core.shell:Creating environment hook '/workspaces/workspaces/my_workspace/install/ros_visuals/share/ros_visuals/hook/ament_prefix_path.ps1'
[0.258s] INFO:colcon.colcon_core.shell:Creating environment descriptor '/workspaces/workspaces/my_workspace/install/ros_visuals/share/ros_visuals/hook/ament_prefix_path.dsv'
[0.258s] INFO:colcon.colcon_core.shell:Creating environment hook '/workspaces/workspaces/my_workspace/install/ros_visuals/share/ros_visuals/hook/ament_prefix_path.sh'
[0.259s] INFO:colcon.colcon_core.shell:Skip shell extension 'powershell' for command environment: Not usable outside of PowerShell
[0.260s] DEBUG:colcon.colcon_core.shell:Skip shell extension 'dsv' for command environment
[0.599s] WARNING:colcon.colcon_ros.task.ament_python.build:Package 'ros_visuals' doesn't explicitly install a marker in the package index (colcon-ros currently does it implicitly but that fallback will be removed in the future)
[0.600s] WARNING:colcon.colcon_ros.task.ament_python.build:Package 'ros_visuals' doesn't explicitly install the 'package.xml' file (colcon-ros currently does it implicitly but that fallback will be removed in the future)
[0.601s] INFO:colcon.colcon_core.task.python.build:Building Python package in '/workspaces/workspaces/my_workspace/src/ros_visuals'
[0.601s] INFO:colcon.colcon_core.shell:Skip shell extension 'powershell' for command environment: Not usable outside of PowerShell
[0.601s] DEBUG:colcon.colcon_core.shell:Skip shell extension 'dsv' for command environment
[1.464s] DEBUG:colcon.colcon_core.event_handler.log_command:Invoking command in '/workspaces/workspaces/my_workspace/src/ros_visuals': PYTHONPATH=/workspaces/workspaces/my_workspace/build/ros_visuals/prefix_override:/usr/lib/python3/dist-packages/colcon_core/task/python/colcon_distutils_commands:/workspaces/workspaces/my_workspace/install/ros_visuals/lib/python3.12/site-packages:${PYTHONPATH} /usr/bin/python3 -W ignore:setup.py install is deprecated -W ignore:easy_install command is deprecated setup.py egg_info --egg-base ../../build/ros_visuals build --build-base /workspaces/workspaces/my_workspace/build/ros_visuals/build install --record /workspaces/workspaces/my_workspace/build/ros_visuals/install.log --single-version-externally-managed install_data
[2.643s] DEBUG:colcon.colcon_core.event_handler.log_command:Invoked command in '/workspaces/workspaces/my_workspace/src/ros_visuals' returned '0': PYTHONPATH=/workspaces/workspaces/my_workspace/build/ros_visuals/prefix_override:/usr/lib/python3/dist-packages/colcon_core/task/python/colcon_distutils_commands:/workspaces/workspaces/my_workspace/install/ros_visuals/lib/python3.12/site-packages:${PYTHONPATH} /usr/bin/python3 -W ignore:setup.py install is deprecated -W ignore:easy_install command is deprecated setup.py egg_info --egg-base ../../build/ros_visuals build --build-base /workspaces/workspaces/my_workspace/build/ros_visuals/build install --record /workspaces/workspaces/my_workspace/build/ros_visuals/install.log --single-version-externally-managed install_data
[2.650s] Level 1:colcon.colcon_core.environment:checking '/workspaces/workspaces/my_workspace/install/ros_visuals' for CMake module files
[2.651s] Level 1:colcon.colcon_core.environment:checking '/workspaces/workspaces/my_workspace/install/ros_visuals' for CMake config files
[2.653s] Level 1:colcon.colcon_core.environment:checking '/workspaces/workspaces/my_workspace/install/ros_visuals/lib'
[2.654s] Level 1:colcon.colcon_core.environment:checking '/workspaces/workspaces/my_workspace/install/ros_visuals/bin'
[2.654s] Level 1:colcon.colcon_core.environment:checking '/workspaces/workspaces/my_workspace/install/ros_visuals/lib/pkgconfig/ros_visuals.pc'
[2.655s] Level 1:colcon.colcon_core.environment:checking '/workspaces/workspaces/my_workspace/install/ros_visuals/lib/python3.12/site-packages'
[2.655s] Level 1:colcon.colcon_core.shell:create_environment_hook('ros_visuals', 'pythonpath')
[2.656s] INFO:colcon.colcon_core.shell:Creating environment hook '/workspaces/workspaces/my_workspace/install/ros_visuals/share/ros_visuals/hook/pythonpath.ps1'
[2.657s] INFO:colcon.colcon_core.shell:Creating environment descriptor '/workspaces/workspaces/my_workspace/install/ros_visuals/share/ros_visuals/hook/pythonpath.dsv'
[2.658s] INFO:colcon.colcon_core.shell:Creating environment hook '/workspaces/workspaces/my_workspace/install/ros_visuals/share/ros_visuals/hook/pythonpath.sh'
[2.659s] Level 1:colcon.colcon_core.environment:checking '/workspaces/workspaces/my_workspace/install/ros_visuals/bin'
[2.660s] Level 1:colcon.colcon_core.environment:create_environment_scripts_only(ros_visuals)
[2.660s] INFO:colcon.colcon_core.shell:Creating package script '/workspaces/workspaces/my_workspace/install/ros_visuals/share/ros_visuals/package.ps1'
[2.663s] INFO:colcon.colcon_core.shell:Creating package descriptor '/workspaces/workspaces/my_workspace/install/ros_visuals/share/ros_visuals/package.dsv'
[2.665s] INFO:colcon.colcon_core.shell:Creating package script '/workspaces/workspaces/my_workspace/install/ros_visuals/share/ros_visuals/package.sh'
[2.667s] INFO:colcon.colcon_core.shell:Creating package script '/workspaces/workspaces/my_workspace/install/ros_visuals/share/ros_visuals/package.bash'
[2.669s] INFO:colcon.colcon_core.shell:Creating package script '/workspaces/workspaces/my_workspace/install/ros_visuals/share/ros_visuals/package.zsh'
[2.672s] Level 1:colcon.colcon_core.environment:create_file_with_runtime_dependencies(/workspaces/workspaces/my_workspace/install/ros_visuals/share/colcon-core/packages/ros_visuals)
[2.673s] DEBUG:colcon.colcon_parallel_executor.executor.parallel:closing loop
[2.674s] DEBUG:colcon.colcon_parallel_executor.executor.parallel:loop closed
[2.675s] DEBUG:colcon.colcon_parallel_executor.executor.parallel:run_until_complete finished with '0'
[2.675s] DEBUG:colcon.colcon_core.event_reactor:joining thread
[2.696s] INFO:colcon.colcon_core.plugin_system:Skipping extension 'colcon_notification.desktop_notification.notify_send': Could not find 'notify-send'
[2.697s] INFO:colcon.colcon_core.plugin_system:Skipping extension 'colcon_notification.desktop_notification.terminal_notifier': Not used on non-Darwin systems
[2.697s] INFO:colcon.colcon_core.plugin_system:Skipping extension 'colcon_notification.desktop_notification.win32': Not used on non-Windows systems
[2.697s] INFO:colcon.colcon_notification.desktop_notification:Sending desktop notification using 'notify2'
[2.698s] DEBUG:colcon.colcon_notification.desktop_notification.notify2:Failed to initialize notify2: org.freedesktop.DBus.Error.InvalidFileContent: D-Bus library appears to be incorrectly set up: see the manual page for dbus-uuidgen to correct this issue. (Failed to open "/var/lib/dbus/machine-id": No such file or directory; UUID file '/etc/machine-id' should contain a hex string of length 32, not length 0, with no other text)
[2.698s] DEBUG:colcon.colcon_core.event_reactor:joined thread
[2.699s] INFO:colcon.colcon_core.shell:Creating prefix script '/workspaces/workspaces/my_workspace/install/local_setup.ps1'
[2.700s] INFO:colcon.colcon_core.shell:Creating prefix util module '/workspaces/workspaces/my_workspace/install/_local_setup_util_ps1.py'
[2.702s] INFO:colcon.colcon_core.shell:Creating prefix chain script '/workspaces/workspaces/my_workspace/install/setup.ps1'
[2.704s] INFO:colcon.colcon_core.shell:Creating prefix script '/workspaces/workspaces/my_workspace/install/local_setup.sh'
[2.705s] INFO:colcon.colcon_core.shell:Creating prefix util module '/workspaces/workspaces/my_workspace/install/_local_setup_util_sh.py'
[2.706s] INFO:colcon.colcon_core.shell:Creating prefix chain script '/workspaces/workspaces/my_workspace/install/setup.sh'
[2.708s] INFO:colcon.colcon_core.shell:Creating prefix script '/workspaces/workspaces/my_workspace/install/local_setup.bash'
[2.708s] INFO:colcon.colcon_core.shell:Creating prefix chain script '/workspaces/workspaces/my_workspace/install/setup.bash'
[2.710s] INFO:colcon.colcon_core.shell:Creating prefix script '/workspaces/workspaces/my_workspace/install/local_setup.zsh'
[2.711s] INFO:colcon.colcon_core.shell:Creating prefix chain script '/workspaces/workspaces/my_workspace/install/setup.zsh'
