[0.647s] Invoking command in '/workspaces/legged-robots/my_workspace/build/whole_body_control': AMENT_PREFIX_PATH=/workspaces/legged-robots/my_workspace/install/simulator:/workspaces/legged-robots/my_workspace/install/whole_body_control:/workspaces/legged-robots/my_workspace/install/walking:/workspaces/legged-robots/my_workspace/install/bullet_sims:/workspaces/legged-robots/my_workspace/install/talos_description:/workspaces/legged-robots/my_workspace/install/ros_visuals:/workspaces/legged-robots/my_workspace/install/reemc_description:/workspaces/legged-robots/my_workspace/install/ainex_description:/opt/ros/rolling PYTHONPATH=/workspaces/legged-robots/my_workspace/build/whole_body_control/prefix_override:/usr/lib/python3/dist-packages/colcon_core/task/python/colcon_distutils_commands:/workspaces/legged-robots/my_workspace/install/whole_body_control/lib/python3.12/site-packages:/workspaces/legged-robots/my_workspace/build/simulator:/workspaces/legged-robots/my_workspace/install/simulator/lib/python3.12/site-packages:/workspaces/legged-robots/my_workspace/build/whole_body_control:/workspaces/legged-robots/my_workspace/install/whole_body_control/lib/python3.12/site-packages:/workspaces/legged-robots/my_workspace/build/walking:/workspaces/legged-robots/my_workspace/install/walking/lib/python3.12/site-packages:/workspaces/legged-robots/my_workspace/build/bullet_sims:/workspaces/legged-robots/my_workspace/install/bullet_sims/lib/python3.12/site-packages:/workspaces/legged-robots/my_workspace/build/ros_visuals:/workspaces/legged-robots/my_workspace/install/ros_visuals/lib/python3.12/site-packages:/opt/openrobots/lib/python3.12/site-packages:/opt/openrobots/lib/python3.12/site-packages:/opt/ros/rolling/lib/python3.12/site-packages /usr/bin/python3 -W ignore:setup.py install is deprecated -W ignore:easy_install command is deprecated setup.py develop --editable --build-directory /workspaces/legged-robots/my_workspace/build/whole_body_control/build --no-deps symlink_data
[0.815s] running develop
[0.901s] running egg_info
[0.901s] creating whole_body_control.egg-info
[0.910s] writing whole_body_control.egg-info/PKG-INFO
[0.911s] writing dependency_links to whole_body_control.egg-info/dependency_links.txt
[0.911s] writing entry points to whole_body_control.egg-info/entry_points.txt
[0.911s] writing requirements to whole_body_control.egg-info/requires.txt
[0.911s] writing top-level names to whole_body_control.egg-info/top_level.txt
[0.911s] writing manifest file 'whole_body_control.egg-info/SOURCES.txt'
[1.102s] writing manifest file 'whole_body_control.egg-info/SOURCES.txt'
[1.116s] running build_ext
[1.116s] Creating /workspaces/legged-robots/my_workspace/install/whole_body_control/lib/python3.12/site-packages/whole-body-control.egg-link (link to .)
[1.116s] Installing 02_one_leg_stand script to /workspaces/legged-robots/my_workspace/install/whole_body_control/lib/whole_body_control
[1.116s] Installing 03_squating script to /workspaces/legged-robots/my_workspace/install/whole_body_control/lib/whole_body_control
[1.117s] Installing t4_standing script to /workspaces/legged-robots/my_workspace/install/whole_body_control/lib/whole_body_control
[1.117s] Installing t51 script to /workspaces/legged-robots/my_workspace/install/whole_body_control/lib/whole_body_control
[1.117s] Installing t52 script to /workspaces/legged-robots/my_workspace/install/whole_body_control/lib/whole_body_control
[1.117s] 
[1.117s] Installed /workspaces/legged-robots/my_workspace/build/whole_body_control
[1.117s] running symlink_data
[1.117s] creating /workspaces/legged-robots/my_workspace/install/whole_body_control/share/ament_index
[1.117s] creating /workspaces/legged-robots/my_workspace/install/whole_body_control/share/ament_index/resource_index
[1.117s] creating /workspaces/legged-robots/my_workspace/install/whole_body_control/share/ament_index/resource_index/packages
[1.117s] symbolically linking /workspaces/legged-robots/my_workspace/build/whole_body_control/resource/whole_body_control -> /workspaces/legged-robots/my_workspace/install/whole_body_control/share/ament_index/resource_index/packages
[1.117s] symbolically linking /workspaces/legged-robots/my_workspace/build/whole_body_control/package.xml -> /workspaces/legged-robots/my_workspace/install/whole_body_control/share/whole_body_control
[1.117s] creating /workspaces/legged-robots/my_workspace/install/whole_body_control/share/whole_body_control/launch
[1.117s] symbolically linking /workspaces/legged-robots/my_workspace/build/whole_body_control/launch/launch.py -> /workspaces/legged-robots/my_workspace/install/whole_body_control/share/whole_body_control/launch
[1.143s] Invoked command in '/workspaces/legged-robots/my_workspace/build/whole_body_control' returned '0': AMENT_PREFIX_PATH=/workspaces/legged-robots/my_workspace/install/simulator:/workspaces/legged-robots/my_workspace/install/whole_body_control:/workspaces/legged-robots/my_workspace/install/walking:/workspaces/legged-robots/my_workspace/install/bullet_sims:/workspaces/legged-robots/my_workspace/install/talos_description:/workspaces/legged-robots/my_workspace/install/ros_visuals:/workspaces/legged-robots/my_workspace/install/reemc_description:/workspaces/legged-robots/my_workspace/install/ainex_description:/opt/ros/rolling PYTHONPATH=/workspaces/legged-robots/my_workspace/build/whole_body_control/prefix_override:/usr/lib/python3/dist-packages/colcon_core/task/python/colcon_distutils_commands:/workspaces/legged-robots/my_workspace/install/whole_body_control/lib/python3.12/site-packages:/workspaces/legged-robots/my_workspace/build/simulator:/workspaces/legged-robots/my_workspace/install/simulator/lib/python3.12/site-packages:/workspaces/legged-robots/my_workspace/build/whole_body_control:/workspaces/legged-robots/my_workspace/install/whole_body_control/lib/python3.12/site-packages:/workspaces/legged-robots/my_workspace/build/walking:/workspaces/legged-robots/my_workspace/install/walking/lib/python3.12/site-packages:/workspaces/legged-robots/my_workspace/build/bullet_sims:/workspaces/legged-robots/my_workspace/install/bullet_sims/lib/python3.12/site-packages:/workspaces/legged-robots/my_workspace/build/ros_visuals:/workspaces/legged-robots/my_workspace/install/ros_visuals/lib/python3.12/site-packages:/opt/openrobots/lib/python3.12/site-packages:/opt/openrobots/lib/python3.12/site-packages:/opt/ros/rolling/lib/python3.12/site-packages /usr/bin/python3 -W ignore:setup.py install is deprecated -W ignore:easy_install command is deprecated setup.py develop --editable --build-directory /workspaces/legged-robots/my_workspace/build/whole_body_control/build --no-deps symlink_data
