[4.377s] Invoking command in '/workspaces/workspaces/my_workspace/build/whole_body_control': AMENT_PREFIX_PATH=/workspaces/workspaces/my_workspace/install/simulator:/workspaces/workspaces/my_workspace/install/whole_body_control:/workspaces/workspaces/my_workspace/install/bullet_sims:/workspaces/workspaces/my_workspace/install/talos_description:/workspaces/workspaces/my_workspace/install/ros_visuals:/workspaces/workspaces/my_workspace/install/reemc_description:/opt/ros/rolling PYTHONPATH=/workspaces/workspaces/my_workspace/build/whole_body_control/prefix_override:/usr/lib/python3/dist-packages/colcon_core/task/python/colcon_distutils_commands:/workspaces/workspaces/my_workspace/install/whole_body_control/lib/python3.12/site-packages:/workspaces/workspaces/my_workspace/build/simulator:/workspaces/workspaces/my_workspace/install/simulator/lib/python3.12/site-packages:/workspaces/workspaces/my_workspace/build/whole_body_control:/workspaces/workspaces/my_workspace/install/whole_body_control/lib/python3.12/site-packages:/workspaces/workspaces/my_workspace/build/bullet_sims:/workspaces/workspaces/my_workspace/install/bullet_sims/lib/python3.12/site-packages:/workspaces/workspaces/my_workspace/build/ros_visuals:/workspaces/workspaces/my_workspace/install/ros_visuals/lib/python3.12/site-packages:/opt/openrobots/lib/python3.12/site-packages:/opt/openrobots/lib/python3.12/site-packages:/opt/ros/rolling/lib/python3.12/site-packages /usr/bin/python3 -W ignore:setup.py install is deprecated -W ignore:easy_install command is deprecated setup.py develop --editable --build-directory /workspaces/workspaces/my_workspace/build/whole_body_control/build --no-deps symlink_data
[5.896s] running develop
[6.828s] running egg_info
[6.828s] creating whole_body_control.egg-info
[6.908s] writing whole_body_control.egg-info/PKG-INFO
[6.909s] writing dependency_links to whole_body_control.egg-info/dependency_links.txt
[6.910s] writing entry points to whole_body_control.egg-info/entry_points.txt
[6.910s] writing requirements to whole_body_control.egg-info/requires.txt
[6.910s] writing top-level names to whole_body_control.egg-info/top_level.txt
[6.911s] writing manifest file 'whole_body_control.egg-info/SOURCES.txt'
[8.009s] writing manifest file 'whole_body_control.egg-info/SOURCES.txt'
[8.133s] running build_ext
[8.134s] Creating /workspaces/workspaces/my_workspace/install/whole_body_control/lib/python3.12/site-packages/whole-body-control.egg-link (link to .)
[8.139s] Installing t4_standing script to /workspaces/workspaces/my_workspace/install/whole_body_control/lib/whole_body_control
[8.143s] 
[8.144s] Installed /workspaces/workspaces/my_workspace/build/whole_body_control
[8.144s] running symlink_data
[8.145s] creating /workspaces/workspaces/my_workspace/install/whole_body_control/share/ament_index
[8.145s] creating /workspaces/workspaces/my_workspace/install/whole_body_control/share/ament_index/resource_index
[8.146s] creating /workspaces/workspaces/my_workspace/install/whole_body_control/share/ament_index/resource_index/packages
[8.146s] symbolically linking /workspaces/workspaces/my_workspace/build/whole_body_control/resource/whole_body_control -> /workspaces/workspaces/my_workspace/install/whole_body_control/share/ament_index/resource_index/packages
[8.147s] symbolically linking /workspaces/workspaces/my_workspace/build/whole_body_control/package.xml -> /workspaces/workspaces/my_workspace/install/whole_body_control/share/whole_body_control
[8.147s] creating /workspaces/workspaces/my_workspace/install/whole_body_control/share/whole_body_control/launch
[8.148s] symbolically linking /workspaces/workspaces/my_workspace/build/whole_body_control/launch/launch.py -> /workspaces/workspaces/my_workspace/install/whole_body_control/share/whole_body_control/launch
[8.357s] Invoked command in '/workspaces/workspaces/my_workspace/build/whole_body_control' returned '0': AMENT_PREFIX_PATH=/workspaces/workspaces/my_workspace/install/simulator:/workspaces/workspaces/my_workspace/install/whole_body_control:/workspaces/workspaces/my_workspace/install/bullet_sims:/workspaces/workspaces/my_workspace/install/talos_description:/workspaces/workspaces/my_workspace/install/ros_visuals:/workspaces/workspaces/my_workspace/install/reemc_description:/opt/ros/rolling PYTHONPATH=/workspaces/workspaces/my_workspace/build/whole_body_control/prefix_override:/usr/lib/python3/dist-packages/colcon_core/task/python/colcon_distutils_commands:/workspaces/workspaces/my_workspace/install/whole_body_control/lib/python3.12/site-packages:/workspaces/workspaces/my_workspace/build/simulator:/workspaces/workspaces/my_workspace/install/simulator/lib/python3.12/site-packages:/workspaces/workspaces/my_workspace/build/whole_body_control:/workspaces/workspaces/my_workspace/install/whole_body_control/lib/python3.12/site-packages:/workspaces/workspaces/my_workspace/build/bullet_sims:/workspaces/workspaces/my_workspace/install/bullet_sims/lib/python3.12/site-packages:/workspaces/workspaces/my_workspace/build/ros_visuals:/workspaces/workspaces/my_workspace/install/ros_visuals/lib/python3.12/site-packages:/opt/openrobots/lib/python3.12/site-packages:/opt/openrobots/lib/python3.12/site-packages:/opt/ros/rolling/lib/python3.12/site-packages /usr/bin/python3 -W ignore:setup.py install is deprecated -W ignore:easy_install command is deprecated setup.py develop --editable --build-directory /workspaces/workspaces/my_workspace/build/whole_body_control/build --no-deps symlink_data
