[0.381s] Invoking command in '/workspaces/workspaces/legged-robots/my_workspace/build/whole_body_control': AMENT_PREFIX_PATH=/workspaces/workspaces/legged-robots/my_workspace/install/talos_description:/workspaces/workspaces/legged-robots/my_workspace/install/simulator:/workspaces/workspaces/legged-robots/my_workspace/install/reemc_description:${AMENT_PREFIX_PATH} CMAKE_PREFIX_PATH=/workspaces/workspaces/legged-robots/my_workspace/install/talos_description:/workspaces/workspaces/legged-robots/my_workspace/install/reemc_description:${CMAKE_PREFIX_PATH} PYTHONPATH=/workspaces/workspaces/legged-robots/my_workspace/build/whole_body_control/prefix_override:/usr/lib/python3/dist-packages/colcon_core/task/python/colcon_distutils_commands:/workspaces/workspaces/legged-robots/my_workspace/install/whole_body_control/lib/python3.12/site-packages:/workspaces/workspaces/legged-robots/my_workspace/build/simulator:/workspaces/workspaces/legged-robots/my_workspace/install/simulator/lib/python3.12/site-packages:${PYTHONPATH} /usr/bin/python3 -W ignore:setup.py install is deprecated -W ignore:easy_install command is deprecated setup.py develop --uninstall --editable --build-directory /workspaces/workspaces/legged-robots/my_workspace/build/whole_body_control/build
[0.535s] running develop
[0.621s] Removing /workspaces/workspaces/legged-robots/my_workspace/install/whole_body_control/lib/python3.12/site-packages/whole-body-control.egg-link (link to .)
[0.640s] Invoked command in '/workspaces/workspaces/legged-robots/my_workspace/build/whole_body_control' returned '0': AMENT_PREFIX_PATH=/workspaces/workspaces/legged-robots/my_workspace/install/talos_description:/workspaces/workspaces/legged-robots/my_workspace/install/simulator:/workspaces/workspaces/legged-robots/my_workspace/install/reemc_description:${AMENT_PREFIX_PATH} CMAKE_PREFIX_PATH=/workspaces/workspaces/legged-robots/my_workspace/install/talos_description:/workspaces/workspaces/legged-robots/my_workspace/install/reemc_description:${CMAKE_PREFIX_PATH} PYTHONPATH=/workspaces/workspaces/legged-robots/my_workspace/build/whole_body_control/prefix_override:/usr/lib/python3/dist-packages/colcon_core/task/python/colcon_distutils_commands:/workspaces/workspaces/legged-robots/my_workspace/install/whole_body_control/lib/python3.12/site-packages:/workspaces/workspaces/legged-robots/my_workspace/build/simulator:/workspaces/workspaces/legged-robots/my_workspace/install/simulator/lib/python3.12/site-packages:${PYTHONPATH} /usr/bin/python3 -W ignore:setup.py install is deprecated -W ignore:easy_install command is deprecated setup.py develop --uninstall --editable --build-directory /workspaces/workspaces/legged-robots/my_workspace/build/whole_body_control/build
[0.641s] Invoking command in '/workspaces/workspaces/legged-robots/my_workspace/src/whole_body_control': AMENT_PREFIX_PATH=/workspaces/workspaces/legged-robots/my_workspace/install/talos_description:/workspaces/workspaces/legged-robots/my_workspace/install/simulator:/workspaces/workspaces/legged-robots/my_workspace/install/reemc_description:${AMENT_PREFIX_PATH} CMAKE_PREFIX_PATH=/workspaces/workspaces/legged-robots/my_workspace/install/talos_description:/workspaces/workspaces/legged-robots/my_workspace/install/reemc_description:${CMAKE_PREFIX_PATH} PYTHONPATH=/workspaces/workspaces/legged-robots/my_workspace/build/whole_body_control/prefix_override:/usr/lib/python3/dist-packages/colcon_core/task/python/colcon_distutils_commands:/workspaces/workspaces/legged-robots/my_workspace/install/whole_body_control/lib/python3.12/site-packages:/workspaces/workspaces/legged-robots/my_workspace/build/simulator:/workspaces/workspaces/legged-robots/my_workspace/install/simulator/lib/python3.12/site-packages:${PYTHONPATH} /usr/bin/python3 -W ignore:setup.py install is deprecated -W ignore:easy_install command is deprecated setup.py egg_info --egg-base ../../build/whole_body_control build --build-base /workspaces/workspaces/legged-robots/my_workspace/build/whole_body_control/build install --record /workspaces/workspaces/legged-robots/my_workspace/build/whole_body_control/install.log --single-version-externally-managed install_data --force
[0.781s] running egg_info
[0.788s] writing ../../build/whole_body_control/whole_body_control.egg-info/PKG-INFO
[0.789s] writing dependency_links to ../../build/whole_body_control/whole_body_control.egg-info/dependency_links.txt
[0.789s] writing entry points to ../../build/whole_body_control/whole_body_control.egg-info/entry_points.txt
[0.789s] writing requirements to ../../build/whole_body_control/whole_body_control.egg-info/requires.txt
[0.789s] writing top-level names to ../../build/whole_body_control/whole_body_control.egg-info/top_level.txt
[0.941s] writing manifest file '../../build/whole_body_control/whole_body_control.egg-info/SOURCES.txt'
[0.941s] running build
[0.941s] running build_py
[0.941s] creating /workspaces/workspaces/legged-robots/my_workspace/build/whole_body_control/build
[0.941s] creating /workspaces/workspaces/legged-robots/my_workspace/build/whole_body_control/build/lib
[0.941s] creating /workspaces/workspaces/legged-robots/my_workspace/build/whole_body_control/build/lib/whole_body_control
[0.941s] copying whole_body_control/t52.py -> /workspaces/workspaces/legged-robots/my_workspace/build/whole_body_control/build/lib/whole_body_control
[0.941s] copying whole_body_control/t4_standing.py -> /workspaces/workspaces/legged-robots/my_workspace/build/whole_body_control/build/lib/whole_body_control
[0.941s] copying whole_body_control/tsid_wrapper.py -> /workspaces/workspaces/legged-robots/my_workspace/build/whole_body_control/build/lib/whole_body_control
[0.941s] copying whole_body_control/config.py -> /workspaces/workspaces/legged-robots/my_workspace/build/whole_body_control/build/lib/whole_body_control
[0.941s] copying whole_body_control/02_one_leg_stand.py -> /workspaces/workspaces/legged-robots/my_workspace/build/whole_body_control/build/lib/whole_body_control
[0.941s] copying whole_body_control/t51.py -> /workspaces/workspaces/legged-robots/my_workspace/build/whole_body_control/build/lib/whole_body_control
[0.941s] copying whole_body_control/01_standing.py -> /workspaces/workspaces/legged-robots/my_workspace/build/whole_body_control/build/lib/whole_body_control
[0.941s] copying whole_body_control/__init__.py -> /workspaces/workspaces/legged-robots/my_workspace/build/whole_body_control/build/lib/whole_body_control
[0.942s] copying whole_body_control/03_squating.py -> /workspaces/workspaces/legged-robots/my_workspace/build/whole_body_control/build/lib/whole_body_control
[0.942s] running install
[0.945s] running install_lib
[0.954s] creating /workspaces/workspaces/legged-robots/my_workspace/install/whole_body_control/lib/python3.12/site-packages/whole_body_control
[0.954s] copying /workspaces/workspaces/legged-robots/my_workspace/build/whole_body_control/build/lib/whole_body_control/t52.py -> /workspaces/workspaces/legged-robots/my_workspace/install/whole_body_control/lib/python3.12/site-packages/whole_body_control
[0.956s] copying /workspaces/workspaces/legged-robots/my_workspace/build/whole_body_control/build/lib/whole_body_control/t4_standing.py -> /workspaces/workspaces/legged-robots/my_workspace/install/whole_body_control/lib/python3.12/site-packages/whole_body_control
[0.956s] copying /workspaces/workspaces/legged-robots/my_workspace/build/whole_body_control/build/lib/whole_body_control/tsid_wrapper.py -> /workspaces/workspaces/legged-robots/my_workspace/install/whole_body_control/lib/python3.12/site-packages/whole_body_control
[0.956s] copying /workspaces/workspaces/legged-robots/my_workspace/build/whole_body_control/build/lib/whole_body_control/config.py -> /workspaces/workspaces/legged-robots/my_workspace/install/whole_body_control/lib/python3.12/site-packages/whole_body_control
[0.956s] copying /workspaces/workspaces/legged-robots/my_workspace/build/whole_body_control/build/lib/whole_body_control/02_one_leg_stand.py -> /workspaces/workspaces/legged-robots/my_workspace/install/whole_body_control/lib/python3.12/site-packages/whole_body_control
[0.956s] copying /workspaces/workspaces/legged-robots/my_workspace/build/whole_body_control/build/lib/whole_body_control/t51.py -> /workspaces/workspaces/legged-robots/my_workspace/install/whole_body_control/lib/python3.12/site-packages/whole_body_control
[0.956s] copying /workspaces/workspaces/legged-robots/my_workspace/build/whole_body_control/build/lib/whole_body_control/01_standing.py -> /workspaces/workspaces/legged-robots/my_workspace/install/whole_body_control/lib/python3.12/site-packages/whole_body_control
[0.956s] copying /workspaces/workspaces/legged-robots/my_workspace/build/whole_body_control/build/lib/whole_body_control/__init__.py -> /workspaces/workspaces/legged-robots/my_workspace/install/whole_body_control/lib/python3.12/site-packages/whole_body_control
[0.956s] copying /workspaces/workspaces/legged-robots/my_workspace/build/whole_body_control/build/lib/whole_body_control/03_squating.py -> /workspaces/workspaces/legged-robots/my_workspace/install/whole_body_control/lib/python3.12/site-packages/whole_body_control
[0.956s] byte-compiling /workspaces/workspaces/legged-robots/my_workspace/install/whole_body_control/lib/python3.12/site-packages/whole_body_control/t52.py to t52.cpython-312.pyc
[0.957s] byte-compiling /workspaces/workspaces/legged-robots/my_workspace/install/whole_body_control/lib/python3.12/site-packages/whole_body_control/t4_standing.py to t4_standing.cpython-312.pyc
[0.958s] byte-compiling /workspaces/workspaces/legged-robots/my_workspace/install/whole_body_control/lib/python3.12/site-packages/whole_body_control/tsid_wrapper.py to tsid_wrapper.cpython-312.pyc
[0.960s] byte-compiling /workspaces/workspaces/legged-robots/my_workspace/install/whole_body_control/lib/python3.12/site-packages/whole_body_control/config.py to config.cpython-312.pyc
[0.960s] byte-compiling /workspaces/workspaces/legged-robots/my_workspace/install/whole_body_control/lib/python3.12/site-packages/whole_body_control/02_one_leg_stand.py to 02_one_leg_stand.cpython-312.pyc
[0.961s] byte-compiling /workspaces/workspaces/legged-robots/my_workspace/install/whole_body_control/lib/python3.12/site-packages/whole_body_control/t51.py to t51.cpython-312.pyc
[0.963s] byte-compiling /workspaces/workspaces/legged-robots/my_workspace/install/whole_body_control/lib/python3.12/site-packages/whole_body_control/01_standing.py to 01_standing.cpython-312.pyc
[0.964s] byte-compiling /workspaces/workspaces/legged-robots/my_workspace/install/whole_body_control/lib/python3.12/site-packages/whole_body_control/__init__.py to __init__.cpython-312.pyc
[0.964s] byte-compiling /workspaces/workspaces/legged-robots/my_workspace/install/whole_body_control/lib/python3.12/site-packages/whole_body_control/03_squating.py to 03_squating.cpython-312.pyc
[0.966s] running install_data
[0.966s] copying resource/whole_body_control -> /workspaces/workspaces/legged-robots/my_workspace/install/whole_body_control/share/ament_index/resource_index/packages
[0.966s] copying package.xml -> /workspaces/workspaces/legged-robots/my_workspace/install/whole_body_control/share/whole_body_control
[0.966s] copying launch/launch.py -> /workspaces/workspaces/legged-robots/my_workspace/install/whole_body_control/share/whole_body_control/launch
[0.966s] running install_egg_info
[0.975s] Copying ../../build/whole_body_control/whole_body_control.egg-info to /workspaces/workspaces/legged-robots/my_workspace/install/whole_body_control/lib/python3.12/site-packages/whole_body_control-0.0.0-py3.12.egg-info
[0.975s] running install_scripts
[1.032s] Installing 02_one_leg_stand script to /workspaces/workspaces/legged-robots/my_workspace/install/whole_body_control/lib/whole_body_control
[1.032s] Installing 03_squating script to /workspaces/workspaces/legged-robots/my_workspace/install/whole_body_control/lib/whole_body_control
[1.032s] Installing t4_standing script to /workspaces/workspaces/legged-robots/my_workspace/install/whole_body_control/lib/whole_body_control
[1.032s] Installing t51 script to /workspaces/workspaces/legged-robots/my_workspace/install/whole_body_control/lib/whole_body_control
[1.032s] Installing t52 script to /workspaces/workspaces/legged-robots/my_workspace/install/whole_body_control/lib/whole_body_control
[1.032s] writing list of installed files to '/workspaces/workspaces/legged-robots/my_workspace/build/whole_body_control/install.log'
[1.049s] Invoked command in '/workspaces/workspaces/legged-robots/my_workspace/src/whole_body_control' returned '0': AMENT_PREFIX_PATH=/workspaces/workspaces/legged-robots/my_workspace/install/talos_description:/workspaces/workspaces/legged-robots/my_workspace/install/simulator:/workspaces/workspaces/legged-robots/my_workspace/install/reemc_description:${AMENT_PREFIX_PATH} CMAKE_PREFIX_PATH=/workspaces/workspaces/legged-robots/my_workspace/install/talos_description:/workspaces/workspaces/legged-robots/my_workspace/install/reemc_description:${CMAKE_PREFIX_PATH} PYTHONPATH=/workspaces/workspaces/legged-robots/my_workspace/build/whole_body_control/prefix_override:/usr/lib/python3/dist-packages/colcon_core/task/python/colcon_distutils_commands:/workspaces/workspaces/legged-robots/my_workspace/install/whole_body_control/lib/python3.12/site-packages:/workspaces/workspaces/legged-robots/my_workspace/build/simulator:/workspaces/workspaces/legged-robots/my_workspace/install/simulator/lib/python3.12/site-packages:${PYTHONPATH} /usr/bin/python3 -W ignore:setup.py install is deprecated -W ignore:easy_install command is deprecated setup.py egg_info --egg-base ../../build/whole_body_control build --build-base /workspaces/workspaces/legged-robots/my_workspace/build/whole_body_control/build install --record /workspaces/workspaces/legged-robots/my_workspace/build/whole_body_control/install.log --single-version-externally-managed install_data --force
