[0.159s] DEBUG:colcon:Command line arguments: ['/usr/bin/colcon', 'build', '--symlink-install']
[0.159s] DEBUG:colcon:Parsed command line arguments: Namespace(log_base=None, log_level=None, verb_name='build', build_base='build', install_base='install', merge_install=False, symlink_install=True, test_result_base=None, continue_on_error=False, executor='parallel', parallel_workers=8, event_handlers=None, ignore_user_meta=False, metas=['./colcon.meta'], base_paths=['.'], packages_ignore=None, packages_ignore_regex=None, paths=None, packages_up_to=None, packages_up_to_regex=None, packages_above=None, packages_above_and_dependencies=None, packages_above_depth=None, packages_select_by_dep=None, packages_skip_by_dep=None, packages_skip_up_to=None, packages_select_build_failed=False, packages_skip_build_finished=False, packages_select_test_failures=False, packages_skip_test_passed=False, packages_select=None, packages_skip=None, packages_select_regex=None, packages_skip_regex=None, packages_start=None, packages_end=None, cmake_args=None, cmake_target=None, cmake_target_skip_unavailable=False, cmake_clean_cache=False, cmake_clean_first=False, cmake_force_configure=False, ament_cmake_args=None, catkin_cmake_args=None, catkin_skip_building_tests=False, mixin_files=None, mixin=None, verb_parser=<colcon_mixin.mixin.mixin_argument.MixinArgumentDecorator object at 0x72e79d753b60>, verb_extension=<colcon_core.verb.build.BuildVerb object at 0x72e79d753620>, main=<bound method BuildVerb.main of <colcon_core.verb.build.BuildVerb object at 0x72e79d753620>>, mixin_verb=('build',))
[0.207s] Level 1:colcon.colcon_core.package_discovery:discover_packages(colcon_meta) check parameters
[0.207s] Level 1:colcon.colcon_core.package_discovery:discover_packages(recursive) check parameters
[0.207s] Level 1:colcon.colcon_core.package_discovery:discover_packages(ignore) check parameters
[0.207s] Level 1:colcon.colcon_core.package_discovery:discover_packages(path) check parameters
[0.207s] Level 1:colcon.colcon_core.package_discovery:discover_packages(colcon_meta) discover
[0.207s] Level 1:colcon.colcon_core.package_discovery:discover_packages(recursive) discover
[0.207s] INFO:colcon.colcon_core.package_discovery:Crawling recursively for packages in '/workspaces/workspaces/my_workspace'
[0.207s] Level 1:colcon.colcon_core.package_identification:_identify(.) by extensions ['ignore', 'ignore_ament_install']
[0.207s] Level 1:colcon.colcon_core.package_identification:_identify(.) by extension 'ignore'
[0.208s] Level 1:colcon.colcon_core.package_identification:_identify(.) by extension 'ignore_ament_install'
[0.208s] Level 1:colcon.colcon_core.package_identification:_identify(.) by extensions ['colcon_pkg']
[0.208s] Level 1:colcon.colcon_core.package_identification:_identify(.) by extension 'colcon_pkg'
[0.208s] Level 1:colcon.colcon_core.package_identification:_identify(.) by extensions ['colcon_meta']
[0.208s] Level 1:colcon.colcon_core.package_identification:_identify(.) by extension 'colcon_meta'
[0.208s] Level 1:colcon.colcon_core.package_identification:_identify(.) by extensions ['ros']
[0.208s] Level 1:colcon.colcon_core.package_identification:_identify(.) by extension 'ros'
[0.238s] Level 1:colcon.colcon_core.package_identification:_identify(.) by extensions ['cmake', 'python']
[0.239s] Level 1:colcon.colcon_core.package_identification:_identify(.) by extension 'cmake'
[0.239s] Level 1:colcon.colcon_core.package_identification:_identify(.) by extension 'python'
[0.239s] Level 1:colcon.colcon_core.package_identification:_identify(.) by extensions ['python_setup_py']
[0.239s] Level 1:colcon.colcon_core.package_identification:_identify(.) by extension 'python_setup_py'
[0.239s] Level 1:colcon.colcon_core.package_identification:_identify(build) by extensions ['ignore', 'ignore_ament_install']
[0.239s] Level 1:colcon.colcon_core.package_identification:_identify(build) by extension 'ignore'
[0.239s] Level 1:colcon.colcon_core.package_identification:_identify(build) ignored
[0.239s] Level 1:colcon.colcon_core.package_identification:_identify(install) by extensions ['ignore', 'ignore_ament_install']
[0.239s] Level 1:colcon.colcon_core.package_identification:_identify(install) by extension 'ignore'
[0.239s] Level 1:colcon.colcon_core.package_identification:_identify(install) ignored
[0.239s] Level 1:colcon.colcon_core.package_identification:_identify(log) by extensions ['ignore', 'ignore_ament_install']
[0.240s] Level 1:colcon.colcon_core.package_identification:_identify(log) by extension 'ignore'
[0.240s] Level 1:colcon.colcon_core.package_identification:_identify(log) ignored
[0.240s] Level 1:colcon.colcon_core.package_identification:_identify(src) by extensions ['ignore', 'ignore_ament_install']
[0.240s] Level 1:colcon.colcon_core.package_identification:_identify(src) by extension 'ignore'
[0.240s] Level 1:colcon.colcon_core.package_identification:_identify(src) by extension 'ignore_ament_install'
[0.240s] Level 1:colcon.colcon_core.package_identification:_identify(src) by extensions ['colcon_pkg']
[0.240s] Level 1:colcon.colcon_core.package_identification:_identify(src) by extension 'colcon_pkg'
[0.240s] Level 1:colcon.colcon_core.package_identification:_identify(src) by extensions ['colcon_meta']
[0.240s] Level 1:colcon.colcon_core.package_identification:_identify(src) by extension 'colcon_meta'
[0.240s] Level 1:colcon.colcon_core.package_identification:_identify(src) by extensions ['ros']
[0.240s] Level 1:colcon.colcon_core.package_identification:_identify(src) by extension 'ros'
[0.240s] Level 1:colcon.colcon_core.package_identification:_identify(src) by extensions ['cmake', 'python']
[0.240s] Level 1:colcon.colcon_core.package_identification:_identify(src) by extension 'cmake'
[0.240s] Level 1:colcon.colcon_core.package_identification:_identify(src) by extension 'python'
[0.240s] Level 1:colcon.colcon_core.package_identification:_identify(src) by extensions ['python_setup_py']
[0.240s] Level 1:colcon.colcon_core.package_identification:_identify(src) by extension 'python_setup_py'
[0.240s] Level 1:colcon.colcon_core.package_identification:_identify(src/bullet_sims) by extensions ['ignore', 'ignore_ament_install']
[0.240s] Level 1:colcon.colcon_core.package_identification:_identify(src/bullet_sims) by extension 'ignore'
[0.241s] Level 1:colcon.colcon_core.package_identification:_identify(src/bullet_sims) by extension 'ignore_ament_install'
[0.241s] Level 1:colcon.colcon_core.package_identification:_identify(src/bullet_sims) by extensions ['colcon_pkg']
[0.241s] Level 1:colcon.colcon_core.package_identification:_identify(src/bullet_sims) by extension 'colcon_pkg'
[0.241s] Level 1:colcon.colcon_core.package_identification:_identify(src/bullet_sims) by extensions ['colcon_meta']
[0.241s] Level 1:colcon.colcon_core.package_identification:_identify(src/bullet_sims) by extension 'colcon_meta'
[0.241s] Level 1:colcon.colcon_core.package_identification:_identify(src/bullet_sims) by extensions ['ros']
[0.241s] Level 1:colcon.colcon_core.package_identification:_identify(src/bullet_sims) by extension 'ros'
[0.244s] DEBUG:colcon.colcon_core.package_identification:Package 'src/bullet_sims' with type 'ros.ament_python' and name 'bullet_sims'
[0.244s] Level 1:colcon.colcon_core.package_identification:_identify(src/reemc_description) by extensions ['ignore', 'ignore_ament_install']
[0.244s] Level 1:colcon.colcon_core.package_identification:_identify(src/reemc_description) by extension 'ignore'
[0.244s] Level 1:colcon.colcon_core.package_identification:_identify(src/reemc_description) by extension 'ignore_ament_install'
[0.244s] Level 1:colcon.colcon_core.package_identification:_identify(src/reemc_description) by extensions ['colcon_pkg']
[0.244s] Level 1:colcon.colcon_core.package_identification:_identify(src/reemc_description) by extension 'colcon_pkg'
[0.244s] Level 1:colcon.colcon_core.package_identification:_identify(src/reemc_description) by extensions ['colcon_meta']
[0.244s] Level 1:colcon.colcon_core.package_identification:_identify(src/reemc_description) by extension 'colcon_meta'
[0.244s] Level 1:colcon.colcon_core.package_identification:_identify(src/reemc_description) by extensions ['ros']
[0.245s] Level 1:colcon.colcon_core.package_identification:_identify(src/reemc_description) by extension 'ros'
[0.245s] DEBUG:colcon.colcon_core.package_identification:Package 'src/reemc_description' with type 'ros.ament_cmake' and name 'reemc_description'
[0.245s] Level 1:colcon.colcon_core.package_identification:_identify(src/ros_visuals) by extensions ['ignore', 'ignore_ament_install']
[0.245s] Level 1:colcon.colcon_core.package_identification:_identify(src/ros_visuals) by extension 'ignore'
[0.245s] Level 1:colcon.colcon_core.package_identification:_identify(src/ros_visuals) by extension 'ignore_ament_install'
[0.245s] Level 1:colcon.colcon_core.package_identification:_identify(src/ros_visuals) by extensions ['colcon_pkg']
[0.245s] Level 1:colcon.colcon_core.package_identification:_identify(src/ros_visuals) by extension 'colcon_pkg'
[0.246s] Level 1:colcon.colcon_core.package_identification:_identify(src/ros_visuals) by extensions ['colcon_meta']
[0.246s] Level 1:colcon.colcon_core.package_identification:_identify(src/ros_visuals) by extension 'colcon_meta'
[0.246s] Level 1:colcon.colcon_core.package_identification:_identify(src/ros_visuals) by extensions ['ros']
[0.246s] Level 1:colcon.colcon_core.package_identification:_identify(src/ros_visuals) by extension 'ros'
[0.246s] DEBUG:colcon.colcon_core.package_identification:Package 'src/ros_visuals' with type 'ros.ament_python' and name 'ros_visuals'
[0.247s] Level 1:colcon.colcon_core.package_identification:_identify(src/simulator) by extensions ['ignore', 'ignore_ament_install']
[0.247s] Level 1:colcon.colcon_core.package_identification:_identify(src/simulator) by extension 'ignore'
[0.247s] Level 1:colcon.colcon_core.package_identification:_identify(src/simulator) by extension 'ignore_ament_install'
[0.247s] Level 1:colcon.colcon_core.package_identification:_identify(src/simulator) by extensions ['colcon_pkg']
[0.247s] Level 1:colcon.colcon_core.package_identification:_identify(src/simulator) by extension 'colcon_pkg'
[0.247s] Level 1:colcon.colcon_core.package_identification:_identify(src/simulator) by extensions ['colcon_meta']
[0.247s] Level 1:colcon.colcon_core.package_identification:_identify(src/simulator) by extension 'colcon_meta'
[0.247s] Level 1:colcon.colcon_core.package_identification:_identify(src/simulator) by extensions ['ros']
[0.247s] Level 1:colcon.colcon_core.package_identification:_identify(src/simulator) by extension 'ros'
[0.248s] DEBUG:colcon.colcon_core.package_identification:Package 'src/simulator' with type 'ros.ament_python' and name 'simulator'
[0.248s] Level 1:colcon.colcon_core.package_identification:_identify(src/talos_description) by extensions ['ignore', 'ignore_ament_install']
[0.248s] Level 1:colcon.colcon_core.package_identification:_identify(src/talos_description) by extension 'ignore'
[0.248s] Level 1:colcon.colcon_core.package_identification:_identify(src/talos_description) by extension 'ignore_ament_install'
[0.248s] Level 1:colcon.colcon_core.package_identification:_identify(src/talos_description) by extensions ['colcon_pkg']
[0.248s] Level 1:colcon.colcon_core.package_identification:_identify(src/talos_description) by extension 'colcon_pkg'
[0.248s] Level 1:colcon.colcon_core.package_identification:_identify(src/talos_description) by extensions ['colcon_meta']
[0.248s] Level 1:colcon.colcon_core.package_identification:_identify(src/talos_description) by extension 'colcon_meta'
[0.248s] Level 1:colcon.colcon_core.package_identification:_identify(src/talos_description) by extensions ['ros']
[0.248s] Level 1:colcon.colcon_core.package_identification:_identify(src/talos_description) by extension 'ros'
[0.249s] DEBUG:colcon.colcon_core.package_identification:Package 'src/talos_description' with type 'ros.ament_cmake' and name 'talos_description'
[0.249s] Level 1:colcon.colcon_core.package_discovery:discover_packages(recursive) using defaults
[0.249s] Level 1:colcon.colcon_core.package_discovery:discover_packages(ignore) discover
[0.249s] Level 1:colcon.colcon_core.package_discovery:discover_packages(ignore) using defaults
[0.249s] Level 1:colcon.colcon_core.package_discovery:discover_packages(path) discover
[0.249s] Level 1:colcon.colcon_core.package_discovery:discover_packages(path) using defaults
[0.270s] Level 5:colcon.colcon_core.verb:set package 'reemc_description' build argument 'cmake_args' from command line to 'None'
[0.270s] Level 5:colcon.colcon_core.verb:set package 'reemc_description' build argument 'cmake_target' from command line to 'None'
[0.270s] Level 5:colcon.colcon_core.verb:set package 'reemc_description' build argument 'cmake_target_skip_unavailable' from command line to 'False'
[0.270s] Level 5:colcon.colcon_core.verb:set package 'reemc_description' build argument 'cmake_clean_cache' from command line to 'False'
[0.270s] Level 5:colcon.colcon_core.verb:set package 'reemc_description' build argument 'cmake_clean_first' from command line to 'False'
[0.270s] Level 5:colcon.colcon_core.verb:set package 'reemc_description' build argument 'cmake_force_configure' from command line to 'False'
[0.270s] Level 5:colcon.colcon_core.verb:set package 'reemc_description' build argument 'ament_cmake_args' from command line to 'None'
[0.270s] Level 5:colcon.colcon_core.verb:set package 'reemc_description' build argument 'catkin_cmake_args' from command line to 'None'
[0.270s] Level 5:colcon.colcon_core.verb:set package 'reemc_description' build argument 'catkin_skip_building_tests' from command line to 'False'
[0.271s] DEBUG:colcon.colcon_core.verb:Building package 'reemc_description' with the following arguments: {'ament_cmake_args': None, 'build_base': '/workspaces/workspaces/my_workspace/build/reemc_description', 'catkin_cmake_args': None, 'catkin_skip_building_tests': False, 'cmake_args': None, 'cmake_clean_cache': False, 'cmake_clean_first': False, 'cmake_force_configure': False, 'cmake_target': None, 'cmake_target_skip_unavailable': False, 'install_base': '/workspaces/workspaces/my_workspace/install/reemc_description', 'merge_install': False, 'path': '/workspaces/workspaces/my_workspace/src/reemc_description', 'symlink_install': True, 'test_result_base': None}
[0.271s] Level 5:colcon.colcon_core.verb:set package 'ros_visuals' build argument 'cmake_args' from command line to 'None'
[0.271s] Level 5:colcon.colcon_core.verb:set package 'ros_visuals' build argument 'cmake_target' from command line to 'None'
[0.271s] Level 5:colcon.colcon_core.verb:set package 'ros_visuals' build argument 'cmake_target_skip_unavailable' from command line to 'False'
[0.271s] Level 5:colcon.colcon_core.verb:set package 'ros_visuals' build argument 'cmake_clean_cache' from command line to 'False'
[0.271s] Level 5:colcon.colcon_core.verb:set package 'ros_visuals' build argument 'cmake_clean_first' from command line to 'False'
[0.271s] Level 5:colcon.colcon_core.verb:set package 'ros_visuals' build argument 'cmake_force_configure' from command line to 'False'
[0.271s] Level 5:colcon.colcon_core.verb:set package 'ros_visuals' build argument 'ament_cmake_args' from command line to 'None'
[0.271s] Level 5:colcon.colcon_core.verb:set package 'ros_visuals' build argument 'catkin_cmake_args' from command line to 'None'
[0.271s] Level 5:colcon.colcon_core.verb:set package 'ros_visuals' build argument 'catkin_skip_building_tests' from command line to 'False'
[0.271s] DEBUG:colcon.colcon_core.verb:Building package 'ros_visuals' with the following arguments: {'ament_cmake_args': None, 'build_base': '/workspaces/workspaces/my_workspace/build/ros_visuals', 'catkin_cmake_args': None, 'catkin_skip_building_tests': False, 'cmake_args': None, 'cmake_clean_cache': False, 'cmake_clean_first': False, 'cmake_force_configure': False, 'cmake_target': None, 'cmake_target_skip_unavailable': False, 'install_base': '/workspaces/workspaces/my_workspace/install/ros_visuals', 'merge_install': False, 'path': '/workspaces/workspaces/my_workspace/src/ros_visuals', 'symlink_install': True, 'test_result_base': None}
[0.271s] Level 5:colcon.colcon_core.verb:set package 'simulator' build argument 'cmake_args' from command line to 'None'
[0.271s] Level 5:colcon.colcon_core.verb:set package 'simulator' build argument 'cmake_target' from command line to 'None'
[0.271s] Level 5:colcon.colcon_core.verb:set package 'simulator' build argument 'cmake_target_skip_unavailable' from command line to 'False'
[0.271s] Level 5:colcon.colcon_core.verb:set package 'simulator' build argument 'cmake_clean_cache' from command line to 'False'
[0.272s] Level 5:colcon.colcon_core.verb:set package 'simulator' build argument 'cmake_clean_first' from command line to 'False'
[0.272s] Level 5:colcon.colcon_core.verb:set package 'simulator' build argument 'cmake_force_configure' from command line to 'False'
[0.272s] Level 5:colcon.colcon_core.verb:set package 'simulator' build argument 'ament_cmake_args' from command line to 'None'
[0.272s] Level 5:colcon.colcon_core.verb:set package 'simulator' build argument 'catkin_cmake_args' from command line to 'None'
[0.272s] Level 5:colcon.colcon_core.verb:set package 'simulator' build argument 'catkin_skip_building_tests' from command line to 'False'
[0.272s] DEBUG:colcon.colcon_core.verb:Building package 'simulator' with the following arguments: {'ament_cmake_args': None, 'build_base': '/workspaces/workspaces/my_workspace/build/simulator', 'catkin_cmake_args': None, 'catkin_skip_building_tests': False, 'cmake_args': None, 'cmake_clean_cache': False, 'cmake_clean_first': False, 'cmake_force_configure': False, 'cmake_target': None, 'cmake_target_skip_unavailable': False, 'install_base': '/workspaces/workspaces/my_workspace/install/simulator', 'merge_install': False, 'path': '/workspaces/workspaces/my_workspace/src/simulator', 'symlink_install': True, 'test_result_base': None}
[0.272s] Level 5:colcon.colcon_core.verb:set package 'talos_description' build argument 'cmake_args' from command line to 'None'
[0.272s] Level 5:colcon.colcon_core.verb:set package 'talos_description' build argument 'cmake_target' from command line to 'None'
[0.272s] Level 5:colcon.colcon_core.verb:set package 'talos_description' build argument 'cmake_target_skip_unavailable' from command line to 'False'
[0.272s] Level 5:colcon.colcon_core.verb:set package 'talos_description' build argument 'cmake_clean_cache' from command line to 'False'
[0.272s] Level 5:colcon.colcon_core.verb:set package 'talos_description' build argument 'cmake_clean_first' from command line to 'False'
[0.272s] Level 5:colcon.colcon_core.verb:set package 'talos_description' build argument 'cmake_force_configure' from command line to 'False'
[0.272s] Level 5:colcon.colcon_core.verb:set package 'talos_description' build argument 'ament_cmake_args' from command line to 'None'
[0.272s] Level 5:colcon.colcon_core.verb:set package 'talos_description' build argument 'catkin_cmake_args' from command line to 'None'
[0.272s] Level 5:colcon.colcon_core.verb:set package 'talos_description' build argument 'catkin_skip_building_tests' from command line to 'False'
[0.272s] DEBUG:colcon.colcon_core.verb:Building package 'talos_description' with the following arguments: {'ament_cmake_args': None, 'build_base': '/workspaces/workspaces/my_workspace/build/talos_description', 'catkin_cmake_args': None, 'catkin_skip_building_tests': False, 'cmake_args': None, 'cmake_clean_cache': False, 'cmake_clean_first': False, 'cmake_force_configure': False, 'cmake_target': None, 'cmake_target_skip_unavailable': False, 'install_base': '/workspaces/workspaces/my_workspace/install/talos_description', 'merge_install': False, 'path': '/workspaces/workspaces/my_workspace/src/talos_description', 'symlink_install': True, 'test_result_base': None}
[0.272s] Level 5:colcon.colcon_core.verb:set package 'bullet_sims' build argument 'cmake_args' from command line to 'None'
[0.272s] Level 5:colcon.colcon_core.verb:set package 'bullet_sims' build argument 'cmake_target' from command line to 'None'
[0.272s] Level 5:colcon.colcon_core.verb:set package 'bullet_sims' build argument 'cmake_target_skip_unavailable' from command line to 'False'
[0.273s] Level 5:colcon.colcon_core.verb:set package 'bullet_sims' build argument 'cmake_clean_cache' from command line to 'False'
[0.273s] Level 5:colcon.colcon_core.verb:set package 'bullet_sims' build argument 'cmake_clean_first' from command line to 'False'
[0.273s] Level 5:colcon.colcon_core.verb:set package 'bullet_sims' build argument 'cmake_force_configure' from command line to 'False'
[0.273s] Level 5:colcon.colcon_core.verb:set package 'bullet_sims' build argument 'ament_cmake_args' from command line to 'None'
[0.273s] Level 5:colcon.colcon_core.verb:set package 'bullet_sims' build argument 'catkin_cmake_args' from command line to 'None'
[0.273s] Level 5:colcon.colcon_core.verb:set package 'bullet_sims' build argument 'catkin_skip_building_tests' from command line to 'False'
[0.273s] DEBUG:colcon.colcon_core.verb:Building package 'bullet_sims' with the following arguments: {'ament_cmake_args': None, 'build_base': '/workspaces/workspaces/my_workspace/build/bullet_sims', 'catkin_cmake_args': None, 'catkin_skip_building_tests': False, 'cmake_args': None, 'cmake_clean_cache': False, 'cmake_clean_first': False, 'cmake_force_configure': False, 'cmake_target': None, 'cmake_target_skip_unavailable': False, 'install_base': '/workspaces/workspaces/my_workspace/install/bullet_sims', 'merge_install': False, 'path': '/workspaces/workspaces/my_workspace/src/bullet_sims', 'symlink_install': True, 'test_result_base': None}
[0.273s] INFO:colcon.colcon_core.executor:Executing jobs using 'parallel' executor
[0.274s] DEBUG:colcon.colcon_parallel_executor.executor.parallel:run_until_complete
[0.274s] INFO:colcon.colcon_ros.task.ament_cmake.build:Building ROS package in '/workspaces/workspaces/my_workspace/src/reemc_description' with build type 'ament_cmake'
[0.274s] INFO:colcon.colcon_cmake.task.cmake.build:Building CMake package in '/workspaces/workspaces/my_workspace/src/reemc_description'
[0.277s] INFO:colcon.colcon_core.plugin_system:Skipping extension 'colcon_core.shell.bat': Not used on non-Windows systems
[0.277s] INFO:colcon.colcon_core.shell:Skip shell extension 'powershell' for command environment: Not usable outside of PowerShell
[0.277s] DEBUG:colcon.colcon_core.shell:Skip shell extension 'dsv' for command environment
[0.285s] INFO:colcon.colcon_ros.task.ament_python.build:Building ROS package in '/workspaces/workspaces/my_workspace/src/simulator' with build type 'ament_python'
[0.285s] Level 1:colcon.colcon_core.shell:create_environment_hook('simulator', 'ament_prefix_path')
[0.285s] INFO:colcon.colcon_core.shell:Creating environment hook '/workspaces/workspaces/my_workspace/install/simulator/share/simulator/hook/ament_prefix_path.ps1'
[0.286s] INFO:colcon.colcon_core.shell:Creating environment descriptor '/workspaces/workspaces/my_workspace/install/simulator/share/simulator/hook/ament_prefix_path.dsv'
[0.287s] INFO:colcon.colcon_core.shell:Creating environment hook '/workspaces/workspaces/my_workspace/install/simulator/share/simulator/hook/ament_prefix_path.sh'
[0.288s] INFO:colcon.colcon_core.shell:Skip shell extension 'powershell' for command environment: Not usable outside of PowerShell
[0.288s] DEBUG:colcon.colcon_core.shell:Skip shell extension 'dsv' for command environment
[0.294s] INFO:colcon.colcon_ros.task.ament_cmake.build:Building ROS package in '/workspaces/workspaces/my_workspace/src/talos_description' with build type 'ament_cmake'
[0.294s] INFO:colcon.colcon_cmake.task.cmake.build:Building CMake package in '/workspaces/workspaces/my_workspace/src/talos_description'
[0.295s] INFO:colcon.colcon_core.shell:Skip shell extension 'powershell' for command environment: Not usable outside of PowerShell
[0.295s] DEBUG:colcon.colcon_core.shell:Skip shell extension 'dsv' for command environment
[0.303s] INFO:colcon.colcon_ros.task.ament_python.build:Building ROS package in '/workspaces/workspaces/my_workspace/src/ros_visuals' with build type 'ament_python'
[0.304s] Level 1:colcon.colcon_core.shell:create_environment_hook('ros_visuals', 'ament_prefix_path')
[0.304s] INFO:colcon.colcon_core.shell:Creating environment hook '/workspaces/workspaces/my_workspace/install/ros_visuals/share/ros_visuals/hook/ament_prefix_path.ps1'
[0.305s] INFO:colcon.colcon_core.shell:Creating environment descriptor '/workspaces/workspaces/my_workspace/install/ros_visuals/share/ros_visuals/hook/ament_prefix_path.dsv'
[0.305s] INFO:colcon.colcon_core.shell:Creating environment hook '/workspaces/workspaces/my_workspace/install/ros_visuals/share/ros_visuals/hook/ament_prefix_path.sh'
[0.306s] INFO:colcon.colcon_core.shell:Skip shell extension 'powershell' for command environment: Not usable outside of PowerShell
[0.306s] DEBUG:colcon.colcon_core.shell:Skip shell extension 'dsv' for command environment
[0.320s] DEBUG:colcon.colcon_core.event_handler.log_command:Invoking command in '/workspaces/workspaces/my_workspace/build/reemc_description': CMAKE_PREFIX_PATH=${CMAKE_PREFIX_PATH}:/workspaces/workspaces/my_workspace/install/bullet_sims:/workspaces/workspaces/my_workspace/install/simulator:/workspaces/workspaces/my_workspace/install/ros_visuals:/opt/ros/rolling /usr/bin/cmake --build /workspaces/workspaces/my_workspace/build/reemc_description -- -j8 -l8
[0.771s] INFO:colcon.colcon_core.task.python.build:Building Python package in '/workspaces/workspaces/my_workspace/src/simulator'
[0.772s] INFO:colcon.colcon_core.shell:Skip shell extension 'powershell' for command environment: Not usable outside of PowerShell
[0.772s] DEBUG:colcon.colcon_core.shell:Skip shell extension 'dsv' for command environment
[0.786s] DEBUG:colcon.colcon_core.event_handler.log_command:Invoking command in '/workspaces/workspaces/my_workspace/build/talos_description': CMAKE_PREFIX_PATH=${CMAKE_PREFIX_PATH}:/workspaces/workspaces/my_workspace/install/bullet_sims:/workspaces/workspaces/my_workspace/install/simulator:/workspaces/workspaces/my_workspace/install/ros_visuals:/opt/ros/rolling /usr/bin/cmake --build /workspaces/workspaces/my_workspace/build/talos_description -- -j8 -l8
[0.791s] DEBUG:colcon.colcon_core.event_handler.log_command:Invoked command in '/workspaces/workspaces/my_workspace/build/reemc_description' returned '0': CMAKE_PREFIX_PATH=${CMAKE_PREFIX_PATH}:/workspaces/workspaces/my_workspace/install/bullet_sims:/workspaces/workspaces/my_workspace/install/simulator:/workspaces/workspaces/my_workspace/install/ros_visuals:/opt/ros/rolling /usr/bin/cmake --build /workspaces/workspaces/my_workspace/build/reemc_description -- -j8 -l8
[0.815s] DEBUG:colcon.colcon_core.event_handler.log_command:Invoking command in '/workspaces/workspaces/my_workspace/build/reemc_description': CMAKE_PREFIX_PATH=${CMAKE_PREFIX_PATH}:/workspaces/workspaces/my_workspace/install/bullet_sims:/workspaces/workspaces/my_workspace/install/simulator:/workspaces/workspaces/my_workspace/install/ros_visuals:/opt/ros/rolling /usr/bin/cmake --install /workspaces/workspaces/my_workspace/build/reemc_description
[1.273s] WARNING:colcon.colcon_ros.task.ament_python.build:Package 'ros_visuals' doesn't explicitly install a marker in the package index (colcon-ros currently does it implicitly but that fallback will be removed in the future)
[1.274s] WARNING:colcon.colcon_ros.task.ament_python.build:Package 'ros_visuals' doesn't explicitly install the 'package.xml' file (colcon-ros currently does it implicitly but that fallback will be removed in the future)
[1.274s] INFO:colcon.colcon_core.task.python.build:Building Python package in '/workspaces/workspaces/my_workspace/src/ros_visuals'
[1.275s] INFO:colcon.colcon_core.shell:Skip shell extension 'powershell' for command environment: Not usable outside of PowerShell
[1.275s] DEBUG:colcon.colcon_core.shell:Skip shell extension 'dsv' for command environment
[1.309s] Level 1:colcon.colcon_core.environment:create_environment_scripts_only(reemc_description)
[1.325s] DEBUG:colcon.colcon_core.event_handler.log_command:Invoked command in '/workspaces/workspaces/my_workspace/build/reemc_description' returned '0': CMAKE_PREFIX_PATH=${CMAKE_PREFIX_PATH}:/workspaces/workspaces/my_workspace/install/bullet_sims:/workspaces/workspaces/my_workspace/install/simulator:/workspaces/workspaces/my_workspace/install/ros_visuals:/opt/ros/rolling /usr/bin/cmake --install /workspaces/workspaces/my_workspace/build/reemc_description
[1.327s] Level 1:colcon.colcon_core.environment:checking '/workspaces/workspaces/my_workspace/install/reemc_description' for CMake module files
[1.333s] Level 1:colcon.colcon_core.environment:checking '/workspaces/workspaces/my_workspace/install/reemc_description' for CMake config files
[1.345s] Level 1:colcon.colcon_core.shell:create_environment_hook('reemc_description', 'cmake_prefix_path')
[1.346s] INFO:colcon.colcon_core.shell:Creating environment hook '/workspaces/workspaces/my_workspace/install/reemc_description/share/reemc_description/hook/cmake_prefix_path.ps1'
[1.349s] INFO:colcon.colcon_core.shell:Creating environment descriptor '/workspaces/workspaces/my_workspace/install/reemc_description/share/reemc_description/hook/cmake_prefix_path.dsv'
[1.350s] INFO:colcon.colcon_core.shell:Creating environment hook '/workspaces/workspaces/my_workspace/install/reemc_description/share/reemc_description/hook/cmake_prefix_path.sh'
[1.352s] Level 1:colcon.colcon_core.environment:checking '/workspaces/workspaces/my_workspace/install/reemc_description/bin'
[1.352s] Level 1:colcon.colcon_core.environment:checking '/workspaces/workspaces/my_workspace/install/reemc_description/lib/pkgconfig/reemc_description.pc'
[1.353s] Level 1:colcon.colcon_core.environment:checking '/workspaces/workspaces/my_workspace/install/reemc_description/lib/python3.12/site-packages'
[1.353s] Level 1:colcon.colcon_core.environment:checking '/workspaces/workspaces/my_workspace/install/reemc_description/bin'
[1.354s] INFO:colcon.colcon_core.shell:Creating package script '/workspaces/workspaces/my_workspace/install/reemc_description/share/reemc_description/package.ps1'
[1.356s] INFO:colcon.colcon_core.shell:Creating package descriptor '/workspaces/workspaces/my_workspace/install/reemc_description/share/reemc_description/package.dsv'
[1.357s] INFO:colcon.colcon_core.shell:Creating package script '/workspaces/workspaces/my_workspace/install/reemc_description/share/reemc_description/package.sh'
[1.359s] INFO:colcon.colcon_core.shell:Creating package script '/workspaces/workspaces/my_workspace/install/reemc_description/share/reemc_description/package.bash'
[1.361s] INFO:colcon.colcon_core.shell:Creating package script '/workspaces/workspaces/my_workspace/install/reemc_description/share/reemc_description/package.zsh'
[1.362s] Level 1:colcon.colcon_core.environment:create_file_with_runtime_dependencies(/workspaces/workspaces/my_workspace/install/reemc_description/share/colcon-core/packages/reemc_description)
[1.363s] Level 1:colcon.colcon_core.environment:create_environment_scripts_only(reemc_description)
[1.363s] Level 1:colcon.colcon_core.environment:checking '/workspaces/workspaces/my_workspace/install/reemc_description' for CMake module files
[1.364s] Level 1:colcon.colcon_core.environment:checking '/workspaces/workspaces/my_workspace/install/reemc_description' for CMake config files
[1.366s] Level 1:colcon.colcon_core.shell:create_environment_hook('reemc_description', 'cmake_prefix_path')
[1.367s] INFO:colcon.colcon_core.shell:Creating environment hook '/workspaces/workspaces/my_workspace/install/reemc_description/share/reemc_description/hook/cmake_prefix_path.ps1'
[1.367s] INFO:colcon.colcon_core.shell:Creating environment descriptor '/workspaces/workspaces/my_workspace/install/reemc_description/share/reemc_description/hook/cmake_prefix_path.dsv'
[1.368s] INFO:colcon.colcon_core.shell:Creating environment hook '/workspaces/workspaces/my_workspace/install/reemc_description/share/reemc_description/hook/cmake_prefix_path.sh'
[1.369s] Level 1:colcon.colcon_core.environment:checking '/workspaces/workspaces/my_workspace/install/reemc_description/bin'
[1.369s] Level 1:colcon.colcon_core.environment:checking '/workspaces/workspaces/my_workspace/install/reemc_description/lib/pkgconfig/reemc_description.pc'
[1.369s] Level 1:colcon.colcon_core.environment:checking '/workspaces/workspaces/my_workspace/install/reemc_description/lib/python3.12/site-packages'
[1.370s] Level 1:colcon.colcon_core.environment:checking '/workspaces/workspaces/my_workspace/install/reemc_description/bin'
[1.370s] INFO:colcon.colcon_core.shell:Creating package script '/workspaces/workspaces/my_workspace/install/reemc_description/share/reemc_description/package.ps1'
[1.371s] INFO:colcon.colcon_core.shell:Creating package descriptor '/workspaces/workspaces/my_workspace/install/reemc_description/share/reemc_description/package.dsv'
[1.372s] INFO:colcon.colcon_core.shell:Creating package script '/workspaces/workspaces/my_workspace/install/reemc_description/share/reemc_description/package.sh'
[1.373s] INFO:colcon.colcon_core.shell:Creating package script '/workspaces/workspaces/my_workspace/install/reemc_description/share/reemc_description/package.bash'
[1.374s] INFO:colcon.colcon_core.shell:Creating package script '/workspaces/workspaces/my_workspace/install/reemc_description/share/reemc_description/package.zsh'
[1.375s] Level 1:colcon.colcon_core.environment:create_file_with_runtime_dependencies(/workspaces/workspaces/my_workspace/install/reemc_description/share/colcon-core/packages/reemc_description)
[1.378s] DEBUG:colcon.colcon_core.event_handler.log_command:Invoked command in '/workspaces/workspaces/my_workspace/build/talos_description' returned '0': CMAKE_PREFIX_PATH=${CMAKE_PREFIX_PATH}:/workspaces/workspaces/my_workspace/install/bullet_sims:/workspaces/workspaces/my_workspace/install/simulator:/workspaces/workspaces/my_workspace/install/ros_visuals:/opt/ros/rolling /usr/bin/cmake --build /workspaces/workspaces/my_workspace/build/talos_description -- -j8 -l8
[1.378s] DEBUG:colcon.colcon_core.event_handler.log_command:Invoking command in '/workspaces/workspaces/my_workspace/build/talos_description': CMAKE_PREFIX_PATH=${CMAKE_PREFIX_PATH}:/workspaces/workspaces/my_workspace/install/bullet_sims:/workspaces/workspaces/my_workspace/install/simulator:/workspaces/workspaces/my_workspace/install/ros_visuals:/opt/ros/rolling /usr/bin/cmake --install /workspaces/workspaces/my_workspace/build/talos_description
[1.507s] Level 1:colcon.colcon_core.environment:create_environment_scripts_only(talos_description)
[1.507s] Level 1:colcon.colcon_core.environment:checking '/workspaces/workspaces/my_workspace/install/talos_description' for CMake module files
[1.509s] DEBUG:colcon.colcon_core.event_handler.log_command:Invoked command in '/workspaces/workspaces/my_workspace/build/talos_description' returned '0': CMAKE_PREFIX_PATH=${CMAKE_PREFIX_PATH}:/workspaces/workspaces/my_workspace/install/bullet_sims:/workspaces/workspaces/my_workspace/install/simulator:/workspaces/workspaces/my_workspace/install/ros_visuals:/opt/ros/rolling /usr/bin/cmake --install /workspaces/workspaces/my_workspace/build/talos_description
[1.510s] Level 1:colcon.colcon_core.environment:checking '/workspaces/workspaces/my_workspace/install/talos_description' for CMake config files
[1.512s] Level 1:colcon.colcon_core.shell:create_environment_hook('talos_description', 'cmake_prefix_path')
[1.513s] INFO:colcon.colcon_core.shell:Creating environment hook '/workspaces/workspaces/my_workspace/install/talos_description/share/talos_description/hook/cmake_prefix_path.ps1'
[1.514s] INFO:colcon.colcon_core.shell:Creating environment descriptor '/workspaces/workspaces/my_workspace/install/talos_description/share/talos_description/hook/cmake_prefix_path.dsv'
[1.515s] INFO:colcon.colcon_core.shell:Creating environment hook '/workspaces/workspaces/my_workspace/install/talos_description/share/talos_description/hook/cmake_prefix_path.sh'
[1.516s] Level 1:colcon.colcon_core.environment:checking '/workspaces/workspaces/my_workspace/install/talos_description/bin'
[1.516s] Level 1:colcon.colcon_core.environment:checking '/workspaces/workspaces/my_workspace/install/talos_description/lib/pkgconfig/talos_description.pc'
[1.517s] Level 1:colcon.colcon_core.environment:checking '/workspaces/workspaces/my_workspace/install/talos_description/lib/python3.12/site-packages'
[1.517s] Level 1:colcon.colcon_core.environment:checking '/workspaces/workspaces/my_workspace/install/talos_description/bin'
[1.517s] INFO:colcon.colcon_core.shell:Creating package script '/workspaces/workspaces/my_workspace/install/talos_description/share/talos_description/package.ps1'
[1.518s] INFO:colcon.colcon_core.shell:Creating package descriptor '/workspaces/workspaces/my_workspace/install/talos_description/share/talos_description/package.dsv'
[1.519s] INFO:colcon.colcon_core.shell:Creating package script '/workspaces/workspaces/my_workspace/install/talos_description/share/talos_description/package.sh'
[1.520s] INFO:colcon.colcon_core.shell:Creating package script '/workspaces/workspaces/my_workspace/install/talos_description/share/talos_description/package.bash'
[1.521s] INFO:colcon.colcon_core.shell:Creating package script '/workspaces/workspaces/my_workspace/install/talos_description/share/talos_description/package.zsh'
[1.522s] Level 1:colcon.colcon_core.environment:create_file_with_runtime_dependencies(/workspaces/workspaces/my_workspace/install/talos_description/share/colcon-core/packages/talos_description)
[1.523s] Level 1:colcon.colcon_core.environment:create_environment_scripts_only(talos_description)
[1.523s] Level 1:colcon.colcon_core.environment:checking '/workspaces/workspaces/my_workspace/install/talos_description' for CMake module files
[1.524s] Level 1:colcon.colcon_core.environment:checking '/workspaces/workspaces/my_workspace/install/talos_description' for CMake config files
[1.526s] Level 1:colcon.colcon_core.shell:create_environment_hook('talos_description', 'cmake_prefix_path')
[1.527s] INFO:colcon.colcon_core.shell:Creating environment hook '/workspaces/workspaces/my_workspace/install/talos_description/share/talos_description/hook/cmake_prefix_path.ps1'
[1.528s] INFO:colcon.colcon_core.shell:Creating environment descriptor '/workspaces/workspaces/my_workspace/install/talos_description/share/talos_description/hook/cmake_prefix_path.dsv'
[1.529s] INFO:colcon.colcon_core.shell:Creating environment hook '/workspaces/workspaces/my_workspace/install/talos_description/share/talos_description/hook/cmake_prefix_path.sh'
[1.530s] Level 1:colcon.colcon_core.environment:checking '/workspaces/workspaces/my_workspace/install/talos_description/bin'
[1.531s] Level 1:colcon.colcon_core.environment:checking '/workspaces/workspaces/my_workspace/install/talos_description/lib/pkgconfig/talos_description.pc'
[1.531s] Level 1:colcon.colcon_core.environment:checking '/workspaces/workspaces/my_workspace/install/talos_description/lib/python3.12/site-packages'
[1.531s] Level 1:colcon.colcon_core.environment:checking '/workspaces/workspaces/my_workspace/install/talos_description/bin'
[1.532s] INFO:colcon.colcon_core.shell:Creating package script '/workspaces/workspaces/my_workspace/install/talos_description/share/talos_description/package.ps1'
[1.533s] INFO:colcon.colcon_core.shell:Creating package descriptor '/workspaces/workspaces/my_workspace/install/talos_description/share/talos_description/package.dsv'
[1.534s] INFO:colcon.colcon_core.shell:Creating package script '/workspaces/workspaces/my_workspace/install/talos_description/share/talos_description/package.sh'
[1.535s] INFO:colcon.colcon_core.shell:Creating package script '/workspaces/workspaces/my_workspace/install/talos_description/share/talos_description/package.bash'
[1.536s] INFO:colcon.colcon_core.shell:Creating package script '/workspaces/workspaces/my_workspace/install/talos_description/share/talos_description/package.zsh'
[1.537s] Level 1:colcon.colcon_core.environment:create_file_with_runtime_dependencies(/workspaces/workspaces/my_workspace/install/talos_description/share/colcon-core/packages/talos_description)
[2.541s] DEBUG:colcon.colcon_core.event_handler.log_command:Invoking command in '/workspaces/workspaces/my_workspace/build/simulator': PYTHONPATH=/workspaces/workspaces/my_workspace/build/simulator/prefix_override:/usr/lib/python3/dist-packages/colcon_core/task/python/colcon_distutils_commands:/workspaces/workspaces/my_workspace/install/simulator/lib/python3.12/site-packages:${PYTHONPATH} /usr/bin/python3 -W ignore:setup.py install is deprecated -W ignore:easy_install command is deprecated setup.py develop --editable --build-directory /workspaces/workspaces/my_workspace/build/simulator/build --no-deps symlink_data
[2.694s] DEBUG:colcon.colcon_core.event_handler.log_command:Invoking command in '/workspaces/workspaces/my_workspace/build/ros_visuals': PYTHONPATH=/workspaces/workspaces/my_workspace/build/ros_visuals/prefix_override:/usr/lib/python3/dist-packages/colcon_core/task/python/colcon_distutils_commands:/workspaces/workspaces/my_workspace/install/ros_visuals/lib/python3.12/site-packages:${PYTHONPATH} /usr/bin/python3 -W ignore:setup.py install is deprecated -W ignore:easy_install command is deprecated setup.py develop --editable --build-directory /workspaces/workspaces/my_workspace/build/ros_visuals/build --no-deps symlink_data
[4.129s] Level 1:colcon.colcon_core.shell:create_environment_hook('simulator', 'pythonpath_develop')
[4.129s] INFO:colcon.colcon_core.shell:Creating environment hook '/workspaces/workspaces/my_workspace/build/simulator/share/simulator/hook/pythonpath_develop.ps1'
[4.130s] DEBUG:colcon.colcon_core.event_handler.log_command:Invoked command in '/workspaces/workspaces/my_workspace/build/simulator' returned '0': PYTHONPATH=/workspaces/workspaces/my_workspace/build/simulator/prefix_override:/usr/lib/python3/dist-packages/colcon_core/task/python/colcon_distutils_commands:/workspaces/workspaces/my_workspace/install/simulator/lib/python3.12/site-packages:${PYTHONPATH} /usr/bin/python3 -W ignore:setup.py install is deprecated -W ignore:easy_install command is deprecated setup.py develop --editable --build-directory /workspaces/workspaces/my_workspace/build/simulator/build --no-deps symlink_data
[4.131s] INFO:colcon.colcon_core.shell:Creating environment descriptor '/workspaces/workspaces/my_workspace/build/simulator/share/simulator/hook/pythonpath_develop.dsv'
[4.132s] INFO:colcon.colcon_core.shell:Creating environment hook '/workspaces/workspaces/my_workspace/build/simulator/share/simulator/hook/pythonpath_develop.sh'
[4.134s] Level 1:colcon.colcon_core.environment:checking '/workspaces/workspaces/my_workspace/install/simulator' for CMake module files
[4.134s] Level 1:colcon.colcon_core.environment:checking '/workspaces/workspaces/my_workspace/install/simulator' for CMake config files
[4.135s] Level 1:colcon.colcon_core.environment:checking '/workspaces/workspaces/my_workspace/install/simulator/lib'
[4.135s] Level 1:colcon.colcon_core.environment:checking '/workspaces/workspaces/my_workspace/install/simulator/bin'
[4.135s] Level 1:colcon.colcon_core.environment:checking '/workspaces/workspaces/my_workspace/install/simulator/lib/pkgconfig/simulator.pc'
[4.136s] Level 1:colcon.colcon_core.environment:checking '/workspaces/workspaces/my_workspace/install/simulator/lib/python3.12/site-packages'
[4.136s] Level 1:colcon.colcon_core.shell:create_environment_hook('simulator', 'pythonpath')
[4.136s] INFO:colcon.colcon_core.shell:Creating environment hook '/workspaces/workspaces/my_workspace/install/simulator/share/simulator/hook/pythonpath.ps1'
[4.137s] INFO:colcon.colcon_core.shell:Creating environment descriptor '/workspaces/workspaces/my_workspace/install/simulator/share/simulator/hook/pythonpath.dsv'
[4.137s] INFO:colcon.colcon_core.shell:Creating environment hook '/workspaces/workspaces/my_workspace/install/simulator/share/simulator/hook/pythonpath.sh'
[4.138s] Level 1:colcon.colcon_core.environment:checking '/workspaces/workspaces/my_workspace/install/simulator/bin'
[4.138s] Level 1:colcon.colcon_core.environment:create_environment_scripts_only(simulator)
[4.139s] INFO:colcon.colcon_core.shell:Creating package script '/workspaces/workspaces/my_workspace/install/simulator/share/simulator/package.ps1'
[4.140s] INFO:colcon.colcon_core.shell:Creating package descriptor '/workspaces/workspaces/my_workspace/install/simulator/share/simulator/package.dsv'
[4.141s] INFO:colcon.colcon_core.shell:Creating package script '/workspaces/workspaces/my_workspace/install/simulator/share/simulator/package.sh'
[4.142s] INFO:colcon.colcon_core.shell:Creating package script '/workspaces/workspaces/my_workspace/install/simulator/share/simulator/package.bash'
[4.142s] INFO:colcon.colcon_core.shell:Creating package script '/workspaces/workspaces/my_workspace/install/simulator/share/simulator/package.zsh'
[4.143s] Level 1:colcon.colcon_core.environment:create_file_with_runtime_dependencies(/workspaces/workspaces/my_workspace/install/simulator/share/colcon-core/packages/simulator)
[4.143s] INFO:colcon.colcon_ros.task.ament_python.build:Building ROS package in '/workspaces/workspaces/my_workspace/src/bullet_sims' with build type 'ament_python'
[4.143s] Level 1:colcon.colcon_core.shell:create_environment_hook('bullet_sims', 'ament_prefix_path')
[4.143s] INFO:colcon.colcon_core.shell:Creating environment hook '/workspaces/workspaces/my_workspace/install/bullet_sims/share/bullet_sims/hook/ament_prefix_path.ps1'
[4.145s] INFO:colcon.colcon_core.shell:Creating environment descriptor '/workspaces/workspaces/my_workspace/install/bullet_sims/share/bullet_sims/hook/ament_prefix_path.dsv'
[4.145s] INFO:colcon.colcon_core.shell:Creating environment hook '/workspaces/workspaces/my_workspace/install/bullet_sims/share/bullet_sims/hook/ament_prefix_path.sh'
[4.146s] INFO:colcon.colcon_core.shell:Skip shell extension 'powershell' for command environment: Not usable outside of PowerShell
[4.146s] DEBUG:colcon.colcon_core.shell:Skip shell extension 'dsv' for command environment
[4.571s] INFO:colcon.colcon_core.task.python.build:Building Python package in '/workspaces/workspaces/my_workspace/src/bullet_sims'
[4.572s] INFO:colcon.colcon_core.shell:Skip shell extension 'powershell' for command environment: Not usable outside of PowerShell
[4.572s] DEBUG:colcon.colcon_core.shell:Skip shell extension 'dsv' for command environment
[4.584s] Level 1:colcon.colcon_core.shell:create_environment_hook('ros_visuals', 'pythonpath_develop')
[4.585s] INFO:colcon.colcon_core.shell:Creating environment hook '/workspaces/workspaces/my_workspace/build/ros_visuals/share/ros_visuals/hook/pythonpath_develop.ps1'
[4.586s] DEBUG:colcon.colcon_core.event_handler.log_command:Invoked command in '/workspaces/workspaces/my_workspace/build/ros_visuals' returned '0': PYTHONPATH=/workspaces/workspaces/my_workspace/build/ros_visuals/prefix_override:/usr/lib/python3/dist-packages/colcon_core/task/python/colcon_distutils_commands:/workspaces/workspaces/my_workspace/install/ros_visuals/lib/python3.12/site-packages:${PYTHONPATH} /usr/bin/python3 -W ignore:setup.py install is deprecated -W ignore:easy_install command is deprecated setup.py develop --editable --build-directory /workspaces/workspaces/my_workspace/build/ros_visuals/build --no-deps symlink_data
[4.587s] INFO:colcon.colcon_core.shell:Creating environment descriptor '/workspaces/workspaces/my_workspace/build/ros_visuals/share/ros_visuals/hook/pythonpath_develop.dsv'
[4.588s] INFO:colcon.colcon_core.shell:Creating environment hook '/workspaces/workspaces/my_workspace/build/ros_visuals/share/ros_visuals/hook/pythonpath_develop.sh'
[4.590s] Level 1:colcon.colcon_core.environment:checking '/workspaces/workspaces/my_workspace/install/ros_visuals' for CMake module files
[4.591s] Level 1:colcon.colcon_core.environment:checking '/workspaces/workspaces/my_workspace/install/ros_visuals' for CMake config files
[4.593s] Level 1:colcon.colcon_core.environment:checking '/workspaces/workspaces/my_workspace/install/ros_visuals/lib'
[4.594s] Level 1:colcon.colcon_core.environment:checking '/workspaces/workspaces/my_workspace/install/ros_visuals/bin'
[4.594s] Level 1:colcon.colcon_core.environment:checking '/workspaces/workspaces/my_workspace/install/ros_visuals/lib/pkgconfig/ros_visuals.pc'
[4.595s] Level 1:colcon.colcon_core.environment:checking '/workspaces/workspaces/my_workspace/install/ros_visuals/lib/python3.12/site-packages'
[4.595s] Level 1:colcon.colcon_core.shell:create_environment_hook('ros_visuals', 'pythonpath')
[4.596s] INFO:colcon.colcon_core.shell:Creating environment hook '/workspaces/workspaces/my_workspace/install/ros_visuals/share/ros_visuals/hook/pythonpath.ps1'
[4.597s] INFO:colcon.colcon_core.shell:Creating environment descriptor '/workspaces/workspaces/my_workspace/install/ros_visuals/share/ros_visuals/hook/pythonpath.dsv'
[4.598s] INFO:colcon.colcon_core.shell:Creating environment hook '/workspaces/workspaces/my_workspace/install/ros_visuals/share/ros_visuals/hook/pythonpath.sh'
[4.601s] Level 1:colcon.colcon_core.environment:checking '/workspaces/workspaces/my_workspace/install/ros_visuals/bin'
[4.601s] Level 1:colcon.colcon_core.environment:create_environment_scripts_only(ros_visuals)
[4.602s] INFO:colcon.colcon_core.shell:Creating package script '/workspaces/workspaces/my_workspace/install/ros_visuals/share/ros_visuals/package.ps1'
[4.604s] INFO:colcon.colcon_core.shell:Creating package descriptor '/workspaces/workspaces/my_workspace/install/ros_visuals/share/ros_visuals/package.dsv'
[4.605s] INFO:colcon.colcon_core.shell:Creating package script '/workspaces/workspaces/my_workspace/install/ros_visuals/share/ros_visuals/package.sh'
[4.606s] INFO:colcon.colcon_core.shell:Creating package script '/workspaces/workspaces/my_workspace/install/ros_visuals/share/ros_visuals/package.bash'
[4.607s] INFO:colcon.colcon_core.shell:Creating package script '/workspaces/workspaces/my_workspace/install/ros_visuals/share/ros_visuals/package.zsh'
[4.609s] Level 1:colcon.colcon_core.environment:create_file_with_runtime_dependencies(/workspaces/workspaces/my_workspace/install/ros_visuals/share/colcon-core/packages/ros_visuals)
[5.565s] DEBUG:colcon.colcon_core.event_handler.log_command:Invoking command in '/workspaces/workspaces/my_workspace/build/bullet_sims': AMENT_PREFIX_PATH=/workspaces/workspaces/my_workspace/install/simulator:/workspaces/workspaces/my_workspace/install/bullet_sims:/workspaces/workspaces/my_workspace/install/talos_description:/workspaces/workspaces/my_workspace/install/ros_visuals:/workspaces/workspaces/my_workspace/install/reemc_description:/opt/ros/rolling PYTHONPATH=/workspaces/workspaces/my_workspace/build/bullet_sims/prefix_override:/usr/lib/python3/dist-packages/colcon_core/task/python/colcon_distutils_commands:/workspaces/workspaces/my_workspace/install/bullet_sims/lib/python3.12/site-packages:/workspaces/workspaces/my_workspace/build/simulator:/workspaces/workspaces/my_workspace/install/simulator/lib/python3.12/site-packages:/workspaces/workspaces/my_workspace/build/bullet_sims:/workspaces/workspaces/my_workspace/install/bullet_sims/lib/python3.12/site-packages:/workspaces/workspaces/my_workspace/build/ros_visuals:/workspaces/workspaces/my_workspace/install/ros_visuals/lib/python3.12/site-packages:/opt/openrobots/lib/python3.12/site-packages:/opt/openrobots/lib/python3.12/site-packages:/opt/ros/rolling/lib/python3.12/site-packages /usr/bin/python3 -W ignore:setup.py install is deprecated -W ignore:easy_install command is deprecated setup.py develop --editable --build-directory /workspaces/workspaces/my_workspace/build/bullet_sims/build --no-deps symlink_data
[6.902s] Level 1:colcon.colcon_core.shell:create_environment_hook('bullet_sims', 'pythonpath_develop')
[6.902s] INFO:colcon.colcon_core.shell:Creating environment hook '/workspaces/workspaces/my_workspace/build/bullet_sims/share/bullet_sims/hook/pythonpath_develop.ps1'
[6.903s] DEBUG:colcon.colcon_core.event_handler.log_command:Invoked command in '/workspaces/workspaces/my_workspace/build/bullet_sims' returned '0': AMENT_PREFIX_PATH=/workspaces/workspaces/my_workspace/install/simulator:/workspaces/workspaces/my_workspace/install/bullet_sims:/workspaces/workspaces/my_workspace/install/talos_description:/workspaces/workspaces/my_workspace/install/ros_visuals:/workspaces/workspaces/my_workspace/install/reemc_description:/opt/ros/rolling PYTHONPATH=/workspaces/workspaces/my_workspace/build/bullet_sims/prefix_override:/usr/lib/python3/dist-packages/colcon_core/task/python/colcon_distutils_commands:/workspaces/workspaces/my_workspace/install/bullet_sims/lib/python3.12/site-packages:/workspaces/workspaces/my_workspace/build/simulator:/workspaces/workspaces/my_workspace/install/simulator/lib/python3.12/site-packages:/workspaces/workspaces/my_workspace/build/bullet_sims:/workspaces/workspaces/my_workspace/install/bullet_sims/lib/python3.12/site-packages:/workspaces/workspaces/my_workspace/build/ros_visuals:/workspaces/workspaces/my_workspace/install/ros_visuals/lib/python3.12/site-packages:/opt/openrobots/lib/python3.12/site-packages:/opt/openrobots/lib/python3.12/site-packages:/opt/ros/rolling/lib/python3.12/site-packages /usr/bin/python3 -W ignore:setup.py install is deprecated -W ignore:easy_install command is deprecated setup.py develop --editable --build-directory /workspaces/workspaces/my_workspace/build/bullet_sims/build --no-deps symlink_data
[6.903s] INFO:colcon.colcon_core.shell:Creating environment descriptor '/workspaces/workspaces/my_workspace/build/bullet_sims/share/bullet_sims/hook/pythonpath_develop.dsv'
[6.904s] INFO:colcon.colcon_core.shell:Creating environment hook '/workspaces/workspaces/my_workspace/build/bullet_sims/share/bullet_sims/hook/pythonpath_develop.sh'
[6.904s] Level 1:colcon.colcon_core.environment:checking '/workspaces/workspaces/my_workspace/install/bullet_sims' for CMake module files
[6.905s] Level 1:colcon.colcon_core.environment:checking '/workspaces/workspaces/my_workspace/install/bullet_sims' for CMake config files
[6.906s] Level 1:colcon.colcon_core.environment:checking '/workspaces/workspaces/my_workspace/install/bullet_sims/lib'
[6.906s] Level 1:colcon.colcon_core.environment:checking '/workspaces/workspaces/my_workspace/install/bullet_sims/bin'
[6.906s] Level 1:colcon.colcon_core.environment:checking '/workspaces/workspaces/my_workspace/install/bullet_sims/lib/pkgconfig/bullet_sims.pc'
[6.906s] Level 1:colcon.colcon_core.environment:checking '/workspaces/workspaces/my_workspace/install/bullet_sims/lib/python3.12/site-packages'
[6.906s] Level 1:colcon.colcon_core.shell:create_environment_hook('bullet_sims', 'pythonpath')
[6.906s] INFO:colcon.colcon_core.shell:Creating environment hook '/workspaces/workspaces/my_workspace/install/bullet_sims/share/bullet_sims/hook/pythonpath.ps1'
[6.907s] INFO:colcon.colcon_core.shell:Creating environment descriptor '/workspaces/workspaces/my_workspace/install/bullet_sims/share/bullet_sims/hook/pythonpath.dsv'
[6.908s] INFO:colcon.colcon_core.shell:Creating environment hook '/workspaces/workspaces/my_workspace/install/bullet_sims/share/bullet_sims/hook/pythonpath.sh'
[6.908s] Level 1:colcon.colcon_core.environment:checking '/workspaces/workspaces/my_workspace/install/bullet_sims/bin'
[6.908s] Level 1:colcon.colcon_core.environment:create_environment_scripts_only(bullet_sims)
[6.909s] INFO:colcon.colcon_core.shell:Creating package script '/workspaces/workspaces/my_workspace/install/bullet_sims/share/bullet_sims/package.ps1'
[6.910s] INFO:colcon.colcon_core.shell:Creating package descriptor '/workspaces/workspaces/my_workspace/install/bullet_sims/share/bullet_sims/package.dsv'
[6.910s] INFO:colcon.colcon_core.shell:Creating package script '/workspaces/workspaces/my_workspace/install/bullet_sims/share/bullet_sims/package.sh'
[6.911s] INFO:colcon.colcon_core.shell:Creating package script '/workspaces/workspaces/my_workspace/install/bullet_sims/share/bullet_sims/package.bash'
[6.911s] INFO:colcon.colcon_core.shell:Creating package script '/workspaces/workspaces/my_workspace/install/bullet_sims/share/bullet_sims/package.zsh'
[6.912s] Level 1:colcon.colcon_core.environment:create_file_with_runtime_dependencies(/workspaces/workspaces/my_workspace/install/bullet_sims/share/colcon-core/packages/bullet_sims)
[6.912s] DEBUG:colcon.colcon_parallel_executor.executor.parallel:closing loop
[6.913s] DEBUG:colcon.colcon_parallel_executor.executor.parallel:loop closed
[6.913s] DEBUG:colcon.colcon_parallel_executor.executor.parallel:run_until_complete finished with '0'
[6.914s] DEBUG:colcon.colcon_core.event_reactor:joining thread
[6.923s] INFO:colcon.colcon_core.plugin_system:Skipping extension 'colcon_notification.desktop_notification.notify_send': Could not find 'notify-send'
[6.924s] INFO:colcon.colcon_core.plugin_system:Skipping extension 'colcon_notification.desktop_notification.terminal_notifier': Not used on non-Darwin systems
[6.924s] INFO:colcon.colcon_core.plugin_system:Skipping extension 'colcon_notification.desktop_notification.win32': Not used on non-Windows systems
[6.924s] INFO:colcon.colcon_notification.desktop_notification:Sending desktop notification using 'notify2'
[6.924s] DEBUG:colcon.colcon_notification.desktop_notification.notify2:Failed to initialize notify2: org.freedesktop.DBus.Error.InvalidFileContent: D-Bus library appears to be incorrectly set up: see the manual page for dbus-uuidgen to correct this issue. (Failed to open "/var/lib/dbus/machine-id": No such file or directory; UUID file '/etc/machine-id' should contain a hex string of length 32, not length 0, with no other text)
[6.924s] DEBUG:colcon.colcon_core.event_reactor:joined thread
[6.925s] INFO:colcon.colcon_core.shell:Creating prefix script '/workspaces/workspaces/my_workspace/install/local_setup.ps1'
[6.927s] INFO:colcon.colcon_core.shell:Creating prefix util module '/workspaces/workspaces/my_workspace/install/_local_setup_util_ps1.py'
[6.931s] INFO:colcon.colcon_core.shell:Creating prefix chain script '/workspaces/workspaces/my_workspace/install/setup.ps1'
[6.933s] INFO:colcon.colcon_core.shell:Creating prefix script '/workspaces/workspaces/my_workspace/install/local_setup.sh'
[6.933s] INFO:colcon.colcon_core.shell:Creating prefix util module '/workspaces/workspaces/my_workspace/install/_local_setup_util_sh.py'
[6.934s] INFO:colcon.colcon_core.shell:Creating prefix chain script '/workspaces/workspaces/my_workspace/install/setup.sh'
[6.937s] INFO:colcon.colcon_core.shell:Creating prefix script '/workspaces/workspaces/my_workspace/install/local_setup.bash'
[6.937s] INFO:colcon.colcon_core.shell:Creating prefix chain script '/workspaces/workspaces/my_workspace/install/setup.bash'
[6.939s] INFO:colcon.colcon_core.shell:Creating prefix script '/workspaces/workspaces/my_workspace/install/local_setup.zsh'
[6.940s] INFO:colcon.colcon_core.shell:Creating prefix chain script '/workspaces/workspaces/my_workspace/install/setup.zsh'
