running egg_info
writing ../../build/walking/walking.egg-info/PKG-INFO
writing dependency_links to ../../build/walking/walking.egg-info/dependency_links.txt
writing entry points to ../../build/walking/walking.egg-info/entry_points.txt
writing requirements to ../../build/walking/walking.egg-info/requires.txt
writing top-level names to ../../build/walking/walking.egg-info/top_level.txt
writing manifest file '../../build/walking/walking.egg-info/SOURCES.txt'
running build
running build_py
running install
running install_lib
byte-compiling /workspaces/workspaces/legged-robots/my_workspace/install/walking/lib/python3.12/site-packages/walking/talos.py to talos.cpython-312.pyc
running install_data
running install_egg_info
Sorry: IndentationError: expected an indented block after function definition on line 129 (talos.py, line 142)
removing '/workspaces/workspaces/legged-robots/my_workspace/install/walking/lib/python3.12/site-packages/walking-0.0.0-py3.12.egg-info' (and everything under it)
Copying ../../build/walking/walking.egg-info to /workspaces/workspaces/legged-robots/my_workspace/install/walking/lib/python3.12/site-packages/walking-0.0.0-py3.12.egg-info
running install_scripts
Installing footstep_planner script to /workspaces/workspaces/legged-robots/my_workspace/install/walking/lib/walking
Installing walking script to /workspaces/workspaces/legged-robots/my_workspace/install/walking/lib/walking
writing list of installed files to '/workspaces/workspaces/legged-robots/my_workspace/build/walking/install.log'
