[0.057s] DEBUG:colcon:Command line arguments: ['/usr/bin/colcon', 'build', '--symlink-install']
[0.057s] DEBUG:colcon:Parsed command line arguments: Namespace(log_base=None, log_level=None, verb_name='build', build_base='build', install_base='install', merge_install=False, symlink_install=True, test_result_base=None, continue_on_error=False, executor='parallel', parallel_workers=24, event_handlers=None, ignore_user_meta=False, metas=['./colcon.meta'], base_paths=['.'], packages_ignore=None, packages_ignore_regex=None, paths=None, packages_up_to=None, packages_up_to_regex=None, packages_above=None, packages_above_and_dependencies=None, packages_above_depth=None, packages_select_by_dep=None, packages_skip_by_dep=None, packages_skip_up_to=None, packages_select_build_failed=False, packages_skip_build_finished=False, packages_select_test_failures=False, packages_skip_test_passed=False, packages_select=None, packages_skip=None, packages_select_regex=None, packages_skip_regex=None, packages_start=None, packages_end=None, cmake_args=None, cmake_target=None, cmake_target_skip_unavailable=False, cmake_clean_cache=False, cmake_clean_first=False, cmake_force_configure=False, ament_cmake_args=None, catkin_cmake_args=None, catkin_skip_building_tests=False, mixin_files=None, mixin=None, verb_parser=<colcon_mixin.mixin.mixin_argument.MixinArgumentDecorator object at 0x7159a318caa0>, verb_extension=<colcon_core.verb.build.BuildVerb object at 0x7159a32b5070>, main=<bound method BuildVerb.main of <colcon_core.verb.build.BuildVerb object at 0x7159a32b5070>>, mixin_verb=('build',))
[0.078s] Level 1:colcon.colcon_core.package_discovery:discover_packages(colcon_meta) check parameters
[0.078s] Level 1:colcon.colcon_core.package_discovery:discover_packages(recursive) check parameters
[0.078s] Level 1:colcon.colcon_core.package_discovery:discover_packages(ignore) check parameters
[0.078s] Level 1:colcon.colcon_core.package_discovery:discover_packages(path) check parameters
[0.078s] Level 1:colcon.colcon_core.package_discovery:discover_packages(colcon_meta) discover
[0.078s] Level 1:colcon.colcon_core.package_discovery:discover_packages(recursive) discover
[0.079s] INFO:colcon.colcon_core.package_discovery:Crawling recursively for packages in '/workspaces/workspaces/legged-robots/my_workspace'
[0.079s] Level 1:colcon.colcon_core.package_identification:_identify(.) by extensions ['ignore', 'ignore_ament_install']
[0.079s] Level 1:colcon.colcon_core.package_identification:_identify(.) by extension 'ignore'
[0.079s] Level 1:colcon.colcon_core.package_identification:_identify(.) by extension 'ignore_ament_install'
[0.079s] Level 1:colcon.colcon_core.package_identification:_identify(.) by extensions ['colcon_pkg']
[0.079s] Level 1:colcon.colcon_core.package_identification:_identify(.) by extension 'colcon_pkg'
[0.079s] Level 1:colcon.colcon_core.package_identification:_identify(.) by extensions ['colcon_meta']
[0.079s] Level 1:colcon.colcon_core.package_identification:_identify(.) by extension 'colcon_meta'
[0.079s] Level 1:colcon.colcon_core.package_identification:_identify(.) by extensions ['ros']
[0.079s] Level 1:colcon.colcon_core.package_identification:_identify(.) by extension 'ros'
[0.092s] Level 1:colcon.colcon_core.package_identification:_identify(.) by extensions ['cmake', 'python']
[0.092s] Level 1:colcon.colcon_core.package_identification:_identify(.) by extension 'cmake'
[0.092s] Level 1:colcon.colcon_core.package_identification:_identify(.) by extension 'python'
[0.092s] Level 1:colcon.colcon_core.package_identification:_identify(.) by extensions ['python_setup_py']
[0.092s] Level 1:colcon.colcon_core.package_identification:_identify(.) by extension 'python_setup_py'
[0.093s] Level 1:colcon.colcon_core.package_identification:_identify(build) by extensions ['ignore', 'ignore_ament_install']
[0.093s] Level 1:colcon.colcon_core.package_identification:_identify(build) by extension 'ignore'
[0.093s] Level 1:colcon.colcon_core.package_identification:_identify(build) ignored
[0.093s] Level 1:colcon.colcon_core.package_identification:_identify(install) by extensions ['ignore', 'ignore_ament_install']
[0.093s] Level 1:colcon.colcon_core.package_identification:_identify(install) by extension 'ignore'
[0.093s] Level 1:colcon.colcon_core.package_identification:_identify(install) ignored
[0.093s] Level 1:colcon.colcon_core.package_identification:_identify(log) by extensions ['ignore', 'ignore_ament_install']
[0.093s] Level 1:colcon.colcon_core.package_identification:_identify(log) by extension 'ignore'
[0.093s] Level 1:colcon.colcon_core.package_identification:_identify(log) ignored
[0.093s] Level 1:colcon.colcon_core.package_identification:_identify(src) by extensions ['ignore', 'ignore_ament_install']
[0.093s] Level 1:colcon.colcon_core.package_identification:_identify(src) by extension 'ignore'
[0.093s] Level 1:colcon.colcon_core.package_identification:_identify(src) by extension 'ignore_ament_install'
[0.093s] Level 1:colcon.colcon_core.package_identification:_identify(src) by extensions ['colcon_pkg']
[0.093s] Level 1:colcon.colcon_core.package_identification:_identify(src) by extension 'colcon_pkg'
[0.093s] Level 1:colcon.colcon_core.package_identification:_identify(src) by extensions ['colcon_meta']
[0.093s] Level 1:colcon.colcon_core.package_identification:_identify(src) by extension 'colcon_meta'
[0.093s] Level 1:colcon.colcon_core.package_identification:_identify(src) by extensions ['ros']
[0.093s] Level 1:colcon.colcon_core.package_identification:_identify(src) by extension 'ros'
[0.093s] Level 1:colcon.colcon_core.package_identification:_identify(src) by extensions ['cmake', 'python']
[0.093s] Level 1:colcon.colcon_core.package_identification:_identify(src) by extension 'cmake'
[0.093s] Level 1:colcon.colcon_core.package_identification:_identify(src) by extension 'python'
[0.093s] Level 1:colcon.colcon_core.package_identification:_identify(src) by extensions ['python_setup_py']
[0.093s] Level 1:colcon.colcon_core.package_identification:_identify(src) by extension 'python_setup_py'
[0.093s] Level 1:colcon.colcon_core.package_identification:_identify(src/bullet_sims) by extensions ['ignore', 'ignore_ament_install']
[0.093s] Level 1:colcon.colcon_core.package_identification:_identify(src/bullet_sims) by extension 'ignore'
[0.093s] Level 1:colcon.colcon_core.package_identification:_identify(src/bullet_sims) by extension 'ignore_ament_install'
[0.093s] Level 1:colcon.colcon_core.package_identification:_identify(src/bullet_sims) by extensions ['colcon_pkg']
[0.093s] Level 1:colcon.colcon_core.package_identification:_identify(src/bullet_sims) by extension 'colcon_pkg'
[0.093s] Level 1:colcon.colcon_core.package_identification:_identify(src/bullet_sims) by extensions ['colcon_meta']
[0.093s] Level 1:colcon.colcon_core.package_identification:_identify(src/bullet_sims) by extension 'colcon_meta'
[0.093s] Level 1:colcon.colcon_core.package_identification:_identify(src/bullet_sims) by extensions ['ros']
[0.093s] Level 1:colcon.colcon_core.package_identification:_identify(src/bullet_sims) by extension 'ros'
[0.095s] DEBUG:colcon.colcon_core.package_identification:Package 'src/bullet_sims' with type 'ros.ament_python' and name 'bullet_sims'
[0.095s] Level 1:colcon.colcon_core.package_identification:_identify(src/mpc) by extensions ['ignore', 'ignore_ament_install']
[0.095s] Level 1:colcon.colcon_core.package_identification:_identify(src/mpc) by extension 'ignore'
[0.095s] Level 1:colcon.colcon_core.package_identification:_identify(src/mpc) by extension 'ignore_ament_install'
[0.095s] Level 1:colcon.colcon_core.package_identification:_identify(src/mpc) by extensions ['colcon_pkg']
[0.095s] Level 1:colcon.colcon_core.package_identification:_identify(src/mpc) by extension 'colcon_pkg'
[0.095s] Level 1:colcon.colcon_core.package_identification:_identify(src/mpc) by extensions ['colcon_meta']
[0.095s] Level 1:colcon.colcon_core.package_identification:_identify(src/mpc) by extension 'colcon_meta'
[0.095s] Level 1:colcon.colcon_core.package_identification:_identify(src/mpc) by extensions ['ros']
[0.095s] Level 1:colcon.colcon_core.package_identification:_identify(src/mpc) by extension 'ros'
[0.095s] Level 1:colcon.colcon_core.package_identification:_identify(src/mpc) by extensions ['cmake', 'python']
[0.095s] Level 1:colcon.colcon_core.package_identification:_identify(src/mpc) by extension 'cmake'
[0.095s] Level 1:colcon.colcon_core.package_identification:_identify(src/mpc) by extension 'python'
[0.095s] Level 1:colcon.colcon_core.package_identification:_identify(src/mpc) by extensions ['python_setup_py']
[0.095s] Level 1:colcon.colcon_core.package_identification:_identify(src/mpc) by extension 'python_setup_py'
[0.095s] Level 1:colcon.colcon_core.package_identification:_identify(src/reemc_description) by extensions ['ignore', 'ignore_ament_install']
[0.095s] Level 1:colcon.colcon_core.package_identification:_identify(src/reemc_description) by extension 'ignore'
[0.095s] Level 1:colcon.colcon_core.package_identification:_identify(src/reemc_description) by extension 'ignore_ament_install'
[0.095s] Level 1:colcon.colcon_core.package_identification:_identify(src/reemc_description) by extensions ['colcon_pkg']
[0.095s] Level 1:colcon.colcon_core.package_identification:_identify(src/reemc_description) by extension 'colcon_pkg'
[0.095s] Level 1:colcon.colcon_core.package_identification:_identify(src/reemc_description) by extensions ['colcon_meta']
[0.095s] Level 1:colcon.colcon_core.package_identification:_identify(src/reemc_description) by extension 'colcon_meta'
[0.095s] Level 1:colcon.colcon_core.package_identification:_identify(src/reemc_description) by extensions ['ros']
[0.095s] Level 1:colcon.colcon_core.package_identification:_identify(src/reemc_description) by extension 'ros'
[0.095s] DEBUG:colcon.colcon_core.package_identification:Package 'src/reemc_description' with type 'ros.ament_cmake' and name 'reemc_description'
[0.095s] Level 1:colcon.colcon_core.package_identification:_identify(src/ros_visuals) by extensions ['ignore', 'ignore_ament_install']
[0.095s] Level 1:colcon.colcon_core.package_identification:_identify(src/ros_visuals) by extension 'ignore'
[0.095s] Level 1:colcon.colcon_core.package_identification:_identify(src/ros_visuals) by extension 'ignore_ament_install'
[0.095s] Level 1:colcon.colcon_core.package_identification:_identify(src/ros_visuals) by extensions ['colcon_pkg']
[0.095s] Level 1:colcon.colcon_core.package_identification:_identify(src/ros_visuals) by extension 'colcon_pkg'
[0.095s] Level 1:colcon.colcon_core.package_identification:_identify(src/ros_visuals) by extensions ['colcon_meta']
[0.096s] Level 1:colcon.colcon_core.package_identification:_identify(src/ros_visuals) by extension 'colcon_meta'
[0.096s] Level 1:colcon.colcon_core.package_identification:_identify(src/ros_visuals) by extensions ['ros']
[0.096s] Level 1:colcon.colcon_core.package_identification:_identify(src/ros_visuals) by extension 'ros'
[0.096s] DEBUG:colcon.colcon_core.package_identification:Package 'src/ros_visuals' with type 'ros.ament_python' and name 'ros_visuals'
[0.096s] Level 1:colcon.colcon_core.package_identification:_identify(src/simulator) by extensions ['ignore', 'ignore_ament_install']
[0.096s] Level 1:colcon.colcon_core.package_identification:_identify(src/simulator) by extension 'ignore'
[0.096s] Level 1:colcon.colcon_core.package_identification:_identify(src/simulator) by extension 'ignore_ament_install'
[0.096s] Level 1:colcon.colcon_core.package_identification:_identify(src/simulator) by extensions ['colcon_pkg']
[0.096s] Level 1:colcon.colcon_core.package_identification:_identify(src/simulator) by extension 'colcon_pkg'
[0.096s] Level 1:colcon.colcon_core.package_identification:_identify(src/simulator) by extensions ['colcon_meta']
[0.096s] Level 1:colcon.colcon_core.package_identification:_identify(src/simulator) by extension 'colcon_meta'
[0.096s] Level 1:colcon.colcon_core.package_identification:_identify(src/simulator) by extensions ['ros']
[0.096s] Level 1:colcon.colcon_core.package_identification:_identify(src/simulator) by extension 'ros'
[0.097s] DEBUG:colcon.colcon_core.package_identification:Package 'src/simulator' with type 'ros.ament_python' and name 'simulator'
[0.097s] Level 1:colcon.colcon_core.package_identification:_identify(src/talos_description) by extensions ['ignore', 'ignore_ament_install']
[0.097s] Level 1:colcon.colcon_core.package_identification:_identify(src/talos_description) by extension 'ignore'
[0.097s] Level 1:colcon.colcon_core.package_identification:_identify(src/talos_description) by extension 'ignore_ament_install'
[0.097s] Level 1:colcon.colcon_core.package_identification:_identify(src/talos_description) by extensions ['colcon_pkg']
[0.097s] Level 1:colcon.colcon_core.package_identification:_identify(src/talos_description) by extension 'colcon_pkg'
[0.097s] Level 1:colcon.colcon_core.package_identification:_identify(src/talos_description) by extensions ['colcon_meta']
[0.097s] Level 1:colcon.colcon_core.package_identification:_identify(src/talos_description) by extension 'colcon_meta'
[0.097s] Level 1:colcon.colcon_core.package_identification:_identify(src/talos_description) by extensions ['ros']
[0.097s] Level 1:colcon.colcon_core.package_identification:_identify(src/talos_description) by extension 'ros'
[0.098s] DEBUG:colcon.colcon_core.package_identification:Package 'src/talos_description' with type 'ros.ament_cmake' and name 'talos_description'
[0.098s] Level 1:colcon.colcon_core.package_identification:_identify(src/walking) by extensions ['ignore', 'ignore_ament_install']
[0.098s] Level 1:colcon.colcon_core.package_identification:_identify(src/walking) by extension 'ignore'
[0.098s] Level 1:colcon.colcon_core.package_identification:_identify(src/walking) by extension 'ignore_ament_install'
[0.098s] Level 1:colcon.colcon_core.package_identification:_identify(src/walking) by extensions ['colcon_pkg']
[0.098s] Level 1:colcon.colcon_core.package_identification:_identify(src/walking) by extension 'colcon_pkg'
[0.098s] Level 1:colcon.colcon_core.package_identification:_identify(src/walking) by extensions ['colcon_meta']
[0.098s] Level 1:colcon.colcon_core.package_identification:_identify(src/walking) by extension 'colcon_meta'
[0.098s] Level 1:colcon.colcon_core.package_identification:_identify(src/walking) by extensions ['ros']
[0.098s] Level 1:colcon.colcon_core.package_identification:_identify(src/walking) by extension 'ros'
[0.098s] DEBUG:colcon.colcon_core.package_identification:Package 'src/walking' with type 'ros.ament_python' and name 'walking'
[0.098s] Level 1:colcon.colcon_core.package_identification:_identify(src/whole_body_control) by extensions ['ignore', 'ignore_ament_install']
[0.098s] Level 1:colcon.colcon_core.package_identification:_identify(src/whole_body_control) by extension 'ignore'
[0.098s] Level 1:colcon.colcon_core.package_identification:_identify(src/whole_body_control) by extension 'ignore_ament_install'
[0.098s] Level 1:colcon.colcon_core.package_identification:_identify(src/whole_body_control) by extensions ['colcon_pkg']
[0.098s] Level 1:colcon.colcon_core.package_identification:_identify(src/whole_body_control) by extension 'colcon_pkg'
[0.098s] Level 1:colcon.colcon_core.package_identification:_identify(src/whole_body_control) by extensions ['colcon_meta']
[0.098s] Level 1:colcon.colcon_core.package_identification:_identify(src/whole_body_control) by extension 'colcon_meta'
[0.098s] Level 1:colcon.colcon_core.package_identification:_identify(src/whole_body_control) by extensions ['ros']
[0.098s] Level 1:colcon.colcon_core.package_identification:_identify(src/whole_body_control) by extension 'ros'
[0.099s] DEBUG:colcon.colcon_core.package_identification:Package 'src/whole_body_control' with type 'ros.ament_python' and name 'whole_body_control'
[0.099s] Level 1:colcon.colcon_core.package_discovery:discover_packages(recursive) using defaults
[0.099s] Level 1:colcon.colcon_core.package_discovery:discover_packages(ignore) discover
[0.099s] Level 1:colcon.colcon_core.package_discovery:discover_packages(ignore) using defaults
[0.099s] Level 1:colcon.colcon_core.package_discovery:discover_packages(path) discover
[0.099s] Level 1:colcon.colcon_core.package_discovery:discover_packages(path) using defaults
[0.110s] Level 5:colcon.colcon_core.verb:set package 'reemc_description' build argument 'cmake_args' from command line to 'None'
[0.110s] Level 5:colcon.colcon_core.verb:set package 'reemc_description' build argument 'cmake_target' from command line to 'None'
[0.110s] Level 5:colcon.colcon_core.verb:set package 'reemc_description' build argument 'cmake_target_skip_unavailable' from command line to 'False'
[0.110s] Level 5:colcon.colcon_core.verb:set package 'reemc_description' build argument 'cmake_clean_cache' from command line to 'False'
[0.110s] Level 5:colcon.colcon_core.verb:set package 'reemc_description' build argument 'cmake_clean_first' from command line to 'False'
[0.110s] Level 5:colcon.colcon_core.verb:set package 'reemc_description' build argument 'cmake_force_configure' from command line to 'False'
[0.110s] Level 5:colcon.colcon_core.verb:set package 'reemc_description' build argument 'ament_cmake_args' from command line to 'None'
[0.110s] Level 5:colcon.colcon_core.verb:set package 'reemc_description' build argument 'catkin_cmake_args' from command line to 'None'
[0.110s] Level 5:colcon.colcon_core.verb:set package 'reemc_description' build argument 'catkin_skip_building_tests' from command line to 'False'
[0.110s] DEBUG:colcon.colcon_core.verb:Building package 'reemc_description' with the following arguments: {'ament_cmake_args': None, 'build_base': '/workspaces/workspaces/legged-robots/my_workspace/build/reemc_description', 'catkin_cmake_args': None, 'catkin_skip_building_tests': False, 'cmake_args': None, 'cmake_clean_cache': False, 'cmake_clean_first': False, 'cmake_force_configure': False, 'cmake_target': None, 'cmake_target_skip_unavailable': False, 'install_base': '/workspaces/workspaces/legged-robots/my_workspace/install/reemc_description', 'merge_install': False, 'path': '/workspaces/workspaces/legged-robots/my_workspace/src/reemc_description', 'symlink_install': True, 'test_result_base': None}
[0.110s] Level 5:colcon.colcon_core.verb:set package 'ros_visuals' build argument 'cmake_args' from command line to 'None'
[0.110s] Level 5:colcon.colcon_core.verb:set package 'ros_visuals' build argument 'cmake_target' from command line to 'None'
[0.110s] Level 5:colcon.colcon_core.verb:set package 'ros_visuals' build argument 'cmake_target_skip_unavailable' from command line to 'False'
[0.110s] Level 5:colcon.colcon_core.verb:set package 'ros_visuals' build argument 'cmake_clean_cache' from command line to 'False'
[0.110s] Level 5:colcon.colcon_core.verb:set package 'ros_visuals' build argument 'cmake_clean_first' from command line to 'False'
[0.110s] Level 5:colcon.colcon_core.verb:set package 'ros_visuals' build argument 'cmake_force_configure' from command line to 'False'
[0.110s] Level 5:colcon.colcon_core.verb:set package 'ros_visuals' build argument 'ament_cmake_args' from command line to 'None'
[0.110s] Level 5:colcon.colcon_core.verb:set package 'ros_visuals' build argument 'catkin_cmake_args' from command line to 'None'
[0.110s] Level 5:colcon.colcon_core.verb:set package 'ros_visuals' build argument 'catkin_skip_building_tests' from command line to 'False'
[0.110s] DEBUG:colcon.colcon_core.verb:Building package 'ros_visuals' with the following arguments: {'ament_cmake_args': None, 'build_base': '/workspaces/workspaces/legged-robots/my_workspace/build/ros_visuals', 'catkin_cmake_args': None, 'catkin_skip_building_tests': False, 'cmake_args': None, 'cmake_clean_cache': False, 'cmake_clean_first': False, 'cmake_force_configure': False, 'cmake_target': None, 'cmake_target_skip_unavailable': False, 'install_base': '/workspaces/workspaces/legged-robots/my_workspace/install/ros_visuals', 'merge_install': False, 'path': '/workspaces/workspaces/legged-robots/my_workspace/src/ros_visuals', 'symlink_install': True, 'test_result_base': None}
[0.111s] Level 5:colcon.colcon_core.verb:set package 'simulator' build argument 'cmake_args' from command line to 'None'
[0.111s] Level 5:colcon.colcon_core.verb:set package 'simulator' build argument 'cmake_target' from command line to 'None'
[0.111s] Level 5:colcon.colcon_core.verb:set package 'simulator' build argument 'cmake_target_skip_unavailable' from command line to 'False'
[0.111s] Level 5:colcon.colcon_core.verb:set package 'simulator' build argument 'cmake_clean_cache' from command line to 'False'
[0.111s] Level 5:colcon.colcon_core.verb:set package 'simulator' build argument 'cmake_clean_first' from command line to 'False'
[0.111s] Level 5:colcon.colcon_core.verb:set package 'simulator' build argument 'cmake_force_configure' from command line to 'False'
[0.111s] Level 5:colcon.colcon_core.verb:set package 'simulator' build argument 'ament_cmake_args' from command line to 'None'
[0.111s] Level 5:colcon.colcon_core.verb:set package 'simulator' build argument 'catkin_cmake_args' from command line to 'None'
[0.111s] Level 5:colcon.colcon_core.verb:set package 'simulator' build argument 'catkin_skip_building_tests' from command line to 'False'
[0.111s] DEBUG:colcon.colcon_core.verb:Building package 'simulator' with the following arguments: {'ament_cmake_args': None, 'build_base': '/workspaces/workspaces/legged-robots/my_workspace/build/simulator', 'catkin_cmake_args': None, 'catkin_skip_building_tests': False, 'cmake_args': None, 'cmake_clean_cache': False, 'cmake_clean_first': False, 'cmake_force_configure': False, 'cmake_target': None, 'cmake_target_skip_unavailable': False, 'install_base': '/workspaces/workspaces/legged-robots/my_workspace/install/simulator', 'merge_install': False, 'path': '/workspaces/workspaces/legged-robots/my_workspace/src/simulator', 'symlink_install': True, 'test_result_base': None}
[0.111s] Level 5:colcon.colcon_core.verb:set package 'talos_description' build argument 'cmake_args' from command line to 'None'
[0.111s] Level 5:colcon.colcon_core.verb:set package 'talos_description' build argument 'cmake_target' from command line to 'None'
[0.111s] Level 5:colcon.colcon_core.verb:set package 'talos_description' build argument 'cmake_target_skip_unavailable' from command line to 'False'
[0.111s] Level 5:colcon.colcon_core.verb:set package 'talos_description' build argument 'cmake_clean_cache' from command line to 'False'
[0.111s] Level 5:colcon.colcon_core.verb:set package 'talos_description' build argument 'cmake_clean_first' from command line to 'False'
[0.111s] Level 5:colcon.colcon_core.verb:set package 'talos_description' build argument 'cmake_force_configure' from command line to 'False'
[0.111s] Level 5:colcon.colcon_core.verb:set package 'talos_description' build argument 'ament_cmake_args' from command line to 'None'
[0.111s] Level 5:colcon.colcon_core.verb:set package 'talos_description' build argument 'catkin_cmake_args' from command line to 'None'
[0.111s] Level 5:colcon.colcon_core.verb:set package 'talos_description' build argument 'catkin_skip_building_tests' from command line to 'False'
[0.111s] DEBUG:colcon.colcon_core.verb:Building package 'talos_description' with the following arguments: {'ament_cmake_args': None, 'build_base': '/workspaces/workspaces/legged-robots/my_workspace/build/talos_description', 'catkin_cmake_args': None, 'catkin_skip_building_tests': False, 'cmake_args': None, 'cmake_clean_cache': False, 'cmake_clean_first': False, 'cmake_force_configure': False, 'cmake_target': None, 'cmake_target_skip_unavailable': False, 'install_base': '/workspaces/workspaces/legged-robots/my_workspace/install/talos_description', 'merge_install': False, 'path': '/workspaces/workspaces/legged-robots/my_workspace/src/talos_description', 'symlink_install': True, 'test_result_base': None}
[0.111s] Level 5:colcon.colcon_core.verb:set package 'bullet_sims' build argument 'cmake_args' from command line to 'None'
[0.111s] Level 5:colcon.colcon_core.verb:set package 'bullet_sims' build argument 'cmake_target' from command line to 'None'
[0.111s] Level 5:colcon.colcon_core.verb:set package 'bullet_sims' build argument 'cmake_target_skip_unavailable' from command line to 'False'
[0.111s] Level 5:colcon.colcon_core.verb:set package 'bullet_sims' build argument 'cmake_clean_cache' from command line to 'False'
[0.111s] Level 5:colcon.colcon_core.verb:set package 'bullet_sims' build argument 'cmake_clean_first' from command line to 'False'
[0.111s] Level 5:colcon.colcon_core.verb:set package 'bullet_sims' build argument 'cmake_force_configure' from command line to 'False'
[0.111s] Level 5:colcon.colcon_core.verb:set package 'bullet_sims' build argument 'ament_cmake_args' from command line to 'None'
[0.111s] Level 5:colcon.colcon_core.verb:set package 'bullet_sims' build argument 'catkin_cmake_args' from command line to 'None'
[0.111s] Level 5:colcon.colcon_core.verb:set package 'bullet_sims' build argument 'catkin_skip_building_tests' from command line to 'False'
[0.111s] DEBUG:colcon.colcon_core.verb:Building package 'bullet_sims' with the following arguments: {'ament_cmake_args': None, 'build_base': '/workspaces/workspaces/legged-robots/my_workspace/build/bullet_sims', 'catkin_cmake_args': None, 'catkin_skip_building_tests': False, 'cmake_args': None, 'cmake_clean_cache': False, 'cmake_clean_first': False, 'cmake_force_configure': False, 'cmake_target': None, 'cmake_target_skip_unavailable': False, 'install_base': '/workspaces/workspaces/legged-robots/my_workspace/install/bullet_sims', 'merge_install': False, 'path': '/workspaces/workspaces/legged-robots/my_workspace/src/bullet_sims', 'symlink_install': True, 'test_result_base': None}
[0.111s] Level 5:colcon.colcon_core.verb:set package 'walking' build argument 'cmake_args' from command line to 'None'
[0.111s] Level 5:colcon.colcon_core.verb:set package 'walking' build argument 'cmake_target' from command line to 'None'
[0.111s] Level 5:colcon.colcon_core.verb:set package 'walking' build argument 'cmake_target_skip_unavailable' from command line to 'False'
[0.111s] Level 5:colcon.colcon_core.verb:set package 'walking' build argument 'cmake_clean_cache' from command line to 'False'
[0.111s] Level 5:colcon.colcon_core.verb:set package 'walking' build argument 'cmake_clean_first' from command line to 'False'
[0.111s] Level 5:colcon.colcon_core.verb:set package 'walking' build argument 'cmake_force_configure' from command line to 'False'
[0.111s] Level 5:colcon.colcon_core.verb:set package 'walking' build argument 'ament_cmake_args' from command line to 'None'
[0.111s] Level 5:colcon.colcon_core.verb:set package 'walking' build argument 'catkin_cmake_args' from command line to 'None'
[0.111s] Level 5:colcon.colcon_core.verb:set package 'walking' build argument 'catkin_skip_building_tests' from command line to 'False'
[0.111s] DEBUG:colcon.colcon_core.verb:Building package 'walking' with the following arguments: {'ament_cmake_args': None, 'build_base': '/workspaces/workspaces/legged-robots/my_workspace/build/walking', 'catkin_cmake_args': None, 'catkin_skip_building_tests': False, 'cmake_args': None, 'cmake_clean_cache': False, 'cmake_clean_first': False, 'cmake_force_configure': False, 'cmake_target': None, 'cmake_target_skip_unavailable': False, 'install_base': '/workspaces/workspaces/legged-robots/my_workspace/install/walking', 'merge_install': False, 'path': '/workspaces/workspaces/legged-robots/my_workspace/src/walking', 'symlink_install': True, 'test_result_base': None}
[0.111s] Level 5:colcon.colcon_core.verb:set package 'whole_body_control' build argument 'cmake_args' from command line to 'None'
[0.111s] Level 5:colcon.colcon_core.verb:set package 'whole_body_control' build argument 'cmake_target' from command line to 'None'
[0.111s] Level 5:colcon.colcon_core.verb:set package 'whole_body_control' build argument 'cmake_target_skip_unavailable' from command line to 'False'
[0.111s] Level 5:colcon.colcon_core.verb:set package 'whole_body_control' build argument 'cmake_clean_cache' from command line to 'False'
[0.111s] Level 5:colcon.colcon_core.verb:set package 'whole_body_control' build argument 'cmake_clean_first' from command line to 'False'
[0.111s] Level 5:colcon.colcon_core.verb:set package 'whole_body_control' build argument 'cmake_force_configure' from command line to 'False'
[0.111s] Level 5:colcon.colcon_core.verb:set package 'whole_body_control' build argument 'ament_cmake_args' from command line to 'None'
[0.111s] Level 5:colcon.colcon_core.verb:set package 'whole_body_control' build argument 'catkin_cmake_args' from command line to 'None'
[0.111s] Level 5:colcon.colcon_core.verb:set package 'whole_body_control' build argument 'catkin_skip_building_tests' from command line to 'False'
[0.111s] DEBUG:colcon.colcon_core.verb:Building package 'whole_body_control' with the following arguments: {'ament_cmake_args': None, 'build_base': '/workspaces/workspaces/legged-robots/my_workspace/build/whole_body_control', 'catkin_cmake_args': None, 'catkin_skip_building_tests': False, 'cmake_args': None, 'cmake_clean_cache': False, 'cmake_clean_first': False, 'cmake_force_configure': False, 'cmake_target': None, 'cmake_target_skip_unavailable': False, 'install_base': '/workspaces/workspaces/legged-robots/my_workspace/install/whole_body_control', 'merge_install': False, 'path': '/workspaces/workspaces/legged-robots/my_workspace/src/whole_body_control', 'symlink_install': True, 'test_result_base': None}
[0.111s] INFO:colcon.colcon_core.executor:Executing jobs using 'parallel' executor
[0.112s] DEBUG:colcon.colcon_parallel_executor.executor.parallel:run_until_complete
[0.112s] INFO:colcon.colcon_ros.task.ament_cmake.build:Building ROS package in '/workspaces/workspaces/legged-robots/my_workspace/src/reemc_description' with build type 'ament_cmake'
[0.112s] INFO:colcon.colcon_cmake.task.cmake.build:Building CMake package in '/workspaces/workspaces/legged-robots/my_workspace/src/reemc_description'
[0.113s] INFO:colcon.colcon_core.plugin_system:Skipping extension 'colcon_core.shell.bat': Not used on non-Windows systems
[0.113s] INFO:colcon.colcon_core.shell:Skip shell extension 'powershell' for command environment: Not usable outside of PowerShell
[0.113s] DEBUG:colcon.colcon_core.shell:Skip shell extension 'dsv' for command environment
[0.114s] WARNING:colcon.colcon_ros.prefix_path.ament:The path '/workspaces/workspaces/legged-robots/my_workspace/install/whole_body_control' in the environment variable AMENT_PREFIX_PATH doesn't exist
[0.114s] WARNING:colcon.colcon_ros.prefix_path.ament:The path '/workspaces/workspaces/legged-robots/my_workspace/install/walking' in the environment variable AMENT_PREFIX_PATH doesn't exist
[0.114s] WARNING:colcon.colcon_ros.prefix_path.ament:The path '/workspaces/workspaces/legged-robots/my_workspace/install/bullet_sims' in the environment variable AMENT_PREFIX_PATH doesn't exist
[0.114s] WARNING:colcon.colcon_ros.prefix_path.ament:The path '/workspaces/workspaces/legged-robots/my_workspace/install/talos_description' in the environment variable AMENT_PREFIX_PATH doesn't exist
[0.114s] WARNING:colcon.colcon_ros.prefix_path.ament:The path '/workspaces/workspaces/legged-robots/my_workspace/install/simulator' in the environment variable AMENT_PREFIX_PATH doesn't exist
[0.114s] WARNING:colcon.colcon_ros.prefix_path.ament:The path '/workspaces/workspaces/legged-robots/my_workspace/install/ros_visuals' in the environment variable AMENT_PREFIX_PATH doesn't exist
[0.114s] WARNING:colcon.colcon_ros.prefix_path.ament:The path '/workspaces/workspaces/legged-robots/my_workspace/install/reemc_description' in the environment variable AMENT_PREFIX_PATH doesn't exist
[0.114s] WARNING:colcon.colcon_ros.prefix_path.catkin:The path '/workspaces/workspaces/legged-robots/my_workspace/install/talos_description' in the environment variable CMAKE_PREFIX_PATH doesn't exist
[0.114s] WARNING:colcon.colcon_ros.prefix_path.catkin:The path '/workspaces/workspaces/legged-robots/my_workspace/install/reemc_description' in the environment variable CMAKE_PREFIX_PATH doesn't exist
[0.116s] INFO:colcon.colcon_ros.task.ament_python.build:Building ROS package in '/workspaces/workspaces/legged-robots/my_workspace/src/simulator' with build type 'ament_python'
[0.116s] Level 1:colcon.colcon_core.shell:create_environment_hook('simulator', 'ament_prefix_path')
[0.116s] INFO:colcon.colcon_core.shell:Creating environment hook '/workspaces/workspaces/legged-robots/my_workspace/install/simulator/share/simulator/hook/ament_prefix_path.ps1'
[0.117s] INFO:colcon.colcon_core.shell:Creating environment descriptor '/workspaces/workspaces/legged-robots/my_workspace/install/simulator/share/simulator/hook/ament_prefix_path.dsv'
[0.117s] INFO:colcon.colcon_core.shell:Creating environment hook '/workspaces/workspaces/legged-robots/my_workspace/install/simulator/share/simulator/hook/ament_prefix_path.sh'
[0.118s] INFO:colcon.colcon_core.shell:Skip shell extension 'powershell' for command environment: Not usable outside of PowerShell
[0.118s] DEBUG:colcon.colcon_core.shell:Skip shell extension 'dsv' for command environment
[0.119s] INFO:colcon.colcon_ros.task.ament_cmake.build:Building ROS package in '/workspaces/workspaces/legged-robots/my_workspace/src/talos_description' with build type 'ament_cmake'
[0.119s] INFO:colcon.colcon_cmake.task.cmake.build:Building CMake package in '/workspaces/workspaces/legged-robots/my_workspace/src/talos_description'
[0.120s] INFO:colcon.colcon_core.shell:Skip shell extension 'powershell' for command environment: Not usable outside of PowerShell
[0.120s] DEBUG:colcon.colcon_core.shell:Skip shell extension 'dsv' for command environment
[0.121s] INFO:colcon.colcon_ros.task.ament_python.build:Building ROS package in '/workspaces/workspaces/legged-robots/my_workspace/src/ros_visuals' with build type 'ament_python'
[0.121s] Level 1:colcon.colcon_core.shell:create_environment_hook('ros_visuals', 'ament_prefix_path')
[0.121s] INFO:colcon.colcon_core.shell:Creating environment hook '/workspaces/workspaces/legged-robots/my_workspace/install/ros_visuals/share/ros_visuals/hook/ament_prefix_path.ps1'
[0.122s] INFO:colcon.colcon_core.shell:Creating environment descriptor '/workspaces/workspaces/legged-robots/my_workspace/install/ros_visuals/share/ros_visuals/hook/ament_prefix_path.dsv'
[0.122s] INFO:colcon.colcon_core.shell:Creating environment hook '/workspaces/workspaces/legged-robots/my_workspace/install/ros_visuals/share/ros_visuals/hook/ament_prefix_path.sh'
[0.123s] INFO:colcon.colcon_core.shell:Skip shell extension 'powershell' for command environment: Not usable outside of PowerShell
[0.123s] DEBUG:colcon.colcon_core.shell:Skip shell extension 'dsv' for command environment
[0.126s] DEBUG:colcon.colcon_core.event_handler.log_command:Invoking command in '/workspaces/workspaces/legged-robots/my_workspace/build/reemc_description': CMAKE_PREFIX_PATH=${CMAKE_PREFIX_PATH}:/workspaces/workspaces/legged-robots/my_workspace/install/whole_body_control:/workspaces/workspaces/legged-robots/my_workspace/install/walking:/workspaces/workspaces/legged-robots/my_workspace/install/bullet_sims:/workspaces/workspaces/legged-robots/my_workspace/install/simulator:/workspaces/workspaces/legged-robots/my_workspace/install/ros_visuals:/opt/ros/rolling /usr/bin/cmake /workspaces/workspaces/legged-robots/my_workspace/src/reemc_description -DAMENT_CMAKE_SYMLINK_INSTALL=1 -DCMAKE_INSTALL_PREFIX=/workspaces/workspaces/legged-robots/my_workspace/install/reemc_description
[0.256s] INFO:colcon.colcon_core.task.python.build:Building Python package in '/workspaces/workspaces/legged-robots/my_workspace/src/simulator'
[0.256s] INFO:colcon.colcon_core.shell:Skip shell extension 'powershell' for command environment: Not usable outside of PowerShell
[0.256s] DEBUG:colcon.colcon_core.shell:Skip shell extension 'dsv' for command environment
[0.259s] DEBUG:colcon.colcon_core.event_handler.log_command:Invoking command in '/workspaces/workspaces/legged-robots/my_workspace/build/talos_description': CMAKE_PREFIX_PATH=${CMAKE_PREFIX_PATH}:/workspaces/workspaces/legged-robots/my_workspace/install/whole_body_control:/workspaces/workspaces/legged-robots/my_workspace/install/walking:/workspaces/workspaces/legged-robots/my_workspace/install/bullet_sims:/workspaces/workspaces/legged-robots/my_workspace/install/simulator:/workspaces/workspaces/legged-robots/my_workspace/install/ros_visuals:/opt/ros/rolling /usr/bin/cmake /workspaces/workspaces/legged-robots/my_workspace/src/talos_description -DAMENT_CMAKE_SYMLINK_INSTALL=1 -DCMAKE_INSTALL_PREFIX=/workspaces/workspaces/legged-robots/my_workspace/install/talos_description
[0.392s] WARNING:colcon.colcon_ros.task.ament_python.build:Package 'ros_visuals' doesn't explicitly install a marker in the package index (colcon-ros currently does it implicitly but that fallback will be removed in the future)
[0.392s] WARNING:colcon.colcon_ros.task.ament_python.build:Package 'ros_visuals' doesn't explicitly install the 'package.xml' file (colcon-ros currently does it implicitly but that fallback will be removed in the future)
[0.393s] INFO:colcon.colcon_core.task.python.build:Building Python package in '/workspaces/workspaces/legged-robots/my_workspace/src/ros_visuals'
[0.393s] INFO:colcon.colcon_core.shell:Skip shell extension 'powershell' for command environment: Not usable outside of PowerShell
[0.394s] DEBUG:colcon.colcon_core.shell:Skip shell extension 'dsv' for command environment
[0.712s] DEBUG:colcon.colcon_core.event_handler.log_command:Invoking command in '/workspaces/workspaces/legged-robots/my_workspace/build/simulator': PYTHONPATH=/workspaces/workspaces/legged-robots/my_workspace/build/simulator/prefix_override:/usr/lib/python3/dist-packages/colcon_core/task/python/colcon_distutils_commands:/workspaces/workspaces/legged-robots/my_workspace/install/simulator/lib/python3.12/site-packages:${PYTHONPATH} /usr/bin/python3 -W ignore:setup.py install is deprecated -W ignore:easy_install command is deprecated setup.py develop --editable --build-directory /workspaces/workspaces/legged-robots/my_workspace/build/simulator/build --no-deps symlink_data
[0.725s] DEBUG:colcon.colcon_core.event_handler.log_command:Invoking command in '/workspaces/workspaces/legged-robots/my_workspace/build/ros_visuals': PYTHONPATH=/workspaces/workspaces/legged-robots/my_workspace/build/ros_visuals/prefix_override:/usr/lib/python3/dist-packages/colcon_core/task/python/colcon_distutils_commands:/workspaces/workspaces/legged-robots/my_workspace/install/ros_visuals/lib/python3.12/site-packages:${PYTHONPATH} /usr/bin/python3 -W ignore:setup.py install is deprecated -W ignore:easy_install command is deprecated setup.py develop --editable --build-directory /workspaces/workspaces/legged-robots/my_workspace/build/ros_visuals/build --no-deps symlink_data
[0.874s] DEBUG:colcon.colcon_core.event_handler.log_command:Invoked command in '/workspaces/workspaces/legged-robots/my_workspace/build/reemc_description' returned '0': CMAKE_PREFIX_PATH=${CMAKE_PREFIX_PATH}:/workspaces/workspaces/legged-robots/my_workspace/install/whole_body_control:/workspaces/workspaces/legged-robots/my_workspace/install/walking:/workspaces/workspaces/legged-robots/my_workspace/install/bullet_sims:/workspaces/workspaces/legged-robots/my_workspace/install/simulator:/workspaces/workspaces/legged-robots/my_workspace/install/ros_visuals:/opt/ros/rolling /usr/bin/cmake /workspaces/workspaces/legged-robots/my_workspace/src/reemc_description -DAMENT_CMAKE_SYMLINK_INSTALL=1 -DCMAKE_INSTALL_PREFIX=/workspaces/workspaces/legged-robots/my_workspace/install/reemc_description
[0.876s] DEBUG:colcon.colcon_core.event_handler.log_command:Invoking command in '/workspaces/workspaces/legged-robots/my_workspace/build/reemc_description': CMAKE_PREFIX_PATH=${CMAKE_PREFIX_PATH}:/workspaces/workspaces/legged-robots/my_workspace/install/whole_body_control:/workspaces/workspaces/legged-robots/my_workspace/install/walking:/workspaces/workspaces/legged-robots/my_workspace/install/bullet_sims:/workspaces/workspaces/legged-robots/my_workspace/install/simulator:/workspaces/workspaces/legged-robots/my_workspace/install/ros_visuals:/opt/ros/rolling /usr/bin/cmake --build /workspaces/workspaces/legged-robots/my_workspace/build/reemc_description -- -j24 -l24
[0.908s] DEBUG:colcon.colcon_core.event_handler.log_command:Invoked command in '/workspaces/workspaces/legged-robots/my_workspace/build/talos_description' returned '0': CMAKE_PREFIX_PATH=${CMAKE_PREFIX_PATH}:/workspaces/workspaces/legged-robots/my_workspace/install/whole_body_control:/workspaces/workspaces/legged-robots/my_workspace/install/walking:/workspaces/workspaces/legged-robots/my_workspace/install/bullet_sims:/workspaces/workspaces/legged-robots/my_workspace/install/simulator:/workspaces/workspaces/legged-robots/my_workspace/install/ros_visuals:/opt/ros/rolling /usr/bin/cmake /workspaces/workspaces/legged-robots/my_workspace/src/talos_description -DAMENT_CMAKE_SYMLINK_INSTALL=1 -DCMAKE_INSTALL_PREFIX=/workspaces/workspaces/legged-robots/my_workspace/install/talos_description
[0.909s] DEBUG:colcon.colcon_core.event_handler.log_command:Invoking command in '/workspaces/workspaces/legged-robots/my_workspace/build/talos_description': CMAKE_PREFIX_PATH=${CMAKE_PREFIX_PATH}:/workspaces/workspaces/legged-robots/my_workspace/install/whole_body_control:/workspaces/workspaces/legged-robots/my_workspace/install/walking:/workspaces/workspaces/legged-robots/my_workspace/install/bullet_sims:/workspaces/workspaces/legged-robots/my_workspace/install/simulator:/workspaces/workspaces/legged-robots/my_workspace/install/ros_visuals:/opt/ros/rolling /usr/bin/cmake --build /workspaces/workspaces/legged-robots/my_workspace/build/talos_description -- -j24 -l24
[0.922s] DEBUG:colcon.colcon_core.event_handler.log_command:Invoked command in '/workspaces/workspaces/legged-robots/my_workspace/build/reemc_description' returned '0': CMAKE_PREFIX_PATH=${CMAKE_PREFIX_PATH}:/workspaces/workspaces/legged-robots/my_workspace/install/whole_body_control:/workspaces/workspaces/legged-robots/my_workspace/install/walking:/workspaces/workspaces/legged-robots/my_workspace/install/bullet_sims:/workspaces/workspaces/legged-robots/my_workspace/install/simulator:/workspaces/workspaces/legged-robots/my_workspace/install/ros_visuals:/opt/ros/rolling /usr/bin/cmake --build /workspaces/workspaces/legged-robots/my_workspace/build/reemc_description -- -j24 -l24
[0.932s] DEBUG:colcon.colcon_core.event_handler.log_command:Invoking command in '/workspaces/workspaces/legged-robots/my_workspace/build/reemc_description': CMAKE_PREFIX_PATH=${CMAKE_PREFIX_PATH}:/workspaces/workspaces/legged-robots/my_workspace/install/whole_body_control:/workspaces/workspaces/legged-robots/my_workspace/install/walking:/workspaces/workspaces/legged-robots/my_workspace/install/bullet_sims:/workspaces/workspaces/legged-robots/my_workspace/install/simulator:/workspaces/workspaces/legged-robots/my_workspace/install/ros_visuals:/opt/ros/rolling /usr/bin/cmake --install /workspaces/workspaces/legged-robots/my_workspace/build/reemc_description
[0.944s] DEBUG:colcon.colcon_core.event_handler.log_command:Invoked command in '/workspaces/workspaces/legged-robots/my_workspace/build/talos_description' returned '0': CMAKE_PREFIX_PATH=${CMAKE_PREFIX_PATH}:/workspaces/workspaces/legged-robots/my_workspace/install/whole_body_control:/workspaces/workspaces/legged-robots/my_workspace/install/walking:/workspaces/workspaces/legged-robots/my_workspace/install/bullet_sims:/workspaces/workspaces/legged-robots/my_workspace/install/simulator:/workspaces/workspaces/legged-robots/my_workspace/install/ros_visuals:/opt/ros/rolling /usr/bin/cmake --build /workspaces/workspaces/legged-robots/my_workspace/build/talos_description -- -j24 -l24
[0.945s] DEBUG:colcon.colcon_core.event_handler.log_command:Invoking command in '/workspaces/workspaces/legged-robots/my_workspace/build/talos_description': CMAKE_PREFIX_PATH=${CMAKE_PREFIX_PATH}:/workspaces/workspaces/legged-robots/my_workspace/install/whole_body_control:/workspaces/workspaces/legged-robots/my_workspace/install/walking:/workspaces/workspaces/legged-robots/my_workspace/install/bullet_sims:/workspaces/workspaces/legged-robots/my_workspace/install/simulator:/workspaces/workspaces/legged-robots/my_workspace/install/ros_visuals:/opt/ros/rolling /usr/bin/cmake --install /workspaces/workspaces/legged-robots/my_workspace/build/talos_description
[1.251s] Level 1:colcon.colcon_core.shell:create_environment_hook('simulator', 'pythonpath_develop')
[1.251s] INFO:colcon.colcon_core.shell:Creating environment hook '/workspaces/workspaces/legged-robots/my_workspace/build/simulator/share/simulator/hook/pythonpath_develop.ps1'
[1.252s] DEBUG:colcon.colcon_core.event_handler.log_command:Invoked command in '/workspaces/workspaces/legged-robots/my_workspace/build/simulator' returned '0': PYTHONPATH=/workspaces/workspaces/legged-robots/my_workspace/build/simulator/prefix_override:/usr/lib/python3/dist-packages/colcon_core/task/python/colcon_distutils_commands:/workspaces/workspaces/legged-robots/my_workspace/install/simulator/lib/python3.12/site-packages:${PYTHONPATH} /usr/bin/python3 -W ignore:setup.py install is deprecated -W ignore:easy_install command is deprecated setup.py develop --editable --build-directory /workspaces/workspaces/legged-robots/my_workspace/build/simulator/build --no-deps symlink_data
[1.252s] INFO:colcon.colcon_core.shell:Creating environment descriptor '/workspaces/workspaces/legged-robots/my_workspace/build/simulator/share/simulator/hook/pythonpath_develop.dsv'
[1.252s] INFO:colcon.colcon_core.shell:Creating environment hook '/workspaces/workspaces/legged-robots/my_workspace/build/simulator/share/simulator/hook/pythonpath_develop.sh'
[1.258s] Level 1:colcon.colcon_core.environment:checking '/workspaces/workspaces/legged-robots/my_workspace/install/simulator' for CMake module files
[1.258s] Level 1:colcon.colcon_core.environment:checking '/workspaces/workspaces/legged-robots/my_workspace/install/simulator' for CMake config files
[1.259s] Level 1:colcon.colcon_core.environment:checking '/workspaces/workspaces/legged-robots/my_workspace/install/simulator/lib'
[1.259s] Level 1:colcon.colcon_core.environment:checking '/workspaces/workspaces/legged-robots/my_workspace/install/simulator/bin'
[1.259s] Level 1:colcon.colcon_core.environment:checking '/workspaces/workspaces/legged-robots/my_workspace/install/simulator/lib/pkgconfig/simulator.pc'
[1.259s] Level 1:colcon.colcon_core.environment:checking '/workspaces/workspaces/legged-robots/my_workspace/install/simulator/lib/python3.12/site-packages'
[1.259s] Level 1:colcon.colcon_core.shell:create_environment_hook('simulator', 'pythonpath')
[1.259s] INFO:colcon.colcon_core.shell:Creating environment hook '/workspaces/workspaces/legged-robots/my_workspace/install/simulator/share/simulator/hook/pythonpath.ps1'
[1.259s] INFO:colcon.colcon_core.shell:Creating environment descriptor '/workspaces/workspaces/legged-robots/my_workspace/install/simulator/share/simulator/hook/pythonpath.dsv'
[1.260s] INFO:colcon.colcon_core.shell:Creating environment hook '/workspaces/workspaces/legged-robots/my_workspace/install/simulator/share/simulator/hook/pythonpath.sh'
[1.260s] Level 1:colcon.colcon_core.environment:checking '/workspaces/workspaces/legged-robots/my_workspace/install/simulator/bin'
[1.260s] Level 1:colcon.colcon_core.environment:create_environment_scripts_only(simulator)
[1.260s] INFO:colcon.colcon_core.shell:Creating package script '/workspaces/workspaces/legged-robots/my_workspace/install/simulator/share/simulator/package.ps1'
[1.260s] INFO:colcon.colcon_core.shell:Creating package descriptor '/workspaces/workspaces/legged-robots/my_workspace/install/simulator/share/simulator/package.dsv'
[1.261s] INFO:colcon.colcon_core.shell:Creating package script '/workspaces/workspaces/legged-robots/my_workspace/install/simulator/share/simulator/package.sh'
[1.261s] INFO:colcon.colcon_core.shell:Creating package script '/workspaces/workspaces/legged-robots/my_workspace/install/simulator/share/simulator/package.bash'
[1.261s] INFO:colcon.colcon_core.shell:Creating package script '/workspaces/workspaces/legged-robots/my_workspace/install/simulator/share/simulator/package.zsh'
[1.261s] Level 1:colcon.colcon_core.environment:create_file_with_runtime_dependencies(/workspaces/workspaces/legged-robots/my_workspace/install/simulator/share/colcon-core/packages/simulator)
[1.272s] Level 1:colcon.colcon_core.shell:create_environment_hook('ros_visuals', 'pythonpath_develop')
[1.273s] INFO:colcon.colcon_core.shell:Creating environment hook '/workspaces/workspaces/legged-robots/my_workspace/build/ros_visuals/share/ros_visuals/hook/pythonpath_develop.ps1'
[1.273s] INFO:colcon.colcon_core.shell:Creating environment descriptor '/workspaces/workspaces/legged-robots/my_workspace/build/ros_visuals/share/ros_visuals/hook/pythonpath_develop.dsv'
[1.272s] DEBUG:colcon.colcon_core.event_handler.log_command:Invoked command in '/workspaces/workspaces/legged-robots/my_workspace/build/ros_visuals' returned '0': PYTHONPATH=/workspaces/workspaces/legged-robots/my_workspace/build/ros_visuals/prefix_override:/usr/lib/python3/dist-packages/colcon_core/task/python/colcon_distutils_commands:/workspaces/workspaces/legged-robots/my_workspace/install/ros_visuals/lib/python3.12/site-packages:${PYTHONPATH} /usr/bin/python3 -W ignore:setup.py install is deprecated -W ignore:easy_install command is deprecated setup.py develop --editable --build-directory /workspaces/workspaces/legged-robots/my_workspace/build/ros_visuals/build --no-deps symlink_data
[1.273s] INFO:colcon.colcon_core.shell:Creating environment hook '/workspaces/workspaces/legged-robots/my_workspace/build/ros_visuals/share/ros_visuals/hook/pythonpath_develop.sh'
[1.274s] Level 1:colcon.colcon_core.environment:checking '/workspaces/workspaces/legged-robots/my_workspace/install/ros_visuals' for CMake module files
[1.274s] Level 1:colcon.colcon_core.environment:checking '/workspaces/workspaces/legged-robots/my_workspace/install/ros_visuals' for CMake config files
[1.274s] Level 1:colcon.colcon_core.environment:checking '/workspaces/workspaces/legged-robots/my_workspace/install/ros_visuals/lib'
[1.274s] Level 1:colcon.colcon_core.environment:checking '/workspaces/workspaces/legged-robots/my_workspace/install/ros_visuals/bin'
[1.274s] Level 1:colcon.colcon_core.environment:checking '/workspaces/workspaces/legged-robots/my_workspace/install/ros_visuals/lib/pkgconfig/ros_visuals.pc'
[1.274s] Level 1:colcon.colcon_core.environment:checking '/workspaces/workspaces/legged-robots/my_workspace/install/ros_visuals/lib/python3.12/site-packages'
[1.274s] Level 1:colcon.colcon_core.shell:create_environment_hook('ros_visuals', 'pythonpath')
[1.274s] INFO:colcon.colcon_core.shell:Creating environment hook '/workspaces/workspaces/legged-robots/my_workspace/install/ros_visuals/share/ros_visuals/hook/pythonpath.ps1'
[1.275s] INFO:colcon.colcon_core.shell:Creating environment descriptor '/workspaces/workspaces/legged-robots/my_workspace/install/ros_visuals/share/ros_visuals/hook/pythonpath.dsv'
[1.275s] INFO:colcon.colcon_core.shell:Creating environment hook '/workspaces/workspaces/legged-robots/my_workspace/install/ros_visuals/share/ros_visuals/hook/pythonpath.sh'
[1.275s] Level 1:colcon.colcon_core.environment:checking '/workspaces/workspaces/legged-robots/my_workspace/install/ros_visuals/bin'
[1.275s] Level 1:colcon.colcon_core.environment:create_environment_scripts_only(ros_visuals)
[1.275s] INFO:colcon.colcon_core.shell:Creating package script '/workspaces/workspaces/legged-robots/my_workspace/install/ros_visuals/share/ros_visuals/package.ps1'
[1.276s] INFO:colcon.colcon_core.shell:Creating package descriptor '/workspaces/workspaces/legged-robots/my_workspace/install/ros_visuals/share/ros_visuals/package.dsv'
[1.276s] INFO:colcon.colcon_core.shell:Creating package script '/workspaces/workspaces/legged-robots/my_workspace/install/ros_visuals/share/ros_visuals/package.sh'
[1.277s] INFO:colcon.colcon_core.shell:Creating package script '/workspaces/workspaces/legged-robots/my_workspace/install/ros_visuals/share/ros_visuals/package.bash'
[1.277s] INFO:colcon.colcon_core.shell:Creating package script '/workspaces/workspaces/legged-robots/my_workspace/install/ros_visuals/share/ros_visuals/package.zsh'
[1.277s] Level 1:colcon.colcon_core.environment:create_file_with_runtime_dependencies(/workspaces/workspaces/legged-robots/my_workspace/install/ros_visuals/share/colcon-core/packages/ros_visuals)
[1.672s] Level 1:colcon.colcon_core.environment:create_environment_scripts_only(talos_description)
[1.672s] Level 1:colcon.colcon_core.environment:checking '/workspaces/workspaces/legged-robots/my_workspace/install/talos_description' for CMake module files
[1.672s] Level 1:colcon.colcon_core.environment:checking '/workspaces/workspaces/legged-robots/my_workspace/install/talos_description' for CMake config files
[1.672s] Level 1:colcon.colcon_core.shell:create_environment_hook('talos_description', 'cmake_prefix_path')
[1.673s] INFO:colcon.colcon_core.shell:Creating environment hook '/workspaces/workspaces/legged-robots/my_workspace/install/talos_description/share/talos_description/hook/cmake_prefix_path.ps1'
[1.673s] INFO:colcon.colcon_core.shell:Creating environment descriptor '/workspaces/workspaces/legged-robots/my_workspace/install/talos_description/share/talos_description/hook/cmake_prefix_path.dsv'
[1.673s] INFO:colcon.colcon_core.shell:Creating environment hook '/workspaces/workspaces/legged-robots/my_workspace/install/talos_description/share/talos_description/hook/cmake_prefix_path.sh'
[1.674s] DEBUG:colcon.colcon_core.event_handler.log_command:Invoked command in '/workspaces/workspaces/legged-robots/my_workspace/build/talos_description' returned '0': CMAKE_PREFIX_PATH=${CMAKE_PREFIX_PATH}:/workspaces/workspaces/legged-robots/my_workspace/install/whole_body_control:/workspaces/workspaces/legged-robots/my_workspace/install/walking:/workspaces/workspaces/legged-robots/my_workspace/install/bullet_sims:/workspaces/workspaces/legged-robots/my_workspace/install/simulator:/workspaces/workspaces/legged-robots/my_workspace/install/ros_visuals:/opt/ros/rolling /usr/bin/cmake --install /workspaces/workspaces/legged-robots/my_workspace/build/talos_description
[1.674s] Level 1:colcon.colcon_core.environment:checking '/workspaces/workspaces/legged-robots/my_workspace/install/talos_description/bin'
[1.674s] Level 1:colcon.colcon_core.environment:checking '/workspaces/workspaces/legged-robots/my_workspace/install/talos_description/lib/pkgconfig/talos_description.pc'
[1.674s] Level 1:colcon.colcon_core.environment:checking '/workspaces/workspaces/legged-robots/my_workspace/install/talos_description/lib/python3.12/site-packages'
[1.674s] Level 1:colcon.colcon_core.environment:checking '/workspaces/workspaces/legged-robots/my_workspace/install/talos_description/bin'
[1.674s] INFO:colcon.colcon_core.shell:Creating package script '/workspaces/workspaces/legged-robots/my_workspace/install/talos_description/share/talos_description/package.ps1'
[1.674s] INFO:colcon.colcon_core.shell:Creating package descriptor '/workspaces/workspaces/legged-robots/my_workspace/install/talos_description/share/talos_description/package.dsv'
[1.675s] INFO:colcon.colcon_core.shell:Creating package script '/workspaces/workspaces/legged-robots/my_workspace/install/talos_description/share/talos_description/package.sh'
[1.675s] INFO:colcon.colcon_core.shell:Creating package script '/workspaces/workspaces/legged-robots/my_workspace/install/talos_description/share/talos_description/package.bash'
[1.675s] INFO:colcon.colcon_core.shell:Creating package script '/workspaces/workspaces/legged-robots/my_workspace/install/talos_description/share/talos_description/package.zsh'
[1.675s] Level 1:colcon.colcon_core.environment:create_file_with_runtime_dependencies(/workspaces/workspaces/legged-robots/my_workspace/install/talos_description/share/colcon-core/packages/talos_description)
[1.676s] Level 1:colcon.colcon_core.environment:create_environment_scripts_only(talos_description)
[1.676s] Level 1:colcon.colcon_core.environment:checking '/workspaces/workspaces/legged-robots/my_workspace/install/talos_description' for CMake module files
[1.676s] Level 1:colcon.colcon_core.environment:checking '/workspaces/workspaces/legged-robots/my_workspace/install/talos_description' for CMake config files
[1.676s] Level 1:colcon.colcon_core.shell:create_environment_hook('talos_description', 'cmake_prefix_path')
[1.676s] INFO:colcon.colcon_core.shell:Creating environment hook '/workspaces/workspaces/legged-robots/my_workspace/install/talos_description/share/talos_description/hook/cmake_prefix_path.ps1'
[1.676s] INFO:colcon.colcon_core.shell:Creating environment descriptor '/workspaces/workspaces/legged-robots/my_workspace/install/talos_description/share/talos_description/hook/cmake_prefix_path.dsv'
[1.676s] INFO:colcon.colcon_core.shell:Creating environment hook '/workspaces/workspaces/legged-robots/my_workspace/install/talos_description/share/talos_description/hook/cmake_prefix_path.sh'
[1.677s] Level 1:colcon.colcon_core.environment:checking '/workspaces/workspaces/legged-robots/my_workspace/install/talos_description/bin'
[1.677s] Level 1:colcon.colcon_core.environment:checking '/workspaces/workspaces/legged-robots/my_workspace/install/talos_description/lib/pkgconfig/talos_description.pc'
[1.677s] Level 1:colcon.colcon_core.environment:checking '/workspaces/workspaces/legged-robots/my_workspace/install/talos_description/lib/python3.12/site-packages'
[1.677s] Level 1:colcon.colcon_core.environment:checking '/workspaces/workspaces/legged-robots/my_workspace/install/talos_description/bin'
[1.677s] INFO:colcon.colcon_core.shell:Creating package script '/workspaces/workspaces/legged-robots/my_workspace/install/talos_description/share/talos_description/package.ps1'
[1.677s] INFO:colcon.colcon_core.shell:Creating package descriptor '/workspaces/workspaces/legged-robots/my_workspace/install/talos_description/share/talos_description/package.dsv'
[1.678s] INFO:colcon.colcon_core.shell:Creating package script '/workspaces/workspaces/legged-robots/my_workspace/install/talos_description/share/talos_description/package.sh'
[1.678s] INFO:colcon.colcon_core.shell:Creating package script '/workspaces/workspaces/legged-robots/my_workspace/install/talos_description/share/talos_description/package.bash'
[1.678s] INFO:colcon.colcon_core.shell:Creating package script '/workspaces/workspaces/legged-robots/my_workspace/install/talos_description/share/talos_description/package.zsh'
[1.678s] Level 1:colcon.colcon_core.environment:create_file_with_runtime_dependencies(/workspaces/workspaces/legged-robots/my_workspace/install/talos_description/share/colcon-core/packages/talos_description)
[1.699s] Level 1:colcon.colcon_core.environment:create_environment_scripts_only(reemc_description)
[1.699s] Level 1:colcon.colcon_core.environment:checking '/workspaces/workspaces/legged-robots/my_workspace/install/reemc_description' for CMake module files
[1.699s] Level 1:colcon.colcon_core.environment:checking '/workspaces/workspaces/legged-robots/my_workspace/install/reemc_description' for CMake config files
[1.699s] Level 1:colcon.colcon_core.shell:create_environment_hook('reemc_description', 'cmake_prefix_path')
[1.699s] INFO:colcon.colcon_core.shell:Creating environment hook '/workspaces/workspaces/legged-robots/my_workspace/install/reemc_description/share/reemc_description/hook/cmake_prefix_path.ps1'
[1.700s] DEBUG:colcon.colcon_core.event_handler.log_command:Invoked command in '/workspaces/workspaces/legged-robots/my_workspace/build/reemc_description' returned '0': CMAKE_PREFIX_PATH=${CMAKE_PREFIX_PATH}:/workspaces/workspaces/legged-robots/my_workspace/install/whole_body_control:/workspaces/workspaces/legged-robots/my_workspace/install/walking:/workspaces/workspaces/legged-robots/my_workspace/install/bullet_sims:/workspaces/workspaces/legged-robots/my_workspace/install/simulator:/workspaces/workspaces/legged-robots/my_workspace/install/ros_visuals:/opt/ros/rolling /usr/bin/cmake --install /workspaces/workspaces/legged-robots/my_workspace/build/reemc_description
[1.700s] INFO:colcon.colcon_core.shell:Creating environment descriptor '/workspaces/workspaces/legged-robots/my_workspace/install/reemc_description/share/reemc_description/hook/cmake_prefix_path.dsv'
[1.700s] INFO:colcon.colcon_core.shell:Creating environment hook '/workspaces/workspaces/legged-robots/my_workspace/install/reemc_description/share/reemc_description/hook/cmake_prefix_path.sh'
[1.700s] Level 1:colcon.colcon_core.environment:checking '/workspaces/workspaces/legged-robots/my_workspace/install/reemc_description/bin'
[1.700s] Level 1:colcon.colcon_core.environment:checking '/workspaces/workspaces/legged-robots/my_workspace/install/reemc_description/lib/pkgconfig/reemc_description.pc'
[1.701s] Level 1:colcon.colcon_core.environment:checking '/workspaces/workspaces/legged-robots/my_workspace/install/reemc_description/lib/python3.12/site-packages'
[1.701s] Level 1:colcon.colcon_core.environment:checking '/workspaces/workspaces/legged-robots/my_workspace/install/reemc_description/bin'
[1.701s] INFO:colcon.colcon_core.shell:Creating package script '/workspaces/workspaces/legged-robots/my_workspace/install/reemc_description/share/reemc_description/package.ps1'
[1.701s] INFO:colcon.colcon_core.shell:Creating package descriptor '/workspaces/workspaces/legged-robots/my_workspace/install/reemc_description/share/reemc_description/package.dsv'
[1.701s] INFO:colcon.colcon_core.shell:Creating package script '/workspaces/workspaces/legged-robots/my_workspace/install/reemc_description/share/reemc_description/package.sh'
[1.702s] INFO:colcon.colcon_core.shell:Creating package script '/workspaces/workspaces/legged-robots/my_workspace/install/reemc_description/share/reemc_description/package.bash'
[1.702s] INFO:colcon.colcon_core.shell:Creating package script '/workspaces/workspaces/legged-robots/my_workspace/install/reemc_description/share/reemc_description/package.zsh'
[1.702s] Level 1:colcon.colcon_core.environment:create_file_with_runtime_dependencies(/workspaces/workspaces/legged-robots/my_workspace/install/reemc_description/share/colcon-core/packages/reemc_description)
[1.702s] Level 1:colcon.colcon_core.environment:create_environment_scripts_only(reemc_description)
[1.702s] Level 1:colcon.colcon_core.environment:checking '/workspaces/workspaces/legged-robots/my_workspace/install/reemc_description' for CMake module files
[1.702s] Level 1:colcon.colcon_core.environment:checking '/workspaces/workspaces/legged-robots/my_workspace/install/reemc_description' for CMake config files
[1.703s] Level 1:colcon.colcon_core.shell:create_environment_hook('reemc_description', 'cmake_prefix_path')
[1.703s] INFO:colcon.colcon_core.shell:Creating environment hook '/workspaces/workspaces/legged-robots/my_workspace/install/reemc_description/share/reemc_description/hook/cmake_prefix_path.ps1'
[1.703s] INFO:colcon.colcon_core.shell:Creating environment descriptor '/workspaces/workspaces/legged-robots/my_workspace/install/reemc_description/share/reemc_description/hook/cmake_prefix_path.dsv'
[1.703s] INFO:colcon.colcon_core.shell:Creating environment hook '/workspaces/workspaces/legged-robots/my_workspace/install/reemc_description/share/reemc_description/hook/cmake_prefix_path.sh'
[1.703s] Level 1:colcon.colcon_core.environment:checking '/workspaces/workspaces/legged-robots/my_workspace/install/reemc_description/bin'
[1.703s] Level 1:colcon.colcon_core.environment:checking '/workspaces/workspaces/legged-robots/my_workspace/install/reemc_description/lib/pkgconfig/reemc_description.pc'
[1.703s] Level 1:colcon.colcon_core.environment:checking '/workspaces/workspaces/legged-robots/my_workspace/install/reemc_description/lib/python3.12/site-packages'
[1.704s] Level 1:colcon.colcon_core.environment:checking '/workspaces/workspaces/legged-robots/my_workspace/install/reemc_description/bin'
[1.704s] INFO:colcon.colcon_core.shell:Creating package script '/workspaces/workspaces/legged-robots/my_workspace/install/reemc_description/share/reemc_description/package.ps1'
[1.704s] INFO:colcon.colcon_core.shell:Creating package descriptor '/workspaces/workspaces/legged-robots/my_workspace/install/reemc_description/share/reemc_description/package.dsv'
[1.704s] INFO:colcon.colcon_core.shell:Creating package script '/workspaces/workspaces/legged-robots/my_workspace/install/reemc_description/share/reemc_description/package.sh'
[1.704s] INFO:colcon.colcon_core.shell:Creating package script '/workspaces/workspaces/legged-robots/my_workspace/install/reemc_description/share/reemc_description/package.bash'
[1.704s] INFO:colcon.colcon_core.shell:Creating package script '/workspaces/workspaces/legged-robots/my_workspace/install/reemc_description/share/reemc_description/package.zsh'
[1.705s] Level 1:colcon.colcon_core.environment:create_file_with_runtime_dependencies(/workspaces/workspaces/legged-robots/my_workspace/install/reemc_description/share/colcon-core/packages/reemc_description)
[1.705s] INFO:colcon.colcon_ros.task.ament_python.build:Building ROS package in '/workspaces/workspaces/legged-robots/my_workspace/src/bullet_sims' with build type 'ament_python'
[1.705s] Level 1:colcon.colcon_core.shell:create_environment_hook('bullet_sims', 'ament_prefix_path')
[1.705s] INFO:colcon.colcon_core.shell:Creating environment hook '/workspaces/workspaces/legged-robots/my_workspace/install/bullet_sims/share/bullet_sims/hook/ament_prefix_path.ps1'
[1.705s] INFO:colcon.colcon_core.shell:Creating environment descriptor '/workspaces/workspaces/legged-robots/my_workspace/install/bullet_sims/share/bullet_sims/hook/ament_prefix_path.dsv'
[1.706s] INFO:colcon.colcon_core.shell:Creating environment hook '/workspaces/workspaces/legged-robots/my_workspace/install/bullet_sims/share/bullet_sims/hook/ament_prefix_path.sh'
[1.706s] INFO:colcon.colcon_core.shell:Skip shell extension 'powershell' for command environment: Not usable outside of PowerShell
[1.706s] DEBUG:colcon.colcon_core.shell:Skip shell extension 'dsv' for command environment
[1.708s] INFO:colcon.colcon_ros.task.ament_python.build:Building ROS package in '/workspaces/workspaces/legged-robots/my_workspace/src/walking' with build type 'ament_python'
[1.708s] Level 1:colcon.colcon_core.shell:create_environment_hook('walking', 'ament_prefix_path')
[1.708s] INFO:colcon.colcon_core.shell:Creating environment hook '/workspaces/workspaces/legged-robots/my_workspace/install/walking/share/walking/hook/ament_prefix_path.ps1'
[1.709s] INFO:colcon.colcon_core.shell:Creating environment descriptor '/workspaces/workspaces/legged-robots/my_workspace/install/walking/share/walking/hook/ament_prefix_path.dsv'
[1.709s] INFO:colcon.colcon_core.shell:Creating environment hook '/workspaces/workspaces/legged-robots/my_workspace/install/walking/share/walking/hook/ament_prefix_path.sh'
[1.709s] INFO:colcon.colcon_core.shell:Skip shell extension 'powershell' for command environment: Not usable outside of PowerShell
[1.709s] DEBUG:colcon.colcon_core.shell:Skip shell extension 'dsv' for command environment
[1.712s] INFO:colcon.colcon_ros.task.ament_python.build:Building ROS package in '/workspaces/workspaces/legged-robots/my_workspace/src/whole_body_control' with build type 'ament_python'
[1.712s] Level 1:colcon.colcon_core.shell:create_environment_hook('whole_body_control', 'ament_prefix_path')
[1.712s] INFO:colcon.colcon_core.shell:Creating environment hook '/workspaces/workspaces/legged-robots/my_workspace/install/whole_body_control/share/whole_body_control/hook/ament_prefix_path.ps1'
[1.713s] INFO:colcon.colcon_core.shell:Creating environment descriptor '/workspaces/workspaces/legged-robots/my_workspace/install/whole_body_control/share/whole_body_control/hook/ament_prefix_path.dsv'
[1.713s] INFO:colcon.colcon_core.shell:Creating environment hook '/workspaces/workspaces/legged-robots/my_workspace/install/whole_body_control/share/whole_body_control/hook/ament_prefix_path.sh'
[1.714s] INFO:colcon.colcon_core.shell:Skip shell extension 'powershell' for command environment: Not usable outside of PowerShell
[1.714s] DEBUG:colcon.colcon_core.shell:Skip shell extension 'dsv' for command environment
[1.844s] INFO:colcon.colcon_core.task.python.build:Building Python package in '/workspaces/workspaces/legged-robots/my_workspace/src/bullet_sims'
[1.844s] INFO:colcon.colcon_core.shell:Skip shell extension 'powershell' for command environment: Not usable outside of PowerShell
[1.844s] DEBUG:colcon.colcon_core.shell:Skip shell extension 'dsv' for command environment
[1.968s] INFO:colcon.colcon_core.task.python.build:Building Python package in '/workspaces/workspaces/legged-robots/my_workspace/src/walking'
[1.968s] INFO:colcon.colcon_core.shell:Skip shell extension 'powershell' for command environment: Not usable outside of PowerShell
[1.968s] DEBUG:colcon.colcon_core.shell:Skip shell extension 'dsv' for command environment
[2.093s] INFO:colcon.colcon_core.task.python.build:Building Python package in '/workspaces/workspaces/legged-robots/my_workspace/src/whole_body_control'
[2.093s] INFO:colcon.colcon_core.shell:Skip shell extension 'powershell' for command environment: Not usable outside of PowerShell
[2.093s] DEBUG:colcon.colcon_core.shell:Skip shell extension 'dsv' for command environment
[2.416s] DEBUG:colcon.colcon_core.event_handler.log_command:Invoking command in '/workspaces/workspaces/legged-robots/my_workspace/build/bullet_sims': AMENT_PREFIX_PATH=/workspaces/workspaces/legged-robots/my_workspace/install/simulator:/workspaces/workspaces/legged-robots/my_workspace/install/whole_body_control:/workspaces/workspaces/legged-robots/my_workspace/install/walking:/workspaces/workspaces/legged-robots/my_workspace/install/bullet_sims:/workspaces/workspaces/legged-robots/my_workspace/install/talos_description:/workspaces/workspaces/legged-robots/my_workspace/install/ros_visuals:/workspaces/workspaces/legged-robots/my_workspace/install/reemc_description:/opt/ros/rolling PYTHONPATH=/workspaces/workspaces/legged-robots/my_workspace/build/bullet_sims/prefix_override:/usr/lib/python3/dist-packages/colcon_core/task/python/colcon_distutils_commands:/workspaces/workspaces/legged-robots/my_workspace/install/bullet_sims/lib/python3.12/site-packages:/workspaces/workspaces/legged-robots/my_workspace/build/simulator:/workspaces/workspaces/legged-robots/my_workspace/install/simulator/lib/python3.12/site-packages:/workspaces/workspaces/legged-robots/my_workspace/build/whole_body_control:/workspaces/workspaces/legged-robots/my_workspace/install/whole_body_control/lib/python3.12/site-packages:/workspaces/workspaces/legged-robots/my_workspace/build/walking:/workspaces/workspaces/legged-robots/my_workspace/install/walking/lib/python3.12/site-packages:/workspaces/workspaces/legged-robots/my_workspace/build/bullet_sims:/workspaces/workspaces/legged-robots/my_workspace/install/bullet_sims/lib/python3.12/site-packages:/workspaces/workspaces/legged-robots/my_workspace/build/ros_visuals:/workspaces/workspaces/legged-robots/my_workspace/install/ros_visuals/lib/python3.12/site-packages:/opt/openrobots/lib/python3.12/site-packages:/opt/openrobots/lib/python3.12/site-packages:/opt/ros/rolling/lib/python3.12/site-packages /usr/bin/python3 -W ignore:setup.py install is deprecated -W ignore:easy_install command is deprecated setup.py develop --editable --build-directory /workspaces/workspaces/legged-robots/my_workspace/build/bullet_sims/build --no-deps symlink_data
[2.419s] DEBUG:colcon.colcon_core.event_handler.log_command:Invoking command in '/workspaces/workspaces/legged-robots/my_workspace/build/walking': AMENT_PREFIX_PATH=/workspaces/workspaces/legged-robots/my_workspace/install/simulator:/workspaces/workspaces/legged-robots/my_workspace/install/whole_body_control:/workspaces/workspaces/legged-robots/my_workspace/install/walking:/workspaces/workspaces/legged-robots/my_workspace/install/bullet_sims:/workspaces/workspaces/legged-robots/my_workspace/install/talos_description:/workspaces/workspaces/legged-robots/my_workspace/install/ros_visuals:/workspaces/workspaces/legged-robots/my_workspace/install/reemc_description:/opt/ros/rolling PYTHONPATH=/workspaces/workspaces/legged-robots/my_workspace/build/walking/prefix_override:/usr/lib/python3/dist-packages/colcon_core/task/python/colcon_distutils_commands:/workspaces/workspaces/legged-robots/my_workspace/install/walking/lib/python3.12/site-packages:/workspaces/workspaces/legged-robots/my_workspace/build/simulator:/workspaces/workspaces/legged-robots/my_workspace/install/simulator/lib/python3.12/site-packages:/workspaces/workspaces/legged-robots/my_workspace/build/whole_body_control:/workspaces/workspaces/legged-robots/my_workspace/install/whole_body_control/lib/python3.12/site-packages:/workspaces/workspaces/legged-robots/my_workspace/build/walking:/workspaces/workspaces/legged-robots/my_workspace/install/walking/lib/python3.12/site-packages:/workspaces/workspaces/legged-robots/my_workspace/build/bullet_sims:/workspaces/workspaces/legged-robots/my_workspace/install/bullet_sims/lib/python3.12/site-packages:/workspaces/workspaces/legged-robots/my_workspace/build/ros_visuals:/workspaces/workspaces/legged-robots/my_workspace/install/ros_visuals/lib/python3.12/site-packages:/opt/openrobots/lib/python3.12/site-packages:/opt/openrobots/lib/python3.12/site-packages:/opt/ros/rolling/lib/python3.12/site-packages /usr/bin/python3 -W ignore:setup.py install is deprecated -W ignore:easy_install command is deprecated setup.py develop --editable --build-directory /workspaces/workspaces/legged-robots/my_workspace/build/walking/build --no-deps symlink_data
[2.420s] DEBUG:colcon.colcon_core.event_handler.log_command:Invoking command in '/workspaces/workspaces/legged-robots/my_workspace/build/whole_body_control': AMENT_PREFIX_PATH=/workspaces/workspaces/legged-robots/my_workspace/install/simulator:/workspaces/workspaces/legged-robots/my_workspace/install/whole_body_control:/workspaces/workspaces/legged-robots/my_workspace/install/walking:/workspaces/workspaces/legged-robots/my_workspace/install/bullet_sims:/workspaces/workspaces/legged-robots/my_workspace/install/talos_description:/workspaces/workspaces/legged-robots/my_workspace/install/ros_visuals:/workspaces/workspaces/legged-robots/my_workspace/install/reemc_description:/opt/ros/rolling PYTHONPATH=/workspaces/workspaces/legged-robots/my_workspace/build/whole_body_control/prefix_override:/usr/lib/python3/dist-packages/colcon_core/task/python/colcon_distutils_commands:/workspaces/workspaces/legged-robots/my_workspace/install/whole_body_control/lib/python3.12/site-packages:/workspaces/workspaces/legged-robots/my_workspace/build/simulator:/workspaces/workspaces/legged-robots/my_workspace/install/simulator/lib/python3.12/site-packages:/workspaces/workspaces/legged-robots/my_workspace/build/whole_body_control:/workspaces/workspaces/legged-robots/my_workspace/install/whole_body_control/lib/python3.12/site-packages:/workspaces/workspaces/legged-robots/my_workspace/build/walking:/workspaces/workspaces/legged-robots/my_workspace/install/walking/lib/python3.12/site-packages:/workspaces/workspaces/legged-robots/my_workspace/build/bullet_sims:/workspaces/workspaces/legged-robots/my_workspace/install/bullet_sims/lib/python3.12/site-packages:/workspaces/workspaces/legged-robots/my_workspace/build/ros_visuals:/workspaces/workspaces/legged-robots/my_workspace/install/ros_visuals/lib/python3.12/site-packages:/opt/openrobots/lib/python3.12/site-packages:/opt/openrobots/lib/python3.12/site-packages:/opt/ros/rolling/lib/python3.12/site-packages /usr/bin/python3 -W ignore:setup.py install is deprecated -W ignore:easy_install command is deprecated setup.py develop --editable --build-directory /workspaces/workspaces/legged-robots/my_workspace/build/whole_body_control/build --no-deps symlink_data
[2.924s] Level 1:colcon.colcon_core.shell:create_environment_hook('bullet_sims', 'pythonpath_develop')
[2.924s] INFO:colcon.colcon_core.shell:Creating environment hook '/workspaces/workspaces/legged-robots/my_workspace/build/bullet_sims/share/bullet_sims/hook/pythonpath_develop.ps1'
[2.925s] DEBUG:colcon.colcon_core.event_handler.log_command:Invoked command in '/workspaces/workspaces/legged-robots/my_workspace/build/bullet_sims' returned '0': AMENT_PREFIX_PATH=/workspaces/workspaces/legged-robots/my_workspace/install/simulator:/workspaces/workspaces/legged-robots/my_workspace/install/whole_body_control:/workspaces/workspaces/legged-robots/my_workspace/install/walking:/workspaces/workspaces/legged-robots/my_workspace/install/bullet_sims:/workspaces/workspaces/legged-robots/my_workspace/install/talos_description:/workspaces/workspaces/legged-robots/my_workspace/install/ros_visuals:/workspaces/workspaces/legged-robots/my_workspace/install/reemc_description:/opt/ros/rolling PYTHONPATH=/workspaces/workspaces/legged-robots/my_workspace/build/bullet_sims/prefix_override:/usr/lib/python3/dist-packages/colcon_core/task/python/colcon_distutils_commands:/workspaces/workspaces/legged-robots/my_workspace/install/bullet_sims/lib/python3.12/site-packages:/workspaces/workspaces/legged-robots/my_workspace/build/simulator:/workspaces/workspaces/legged-robots/my_workspace/install/simulator/lib/python3.12/site-packages:/workspaces/workspaces/legged-robots/my_workspace/build/whole_body_control:/workspaces/workspaces/legged-robots/my_workspace/install/whole_body_control/lib/python3.12/site-packages:/workspaces/workspaces/legged-robots/my_workspace/build/walking:/workspaces/workspaces/legged-robots/my_workspace/install/walking/lib/python3.12/site-packages:/workspaces/workspaces/legged-robots/my_workspace/build/bullet_sims:/workspaces/workspaces/legged-robots/my_workspace/install/bullet_sims/lib/python3.12/site-packages:/workspaces/workspaces/legged-robots/my_workspace/build/ros_visuals:/workspaces/workspaces/legged-robots/my_workspace/install/ros_visuals/lib/python3.12/site-packages:/opt/openrobots/lib/python3.12/site-packages:/opt/openrobots/lib/python3.12/site-packages:/opt/ros/rolling/lib/python3.12/site-packages /usr/bin/python3 -W ignore:setup.py install is deprecated -W ignore:easy_install command is deprecated setup.py develop --editable --build-directory /workspaces/workspaces/legged-robots/my_workspace/build/bullet_sims/build --no-deps symlink_data
[2.925s] INFO:colcon.colcon_core.shell:Creating environment descriptor '/workspaces/workspaces/legged-robots/my_workspace/build/bullet_sims/share/bullet_sims/hook/pythonpath_develop.dsv'
[2.925s] INFO:colcon.colcon_core.shell:Creating environment hook '/workspaces/workspaces/legged-robots/my_workspace/build/bullet_sims/share/bullet_sims/hook/pythonpath_develop.sh'
[2.926s] Level 1:colcon.colcon_core.environment:checking '/workspaces/workspaces/legged-robots/my_workspace/install/bullet_sims' for CMake module files
[2.926s] Level 1:colcon.colcon_core.environment:checking '/workspaces/workspaces/legged-robots/my_workspace/install/bullet_sims' for CMake config files
[2.926s] Level 1:colcon.colcon_core.environment:checking '/workspaces/workspaces/legged-robots/my_workspace/install/bullet_sims/lib'
[2.926s] Level 1:colcon.colcon_core.environment:checking '/workspaces/workspaces/legged-robots/my_workspace/install/bullet_sims/bin'
[2.926s] Level 1:colcon.colcon_core.environment:checking '/workspaces/workspaces/legged-robots/my_workspace/install/bullet_sims/lib/pkgconfig/bullet_sims.pc'
[2.926s] Level 1:colcon.colcon_core.environment:checking '/workspaces/workspaces/legged-robots/my_workspace/install/bullet_sims/lib/python3.12/site-packages'
[2.926s] Level 1:colcon.colcon_core.shell:create_environment_hook('bullet_sims', 'pythonpath')
[2.927s] INFO:colcon.colcon_core.shell:Creating environment hook '/workspaces/workspaces/legged-robots/my_workspace/install/bullet_sims/share/bullet_sims/hook/pythonpath.ps1'
[2.927s] INFO:colcon.colcon_core.shell:Creating environment descriptor '/workspaces/workspaces/legged-robots/my_workspace/install/bullet_sims/share/bullet_sims/hook/pythonpath.dsv'
[2.927s] INFO:colcon.colcon_core.shell:Creating environment hook '/workspaces/workspaces/legged-robots/my_workspace/install/bullet_sims/share/bullet_sims/hook/pythonpath.sh'
[2.927s] Level 1:colcon.colcon_core.environment:checking '/workspaces/workspaces/legged-robots/my_workspace/install/bullet_sims/bin'
[2.927s] Level 1:colcon.colcon_core.environment:create_environment_scripts_only(bullet_sims)
[2.927s] INFO:colcon.colcon_core.shell:Creating package script '/workspaces/workspaces/legged-robots/my_workspace/install/bullet_sims/share/bullet_sims/package.ps1'
[2.927s] INFO:colcon.colcon_core.shell:Creating package descriptor '/workspaces/workspaces/legged-robots/my_workspace/install/bullet_sims/share/bullet_sims/package.dsv'
[2.928s] INFO:colcon.colcon_core.shell:Creating package script '/workspaces/workspaces/legged-robots/my_workspace/install/bullet_sims/share/bullet_sims/package.sh'
[2.928s] INFO:colcon.colcon_core.shell:Creating package script '/workspaces/workspaces/legged-robots/my_workspace/install/bullet_sims/share/bullet_sims/package.bash'
[2.928s] INFO:colcon.colcon_core.shell:Creating package script '/workspaces/workspaces/legged-robots/my_workspace/install/bullet_sims/share/bullet_sims/package.zsh'
[2.928s] Level 1:colcon.colcon_core.environment:create_file_with_runtime_dependencies(/workspaces/workspaces/legged-robots/my_workspace/install/bullet_sims/share/colcon-core/packages/bullet_sims)
[2.938s] Level 1:colcon.colcon_core.shell:create_environment_hook('whole_body_control', 'pythonpath_develop')
[2.938s] DEBUG:colcon.colcon_core.event_handler.log_command:Invoked command in '/workspaces/workspaces/legged-robots/my_workspace/build/whole_body_control' returned '0': AMENT_PREFIX_PATH=/workspaces/workspaces/legged-robots/my_workspace/install/simulator:/workspaces/workspaces/legged-robots/my_workspace/install/whole_body_control:/workspaces/workspaces/legged-robots/my_workspace/install/walking:/workspaces/workspaces/legged-robots/my_workspace/install/bullet_sims:/workspaces/workspaces/legged-robots/my_workspace/install/talos_description:/workspaces/workspaces/legged-robots/my_workspace/install/ros_visuals:/workspaces/workspaces/legged-robots/my_workspace/install/reemc_description:/opt/ros/rolling PYTHONPATH=/workspaces/workspaces/legged-robots/my_workspace/build/whole_body_control/prefix_override:/usr/lib/python3/dist-packages/colcon_core/task/python/colcon_distutils_commands:/workspaces/workspaces/legged-robots/my_workspace/install/whole_body_control/lib/python3.12/site-packages:/workspaces/workspaces/legged-robots/my_workspace/build/simulator:/workspaces/workspaces/legged-robots/my_workspace/install/simulator/lib/python3.12/site-packages:/workspaces/workspaces/legged-robots/my_workspace/build/whole_body_control:/workspaces/workspaces/legged-robots/my_workspace/install/whole_body_control/lib/python3.12/site-packages:/workspaces/workspaces/legged-robots/my_workspace/build/walking:/workspaces/workspaces/legged-robots/my_workspace/install/walking/lib/python3.12/site-packages:/workspaces/workspaces/legged-robots/my_workspace/build/bullet_sims:/workspaces/workspaces/legged-robots/my_workspace/install/bullet_sims/lib/python3.12/site-packages:/workspaces/workspaces/legged-robots/my_workspace/build/ros_visuals:/workspaces/workspaces/legged-robots/my_workspace/install/ros_visuals/lib/python3.12/site-packages:/opt/openrobots/lib/python3.12/site-packages:/opt/openrobots/lib/python3.12/site-packages:/opt/ros/rolling/lib/python3.12/site-packages /usr/bin/python3 -W ignore:setup.py install is deprecated -W ignore:easy_install command is deprecated setup.py develop --editable --build-directory /workspaces/workspaces/legged-robots/my_workspace/build/whole_body_control/build --no-deps symlink_data
[2.939s] INFO:colcon.colcon_core.shell:Creating environment hook '/workspaces/workspaces/legged-robots/my_workspace/build/whole_body_control/share/whole_body_control/hook/pythonpath_develop.ps1'
[2.940s] INFO:colcon.colcon_core.shell:Creating environment descriptor '/workspaces/workspaces/legged-robots/my_workspace/build/whole_body_control/share/whole_body_control/hook/pythonpath_develop.dsv'
[2.940s] INFO:colcon.colcon_core.shell:Creating environment hook '/workspaces/workspaces/legged-robots/my_workspace/build/whole_body_control/share/whole_body_control/hook/pythonpath_develop.sh'
[2.940s] Level 1:colcon.colcon_core.environment:checking '/workspaces/workspaces/legged-robots/my_workspace/install/whole_body_control' for CMake module files
[2.941s] Level 1:colcon.colcon_core.environment:checking '/workspaces/workspaces/legged-robots/my_workspace/install/whole_body_control' for CMake config files
[2.941s] Level 1:colcon.colcon_core.environment:checking '/workspaces/workspaces/legged-robots/my_workspace/install/whole_body_control/lib'
[2.941s] Level 1:colcon.colcon_core.environment:checking '/workspaces/workspaces/legged-robots/my_workspace/install/whole_body_control/bin'
[2.941s] Level 1:colcon.colcon_core.environment:checking '/workspaces/workspaces/legged-robots/my_workspace/install/whole_body_control/lib/pkgconfig/whole_body_control.pc'
[2.941s] Level 1:colcon.colcon_core.environment:checking '/workspaces/workspaces/legged-robots/my_workspace/install/whole_body_control/lib/python3.12/site-packages'
[2.941s] Level 1:colcon.colcon_core.shell:create_environment_hook('whole_body_control', 'pythonpath')
[2.941s] INFO:colcon.colcon_core.shell:Creating environment hook '/workspaces/workspaces/legged-robots/my_workspace/install/whole_body_control/share/whole_body_control/hook/pythonpath.ps1'
[2.941s] INFO:colcon.colcon_core.shell:Creating environment descriptor '/workspaces/workspaces/legged-robots/my_workspace/install/whole_body_control/share/whole_body_control/hook/pythonpath.dsv'
[2.942s] INFO:colcon.colcon_core.shell:Creating environment hook '/workspaces/workspaces/legged-robots/my_workspace/install/whole_body_control/share/whole_body_control/hook/pythonpath.sh'
[2.942s] Level 1:colcon.colcon_core.environment:checking '/workspaces/workspaces/legged-robots/my_workspace/install/whole_body_control/bin'
[2.942s] Level 1:colcon.colcon_core.environment:create_environment_scripts_only(whole_body_control)
[2.942s] INFO:colcon.colcon_core.shell:Creating package script '/workspaces/workspaces/legged-robots/my_workspace/install/whole_body_control/share/whole_body_control/package.ps1'
[2.942s] INFO:colcon.colcon_core.shell:Creating package descriptor '/workspaces/workspaces/legged-robots/my_workspace/install/whole_body_control/share/whole_body_control/package.dsv'
[2.942s] INFO:colcon.colcon_core.shell:Creating package script '/workspaces/workspaces/legged-robots/my_workspace/install/whole_body_control/share/whole_body_control/package.sh'
[2.943s] INFO:colcon.colcon_core.shell:Creating package script '/workspaces/workspaces/legged-robots/my_workspace/install/whole_body_control/share/whole_body_control/package.bash'
[2.943s] INFO:colcon.colcon_core.shell:Creating package script '/workspaces/workspaces/legged-robots/my_workspace/install/whole_body_control/share/whole_body_control/package.zsh'
[2.943s] Level 1:colcon.colcon_core.environment:create_file_with_runtime_dependencies(/workspaces/workspaces/legged-robots/my_workspace/install/whole_body_control/share/colcon-core/packages/whole_body_control)
[3.015s] Level 1:colcon.colcon_core.shell:create_environment_hook('walking', 'pythonpath_develop')
[3.015s] INFO:colcon.colcon_core.shell:Creating environment hook '/workspaces/workspaces/legged-robots/my_workspace/build/walking/share/walking/hook/pythonpath_develop.ps1'
[3.016s] DEBUG:colcon.colcon_core.event_handler.log_command:Invoked command in '/workspaces/workspaces/legged-robots/my_workspace/build/walking' returned '0': AMENT_PREFIX_PATH=/workspaces/workspaces/legged-robots/my_workspace/install/simulator:/workspaces/workspaces/legged-robots/my_workspace/install/whole_body_control:/workspaces/workspaces/legged-robots/my_workspace/install/walking:/workspaces/workspaces/legged-robots/my_workspace/install/bullet_sims:/workspaces/workspaces/legged-robots/my_workspace/install/talos_description:/workspaces/workspaces/legged-robots/my_workspace/install/ros_visuals:/workspaces/workspaces/legged-robots/my_workspace/install/reemc_description:/opt/ros/rolling PYTHONPATH=/workspaces/workspaces/legged-robots/my_workspace/build/walking/prefix_override:/usr/lib/python3/dist-packages/colcon_core/task/python/colcon_distutils_commands:/workspaces/workspaces/legged-robots/my_workspace/install/walking/lib/python3.12/site-packages:/workspaces/workspaces/legged-robots/my_workspace/build/simulator:/workspaces/workspaces/legged-robots/my_workspace/install/simulator/lib/python3.12/site-packages:/workspaces/workspaces/legged-robots/my_workspace/build/whole_body_control:/workspaces/workspaces/legged-robots/my_workspace/install/whole_body_control/lib/python3.12/site-packages:/workspaces/workspaces/legged-robots/my_workspace/build/walking:/workspaces/workspaces/legged-robots/my_workspace/install/walking/lib/python3.12/site-packages:/workspaces/workspaces/legged-robots/my_workspace/build/bullet_sims:/workspaces/workspaces/legged-robots/my_workspace/install/bullet_sims/lib/python3.12/site-packages:/workspaces/workspaces/legged-robots/my_workspace/build/ros_visuals:/workspaces/workspaces/legged-robots/my_workspace/install/ros_visuals/lib/python3.12/site-packages:/opt/openrobots/lib/python3.12/site-packages:/opt/openrobots/lib/python3.12/site-packages:/opt/ros/rolling/lib/python3.12/site-packages /usr/bin/python3 -W ignore:setup.py install is deprecated -W ignore:easy_install command is deprecated setup.py develop --editable --build-directory /workspaces/workspaces/legged-robots/my_workspace/build/walking/build --no-deps symlink_data
[3.016s] INFO:colcon.colcon_core.shell:Creating environment descriptor '/workspaces/workspaces/legged-robots/my_workspace/build/walking/share/walking/hook/pythonpath_develop.dsv'
[3.016s] INFO:colcon.colcon_core.shell:Creating environment hook '/workspaces/workspaces/legged-robots/my_workspace/build/walking/share/walking/hook/pythonpath_develop.sh'
[3.017s] Level 1:colcon.colcon_core.environment:checking '/workspaces/workspaces/legged-robots/my_workspace/install/walking' for CMake module files
[3.017s] Level 1:colcon.colcon_core.environment:checking '/workspaces/workspaces/legged-robots/my_workspace/install/walking' for CMake config files
[3.017s] Level 1:colcon.colcon_core.environment:checking '/workspaces/workspaces/legged-robots/my_workspace/install/walking/lib'
[3.017s] Level 1:colcon.colcon_core.environment:checking '/workspaces/workspaces/legged-robots/my_workspace/install/walking/bin'
[3.017s] Level 1:colcon.colcon_core.environment:checking '/workspaces/workspaces/legged-robots/my_workspace/install/walking/lib/pkgconfig/walking.pc'
[3.017s] Level 1:colcon.colcon_core.environment:checking '/workspaces/workspaces/legged-robots/my_workspace/install/walking/lib/python3.12/site-packages'
[3.018s] Level 1:colcon.colcon_core.shell:create_environment_hook('walking', 'pythonpath')
[3.018s] INFO:colcon.colcon_core.shell:Creating environment hook '/workspaces/workspaces/legged-robots/my_workspace/install/walking/share/walking/hook/pythonpath.ps1'
[3.018s] INFO:colcon.colcon_core.shell:Creating environment descriptor '/workspaces/workspaces/legged-robots/my_workspace/install/walking/share/walking/hook/pythonpath.dsv'
[3.018s] INFO:colcon.colcon_core.shell:Creating environment hook '/workspaces/workspaces/legged-robots/my_workspace/install/walking/share/walking/hook/pythonpath.sh'
[3.019s] Level 1:colcon.colcon_core.environment:checking '/workspaces/workspaces/legged-robots/my_workspace/install/walking/bin'
[3.019s] Level 1:colcon.colcon_core.environment:create_environment_scripts_only(walking)
[3.019s] INFO:colcon.colcon_core.shell:Creating package script '/workspaces/workspaces/legged-robots/my_workspace/install/walking/share/walking/package.ps1'
[3.019s] INFO:colcon.colcon_core.shell:Creating package descriptor '/workspaces/workspaces/legged-robots/my_workspace/install/walking/share/walking/package.dsv'
[3.020s] INFO:colcon.colcon_core.shell:Creating package script '/workspaces/workspaces/legged-robots/my_workspace/install/walking/share/walking/package.sh'
[3.020s] INFO:colcon.colcon_core.shell:Creating package script '/workspaces/workspaces/legged-robots/my_workspace/install/walking/share/walking/package.bash'
[3.020s] INFO:colcon.colcon_core.shell:Creating package script '/workspaces/workspaces/legged-robots/my_workspace/install/walking/share/walking/package.zsh'
[3.020s] Level 1:colcon.colcon_core.environment:create_file_with_runtime_dependencies(/workspaces/workspaces/legged-robots/my_workspace/install/walking/share/colcon-core/packages/walking)
[3.021s] DEBUG:colcon.colcon_parallel_executor.executor.parallel:closing loop
[3.021s] DEBUG:colcon.colcon_parallel_executor.executor.parallel:loop closed
[3.021s] DEBUG:colcon.colcon_parallel_executor.executor.parallel:run_until_complete finished with '0'
[3.021s] DEBUG:colcon.colcon_core.event_reactor:joining thread
[3.025s] INFO:colcon.colcon_core.plugin_system:Skipping extension 'colcon_notification.desktop_notification.notify_send': Could not find 'notify-send'
[3.025s] INFO:colcon.colcon_core.plugin_system:Skipping extension 'colcon_notification.desktop_notification.terminal_notifier': Not used on non-Darwin systems
[3.025s] INFO:colcon.colcon_core.plugin_system:Skipping extension 'colcon_notification.desktop_notification.win32': Not used on non-Windows systems
[3.025s] INFO:colcon.colcon_notification.desktop_notification:Sending desktop notification using 'notify2'
[3.025s] DEBUG:colcon.colcon_notification.desktop_notification.notify2:Failed to initialize notify2: org.freedesktop.DBus.Error.InvalidFileContent: D-Bus library appears to be incorrectly set up: see the manual page for dbus-uuidgen to correct this issue. (Failed to open "/var/lib/dbus/machine-id": No such file or directory; UUID file '/etc/machine-id' should contain a hex string of length 32, not length 0, with no other text)
[3.025s] DEBUG:colcon.colcon_core.event_reactor:joined thread
[3.026s] INFO:colcon.colcon_core.shell:Creating prefix script '/workspaces/workspaces/legged-robots/my_workspace/install/local_setup.ps1'
[3.026s] INFO:colcon.colcon_core.shell:Creating prefix util module '/workspaces/workspaces/legged-robots/my_workspace/install/_local_setup_util_ps1.py'
[3.027s] INFO:colcon.colcon_core.shell:Creating prefix chain script '/workspaces/workspaces/legged-robots/my_workspace/install/setup.ps1'
[3.027s] INFO:colcon.colcon_core.shell:Creating prefix script '/workspaces/workspaces/legged-robots/my_workspace/install/local_setup.sh'
[3.028s] INFO:colcon.colcon_core.shell:Creating prefix util module '/workspaces/workspaces/legged-robots/my_workspace/install/_local_setup_util_sh.py'
[3.028s] INFO:colcon.colcon_core.shell:Creating prefix chain script '/workspaces/workspaces/legged-robots/my_workspace/install/setup.sh'
[3.029s] INFO:colcon.colcon_core.shell:Creating prefix script '/workspaces/workspaces/legged-robots/my_workspace/install/local_setup.bash'
[3.029s] INFO:colcon.colcon_core.shell:Creating prefix chain script '/workspaces/workspaces/legged-robots/my_workspace/install/setup.bash'
[3.029s] INFO:colcon.colcon_core.shell:Creating prefix script '/workspaces/workspaces/legged-robots/my_workspace/install/local_setup.zsh'
[3.029s] INFO:colcon.colcon_core.shell:Creating prefix chain script '/workspaces/workspaces/legged-robots/my_workspace/install/setup.zsh'
