/workspaces/workspaces/my_workspace/install/ros_visuals/lib/python3.12/site-packages/ros_visuals/t12.py
/workspaces/workspaces/my_workspace/install/ros_visuals/lib/python3.12/site-packages/ros_visuals/t13.py
/workspaces/workspaces/my_workspace/install/ros_visuals/lib/python3.12/site-packages/ros_visuals/__init__.py
/workspaces/workspaces/my_workspace/install/ros_visuals/lib/python3.12/site-packages/ros_visuals/t11.py
/workspaces/workspaces/my_workspace/install/ros_visuals/lib/python3.12/site-packages/ros_visuals/pinocchio_test.py
/workspaces/workspaces/my_workspace/install/ros_visuals/lib/python3.12/site-packages/ros_visuals/__pycache__/t12.cpython-312.pyc
/workspaces/workspaces/my_workspace/install/ros_visuals/lib/python3.12/site-packages/ros_visuals/__pycache__/t13.cpython-312.pyc
/workspaces/workspaces/my_workspace/install/ros_visuals/lib/python3.12/site-packages/ros_visuals/__pycache__/__init__.cpython-312.pyc
/workspaces/workspaces/my_workspace/install/ros_visuals/lib/python3.12/site-packages/ros_visuals/__pycache__/t11.cpython-312.pyc
/workspaces/workspaces/my_workspace/install/ros_visuals/lib/python3.12/site-packages/ros_visuals/__pycache__/pinocchio_test.cpython-312.pyc
/workspaces/workspaces/my_workspace/install/ros_visuals/share/ament_index/resource_index/packages/package.xml
/workspaces/workspaces/my_workspace/install/ros_visuals/share/ros_visuals/config/compare_cage.rviz
/workspaces/workspaces/my_workspace/install/ros_visuals/share/ros_visuals/config/talos_new.rviz
/workspaces/workspaces/my_workspace/install/ros_visuals/share/ros_visuals/config/rviz_config.rviz
/workspaces/workspaces/my_workspace/install/ros_visuals/share/ros_visuals/config/talos.rviz
/workspaces/workspaces/my_workspace/install/ros_visuals/share/ros_visuals/launch/launch.py
/workspaces/workspaces/my_workspace/install/ros_visuals/share/ros_visuals/launch/talos_rviz_launch.py
/workspaces/workspaces/my_workspace/install/ros_visuals/share/ros_visuals/launch/compare_methods.launch.py
/workspaces/workspaces/my_workspace/install/ros_visuals/lib/python3.12/site-packages/ros_visuals-0.0.0-py3.12.egg-info/entry_points.txt
/workspaces/workspaces/my_workspace/install/ros_visuals/lib/python3.12/site-packages/ros_visuals-0.0.0-py3.12.egg-info/top_level.txt
/workspaces/workspaces/my_workspace/install/ros_visuals/lib/python3.12/site-packages/ros_visuals-0.0.0-py3.12.egg-info/PKG-INFO
/workspaces/workspaces/my_workspace/install/ros_visuals/lib/python3.12/site-packages/ros_visuals-0.0.0-py3.12.egg-info/dependency_links.txt
/workspaces/workspaces/my_workspace/install/ros_visuals/lib/python3.12/site-packages/ros_visuals-0.0.0-py3.12.egg-info/requires.txt
/workspaces/workspaces/my_workspace/install/ros_visuals/lib/python3.12/site-packages/ros_visuals-0.0.0-py3.12.egg-info/SOURCES.txt
/workspaces/workspaces/my_workspace/install/ros_visuals/lib/python3.12/site-packages/ros_visuals-0.0.0-py3.12.egg-info/zip-safe
/workspaces/workspaces/my_workspace/install/ros_visuals/lib/ros_visuals/t11
/workspaces/workspaces/my_workspace/install/ros_visuals/lib/ros_visuals/t12
/workspaces/workspaces/my_workspace/install/ros_visuals/lib/ros_visuals/t13
