[2.881s] Invoking command in '/workspaces/workspaces/my_workspace/build/whole_body_control': AMENT_PREFIX_PATH=/workspaces/workspaces/my_workspace/install/simulator:/workspaces/workspaces/my_workspace/install/whole_body_control:/workspaces/workspaces/my_workspace/install/bullet_sims:/workspaces/workspaces/my_workspace/install/talos_description:/workspaces/workspaces/my_workspace/install/ros_visuals:/workspaces/workspaces/my_workspace/install/reemc_description:/opt/ros/rolling PYTHONPATH=/workspaces/workspaces/my_workspace/build/whole_body_control/prefix_override:/usr/lib/python3/dist-packages/colcon_core/task/python/colcon_distutils_commands:/workspaces/workspaces/my_workspace/install/whole_body_control/lib/python3.12/site-packages:/workspaces/workspaces/my_workspace/build/simulator:/workspaces/workspaces/my_workspace/install/simulator/lib/python3.12/site-packages:/workspaces/workspaces/my_workspace/build/whole_body_control:/workspaces/workspaces/my_workspace/install/whole_body_control/lib/python3.12/site-packages:/workspaces/workspaces/my_workspace/build/bullet_sims:/workspaces/workspaces/my_workspace/install/bullet_sims/lib/python3.12/site-packages:/workspaces/workspaces/my_workspace/build/ros_visuals:/workspaces/workspaces/my_workspace/install/ros_visuals/lib/python3.12/site-packages:/opt/openrobots/lib/python3.12/site-packages:/opt/ros/rolling/lib/python3.12/site-packages /usr/bin/python3 -W ignore:setup.py install is deprecated -W ignore:easy_install command is deprecated setup.py develop --editable --build-directory /workspaces/workspaces/my_workspace/build/whole_body_control/build --no-deps symlink_data
[4.492s] running develop
[5.138s] running egg_info
[5.138s] creating whole_body_control.egg-info
[5.183s] writing whole_body_control.egg-info/PKG-INFO
[5.184s] writing dependency_links to whole_body_control.egg-info/dependency_links.txt
[5.184s] writing entry points to whole_body_control.egg-info/entry_points.txt
[5.185s] writing requirements to whole_body_control.egg-info/requires.txt
[5.185s] writing top-level names to whole_body_control.egg-info/top_level.txt
[5.185s] writing manifest file 'whole_body_control.egg-info/SOURCES.txt'
[6.390s] reading manifest file 'whole_body_control.egg-info/SOURCES.txt'
[6.393s] writing manifest file 'whole_body_control.egg-info/SOURCES.txt'
[6.470s] running build_ext
[6.471s] Creating /workspaces/workspaces/my_workspace/install/whole_body_control/lib/python3.12/site-packages/whole-body-control.egg-link (link to .)
[6.472s] Installing t4_standing script to /workspaces/workspaces/my_workspace/install/whole_body_control/lib/whole_body_control
[6.473s] 
[6.473s] Installed /workspaces/workspaces/my_workspace/build/whole_body_control
[6.474s] running symlink_data
[6.474s] creating /workspaces/workspaces/my_workspace/install/whole_body_control/share/ament_index
[6.474s] creating /workspaces/workspaces/my_workspace/install/whole_body_control/share/ament_index/resource_index
[6.475s] creating /workspaces/workspaces/my_workspace/install/whole_body_control/share/ament_index/resource_index/packages
[6.475s] symbolically linking /workspaces/workspaces/my_workspace/build/whole_body_control/resource/whole_body_control -> /workspaces/workspaces/my_workspace/install/whole_body_control/share/ament_index/resource_index/packages
[6.475s] symbolically linking /workspaces/workspaces/my_workspace/build/whole_body_control/package.xml -> /workspaces/workspaces/my_workspace/install/whole_body_control/share/whole_body_control
[6.475s] creating /workspaces/workspaces/my_workspace/install/whole_body_control/share/whole_body_control/launch
[6.476s] symbolically linking /workspaces/workspaces/my_workspace/build/whole_body_control/launch/launch.py -> /workspaces/workspaces/my_workspace/install/whole_body_control/share/whole_body_control/launch
[6.580s] Invoked command in '/workspaces/workspaces/my_workspace/build/whole_body_control' returned '0': AMENT_PREFIX_PATH=/workspaces/workspaces/my_workspace/install/simulator:/workspaces/workspaces/my_workspace/install/whole_body_control:/workspaces/workspaces/my_workspace/install/bullet_sims:/workspaces/workspaces/my_workspace/install/talos_description:/workspaces/workspaces/my_workspace/install/ros_visuals:/workspaces/workspaces/my_workspace/install/reemc_description:/opt/ros/rolling PYTHONPATH=/workspaces/workspaces/my_workspace/build/whole_body_control/prefix_override:/usr/lib/python3/dist-packages/colcon_core/task/python/colcon_distutils_commands:/workspaces/workspaces/my_workspace/install/whole_body_control/lib/python3.12/site-packages:/workspaces/workspaces/my_workspace/build/simulator:/workspaces/workspaces/my_workspace/install/simulator/lib/python3.12/site-packages:/workspaces/workspaces/my_workspace/build/whole_body_control:/workspaces/workspaces/my_workspace/install/whole_body_control/lib/python3.12/site-packages:/workspaces/workspaces/my_workspace/build/bullet_sims:/workspaces/workspaces/my_workspace/install/bullet_sims/lib/python3.12/site-packages:/workspaces/workspaces/my_workspace/build/ros_visuals:/workspaces/workspaces/my_workspace/install/ros_visuals/lib/python3.12/site-packages:/opt/openrobots/lib/python3.12/site-packages:/opt/ros/rolling/lib/python3.12/site-packages /usr/bin/python3 -W ignore:setup.py install is deprecated -W ignore:easy_install command is deprecated setup.py develop --editable --build-directory /workspaces/workspaces/my_workspace/build/whole_body_control/build --no-deps symlink_data
