[3.112s] Invoking command in '/workspaces/workspaces/my_workspace/build/ros_visuals': PYTHONPATH=/workspaces/workspaces/my_workspace/build/ros_visuals/prefix_override:/usr/lib/python3/dist-packages/colcon_core/task/python/colcon_distutils_commands:/workspaces/workspaces/my_workspace/install/ros_visuals/lib/python3.12/site-packages:${PYTHONPATH} /usr/bin/python3 -W ignore:setup.py install is deprecated -W ignore:easy_install command is deprecated setup.py develop --uninstall --editable --build-directory /workspaces/workspaces/my_workspace/build/ros_visuals/build
[3.906s] running develop
[4.378s] Removing /workspaces/workspaces/my_workspace/install/ros_visuals/lib/python3.12/site-packages/ros-visuals.egg-link (link to .)
[4.483s] Invoked command in '/workspaces/workspaces/my_workspace/build/ros_visuals' returned '0': PYTHONPATH=/workspaces/workspaces/my_workspace/build/ros_visuals/prefix_override:/usr/lib/python3/dist-packages/colcon_core/task/python/colcon_distutils_commands:/workspaces/workspaces/my_workspace/install/ros_visuals/lib/python3.12/site-packages:${PYTHONPATH} /usr/bin/python3 -W ignore:setup.py install is deprecated -W ignore:easy_install command is deprecated setup.py develop --uninstall --editable --build-directory /workspaces/workspaces/my_workspace/build/ros_visuals/build
[4.485s] Invoking command in '/workspaces/workspaces/my_workspace/src/ros_visuals': PYTHONPATH=/workspaces/workspaces/my_workspace/build/ros_visuals/prefix_override:/usr/lib/python3/dist-packages/colcon_core/task/python/colcon_distutils_commands:/workspaces/workspaces/my_workspace/install/ros_visuals/lib/python3.12/site-packages:${PYTHONPATH} /usr/bin/python3 -W ignore:setup.py install is deprecated -W ignore:easy_install command is deprecated setup.py egg_info --egg-base ../../build/ros_visuals build --build-base /workspaces/workspaces/my_workspace/build/ros_visuals/build install --record /workspaces/workspaces/my_workspace/build/ros_visuals/install.log --single-version-externally-managed install_data --force
[5.195s] running egg_info
[5.242s] writing ../../build/ros_visuals/ros_visuals.egg-info/PKG-INFO
[5.243s] writing dependency_links to ../../build/ros_visuals/ros_visuals.egg-info/dependency_links.txt
[5.244s] writing entry points to ../../build/ros_visuals/ros_visuals.egg-info/entry_points.txt
[5.245s] writing requirements to ../../build/ros_visuals/ros_visuals.egg-info/requires.txt
[5.246s] writing top-level names to ../../build/ros_visuals/ros_visuals.egg-info/top_level.txt
[6.014s] writing manifest file '../../build/ros_visuals/ros_visuals.egg-info/SOURCES.txt'
[6.015s] running build
[6.015s] running build_py
[6.016s] running install
[6.040s] running install_lib
[6.085s] creating /workspaces/workspaces/my_workspace/install/ros_visuals/lib/python3.12/site-packages/ros_visuals
[6.085s] copying /workspaces/workspaces/my_workspace/build/ros_visuals/build/lib/ros_visuals/t12.py -> /workspaces/workspaces/my_workspace/install/ros_visuals/lib/python3.12/site-packages/ros_visuals
[6.085s] copying /workspaces/workspaces/my_workspace/build/ros_visuals/build/lib/ros_visuals/t13.py -> /workspaces/workspaces/my_workspace/install/ros_visuals/lib/python3.12/site-packages/ros_visuals
[6.085s] copying /workspaces/workspaces/my_workspace/build/ros_visuals/build/lib/ros_visuals/__init__.py -> /workspaces/workspaces/my_workspace/install/ros_visuals/lib/python3.12/site-packages/ros_visuals
[6.086s] copying /workspaces/workspaces/my_workspace/build/ros_visuals/build/lib/ros_visuals/t11.py -> /workspaces/workspaces/my_workspace/install/ros_visuals/lib/python3.12/site-packages/ros_visuals
[6.086s] copying /workspaces/workspaces/my_workspace/build/ros_visuals/build/lib/ros_visuals/pinocchio_test.py -> /workspaces/workspaces/my_workspace/install/ros_visuals/lib/python3.12/site-packages/ros_visuals
[6.087s] byte-compiling /workspaces/workspaces/my_workspace/install/ros_visuals/lib/python3.12/site-packages/ros_visuals/t12.py to t12.cpython-312.pyc
[6.094s] byte-compiling /workspaces/workspaces/my_workspace/install/ros_visuals/lib/python3.12/site-packages/ros_visuals/t13.py to t13.cpython-312.pyc
[6.101s] byte-compiling /workspaces/workspaces/my_workspace/install/ros_visuals/lib/python3.12/site-packages/ros_visuals/__init__.py to __init__.cpython-312.pyc
[6.101s] byte-compiling /workspaces/workspaces/my_workspace/install/ros_visuals/lib/python3.12/site-packages/ros_visuals/t11.py to t11.cpython-312.pyc
[6.105s] byte-compiling /workspaces/workspaces/my_workspace/install/ros_visuals/lib/python3.12/site-packages/ros_visuals/pinocchio_test.py to pinocchio_test.cpython-312.pyc
[6.105s] running install_data
[6.106s] copying package.xml -> /workspaces/workspaces/my_workspace/install/ros_visuals/share/ament_index/resource_index/packages
[6.106s] copying config/compare_cage.rviz -> /workspaces/workspaces/my_workspace/install/ros_visuals/share/ros_visuals/config
[6.108s] copying config/talos_new.rviz -> /workspaces/workspaces/my_workspace/install/ros_visuals/share/ros_visuals/config
[6.109s] copying config/rviz_config.rviz -> /workspaces/workspaces/my_workspace/install/ros_visuals/share/ros_visuals/config
[6.111s] copying config/talos.rviz -> /workspaces/workspaces/my_workspace/install/ros_visuals/share/ros_visuals/config
[6.111s] copying launch/talos_control_launch.py -> /workspaces/workspaces/my_workspace/install/ros_visuals/share/ros_visuals/launch
[6.112s] copying launch/launch.py -> /workspaces/workspaces/my_workspace/install/ros_visuals/share/ros_visuals/launch
[6.112s] copying launch/talos_rviz_launch.py -> /workspaces/workspaces/my_workspace/install/ros_visuals/share/ros_visuals/launch
[6.112s] copying launch/compare_methods.launch.py -> /workspaces/workspaces/my_workspace/install/ros_visuals/share/ros_visuals/launch
[6.113s] running install_egg_info
[6.160s] Copying ../../build/ros_visuals/ros_visuals.egg-info to /workspaces/workspaces/my_workspace/install/ros_visuals/lib/python3.12/site-packages/ros_visuals-0.0.0-py3.12.egg-info
[6.162s] running install_scripts
[6.457s] Installing t11 script to /workspaces/workspaces/my_workspace/install/ros_visuals/lib/ros_visuals
[6.457s] Installing t12 script to /workspaces/workspaces/my_workspace/install/ros_visuals/lib/ros_visuals
[6.457s] Installing t13 script to /workspaces/workspaces/my_workspace/install/ros_visuals/lib/ros_visuals
[6.458s] writing list of installed files to '/workspaces/workspaces/my_workspace/build/ros_visuals/install.log'
[6.545s] Invoked command in '/workspaces/workspaces/my_workspace/src/ros_visuals' returned '0': PYTHONPATH=/workspaces/workspaces/my_workspace/build/ros_visuals/prefix_override:/usr/lib/python3/dist-packages/colcon_core/task/python/colcon_distutils_commands:/workspaces/workspaces/my_workspace/install/ros_visuals/lib/python3.12/site-packages:${PYTHONPATH} /usr/bin/python3 -W ignore:setup.py install is deprecated -W ignore:easy_install command is deprecated setup.py egg_info --egg-base ../../build/ros_visuals build --build-base /workspaces/workspaces/my_workspace/build/ros_visuals/build install --record /workspaces/workspaces/my_workspace/build/ros_visuals/install.log --single-version-externally-managed install_data --force
