[1.883s] Invoking command in '/workspaces/workspaces/my_workspace/build/ros_visuals': PYTHONPATH=/workspaces/workspaces/my_workspace/build/ros_visuals/prefix_override:/usr/lib/python3/dist-packages/colcon_core/task/python/colcon_distutils_commands:/workspaces/workspaces/my_workspace/install/ros_visuals/lib/python3.12/site-packages:${PYTHONPATH} /usr/bin/python3 -W ignore:setup.py install is deprecated -W ignore:easy_install command is deprecated setup.py develop --editable --build-directory /workspaces/workspaces/my_workspace/build/ros_visuals/build --no-deps symlink_data
[2.419s] running develop
[2.745s] running egg_info
[2.776s] writing ros_visuals.egg-info/PKG-INFO
[2.776s] writing dependency_links to ros_visuals.egg-info/dependency_links.txt
[2.777s] writing entry points to ros_visuals.egg-info/entry_points.txt
[2.777s] writing requirements to ros_visuals.egg-info/requires.txt
[2.778s] writing top-level names to ros_visuals.egg-info/top_level.txt
[3.225s] writing manifest file 'ros_visuals.egg-info/SOURCES.txt'
[3.260s] running build_ext
[3.260s] Creating /workspaces/workspaces/my_workspace/install/ros_visuals/lib/python3.12/site-packages/ros-visuals.egg-link (link to .)
[3.261s] Installing t11 script to /workspaces/workspaces/my_workspace/install/ros_visuals/lib/ros_visuals
[3.261s] Installing t12 script to /workspaces/workspaces/my_workspace/install/ros_visuals/lib/ros_visuals
[3.262s] Installing t13 script to /workspaces/workspaces/my_workspace/install/ros_visuals/lib/ros_visuals
[3.263s] 
[3.263s] Installed /workspaces/workspaces/my_workspace/build/ros_visuals
[3.263s] running symlink_data
[3.264s] creating /workspaces/workspaces/my_workspace/install/ros_visuals/share/ros_visuals/config
[3.264s] symbolically linking /workspaces/workspaces/my_workspace/build/ros_visuals/config/compare_cage.rviz -> /workspaces/workspaces/my_workspace/install/ros_visuals/share/ros_visuals/config
[3.264s] symbolically linking /workspaces/workspaces/my_workspace/build/ros_visuals/config/talos_new.rviz -> /workspaces/workspaces/my_workspace/install/ros_visuals/share/ros_visuals/config
[3.264s] symbolically linking /workspaces/workspaces/my_workspace/build/ros_visuals/config/rviz_config.rviz -> /workspaces/workspaces/my_workspace/install/ros_visuals/share/ros_visuals/config
[3.265s] symbolically linking /workspaces/workspaces/my_workspace/build/ros_visuals/config/talos.rviz -> /workspaces/workspaces/my_workspace/install/ros_visuals/share/ros_visuals/config
[3.354s] Invoked command in '/workspaces/workspaces/my_workspace/build/ros_visuals' returned '0': PYTHONPATH=/workspaces/workspaces/my_workspace/build/ros_visuals/prefix_override:/usr/lib/python3/dist-packages/colcon_core/task/python/colcon_distutils_commands:/workspaces/workspaces/my_workspace/install/ros_visuals/lib/python3.12/site-packages:${PYTHONPATH} /usr/bin/python3 -W ignore:setup.py install is deprecated -W ignore:easy_install command is deprecated setup.py develop --editable --build-directory /workspaces/workspaces/my_workspace/build/ros_visuals/build --no-deps symlink_data
