[0.140s] DEBUG:colcon:Command line arguments: ['/usr/bin/colcon', 'build', '--symlink-install']
[0.140s] DEBUG:colcon:Parsed command line arguments: Namespace(log_base=None, log_level=None, verb_name='build', build_base='build', install_base='install', merge_install=False, symlink_install=True, test_result_base=None, continue_on_error=False, executor='parallel', parallel_workers=8, event_handlers=None, ignore_user_meta=False, metas=['./colcon.meta'], base_paths=['.'], packages_ignore=None, packages_ignore_regex=None, paths=None, packages_up_to=None, packages_up_to_regex=None, packages_above=None, packages_above_and_dependencies=None, packages_above_depth=None, packages_select_by_dep=None, packages_skip_by_dep=None, packages_skip_up_to=None, packages_select_build_failed=False, packages_skip_build_finished=False, packages_select_test_failures=False, packages_skip_test_passed=False, packages_select=None, packages_skip=None, packages_select_regex=None, packages_skip_regex=None, packages_start=None, packages_end=None, cmake_args=None, cmake_target=None, cmake_target_skip_unavailable=False, cmake_clean_cache=False, cmake_clean_first=False, cmake_force_configure=False, ament_cmake_args=None, catkin_cmake_args=None, catkin_skip_building_tests=False, mixin_files=None, mixin=None, verb_parser=<colcon_mixin.mixin.mixin_argument.MixinArgumentDecorator object at 0x76696b553d10>, verb_extension=<colcon_core.verb.build.BuildVerb object at 0x76696b5539e0>, main=<bound method BuildVerb.main of <colcon_core.verb.build.BuildVerb object at 0x76696b5539e0>>, mixin_verb=('build',))
[0.186s] Level 1:colcon.colcon_core.package_discovery:discover_packages(colcon_meta) check parameters
[0.187s] Level 1:colcon.colcon_core.package_discovery:discover_packages(recursive) check parameters
[0.187s] Level 1:colcon.colcon_core.package_discovery:discover_packages(ignore) check parameters
[0.187s] Level 1:colcon.colcon_core.package_discovery:discover_packages(path) check parameters
[0.187s] Level 1:colcon.colcon_core.package_discovery:discover_packages(colcon_meta) discover
[0.187s] Level 1:colcon.colcon_core.package_discovery:discover_packages(recursive) discover
[0.187s] INFO:colcon.colcon_core.package_discovery:Crawling recursively for packages in '/workspaces/workspaces/my_workspace'
[0.187s] Level 1:colcon.colcon_core.package_identification:_identify(.) by extensions ['ignore', 'ignore_ament_install']
[0.187s] Level 1:colcon.colcon_core.package_identification:_identify(.) by extension 'ignore'
[0.187s] Level 1:colcon.colcon_core.package_identification:_identify(.) by extension 'ignore_ament_install'
[0.187s] Level 1:colcon.colcon_core.package_identification:_identify(.) by extensions ['colcon_pkg']
[0.187s] Level 1:colcon.colcon_core.package_identification:_identify(.) by extension 'colcon_pkg'
[0.187s] Level 1:colcon.colcon_core.package_identification:_identify(.) by extensions ['colcon_meta']
[0.187s] Level 1:colcon.colcon_core.package_identification:_identify(.) by extension 'colcon_meta'
[0.187s] Level 1:colcon.colcon_core.package_identification:_identify(.) by extensions ['ros']
[0.187s] Level 1:colcon.colcon_core.package_identification:_identify(.) by extension 'ros'
[0.219s] Level 1:colcon.colcon_core.package_identification:_identify(.) by extensions ['cmake', 'python']
[0.219s] Level 1:colcon.colcon_core.package_identification:_identify(.) by extension 'cmake'
[0.219s] Level 1:colcon.colcon_core.package_identification:_identify(.) by extension 'python'
[0.219s] Level 1:colcon.colcon_core.package_identification:_identify(.) by extensions ['python_setup_py']
[0.219s] Level 1:colcon.colcon_core.package_identification:_identify(.) by extension 'python_setup_py'
[0.220s] Level 1:colcon.colcon_core.package_identification:_identify(build) by extensions ['ignore', 'ignore_ament_install']
[0.220s] Level 1:colcon.colcon_core.package_identification:_identify(build) by extension 'ignore'
[0.220s] Level 1:colcon.colcon_core.package_identification:_identify(build) ignored
[0.220s] Level 1:colcon.colcon_core.package_identification:_identify(install) by extensions ['ignore', 'ignore_ament_install']
[0.220s] Level 1:colcon.colcon_core.package_identification:_identify(install) by extension 'ignore'
[0.220s] Level 1:colcon.colcon_core.package_identification:_identify(install) ignored
[0.220s] Level 1:colcon.colcon_core.package_identification:_identify(log) by extensions ['ignore', 'ignore_ament_install']
[0.220s] Level 1:colcon.colcon_core.package_identification:_identify(log) by extension 'ignore'
[0.220s] Level 1:colcon.colcon_core.package_identification:_identify(log) ignored
[0.220s] Level 1:colcon.colcon_core.package_identification:_identify(src) by extensions ['ignore', 'ignore_ament_install']
[0.221s] Level 1:colcon.colcon_core.package_identification:_identify(src) by extension 'ignore'
[0.221s] Level 1:colcon.colcon_core.package_identification:_identify(src) by extension 'ignore_ament_install'
[0.221s] Level 1:colcon.colcon_core.package_identification:_identify(src) by extensions ['colcon_pkg']
[0.221s] Level 1:colcon.colcon_core.package_identification:_identify(src) by extension 'colcon_pkg'
[0.221s] Level 1:colcon.colcon_core.package_identification:_identify(src) by extensions ['colcon_meta']
[0.221s] Level 1:colcon.colcon_core.package_identification:_identify(src) by extension 'colcon_meta'
[0.221s] Level 1:colcon.colcon_core.package_identification:_identify(src) by extensions ['ros']
[0.221s] Level 1:colcon.colcon_core.package_identification:_identify(src) by extension 'ros'
[0.221s] Level 1:colcon.colcon_core.package_identification:_identify(src) by extensions ['cmake', 'python']
[0.221s] Level 1:colcon.colcon_core.package_identification:_identify(src) by extension 'cmake'
[0.221s] Level 1:colcon.colcon_core.package_identification:_identify(src) by extension 'python'
[0.221s] Level 1:colcon.colcon_core.package_identification:_identify(src) by extensions ['python_setup_py']
[0.221s] Level 1:colcon.colcon_core.package_identification:_identify(src) by extension 'python_setup_py'
[0.221s] Level 1:colcon.colcon_core.package_identification:_identify(src/bullet_sims) by extensions ['ignore', 'ignore_ament_install']
[0.221s] Level 1:colcon.colcon_core.package_identification:_identify(src/bullet_sims) by extension 'ignore'
[0.222s] Level 1:colcon.colcon_core.package_identification:_identify(src/bullet_sims) by extension 'ignore_ament_install'
[0.222s] Level 1:colcon.colcon_core.package_identification:_identify(src/bullet_sims) by extensions ['colcon_pkg']
[0.222s] Level 1:colcon.colcon_core.package_identification:_identify(src/bullet_sims) by extension 'colcon_pkg'
[0.222s] Level 1:colcon.colcon_core.package_identification:_identify(src/bullet_sims) by extensions ['colcon_meta']
[0.222s] Level 1:colcon.colcon_core.package_identification:_identify(src/bullet_sims) by extension 'colcon_meta'
[0.222s] Level 1:colcon.colcon_core.package_identification:_identify(src/bullet_sims) by extensions ['ros']
[0.222s] Level 1:colcon.colcon_core.package_identification:_identify(src/bullet_sims) by extension 'ros'
[0.225s] DEBUG:colcon.colcon_core.package_identification:Package 'src/bullet_sims' with type 'ros.ament_python' and name 'bullet_sims'
[0.225s] Level 1:colcon.colcon_core.package_identification:_identify(src/reemc_description) by extensions ['ignore', 'ignore_ament_install']
[0.225s] Level 1:colcon.colcon_core.package_identification:_identify(src/reemc_description) by extension 'ignore'
[0.225s] Level 1:colcon.colcon_core.package_identification:_identify(src/reemc_description) by extension 'ignore_ament_install'
[0.226s] Level 1:colcon.colcon_core.package_identification:_identify(src/reemc_description) by extensions ['colcon_pkg']
[0.226s] Level 1:colcon.colcon_core.package_identification:_identify(src/reemc_description) by extension 'colcon_pkg'
[0.226s] Level 1:colcon.colcon_core.package_identification:_identify(src/reemc_description) by extensions ['colcon_meta']
[0.226s] Level 1:colcon.colcon_core.package_identification:_identify(src/reemc_description) by extension 'colcon_meta'
[0.226s] Level 1:colcon.colcon_core.package_identification:_identify(src/reemc_description) by extensions ['ros']
[0.226s] Level 1:colcon.colcon_core.package_identification:_identify(src/reemc_description) by extension 'ros'
[0.226s] DEBUG:colcon.colcon_core.package_identification:Package 'src/reemc_description' with type 'ros.ament_cmake' and name 'reemc_description'
[0.227s] Level 1:colcon.colcon_core.package_identification:_identify(src/ros_visuals) by extensions ['ignore', 'ignore_ament_install']
[0.227s] Level 1:colcon.colcon_core.package_identification:_identify(src/ros_visuals) by extension 'ignore'
[0.227s] Level 1:colcon.colcon_core.package_identification:_identify(src/ros_visuals) by extension 'ignore_ament_install'
[0.227s] Level 1:colcon.colcon_core.package_identification:_identify(src/ros_visuals) by extensions ['colcon_pkg']
[0.227s] Level 1:colcon.colcon_core.package_identification:_identify(src/ros_visuals) by extension 'colcon_pkg'
[0.227s] Level 1:colcon.colcon_core.package_identification:_identify(src/ros_visuals) by extensions ['colcon_meta']
[0.227s] Level 1:colcon.colcon_core.package_identification:_identify(src/ros_visuals) by extension 'colcon_meta'
[0.227s] Level 1:colcon.colcon_core.package_identification:_identify(src/ros_visuals) by extensions ['ros']
[0.227s] Level 1:colcon.colcon_core.package_identification:_identify(src/ros_visuals) by extension 'ros'
[0.228s] DEBUG:colcon.colcon_core.package_identification:Package 'src/ros_visuals' with type 'ros.ament_python' and name 'ros_visuals'
[0.229s] Level 1:colcon.colcon_core.package_identification:_identify(src/simulator) by extensions ['ignore', 'ignore_ament_install']
[0.229s] Level 1:colcon.colcon_core.package_identification:_identify(src/simulator) by extension 'ignore'
[0.229s] Level 1:colcon.colcon_core.package_identification:_identify(src/simulator) by extension 'ignore_ament_install'
[0.229s] Level 1:colcon.colcon_core.package_identification:_identify(src/simulator) by extensions ['colcon_pkg']
[0.229s] Level 1:colcon.colcon_core.package_identification:_identify(src/simulator) by extension 'colcon_pkg'
[0.229s] Level 1:colcon.colcon_core.package_identification:_identify(src/simulator) by extensions ['colcon_meta']
[0.229s] Level 1:colcon.colcon_core.package_identification:_identify(src/simulator) by extension 'colcon_meta'
[0.229s] Level 1:colcon.colcon_core.package_identification:_identify(src/simulator) by extensions ['ros']
[0.229s] Level 1:colcon.colcon_core.package_identification:_identify(src/simulator) by extension 'ros'
[0.230s] DEBUG:colcon.colcon_core.package_identification:Package 'src/simulator' with type 'ros.ament_python' and name 'simulator'
[0.230s] Level 1:colcon.colcon_core.package_identification:_identify(src/talos_description) by extensions ['ignore', 'ignore_ament_install']
[0.230s] Level 1:colcon.colcon_core.package_identification:_identify(src/talos_description) by extension 'ignore'
[0.230s] Level 1:colcon.colcon_core.package_identification:_identify(src/talos_description) by extension 'ignore_ament_install'
[0.230s] Level 1:colcon.colcon_core.package_identification:_identify(src/talos_description) by extensions ['colcon_pkg']
[0.230s] Level 1:colcon.colcon_core.package_identification:_identify(src/talos_description) by extension 'colcon_pkg'
[0.230s] Level 1:colcon.colcon_core.package_identification:_identify(src/talos_description) by extensions ['colcon_meta']
[0.230s] Level 1:colcon.colcon_core.package_identification:_identify(src/talos_description) by extension 'colcon_meta'
[0.231s] Level 1:colcon.colcon_core.package_identification:_identify(src/talos_description) by extensions ['ros']
[0.231s] Level 1:colcon.colcon_core.package_identification:_identify(src/talos_description) by extension 'ros'
[0.231s] DEBUG:colcon.colcon_core.package_identification:Package 'src/talos_description' with type 'ros.ament_cmake' and name 'talos_description'
[0.231s] Level 1:colcon.colcon_core.package_discovery:discover_packages(recursive) using defaults
[0.231s] Level 1:colcon.colcon_core.package_discovery:discover_packages(ignore) discover
[0.231s] Level 1:colcon.colcon_core.package_discovery:discover_packages(ignore) using defaults
[0.231s] Level 1:colcon.colcon_core.package_discovery:discover_packages(path) discover
[0.231s] Level 1:colcon.colcon_core.package_discovery:discover_packages(path) using defaults
[0.256s] Level 5:colcon.colcon_core.verb:set package 'reemc_description' build argument 'cmake_args' from command line to 'None'
[0.256s] Level 5:colcon.colcon_core.verb:set package 'reemc_description' build argument 'cmake_target' from command line to 'None'
[0.256s] Level 5:colcon.colcon_core.verb:set package 'reemc_description' build argument 'cmake_target_skip_unavailable' from command line to 'False'
[0.256s] Level 5:colcon.colcon_core.verb:set package 'reemc_description' build argument 'cmake_clean_cache' from command line to 'False'
[0.256s] Level 5:colcon.colcon_core.verb:set package 'reemc_description' build argument 'cmake_clean_first' from command line to 'False'
[0.256s] Level 5:colcon.colcon_core.verb:set package 'reemc_description' build argument 'cmake_force_configure' from command line to 'False'
[0.256s] Level 5:colcon.colcon_core.verb:set package 'reemc_description' build argument 'ament_cmake_args' from command line to 'None'
[0.256s] Level 5:colcon.colcon_core.verb:set package 'reemc_description' build argument 'catkin_cmake_args' from command line to 'None'
[0.256s] Level 5:colcon.colcon_core.verb:set package 'reemc_description' build argument 'catkin_skip_building_tests' from command line to 'False'
[0.256s] DEBUG:colcon.colcon_core.verb:Building package 'reemc_description' with the following arguments: {'ament_cmake_args': None, 'build_base': '/workspaces/workspaces/my_workspace/build/reemc_description', 'catkin_cmake_args': None, 'catkin_skip_building_tests': False, 'cmake_args': None, 'cmake_clean_cache': False, 'cmake_clean_first': False, 'cmake_force_configure': False, 'cmake_target': None, 'cmake_target_skip_unavailable': False, 'install_base': '/workspaces/workspaces/my_workspace/install/reemc_description', 'merge_install': False, 'path': '/workspaces/workspaces/my_workspace/src/reemc_description', 'symlink_install': True, 'test_result_base': None}
[0.256s] Level 5:colcon.colcon_core.verb:set package 'ros_visuals' build argument 'cmake_args' from command line to 'None'
[0.256s] Level 5:colcon.colcon_core.verb:set package 'ros_visuals' build argument 'cmake_target' from command line to 'None'
[0.256s] Level 5:colcon.colcon_core.verb:set package 'ros_visuals' build argument 'cmake_target_skip_unavailable' from command line to 'False'
[0.256s] Level 5:colcon.colcon_core.verb:set package 'ros_visuals' build argument 'cmake_clean_cache' from command line to 'False'
[0.256s] Level 5:colcon.colcon_core.verb:set package 'ros_visuals' build argument 'cmake_clean_first' from command line to 'False'
[0.256s] Level 5:colcon.colcon_core.verb:set package 'ros_visuals' build argument 'cmake_force_configure' from command line to 'False'
[0.256s] Level 5:colcon.colcon_core.verb:set package 'ros_visuals' build argument 'ament_cmake_args' from command line to 'None'
[0.256s] Level 5:colcon.colcon_core.verb:set package 'ros_visuals' build argument 'catkin_cmake_args' from command line to 'None'
[0.256s] Level 5:colcon.colcon_core.verb:set package 'ros_visuals' build argument 'catkin_skip_building_tests' from command line to 'False'
[0.256s] DEBUG:colcon.colcon_core.verb:Building package 'ros_visuals' with the following arguments: {'ament_cmake_args': None, 'build_base': '/workspaces/workspaces/my_workspace/build/ros_visuals', 'catkin_cmake_args': None, 'catkin_skip_building_tests': False, 'cmake_args': None, 'cmake_clean_cache': False, 'cmake_clean_first': False, 'cmake_force_configure': False, 'cmake_target': None, 'cmake_target_skip_unavailable': False, 'install_base': '/workspaces/workspaces/my_workspace/install/ros_visuals', 'merge_install': False, 'path': '/workspaces/workspaces/my_workspace/src/ros_visuals', 'symlink_install': True, 'test_result_base': None}
[0.257s] Level 5:colcon.colcon_core.verb:set package 'simulator' build argument 'cmake_args' from command line to 'None'
[0.257s] Level 5:colcon.colcon_core.verb:set package 'simulator' build argument 'cmake_target' from command line to 'None'
[0.257s] Level 5:colcon.colcon_core.verb:set package 'simulator' build argument 'cmake_target_skip_unavailable' from command line to 'False'
[0.257s] Level 5:colcon.colcon_core.verb:set package 'simulator' build argument 'cmake_clean_cache' from command line to 'False'
[0.257s] Level 5:colcon.colcon_core.verb:set package 'simulator' build argument 'cmake_clean_first' from command line to 'False'
[0.257s] Level 5:colcon.colcon_core.verb:set package 'simulator' build argument 'cmake_force_configure' from command line to 'False'
[0.257s] Level 5:colcon.colcon_core.verb:set package 'simulator' build argument 'ament_cmake_args' from command line to 'None'
[0.257s] Level 5:colcon.colcon_core.verb:set package 'simulator' build argument 'catkin_cmake_args' from command line to 'None'
[0.257s] Level 5:colcon.colcon_core.verb:set package 'simulator' build argument 'catkin_skip_building_tests' from command line to 'False'
[0.257s] DEBUG:colcon.colcon_core.verb:Building package 'simulator' with the following arguments: {'ament_cmake_args': None, 'build_base': '/workspaces/workspaces/my_workspace/build/simulator', 'catkin_cmake_args': None, 'catkin_skip_building_tests': False, 'cmake_args': None, 'cmake_clean_cache': False, 'cmake_clean_first': False, 'cmake_force_configure': False, 'cmake_target': None, 'cmake_target_skip_unavailable': False, 'install_base': '/workspaces/workspaces/my_workspace/install/simulator', 'merge_install': False, 'path': '/workspaces/workspaces/my_workspace/src/simulator', 'symlink_install': True, 'test_result_base': None}
[0.257s] Level 5:colcon.colcon_core.verb:set package 'talos_description' build argument 'cmake_args' from command line to 'None'
[0.257s] Level 5:colcon.colcon_core.verb:set package 'talos_description' build argument 'cmake_target' from command line to 'None'
[0.257s] Level 5:colcon.colcon_core.verb:set package 'talos_description' build argument 'cmake_target_skip_unavailable' from command line to 'False'
[0.258s] Level 5:colcon.colcon_core.verb:set package 'talos_description' build argument 'cmake_clean_cache' from command line to 'False'
[0.258s] Level 5:colcon.colcon_core.verb:set package 'talos_description' build argument 'cmake_clean_first' from command line to 'False'
[0.258s] Level 5:colcon.colcon_core.verb:set package 'talos_description' build argument 'cmake_force_configure' from command line to 'False'
[0.258s] Level 5:colcon.colcon_core.verb:set package 'talos_description' build argument 'ament_cmake_args' from command line to 'None'
[0.258s] Level 5:colcon.colcon_core.verb:set package 'talos_description' build argument 'catkin_cmake_args' from command line to 'None'
[0.258s] Level 5:colcon.colcon_core.verb:set package 'talos_description' build argument 'catkin_skip_building_tests' from command line to 'False'
[0.258s] DEBUG:colcon.colcon_core.verb:Building package 'talos_description' with the following arguments: {'ament_cmake_args': None, 'build_base': '/workspaces/workspaces/my_workspace/build/talos_description', 'catkin_cmake_args': None, 'catkin_skip_building_tests': False, 'cmake_args': None, 'cmake_clean_cache': False, 'cmake_clean_first': False, 'cmake_force_configure': False, 'cmake_target': None, 'cmake_target_skip_unavailable': False, 'install_base': '/workspaces/workspaces/my_workspace/install/talos_description', 'merge_install': False, 'path': '/workspaces/workspaces/my_workspace/src/talos_description', 'symlink_install': True, 'test_result_base': None}
[0.258s] Level 5:colcon.colcon_core.verb:set package 'bullet_sims' build argument 'cmake_args' from command line to 'None'
[0.258s] Level 5:colcon.colcon_core.verb:set package 'bullet_sims' build argument 'cmake_target' from command line to 'None'
[0.258s] Level 5:colcon.colcon_core.verb:set package 'bullet_sims' build argument 'cmake_target_skip_unavailable' from command line to 'False'
[0.258s] Level 5:colcon.colcon_core.verb:set package 'bullet_sims' build argument 'cmake_clean_cache' from command line to 'False'
[0.258s] Level 5:colcon.colcon_core.verb:set package 'bullet_sims' build argument 'cmake_clean_first' from command line to 'False'
[0.258s] Level 5:colcon.colcon_core.verb:set package 'bullet_sims' build argument 'cmake_force_configure' from command line to 'False'
[0.258s] Level 5:colcon.colcon_core.verb:set package 'bullet_sims' build argument 'ament_cmake_args' from command line to 'None'
[0.258s] Level 5:colcon.colcon_core.verb:set package 'bullet_sims' build argument 'catkin_cmake_args' from command line to 'None'
[0.258s] Level 5:colcon.colcon_core.verb:set package 'bullet_sims' build argument 'catkin_skip_building_tests' from command line to 'False'
[0.258s] DEBUG:colcon.colcon_core.verb:Building package 'bullet_sims' with the following arguments: {'ament_cmake_args': None, 'build_base': '/workspaces/workspaces/my_workspace/build/bullet_sims', 'catkin_cmake_args': None, 'catkin_skip_building_tests': False, 'cmake_args': None, 'cmake_clean_cache': False, 'cmake_clean_first': False, 'cmake_force_configure': False, 'cmake_target': None, 'cmake_target_skip_unavailable': False, 'install_base': '/workspaces/workspaces/my_workspace/install/bullet_sims', 'merge_install': False, 'path': '/workspaces/workspaces/my_workspace/src/bullet_sims', 'symlink_install': True, 'test_result_base': None}
[0.258s] INFO:colcon.colcon_core.executor:Executing jobs using 'parallel' executor
[0.259s] DEBUG:colcon.colcon_parallel_executor.executor.parallel:run_until_complete
[0.260s] INFO:colcon.colcon_ros.task.ament_cmake.build:Building ROS package in '/workspaces/workspaces/my_workspace/src/reemc_description' with build type 'ament_cmake'
[0.260s] INFO:colcon.colcon_cmake.task.cmake.build:Building CMake package in '/workspaces/workspaces/my_workspace/src/reemc_description'
[0.263s] INFO:colcon.colcon_core.plugin_system:Skipping extension 'colcon_core.shell.bat': Not used on non-Windows systems
[0.263s] INFO:colcon.colcon_core.shell:Skip shell extension 'powershell' for command environment: Not usable outside of PowerShell
[0.263s] DEBUG:colcon.colcon_core.shell:Skip shell extension 'dsv' for command environment
[0.270s] INFO:colcon.colcon_ros.task.ament_python.build:Building ROS package in '/workspaces/workspaces/my_workspace/src/simulator' with build type 'ament_python'
[0.270s] Level 1:colcon.colcon_core.shell:create_environment_hook('simulator', 'ament_prefix_path')
[0.270s] INFO:colcon.colcon_core.shell:Creating environment hook '/workspaces/workspaces/my_workspace/install/simulator/share/simulator/hook/ament_prefix_path.ps1'
[0.271s] INFO:colcon.colcon_core.shell:Creating environment descriptor '/workspaces/workspaces/my_workspace/install/simulator/share/simulator/hook/ament_prefix_path.dsv'
[0.272s] INFO:colcon.colcon_core.shell:Creating environment hook '/workspaces/workspaces/my_workspace/install/simulator/share/simulator/hook/ament_prefix_path.sh'
[0.273s] INFO:colcon.colcon_core.shell:Skip shell extension 'powershell' for command environment: Not usable outside of PowerShell
[0.273s] DEBUG:colcon.colcon_core.shell:Skip shell extension 'dsv' for command environment
[0.281s] INFO:colcon.colcon_ros.task.ament_cmake.build:Building ROS package in '/workspaces/workspaces/my_workspace/src/talos_description' with build type 'ament_cmake'
[0.281s] INFO:colcon.colcon_cmake.task.cmake.build:Building CMake package in '/workspaces/workspaces/my_workspace/src/talos_description'
[0.282s] INFO:colcon.colcon_core.shell:Skip shell extension 'powershell' for command environment: Not usable outside of PowerShell
[0.282s] DEBUG:colcon.colcon_core.shell:Skip shell extension 'dsv' for command environment
[0.290s] INFO:colcon.colcon_ros.task.ament_python.build:Building ROS package in '/workspaces/workspaces/my_workspace/src/ros_visuals' with build type 'ament_python'
[0.291s] Level 1:colcon.colcon_core.shell:create_environment_hook('ros_visuals', 'ament_prefix_path')
[0.291s] INFO:colcon.colcon_core.shell:Creating environment hook '/workspaces/workspaces/my_workspace/install/ros_visuals/share/ros_visuals/hook/ament_prefix_path.ps1'
[0.293s] INFO:colcon.colcon_core.shell:Creating environment descriptor '/workspaces/workspaces/my_workspace/install/ros_visuals/share/ros_visuals/hook/ament_prefix_path.dsv'
[0.294s] INFO:colcon.colcon_core.shell:Creating environment hook '/workspaces/workspaces/my_workspace/install/ros_visuals/share/ros_visuals/hook/ament_prefix_path.sh'
[0.295s] INFO:colcon.colcon_core.shell:Skip shell extension 'powershell' for command environment: Not usable outside of PowerShell
[0.295s] DEBUG:colcon.colcon_core.shell:Skip shell extension 'dsv' for command environment
[0.314s] DEBUG:colcon.colcon_core.event_handler.log_command:Invoking command in '/workspaces/workspaces/my_workspace/build/reemc_description': CMAKE_PREFIX_PATH=${CMAKE_PREFIX_PATH}:/workspaces/workspaces/my_workspace/install/bullet_sims:/workspaces/workspaces/my_workspace/install/simulator:/workspaces/workspaces/my_workspace/install/ros_visuals:/opt/ros/rolling /usr/bin/cmake --build /workspaces/workspaces/my_workspace/build/reemc_description -- -j8 -l8
[0.671s] INFO:colcon.colcon_core.task.python.build:Building Python package in '/workspaces/workspaces/my_workspace/src/simulator'
[0.672s] INFO:colcon.colcon_core.shell:Skip shell extension 'powershell' for command environment: Not usable outside of PowerShell
[0.672s] DEBUG:colcon.colcon_core.shell:Skip shell extension 'dsv' for command environment
[0.692s] DEBUG:colcon.colcon_core.event_handler.log_command:Invoking command in '/workspaces/workspaces/my_workspace/build/talos_description': CMAKE_PREFIX_PATH=${CMAKE_PREFIX_PATH}:/workspaces/workspaces/my_workspace/install/bullet_sims:/workspaces/workspaces/my_workspace/install/simulator:/workspaces/workspaces/my_workspace/install/ros_visuals:/opt/ros/rolling /usr/bin/cmake --build /workspaces/workspaces/my_workspace/build/talos_description -- -j8 -l8
[0.696s] DEBUG:colcon.colcon_core.event_handler.log_command:Invoked command in '/workspaces/workspaces/my_workspace/build/reemc_description' returned '0': CMAKE_PREFIX_PATH=${CMAKE_PREFIX_PATH}:/workspaces/workspaces/my_workspace/install/bullet_sims:/workspaces/workspaces/my_workspace/install/simulator:/workspaces/workspaces/my_workspace/install/ros_visuals:/opt/ros/rolling /usr/bin/cmake --build /workspaces/workspaces/my_workspace/build/reemc_description -- -j8 -l8
[0.727s] DEBUG:colcon.colcon_core.event_handler.log_command:Invoking command in '/workspaces/workspaces/my_workspace/build/reemc_description': CMAKE_PREFIX_PATH=${CMAKE_PREFIX_PATH}:/workspaces/workspaces/my_workspace/install/bullet_sims:/workspaces/workspaces/my_workspace/install/simulator:/workspaces/workspaces/my_workspace/install/ros_visuals:/opt/ros/rolling /usr/bin/cmake --install /workspaces/workspaces/my_workspace/build/reemc_description
[1.091s] WARNING:colcon.colcon_ros.task.ament_python.build:Package 'ros_visuals' doesn't explicitly install a marker in the package index (colcon-ros currently does it implicitly but that fallback will be removed in the future)
[1.091s] WARNING:colcon.colcon_ros.task.ament_python.build:Package 'ros_visuals' doesn't explicitly install the 'package.xml' file (colcon-ros currently does it implicitly but that fallback will be removed in the future)
[1.092s] INFO:colcon.colcon_core.task.python.build:Building Python package in '/workspaces/workspaces/my_workspace/src/ros_visuals'
[1.092s] INFO:colcon.colcon_core.shell:Skip shell extension 'powershell' for command environment: Not usable outside of PowerShell
[1.093s] DEBUG:colcon.colcon_core.shell:Skip shell extension 'dsv' for command environment
[1.134s] DEBUG:colcon.colcon_core.event_handler.log_command:Invoked command in '/workspaces/workspaces/my_workspace/build/talos_description' returned '0': CMAKE_PREFIX_PATH=${CMAKE_PREFIX_PATH}:/workspaces/workspaces/my_workspace/install/bullet_sims:/workspaces/workspaces/my_workspace/install/simulator:/workspaces/workspaces/my_workspace/install/ros_visuals:/opt/ros/rolling /usr/bin/cmake --build /workspaces/workspaces/my_workspace/build/talos_description -- -j8 -l8
[1.136s] DEBUG:colcon.colcon_core.event_handler.log_command:Invoking command in '/workspaces/workspaces/my_workspace/build/talos_description': CMAKE_PREFIX_PATH=${CMAKE_PREFIX_PATH}:/workspaces/workspaces/my_workspace/install/bullet_sims:/workspaces/workspaces/my_workspace/install/simulator:/workspaces/workspaces/my_workspace/install/ros_visuals:/opt/ros/rolling /usr/bin/cmake --install /workspaces/workspaces/my_workspace/build/talos_description
[1.138s] Level 1:colcon.colcon_core.environment:create_environment_scripts_only(reemc_description)
[1.138s] DEBUG:colcon.colcon_core.event_handler.log_command:Invoked command in '/workspaces/workspaces/my_workspace/build/reemc_description' returned '0': CMAKE_PREFIX_PATH=${CMAKE_PREFIX_PATH}:/workspaces/workspaces/my_workspace/install/bullet_sims:/workspaces/workspaces/my_workspace/install/simulator:/workspaces/workspaces/my_workspace/install/ros_visuals:/opt/ros/rolling /usr/bin/cmake --install /workspaces/workspaces/my_workspace/build/reemc_description
[1.148s] Level 1:colcon.colcon_core.environment:checking '/workspaces/workspaces/my_workspace/install/reemc_description' for CMake module files
[1.150s] Level 1:colcon.colcon_core.environment:checking '/workspaces/workspaces/my_workspace/install/reemc_description' for CMake config files
[1.153s] Level 1:colcon.colcon_core.shell:create_environment_hook('reemc_description', 'cmake_prefix_path')
[1.153s] INFO:colcon.colcon_core.shell:Creating environment hook '/workspaces/workspaces/my_workspace/install/reemc_description/share/reemc_description/hook/cmake_prefix_path.ps1'
[1.154s] INFO:colcon.colcon_core.shell:Creating environment descriptor '/workspaces/workspaces/my_workspace/install/reemc_description/share/reemc_description/hook/cmake_prefix_path.dsv'
[1.155s] INFO:colcon.colcon_core.shell:Creating environment hook '/workspaces/workspaces/my_workspace/install/reemc_description/share/reemc_description/hook/cmake_prefix_path.sh'
[1.157s] Level 1:colcon.colcon_core.environment:checking '/workspaces/workspaces/my_workspace/install/reemc_description/bin'
[1.157s] Level 1:colcon.colcon_core.environment:checking '/workspaces/workspaces/my_workspace/install/reemc_description/lib/pkgconfig/reemc_description.pc'
[1.157s] Level 1:colcon.colcon_core.environment:checking '/workspaces/workspaces/my_workspace/install/reemc_description/lib/python3.12/site-packages'
[1.158s] Level 1:colcon.colcon_core.environment:checking '/workspaces/workspaces/my_workspace/install/reemc_description/bin'
[1.158s] INFO:colcon.colcon_core.shell:Creating package script '/workspaces/workspaces/my_workspace/install/reemc_description/share/reemc_description/package.ps1'
[1.160s] INFO:colcon.colcon_core.shell:Creating package descriptor '/workspaces/workspaces/my_workspace/install/reemc_description/share/reemc_description/package.dsv'
[1.161s] INFO:colcon.colcon_core.shell:Creating package script '/workspaces/workspaces/my_workspace/install/reemc_description/share/reemc_description/package.sh'
[1.163s] INFO:colcon.colcon_core.shell:Creating package script '/workspaces/workspaces/my_workspace/install/reemc_description/share/reemc_description/package.bash'
[1.164s] INFO:colcon.colcon_core.shell:Creating package script '/workspaces/workspaces/my_workspace/install/reemc_description/share/reemc_description/package.zsh'
[1.166s] Level 1:colcon.colcon_core.environment:create_file_with_runtime_dependencies(/workspaces/workspaces/my_workspace/install/reemc_description/share/colcon-core/packages/reemc_description)
[1.167s] Level 1:colcon.colcon_core.environment:create_environment_scripts_only(reemc_description)
[1.167s] Level 1:colcon.colcon_core.environment:checking '/workspaces/workspaces/my_workspace/install/reemc_description' for CMake module files
[1.169s] Level 1:colcon.colcon_core.environment:checking '/workspaces/workspaces/my_workspace/install/reemc_description' for CMake config files
[1.171s] Level 1:colcon.colcon_core.shell:create_environment_hook('reemc_description', 'cmake_prefix_path')
[1.172s] INFO:colcon.colcon_core.shell:Creating environment hook '/workspaces/workspaces/my_workspace/install/reemc_description/share/reemc_description/hook/cmake_prefix_path.ps1'
[1.173s] INFO:colcon.colcon_core.shell:Creating environment descriptor '/workspaces/workspaces/my_workspace/install/reemc_description/share/reemc_description/hook/cmake_prefix_path.dsv'
[1.174s] INFO:colcon.colcon_core.shell:Creating environment hook '/workspaces/workspaces/my_workspace/install/reemc_description/share/reemc_description/hook/cmake_prefix_path.sh'
[1.175s] Level 1:colcon.colcon_core.environment:checking '/workspaces/workspaces/my_workspace/install/reemc_description/bin'
[1.175s] Level 1:colcon.colcon_core.environment:checking '/workspaces/workspaces/my_workspace/install/reemc_description/lib/pkgconfig/reemc_description.pc'
[1.176s] Level 1:colcon.colcon_core.environment:checking '/workspaces/workspaces/my_workspace/install/reemc_description/lib/python3.12/site-packages'
[1.176s] Level 1:colcon.colcon_core.environment:checking '/workspaces/workspaces/my_workspace/install/reemc_description/bin'
[1.177s] INFO:colcon.colcon_core.shell:Creating package script '/workspaces/workspaces/my_workspace/install/reemc_description/share/reemc_description/package.ps1'
[1.178s] INFO:colcon.colcon_core.shell:Creating package descriptor '/workspaces/workspaces/my_workspace/install/reemc_description/share/reemc_description/package.dsv'
[1.179s] INFO:colcon.colcon_core.shell:Creating package script '/workspaces/workspaces/my_workspace/install/reemc_description/share/reemc_description/package.sh'
[1.180s] INFO:colcon.colcon_core.shell:Creating package script '/workspaces/workspaces/my_workspace/install/reemc_description/share/reemc_description/package.bash'
[1.181s] INFO:colcon.colcon_core.shell:Creating package script '/workspaces/workspaces/my_workspace/install/reemc_description/share/reemc_description/package.zsh'
[1.183s] Level 1:colcon.colcon_core.environment:create_file_with_runtime_dependencies(/workspaces/workspaces/my_workspace/install/reemc_description/share/colcon-core/packages/reemc_description)
[1.232s] Level 1:colcon.colcon_core.environment:create_environment_scripts_only(talos_description)
[1.232s] Level 1:colcon.colcon_core.environment:checking '/workspaces/workspaces/my_workspace/install/talos_description' for CMake module files
[1.233s] DEBUG:colcon.colcon_core.event_handler.log_command:Invoked command in '/workspaces/workspaces/my_workspace/build/talos_description' returned '0': CMAKE_PREFIX_PATH=${CMAKE_PREFIX_PATH}:/workspaces/workspaces/my_workspace/install/bullet_sims:/workspaces/workspaces/my_workspace/install/simulator:/workspaces/workspaces/my_workspace/install/ros_visuals:/opt/ros/rolling /usr/bin/cmake --install /workspaces/workspaces/my_workspace/build/talos_description
[1.234s] Level 1:colcon.colcon_core.environment:checking '/workspaces/workspaces/my_workspace/install/talos_description' for CMake config files
[1.237s] Level 1:colcon.colcon_core.shell:create_environment_hook('talos_description', 'cmake_prefix_path')
[1.237s] INFO:colcon.colcon_core.shell:Creating environment hook '/workspaces/workspaces/my_workspace/install/talos_description/share/talos_description/hook/cmake_prefix_path.ps1'
[1.238s] INFO:colcon.colcon_core.shell:Creating environment descriptor '/workspaces/workspaces/my_workspace/install/talos_description/share/talos_description/hook/cmake_prefix_path.dsv'
[1.239s] INFO:colcon.colcon_core.shell:Creating environment hook '/workspaces/workspaces/my_workspace/install/talos_description/share/talos_description/hook/cmake_prefix_path.sh'
[1.240s] Level 1:colcon.colcon_core.environment:checking '/workspaces/workspaces/my_workspace/install/talos_description/bin'
[1.240s] Level 1:colcon.colcon_core.environment:checking '/workspaces/workspaces/my_workspace/install/talos_description/lib/pkgconfig/talos_description.pc'
[1.240s] Level 1:colcon.colcon_core.environment:checking '/workspaces/workspaces/my_workspace/install/talos_description/lib/python3.12/site-packages'
[1.241s] Level 1:colcon.colcon_core.environment:checking '/workspaces/workspaces/my_workspace/install/talos_description/bin'
[1.241s] INFO:colcon.colcon_core.shell:Creating package script '/workspaces/workspaces/my_workspace/install/talos_description/share/talos_description/package.ps1'
[1.242s] INFO:colcon.colcon_core.shell:Creating package descriptor '/workspaces/workspaces/my_workspace/install/talos_description/share/talos_description/package.dsv'
[1.243s] INFO:colcon.colcon_core.shell:Creating package script '/workspaces/workspaces/my_workspace/install/talos_description/share/talos_description/package.sh'
[1.244s] INFO:colcon.colcon_core.shell:Creating package script '/workspaces/workspaces/my_workspace/install/talos_description/share/talos_description/package.bash'
[1.245s] INFO:colcon.colcon_core.shell:Creating package script '/workspaces/workspaces/my_workspace/install/talos_description/share/talos_description/package.zsh'
[1.245s] Level 1:colcon.colcon_core.environment:create_file_with_runtime_dependencies(/workspaces/workspaces/my_workspace/install/talos_description/share/colcon-core/packages/talos_description)
[1.246s] Level 1:colcon.colcon_core.environment:create_environment_scripts_only(talos_description)
[1.247s] Level 1:colcon.colcon_core.environment:checking '/workspaces/workspaces/my_workspace/install/talos_description' for CMake module files
[1.248s] Level 1:colcon.colcon_core.environment:checking '/workspaces/workspaces/my_workspace/install/talos_description' for CMake config files
[1.250s] Level 1:colcon.colcon_core.shell:create_environment_hook('talos_description', 'cmake_prefix_path')
[1.250s] INFO:colcon.colcon_core.shell:Creating environment hook '/workspaces/workspaces/my_workspace/install/talos_description/share/talos_description/hook/cmake_prefix_path.ps1'
[1.251s] INFO:colcon.colcon_core.shell:Creating environment descriptor '/workspaces/workspaces/my_workspace/install/talos_description/share/talos_description/hook/cmake_prefix_path.dsv'
[1.251s] INFO:colcon.colcon_core.shell:Creating environment hook '/workspaces/workspaces/my_workspace/install/talos_description/share/talos_description/hook/cmake_prefix_path.sh'
[1.252s] Level 1:colcon.colcon_core.environment:checking '/workspaces/workspaces/my_workspace/install/talos_description/bin'
[1.253s] Level 1:colcon.colcon_core.environment:checking '/workspaces/workspaces/my_workspace/install/talos_description/lib/pkgconfig/talos_description.pc'
[1.253s] Level 1:colcon.colcon_core.environment:checking '/workspaces/workspaces/my_workspace/install/talos_description/lib/python3.12/site-packages'
[1.253s] Level 1:colcon.colcon_core.environment:checking '/workspaces/workspaces/my_workspace/install/talos_description/bin'
[1.254s] INFO:colcon.colcon_core.shell:Creating package script '/workspaces/workspaces/my_workspace/install/talos_description/share/talos_description/package.ps1'
[1.255s] INFO:colcon.colcon_core.shell:Creating package descriptor '/workspaces/workspaces/my_workspace/install/talos_description/share/talos_description/package.dsv'
[1.256s] INFO:colcon.colcon_core.shell:Creating package script '/workspaces/workspaces/my_workspace/install/talos_description/share/talos_description/package.sh'
[1.258s] INFO:colcon.colcon_core.shell:Creating package script '/workspaces/workspaces/my_workspace/install/talos_description/share/talos_description/package.bash'
[1.259s] INFO:colcon.colcon_core.shell:Creating package script '/workspaces/workspaces/my_workspace/install/talos_description/share/talos_description/package.zsh'
[1.260s] Level 1:colcon.colcon_core.environment:create_file_with_runtime_dependencies(/workspaces/workspaces/my_workspace/install/talos_description/share/colcon-core/packages/talos_description)
[2.212s] DEBUG:colcon.colcon_core.event_handler.log_command:Invoking command in '/workspaces/workspaces/my_workspace/build/simulator': PYTHONPATH=/workspaces/workspaces/my_workspace/build/simulator/prefix_override:/usr/lib/python3/dist-packages/colcon_core/task/python/colcon_distutils_commands:/workspaces/workspaces/my_workspace/install/simulator/lib/python3.12/site-packages:${PYTHONPATH} /usr/bin/python3 -W ignore:setup.py install is deprecated -W ignore:easy_install command is deprecated setup.py develop --editable --build-directory /workspaces/workspaces/my_workspace/build/simulator/build --no-deps symlink_data
[2.256s] DEBUG:colcon.colcon_core.event_handler.log_command:Invoking command in '/workspaces/workspaces/my_workspace/build/ros_visuals': PYTHONPATH=/workspaces/workspaces/my_workspace/build/ros_visuals/prefix_override:/usr/lib/python3/dist-packages/colcon_core/task/python/colcon_distutils_commands:/workspaces/workspaces/my_workspace/install/ros_visuals/lib/python3.12/site-packages:${PYTHONPATH} /usr/bin/python3 -W ignore:setup.py install is deprecated -W ignore:easy_install command is deprecated setup.py develop --editable --build-directory /workspaces/workspaces/my_workspace/build/ros_visuals/build --no-deps symlink_data
[3.760s] Level 1:colcon.colcon_core.shell:create_environment_hook('simulator', 'pythonpath_develop')
[3.761s] INFO:colcon.colcon_core.shell:Creating environment hook '/workspaces/workspaces/my_workspace/build/simulator/share/simulator/hook/pythonpath_develop.ps1'
[3.761s] DEBUG:colcon.colcon_core.event_handler.log_command:Invoked command in '/workspaces/workspaces/my_workspace/build/simulator' returned '0': PYTHONPATH=/workspaces/workspaces/my_workspace/build/simulator/prefix_override:/usr/lib/python3/dist-packages/colcon_core/task/python/colcon_distutils_commands:/workspaces/workspaces/my_workspace/install/simulator/lib/python3.12/site-packages:${PYTHONPATH} /usr/bin/python3 -W ignore:setup.py install is deprecated -W ignore:easy_install command is deprecated setup.py develop --editable --build-directory /workspaces/workspaces/my_workspace/build/simulator/build --no-deps symlink_data
[3.762s] INFO:colcon.colcon_core.shell:Creating environment descriptor '/workspaces/workspaces/my_workspace/build/simulator/share/simulator/hook/pythonpath_develop.dsv'
[3.763s] INFO:colcon.colcon_core.shell:Creating environment hook '/workspaces/workspaces/my_workspace/build/simulator/share/simulator/hook/pythonpath_develop.sh'
[3.764s] Level 1:colcon.colcon_core.environment:checking '/workspaces/workspaces/my_workspace/install/simulator' for CMake module files
[3.765s] Level 1:colcon.colcon_core.environment:checking '/workspaces/workspaces/my_workspace/install/simulator' for CMake config files
[3.766s] Level 1:colcon.colcon_core.environment:checking '/workspaces/workspaces/my_workspace/install/simulator/lib'
[3.766s] Level 1:colcon.colcon_core.environment:checking '/workspaces/workspaces/my_workspace/install/simulator/bin'
[3.766s] Level 1:colcon.colcon_core.environment:checking '/workspaces/workspaces/my_workspace/install/simulator/lib/pkgconfig/simulator.pc'
[3.766s] Level 1:colcon.colcon_core.environment:checking '/workspaces/workspaces/my_workspace/install/simulator/lib/python3.12/site-packages'
[3.767s] Level 1:colcon.colcon_core.shell:create_environment_hook('simulator', 'pythonpath')
[3.767s] INFO:colcon.colcon_core.shell:Creating environment hook '/workspaces/workspaces/my_workspace/install/simulator/share/simulator/hook/pythonpath.ps1'
[3.768s] INFO:colcon.colcon_core.shell:Creating environment descriptor '/workspaces/workspaces/my_workspace/install/simulator/share/simulator/hook/pythonpath.dsv'
[3.769s] INFO:colcon.colcon_core.shell:Creating environment hook '/workspaces/workspaces/my_workspace/install/simulator/share/simulator/hook/pythonpath.sh'
[3.770s] Level 1:colcon.colcon_core.environment:checking '/workspaces/workspaces/my_workspace/install/simulator/bin'
[3.770s] Level 1:colcon.colcon_core.environment:create_environment_scripts_only(simulator)
[3.770s] INFO:colcon.colcon_core.shell:Creating package script '/workspaces/workspaces/my_workspace/install/simulator/share/simulator/package.ps1'
[3.772s] INFO:colcon.colcon_core.shell:Creating package descriptor '/workspaces/workspaces/my_workspace/install/simulator/share/simulator/package.dsv'
[3.773s] INFO:colcon.colcon_core.shell:Creating package script '/workspaces/workspaces/my_workspace/install/simulator/share/simulator/package.sh'
[3.775s] INFO:colcon.colcon_core.shell:Creating package script '/workspaces/workspaces/my_workspace/install/simulator/share/simulator/package.bash'
[3.776s] INFO:colcon.colcon_core.shell:Creating package script '/workspaces/workspaces/my_workspace/install/simulator/share/simulator/package.zsh'
[3.777s] Level 1:colcon.colcon_core.environment:create_file_with_runtime_dependencies(/workspaces/workspaces/my_workspace/install/simulator/share/colcon-core/packages/simulator)
[3.777s] INFO:colcon.colcon_ros.task.ament_python.build:Building ROS package in '/workspaces/workspaces/my_workspace/src/bullet_sims' with build type 'ament_python'
[3.778s] Level 1:colcon.colcon_core.shell:create_environment_hook('bullet_sims', 'ament_prefix_path')
[3.778s] INFO:colcon.colcon_core.shell:Creating environment hook '/workspaces/workspaces/my_workspace/install/bullet_sims/share/bullet_sims/hook/ament_prefix_path.ps1'
[3.781s] INFO:colcon.colcon_core.shell:Creating environment descriptor '/workspaces/workspaces/my_workspace/install/bullet_sims/share/bullet_sims/hook/ament_prefix_path.dsv'
[3.783s] INFO:colcon.colcon_core.shell:Creating environment hook '/workspaces/workspaces/my_workspace/install/bullet_sims/share/bullet_sims/hook/ament_prefix_path.sh'
[3.789s] INFO:colcon.colcon_core.shell:Skip shell extension 'powershell' for command environment: Not usable outside of PowerShell
[3.790s] DEBUG:colcon.colcon_core.shell:Skip shell extension 'dsv' for command environment
[4.171s] INFO:colcon.colcon_core.task.python.build:Building Python package in '/workspaces/workspaces/my_workspace/src/bullet_sims'
[4.172s] INFO:colcon.colcon_core.shell:Skip shell extension 'powershell' for command environment: Not usable outside of PowerShell
[4.172s] DEBUG:colcon.colcon_core.shell:Skip shell extension 'dsv' for command environment
[4.189s] Level 1:colcon.colcon_core.shell:create_environment_hook('ros_visuals', 'pythonpath_develop')
[4.190s] INFO:colcon.colcon_core.shell:Creating environment hook '/workspaces/workspaces/my_workspace/build/ros_visuals/share/ros_visuals/hook/pythonpath_develop.ps1'
[4.191s] DEBUG:colcon.colcon_core.event_handler.log_command:Invoked command in '/workspaces/workspaces/my_workspace/build/ros_visuals' returned '0': PYTHONPATH=/workspaces/workspaces/my_workspace/build/ros_visuals/prefix_override:/usr/lib/python3/dist-packages/colcon_core/task/python/colcon_distutils_commands:/workspaces/workspaces/my_workspace/install/ros_visuals/lib/python3.12/site-packages:${PYTHONPATH} /usr/bin/python3 -W ignore:setup.py install is deprecated -W ignore:easy_install command is deprecated setup.py develop --editable --build-directory /workspaces/workspaces/my_workspace/build/ros_visuals/build --no-deps symlink_data
[4.192s] INFO:colcon.colcon_core.shell:Creating environment descriptor '/workspaces/workspaces/my_workspace/build/ros_visuals/share/ros_visuals/hook/pythonpath_develop.dsv'
[4.193s] INFO:colcon.colcon_core.shell:Creating environment hook '/workspaces/workspaces/my_workspace/build/ros_visuals/share/ros_visuals/hook/pythonpath_develop.sh'
[4.195s] Level 1:colcon.colcon_core.environment:checking '/workspaces/workspaces/my_workspace/install/ros_visuals' for CMake module files
[4.195s] Level 1:colcon.colcon_core.environment:checking '/workspaces/workspaces/my_workspace/install/ros_visuals' for CMake config files
[4.196s] Level 1:colcon.colcon_core.environment:checking '/workspaces/workspaces/my_workspace/install/ros_visuals/lib'
[4.197s] Level 1:colcon.colcon_core.environment:checking '/workspaces/workspaces/my_workspace/install/ros_visuals/bin'
[4.197s] Level 1:colcon.colcon_core.environment:checking '/workspaces/workspaces/my_workspace/install/ros_visuals/lib/pkgconfig/ros_visuals.pc'
[4.197s] Level 1:colcon.colcon_core.environment:checking '/workspaces/workspaces/my_workspace/install/ros_visuals/lib/python3.12/site-packages'
[4.197s] Level 1:colcon.colcon_core.shell:create_environment_hook('ros_visuals', 'pythonpath')
[4.198s] INFO:colcon.colcon_core.shell:Creating environment hook '/workspaces/workspaces/my_workspace/install/ros_visuals/share/ros_visuals/hook/pythonpath.ps1'
[4.199s] INFO:colcon.colcon_core.shell:Creating environment descriptor '/workspaces/workspaces/my_workspace/install/ros_visuals/share/ros_visuals/hook/pythonpath.dsv'
[4.199s] INFO:colcon.colcon_core.shell:Creating environment hook '/workspaces/workspaces/my_workspace/install/ros_visuals/share/ros_visuals/hook/pythonpath.sh'
[4.201s] Level 1:colcon.colcon_core.environment:checking '/workspaces/workspaces/my_workspace/install/ros_visuals/bin'
[4.201s] Level 1:colcon.colcon_core.environment:create_environment_scripts_only(ros_visuals)
[4.202s] INFO:colcon.colcon_core.shell:Creating package script '/workspaces/workspaces/my_workspace/install/ros_visuals/share/ros_visuals/package.ps1'
[4.203s] INFO:colcon.colcon_core.shell:Creating package descriptor '/workspaces/workspaces/my_workspace/install/ros_visuals/share/ros_visuals/package.dsv'
[4.205s] INFO:colcon.colcon_core.shell:Creating package script '/workspaces/workspaces/my_workspace/install/ros_visuals/share/ros_visuals/package.sh'
[4.206s] INFO:colcon.colcon_core.shell:Creating package script '/workspaces/workspaces/my_workspace/install/ros_visuals/share/ros_visuals/package.bash'
[4.206s] INFO:colcon.colcon_core.shell:Creating package script '/workspaces/workspaces/my_workspace/install/ros_visuals/share/ros_visuals/package.zsh'
[4.207s] Level 1:colcon.colcon_core.environment:create_file_with_runtime_dependencies(/workspaces/workspaces/my_workspace/install/ros_visuals/share/colcon-core/packages/ros_visuals)
[5.082s] DEBUG:colcon.colcon_core.event_handler.log_command:Invoking command in '/workspaces/workspaces/my_workspace/build/bullet_sims': AMENT_PREFIX_PATH=/workspaces/workspaces/my_workspace/install/simulator:/workspaces/workspaces/my_workspace/install/bullet_sims:/workspaces/workspaces/my_workspace/install/talos_description:/workspaces/workspaces/my_workspace/install/ros_visuals:/workspaces/workspaces/my_workspace/install/reemc_description:/opt/ros/rolling PYTHONPATH=/workspaces/workspaces/my_workspace/build/bullet_sims/prefix_override:/usr/lib/python3/dist-packages/colcon_core/task/python/colcon_distutils_commands:/workspaces/workspaces/my_workspace/install/bullet_sims/lib/python3.12/site-packages:/workspaces/workspaces/my_workspace/build/simulator:/workspaces/workspaces/my_workspace/install/simulator/lib/python3.12/site-packages:/workspaces/workspaces/my_workspace/build/bullet_sims:/workspaces/workspaces/my_workspace/build/ros_visuals:/workspaces/workspaces/my_workspace/install/bullet_sims/lib/python3.12/site-packages:/workspaces/workspaces/my_workspace/install/ros_visuals/lib/python3.12/site-packages:/opt/openrobots/lib/python3.12/site-packages:/opt/openrobots/lib/python3.12/site-packages:/opt/ros/rolling/lib/python3.12/site-packages /usr/bin/python3 -W ignore:setup.py install is deprecated -W ignore:easy_install command is deprecated setup.py develop --editable --build-directory /workspaces/workspaces/my_workspace/build/bullet_sims/build --no-deps symlink_data
[6.463s] Level 1:colcon.colcon_core.shell:create_environment_hook('bullet_sims', 'pythonpath_develop')
[6.464s] INFO:colcon.colcon_core.shell:Creating environment hook '/workspaces/workspaces/my_workspace/build/bullet_sims/share/bullet_sims/hook/pythonpath_develop.ps1'
[6.465s] DEBUG:colcon.colcon_core.event_handler.log_command:Invoked command in '/workspaces/workspaces/my_workspace/build/bullet_sims' returned '0': AMENT_PREFIX_PATH=/workspaces/workspaces/my_workspace/install/simulator:/workspaces/workspaces/my_workspace/install/bullet_sims:/workspaces/workspaces/my_workspace/install/talos_description:/workspaces/workspaces/my_workspace/install/ros_visuals:/workspaces/workspaces/my_workspace/install/reemc_description:/opt/ros/rolling PYTHONPATH=/workspaces/workspaces/my_workspace/build/bullet_sims/prefix_override:/usr/lib/python3/dist-packages/colcon_core/task/python/colcon_distutils_commands:/workspaces/workspaces/my_workspace/install/bullet_sims/lib/python3.12/site-packages:/workspaces/workspaces/my_workspace/build/simulator:/workspaces/workspaces/my_workspace/install/simulator/lib/python3.12/site-packages:/workspaces/workspaces/my_workspace/build/bullet_sims:/workspaces/workspaces/my_workspace/build/ros_visuals:/workspaces/workspaces/my_workspace/install/bullet_sims/lib/python3.12/site-packages:/workspaces/workspaces/my_workspace/install/ros_visuals/lib/python3.12/site-packages:/opt/openrobots/lib/python3.12/site-packages:/opt/openrobots/lib/python3.12/site-packages:/opt/ros/rolling/lib/python3.12/site-packages /usr/bin/python3 -W ignore:setup.py install is deprecated -W ignore:easy_install command is deprecated setup.py develop --editable --build-directory /workspaces/workspaces/my_workspace/build/bullet_sims/build --no-deps symlink_data
[6.465s] INFO:colcon.colcon_core.shell:Creating environment descriptor '/workspaces/workspaces/my_workspace/build/bullet_sims/share/bullet_sims/hook/pythonpath_develop.dsv'
[6.465s] INFO:colcon.colcon_core.shell:Creating environment hook '/workspaces/workspaces/my_workspace/build/bullet_sims/share/bullet_sims/hook/pythonpath_develop.sh'
[6.466s] Level 1:colcon.colcon_core.environment:checking '/workspaces/workspaces/my_workspace/install/bullet_sims' for CMake module files
[6.467s] Level 1:colcon.colcon_core.environment:checking '/workspaces/workspaces/my_workspace/install/bullet_sims' for CMake config files
[6.467s] Level 1:colcon.colcon_core.environment:checking '/workspaces/workspaces/my_workspace/install/bullet_sims/lib'
[6.467s] Level 1:colcon.colcon_core.environment:checking '/workspaces/workspaces/my_workspace/install/bullet_sims/bin'
[6.467s] Level 1:colcon.colcon_core.environment:checking '/workspaces/workspaces/my_workspace/install/bullet_sims/lib/pkgconfig/bullet_sims.pc'
[6.468s] Level 1:colcon.colcon_core.environment:checking '/workspaces/workspaces/my_workspace/install/bullet_sims/lib/python3.12/site-packages'
[6.468s] Level 1:colcon.colcon_core.shell:create_environment_hook('bullet_sims', 'pythonpath')
[6.468s] INFO:colcon.colcon_core.shell:Creating environment hook '/workspaces/workspaces/my_workspace/install/bullet_sims/share/bullet_sims/hook/pythonpath.ps1'
[6.468s] INFO:colcon.colcon_core.shell:Creating environment descriptor '/workspaces/workspaces/my_workspace/install/bullet_sims/share/bullet_sims/hook/pythonpath.dsv'
[6.469s] INFO:colcon.colcon_core.shell:Creating environment hook '/workspaces/workspaces/my_workspace/install/bullet_sims/share/bullet_sims/hook/pythonpath.sh'
[6.469s] Level 1:colcon.colcon_core.environment:checking '/workspaces/workspaces/my_workspace/install/bullet_sims/bin'
[6.470s] Level 1:colcon.colcon_core.environment:create_environment_scripts_only(bullet_sims)
[6.470s] INFO:colcon.colcon_core.shell:Creating package script '/workspaces/workspaces/my_workspace/install/bullet_sims/share/bullet_sims/package.ps1'
[6.470s] INFO:colcon.colcon_core.shell:Creating package descriptor '/workspaces/workspaces/my_workspace/install/bullet_sims/share/bullet_sims/package.dsv'
[6.471s] INFO:colcon.colcon_core.shell:Creating package script '/workspaces/workspaces/my_workspace/install/bullet_sims/share/bullet_sims/package.sh'
[6.472s] INFO:colcon.colcon_core.shell:Creating package script '/workspaces/workspaces/my_workspace/install/bullet_sims/share/bullet_sims/package.bash'
[6.472s] INFO:colcon.colcon_core.shell:Creating package script '/workspaces/workspaces/my_workspace/install/bullet_sims/share/bullet_sims/package.zsh'
[6.472s] Level 1:colcon.colcon_core.environment:create_file_with_runtime_dependencies(/workspaces/workspaces/my_workspace/install/bullet_sims/share/colcon-core/packages/bullet_sims)
[6.473s] DEBUG:colcon.colcon_parallel_executor.executor.parallel:closing loop
[6.473s] DEBUG:colcon.colcon_parallel_executor.executor.parallel:loop closed
[6.473s] DEBUG:colcon.colcon_parallel_executor.executor.parallel:run_until_complete finished with '0'
[6.473s] DEBUG:colcon.colcon_core.event_reactor:joining thread
[6.494s] INFO:colcon.colcon_core.plugin_system:Skipping extension 'colcon_notification.desktop_notification.notify_send': Could not find 'notify-send'
[6.494s] INFO:colcon.colcon_core.plugin_system:Skipping extension 'colcon_notification.desktop_notification.terminal_notifier': Not used on non-Darwin systems
[6.495s] INFO:colcon.colcon_core.plugin_system:Skipping extension 'colcon_notification.desktop_notification.win32': Not used on non-Windows systems
[6.495s] INFO:colcon.colcon_notification.desktop_notification:Sending desktop notification using 'notify2'
[6.495s] DEBUG:colcon.colcon_notification.desktop_notification.notify2:Failed to initialize notify2: org.freedesktop.DBus.Error.InvalidFileContent: D-Bus library appears to be incorrectly set up: see the manual page for dbus-uuidgen to correct this issue. (Failed to open "/var/lib/dbus/machine-id": No such file or directory; UUID file '/etc/machine-id' should contain a hex string of length 32, not length 0, with no other text)
[6.495s] DEBUG:colcon.colcon_core.event_reactor:joined thread
[6.496s] INFO:colcon.colcon_core.shell:Creating prefix script '/workspaces/workspaces/my_workspace/install/local_setup.ps1'
[6.499s] INFO:colcon.colcon_core.shell:Creating prefix util module '/workspaces/workspaces/my_workspace/install/_local_setup_util_ps1.py'
[6.503s] INFO:colcon.colcon_core.shell:Creating prefix chain script '/workspaces/workspaces/my_workspace/install/setup.ps1'
[6.507s] INFO:colcon.colcon_core.shell:Creating prefix script '/workspaces/workspaces/my_workspace/install/local_setup.sh'
[6.509s] INFO:colcon.colcon_core.shell:Creating prefix util module '/workspaces/workspaces/my_workspace/install/_local_setup_util_sh.py'
[6.511s] INFO:colcon.colcon_core.shell:Creating prefix chain script '/workspaces/workspaces/my_workspace/install/setup.sh'
[6.516s] INFO:colcon.colcon_core.shell:Creating prefix script '/workspaces/workspaces/my_workspace/install/local_setup.bash'
[6.517s] INFO:colcon.colcon_core.shell:Creating prefix chain script '/workspaces/workspaces/my_workspace/install/setup.bash'
[6.521s] INFO:colcon.colcon_core.shell:Creating prefix script '/workspaces/workspaces/my_workspace/install/local_setup.zsh'
[6.523s] INFO:colcon.colcon_core.shell:Creating prefix chain script '/workspaces/workspaces/my_workspace/install/setup.zsh'
