[3.636s] Invoking command in '/workspaces/workspaces/my_workspace/build/ros_visuals': PYTHONPATH=/workspaces/workspaces/my_workspace/build/ros_visuals/prefix_override:/usr/lib/python3/dist-packages/colcon_core/task/python/colcon_distutils_commands:/workspaces/workspaces/my_workspace/install/ros_visuals/lib/python3.12/site-packages:${PYTHONPATH} /usr/bin/python3 -W ignore:setup.py install is deprecated -W ignore:easy_install command is deprecated setup.py develop --editable --build-directory /workspaces/workspaces/my_workspace/build/ros_visuals/build --no-deps symlink_data
[4.990s] running develop
[5.649s] running egg_info
[5.650s] creating ros_visuals.egg-info
[5.728s] writing ros_visuals.egg-info/PKG-INFO
[5.729s] writing dependency_links to ros_visuals.egg-info/dependency_links.txt
[5.729s] writing entry points to ros_visuals.egg-info/entry_points.txt
[5.730s] writing requirements to ros_visuals.egg-info/requires.txt
[5.731s] writing top-level names to ros_visuals.egg-info/top_level.txt
[5.731s] writing manifest file 'ros_visuals.egg-info/SOURCES.txt'
[6.700s] writing manifest file 'ros_visuals.egg-info/SOURCES.txt'
[6.780s] running build_ext
[6.780s] Creating /workspaces/workspaces/my_workspace/install/ros_visuals/lib/python3.12/site-packages/ros-visuals.egg-link (link to .)
[6.783s] Installing t11 script to /workspaces/workspaces/my_workspace/install/ros_visuals/lib/ros_visuals
[6.783s] Installing t12 script to /workspaces/workspaces/my_workspace/install/ros_visuals/lib/ros_visuals
[6.784s] Installing t13 script to /workspaces/workspaces/my_workspace/install/ros_visuals/lib/ros_visuals
[6.785s] 
[6.785s] Installed /workspaces/workspaces/my_workspace/build/ros_visuals
[6.785s] running symlink_data
[6.785s] symbolically linking /workspaces/workspaces/my_workspace/build/ros_visuals/package.xml -> /workspaces/workspaces/my_workspace/install/ros_visuals/share/ament_index/resource_index/packages
[6.786s] creating /workspaces/workspaces/my_workspace/install/ros_visuals/share/ros_visuals/config
[6.786s] symbolically linking /workspaces/workspaces/my_workspace/build/ros_visuals/config/compare_cage.rviz -> /workspaces/workspaces/my_workspace/install/ros_visuals/share/ros_visuals/config
[6.787s] symbolically linking /workspaces/workspaces/my_workspace/build/ros_visuals/config/talos_new.rviz -> /workspaces/workspaces/my_workspace/install/ros_visuals/share/ros_visuals/config
[6.787s] symbolically linking /workspaces/workspaces/my_workspace/build/ros_visuals/config/rviz_config.rviz -> /workspaces/workspaces/my_workspace/install/ros_visuals/share/ros_visuals/config
[6.787s] symbolically linking /workspaces/workspaces/my_workspace/build/ros_visuals/config/talos.rviz -> /workspaces/workspaces/my_workspace/install/ros_visuals/share/ros_visuals/config
[6.788s] creating /workspaces/workspaces/my_workspace/install/ros_visuals/share/ros_visuals/launch
[6.788s] symbolically linking /workspaces/workspaces/my_workspace/build/ros_visuals/launch/talos_control_launch.py -> /workspaces/workspaces/my_workspace/install/ros_visuals/share/ros_visuals/launch
[6.788s] symbolically linking /workspaces/workspaces/my_workspace/build/ros_visuals/launch/launch.py -> /workspaces/workspaces/my_workspace/install/ros_visuals/share/ros_visuals/launch
[6.788s] symbolically linking /workspaces/workspaces/my_workspace/build/ros_visuals/launch/talos_rviz_launch.py -> /workspaces/workspaces/my_workspace/install/ros_visuals/share/ros_visuals/launch
[6.789s] symbolically linking /workspaces/workspaces/my_workspace/build/ros_visuals/launch/compare_methods.launch.py -> /workspaces/workspaces/my_workspace/install/ros_visuals/share/ros_visuals/launch
[6.903s] Invoked command in '/workspaces/workspaces/my_workspace/build/ros_visuals' returned '0': PYTHONPATH=/workspaces/workspaces/my_workspace/build/ros_visuals/prefix_override:/usr/lib/python3/dist-packages/colcon_core/task/python/colcon_distutils_commands:/workspaces/workspaces/my_workspace/install/ros_visuals/lib/python3.12/site-packages:${PYTHONPATH} /usr/bin/python3 -W ignore:setup.py install is deprecated -W ignore:easy_install command is deprecated setup.py develop --editable --build-directory /workspaces/workspaces/my_workspace/build/ros_visuals/build --no-deps symlink_data
