[2.099s] Invoking command in '/workspaces/workspaces/my_workspace/build/ros_visuals': PYTHONPATH=/workspaces/workspaces/my_workspace/build/ros_visuals/prefix_override:/usr/lib/python3/dist-packages/colcon_core/task/python/colcon_distutils_commands:/workspaces/workspaces/my_workspace/install/ros_visuals/lib/python3.12/site-packages:${PYTHONPATH} /usr/bin/python3 -W ignore:setup.py install is deprecated -W ignore:easy_install command is deprecated setup.py develop --editable --build-directory /workspaces/workspaces/my_workspace/build/ros_visuals/build --no-deps symlink_data
[2.835s] running develop
[3.390s] running egg_info
[3.390s] creating ros_visuals.egg-info
[3.463s] writing ros_visuals.egg-info/PKG-INFO
[3.464s] writing dependency_links to ros_visuals.egg-info/dependency_links.txt
[3.464s] writing entry points to ros_visuals.egg-info/entry_points.txt
[3.464s] writing requirements to ros_visuals.egg-info/requires.txt
[3.465s] writing top-level names to ros_visuals.egg-info/top_level.txt
[3.467s] writing manifest file 'ros_visuals.egg-info/SOURCES.txt'
[4.152s] writing manifest file 'ros_visuals.egg-info/SOURCES.txt'
[4.200s] running build_ext
[4.201s] Creating /workspaces/workspaces/my_workspace/install/ros_visuals/lib/python3.12/site-packages/ros-visuals.egg-link (link to .)
[4.202s] Installing t11 script to /workspaces/workspaces/my_workspace/install/ros_visuals/lib/ros_visuals
[4.202s] Installing t12 script to /workspaces/workspaces/my_workspace/install/ros_visuals/lib/ros_visuals
[4.202s] Installing t13 script to /workspaces/workspaces/my_workspace/install/ros_visuals/lib/ros_visuals
[4.203s] 
[4.203s] Installed /workspaces/workspaces/my_workspace/build/ros_visuals
[4.204s] running symlink_data
[4.204s] symbolically linking /workspaces/workspaces/my_workspace/build/ros_visuals/package.xml -> /workspaces/workspaces/my_workspace/install/ros_visuals/share/ament_index/resource_index/packages
[4.205s] creating /workspaces/workspaces/my_workspace/install/ros_visuals/share/ros_visuals/config
[4.206s] symbolically linking /workspaces/workspaces/my_workspace/build/ros_visuals/config/compare_cage.rviz -> /workspaces/workspaces/my_workspace/install/ros_visuals/share/ros_visuals/config
[4.206s] symbolically linking /workspaces/workspaces/my_workspace/build/ros_visuals/config/rviz_config.rviz -> /workspaces/workspaces/my_workspace/install/ros_visuals/share/ros_visuals/config
[4.207s] creating /workspaces/workspaces/my_workspace/install/ros_visuals/share/ros_visuals/launch
[4.207s] symbolically linking /workspaces/workspaces/my_workspace/build/ros_visuals/launch/launch.py -> /workspaces/workspaces/my_workspace/install/ros_visuals/share/ros_visuals/launch
[4.207s] symbolically linking /workspaces/workspaces/my_workspace/build/ros_visuals/launch/talos_rviz_launch.py -> /workspaces/workspaces/my_workspace/install/ros_visuals/share/ros_visuals/launch
[4.207s] symbolically linking /workspaces/workspaces/my_workspace/build/ros_visuals/launch/compare_methods.launch.py -> /workspaces/workspaces/my_workspace/install/ros_visuals/share/ros_visuals/launch
[4.324s] Invoked command in '/workspaces/workspaces/my_workspace/build/ros_visuals' returned '0': PYTHONPATH=/workspaces/workspaces/my_workspace/build/ros_visuals/prefix_override:/usr/lib/python3/dist-packages/colcon_core/task/python/colcon_distutils_commands:/workspaces/workspaces/my_workspace/install/ros_visuals/lib/python3.12/site-packages:${PYTHONPATH} /usr/bin/python3 -W ignore:setup.py install is deprecated -W ignore:easy_install command is deprecated setup.py develop --editable --build-directory /workspaces/workspaces/my_workspace/build/ros_visuals/build --no-deps symlink_data
