[0.656s] Invoking command in '/workspaces/legged-robots/my_workspace/build/bullet_sims': AMENT_PREFIX_PATH=/workspaces/legged-robots/my_workspace/install/simulator:/workspaces/legged-robots/my_workspace/install/whole_body_control:/workspaces/legged-robots/my_workspace/install/walking:/workspaces/legged-robots/my_workspace/install/bullet_sims:/workspaces/legged-robots/my_workspace/install/talos_description:/workspaces/legged-robots/my_workspace/install/ros_visuals:/workspaces/legged-robots/my_workspace/install/reemc_description:/workspaces/legged-robots/my_workspace/install/ainex_description:/opt/ros/rolling PYTHONPATH=/workspaces/legged-robots/my_workspace/build/bullet_sims/prefix_override:/usr/lib/python3/dist-packages/colcon_core/task/python/colcon_distutils_commands:/workspaces/legged-robots/my_workspace/install/bullet_sims/lib/python3.12/site-packages:/workspaces/legged-robots/my_workspace/build/simulator:/workspaces/legged-robots/my_workspace/install/simulator/lib/python3.12/site-packages:/workspaces/legged-robots/my_workspace/build/whole_body_control:/workspaces/legged-robots/my_workspace/install/whole_body_control/lib/python3.12/site-packages:/workspaces/legged-robots/my_workspace/build/walking:/workspaces/legged-robots/my_workspace/install/walking/lib/python3.12/site-packages:/workspaces/legged-robots/my_workspace/build/bullet_sims:/workspaces/legged-robots/my_workspace/install/bullet_sims/lib/python3.12/site-packages:/workspaces/legged-robots/my_workspace/build/ros_visuals:/workspaces/legged-robots/my_workspace/install/ros_visuals/lib/python3.12/site-packages:/opt/openrobots/lib/python3.12/site-packages:/opt/openrobots/lib/python3.12/site-packages:/opt/ros/rolling/lib/python3.12/site-packages /usr/bin/python3 -W ignore:setup.py install is deprecated -W ignore:easy_install command is deprecated setup.py develop --editable --build-directory /workspaces/legged-robots/my_workspace/build/bullet_sims/build --no-deps symlink_data
[0.825s] running develop
[0.914s] running egg_info
[0.914s] creating bullet_sims.egg-info
[0.923s] writing bullet_sims.egg-info/PKG-INFO
[0.923s] writing dependency_links to bullet_sims.egg-info/dependency_links.txt
[0.923s] writing entry points to bullet_sims.egg-info/entry_points.txt
[0.923s] writing requirements to bullet_sims.egg-info/requires.txt
[0.923s] writing top-level names to bullet_sims.egg-info/top_level.txt
[0.923s] writing manifest file 'bullet_sims.egg-info/SOURCES.txt'
[1.100s] writing manifest file 'bullet_sims.egg-info/SOURCES.txt'
[1.111s] running build_ext
[1.111s] Creating /workspaces/legged-robots/my_workspace/install/bullet_sims/lib/python3.12/site-packages/bullet-sims.egg-link (link to .)
[1.111s] Installing interactive_marker_hand script to /workspaces/legged-robots/my_workspace/install/bullet_sims/lib/bullet_sims
[1.111s] Installing t21 script to /workspaces/legged-robots/my_workspace/install/bullet_sims/lib/bullet_sims
[1.111s] Installing t22 script to /workspaces/legged-robots/my_workspace/install/bullet_sims/lib/bullet_sims
[1.111s] Installing t23 script to /workspaces/legged-robots/my_workspace/install/bullet_sims/lib/bullet_sims
[1.112s] Installing t2_temp script to /workspaces/legged-robots/my_workspace/install/bullet_sims/lib/bullet_sims
[1.112s] Installing t3_main script to /workspaces/legged-robots/my_workspace/install/bullet_sims/lib/bullet_sims
[1.112s] 
[1.112s] Installed /workspaces/legged-robots/my_workspace/build/bullet_sims
[1.112s] running symlink_data
[1.112s] creating /workspaces/legged-robots/my_workspace/install/bullet_sims/share/ament_index
[1.112s] creating /workspaces/legged-robots/my_workspace/install/bullet_sims/share/ament_index/resource_index
[1.112s] creating /workspaces/legged-robots/my_workspace/install/bullet_sims/share/ament_index/resource_index/packages
[1.112s] symbolically linking /workspaces/legged-robots/my_workspace/build/bullet_sims/resource/bullet_sims -> /workspaces/legged-robots/my_workspace/install/bullet_sims/share/ament_index/resource_index/packages
[1.112s] symbolically linking /workspaces/legged-robots/my_workspace/build/bullet_sims/package.xml -> /workspaces/legged-robots/my_workspace/install/bullet_sims/share/bullet_sims
[1.133s] Invoked command in '/workspaces/legged-robots/my_workspace/build/bullet_sims' returned '0': AMENT_PREFIX_PATH=/workspaces/legged-robots/my_workspace/install/simulator:/workspaces/legged-robots/my_workspace/install/whole_body_control:/workspaces/legged-robots/my_workspace/install/walking:/workspaces/legged-robots/my_workspace/install/bullet_sims:/workspaces/legged-robots/my_workspace/install/talos_description:/workspaces/legged-robots/my_workspace/install/ros_visuals:/workspaces/legged-robots/my_workspace/install/reemc_description:/workspaces/legged-robots/my_workspace/install/ainex_description:/opt/ros/rolling PYTHONPATH=/workspaces/legged-robots/my_workspace/build/bullet_sims/prefix_override:/usr/lib/python3/dist-packages/colcon_core/task/python/colcon_distutils_commands:/workspaces/legged-robots/my_workspace/install/bullet_sims/lib/python3.12/site-packages:/workspaces/legged-robots/my_workspace/build/simulator:/workspaces/legged-robots/my_workspace/install/simulator/lib/python3.12/site-packages:/workspaces/legged-robots/my_workspace/build/whole_body_control:/workspaces/legged-robots/my_workspace/install/whole_body_control/lib/python3.12/site-packages:/workspaces/legged-robots/my_workspace/build/walking:/workspaces/legged-robots/my_workspace/install/walking/lib/python3.12/site-packages:/workspaces/legged-robots/my_workspace/build/bullet_sims:/workspaces/legged-robots/my_workspace/install/bullet_sims/lib/python3.12/site-packages:/workspaces/legged-robots/my_workspace/build/ros_visuals:/workspaces/legged-robots/my_workspace/install/ros_visuals/lib/python3.12/site-packages:/opt/openrobots/lib/python3.12/site-packages:/opt/openrobots/lib/python3.12/site-packages:/opt/ros/rolling/lib/python3.12/site-packages /usr/bin/python3 -W ignore:setup.py install is deprecated -W ignore:easy_install command is deprecated setup.py develop --editable --build-directory /workspaces/legged-robots/my_workspace/build/bullet_sims/build --no-deps symlink_data
