[0.584s] Invoking command in '/workspaces/legged-robots/my_workspace/build/simulator': PYTHONPATH=/workspaces/legged-robots/my_workspace/build/simulator/prefix_override:/usr/lib/python3/dist-packages/colcon_core/task/python/colcon_distutils_commands:/workspaces/legged-robots/my_workspace/install/simulator/lib/python3.12/site-packages:${PYTHONPATH} /usr/bin/python3 -W ignore:setup.py install is deprecated -W ignore:easy_install command is deprecated setup.py develop --editable --build-directory /workspaces/legged-robots/my_workspace/build/simulator/build --no-deps symlink_data
[0.757s] running develop
[0.844s] running egg_info
[0.844s] creating simulator.egg-info
[0.854s] writing simulator.egg-info/PKG-INFO
[0.854s] writing dependency_links to simulator.egg-info/dependency_links.txt
[0.854s] writing requirements to simulator.egg-info/requires.txt
[0.855s] writing top-level names to simulator.egg-info/top_level.txt
[0.855s] writing manifest file 'simulator.egg-info/SOURCES.txt'
[1.064s] writing manifest file 'simulator.egg-info/SOURCES.txt'
[1.074s] running build_ext
[1.074s] Creating /workspaces/legged-robots/my_workspace/install/simulator/lib/python3.12/site-packages/simulator.egg-link (link to .)
[1.076s] 
[1.076s] Installed /workspaces/legged-robots/my_workspace/build/simulator
[1.076s] running symlink_data
[1.076s] creating /workspaces/legged-robots/my_workspace/install/simulator/share/ament_index
[1.076s] creating /workspaces/legged-robots/my_workspace/install/simulator/share/ament_index/resource_index
[1.076s] creating /workspaces/legged-robots/my_workspace/install/simulator/share/ament_index/resource_index/packages
[1.076s] symbolically linking /workspaces/legged-robots/my_workspace/build/simulator/resource/simulator -> /workspaces/legged-robots/my_workspace/install/simulator/share/ament_index/resource_index/packages
[1.076s] symbolically linking /workspaces/legged-robots/my_workspace/build/simulator/package.xml -> /workspaces/legged-robots/my_workspace/install/simulator/share/simulator
[1.103s] Invoked command in '/workspaces/legged-robots/my_workspace/build/simulator' returned '0': PYTHONPATH=/workspaces/legged-robots/my_workspace/build/simulator/prefix_override:/usr/lib/python3/dist-packages/colcon_core/task/python/colcon_distutils_commands:/workspaces/legged-robots/my_workspace/install/simulator/lib/python3.12/site-packages:${PYTHONPATH} /usr/bin/python3 -W ignore:setup.py install is deprecated -W ignore:easy_install command is deprecated setup.py develop --editable --build-directory /workspaces/legged-robots/my_workspace/build/simulator/build --no-deps symlink_data
