[1.102s] Invoking command in '/home/djamal/ros2/workspaces/my_workspace/src/my_package': DEBUGINFOD_URLS=https://debuginfod.ubuntu.com PYTHONPATH=/home/djamal/ros2/workspaces/my_workspace/build/my_package/prefix_override:/usr/lib/python3/dist-packages/colcon_core/task/python/colcon_distutils_commands:/home/djamal/ros2/workspaces/my_workspace/install/my_package/lib/python3.12/site-packages:${PYTHONPATH} /usr/bin/python3 -W ignore:setup.py install is deprecated -W ignore:easy_install command is deprecated setup.py egg_info --egg-base ../../build/my_package build --build-base /home/djamal/ros2/workspaces/my_workspace/build/my_package/build install --record /home/djamal/ros2/workspaces/my_workspace/build/my_package/install.log --single-version-externally-managed install_data
[1.401s] running egg_info
[1.401s] creating ../../build/my_package/my_package.egg-info
[1.423s] writing ../../build/my_package/my_package.egg-info/PKG-INFO
[1.423s] writing dependency_links to ../../build/my_package/my_package.egg-info/dependency_links.txt
[1.424s] writing requirements to ../../build/my_package/my_package.egg-info/requires.txt
[1.424s] writing top-level names to ../../build/my_package/my_package.egg-info/top_level.txt
[1.424s] writing manifest file '../../build/my_package/my_package.egg-info/SOURCES.txt'
[1.466s] reading manifest file '../../build/my_package/my_package.egg-info/SOURCES.txt'
[1.466s] writing manifest file '../../build/my_package/my_package.egg-info/SOURCES.txt'
[1.466s] running build
[1.467s] running build_py
[1.467s] creating /home/djamal/ros2/workspaces/my_workspace/build/my_package/build
[1.467s] creating /home/djamal/ros2/workspaces/my_workspace/build/my_package/build/lib
[1.467s] creating /home/djamal/ros2/workspaces/my_workspace/build/my_package/build/lib/my_package
[1.468s] copying my_package/__init__.py -> /home/djamal/ros2/workspaces/my_workspace/build/my_package/build/lib/my_package
[1.468s] running install
[1.475s] running install_lib
[1.496s] creating /home/djamal/ros2/workspaces/my_workspace/install/my_package/lib/python3.12/site-packages/my_package
[1.496s] copying /home/djamal/ros2/workspaces/my_workspace/build/my_package/build/lib/my_package/__init__.py -> /home/djamal/ros2/workspaces/my_workspace/install/my_package/lib/python3.12/site-packages/my_package
[1.496s] byte-compiling /home/djamal/ros2/workspaces/my_workspace/install/my_package/lib/python3.12/site-packages/my_package/__init__.py to __init__.cpython-312.pyc
[1.497s] running install_data
[1.497s] creating /home/djamal/ros2/workspaces/my_workspace/install/my_package/share/ament_index
[1.497s] creating /home/djamal/ros2/workspaces/my_workspace/install/my_package/share/ament_index/resource_index
[1.497s] creating /home/djamal/ros2/workspaces/my_workspace/install/my_package/share/ament_index/resource_index/packages
[1.497s] copying resource/my_package -> /home/djamal/ros2/workspaces/my_workspace/install/my_package/share/ament_index/resource_index/packages
[1.498s] copying package.xml -> /home/djamal/ros2/workspaces/my_workspace/install/my_package/share/my_package
[1.498s] running install_egg_info
[1.521s] Copying ../../build/my_package/my_package.egg-info to /home/djamal/ros2/workspaces/my_workspace/install/my_package/lib/python3.12/site-packages/my_package-0.0.0-py3.12.egg-info
[1.522s] running install_scripts
[1.663s] writing list of installed files to '/home/djamal/ros2/workspaces/my_workspace/build/my_package/install.log'
[1.702s] Invoked command in '/home/djamal/ros2/workspaces/my_workspace/src/my_package' returned '0': DEBUGINFOD_URLS=https://debuginfod.ubuntu.com PYTHONPATH=/home/djamal/ros2/workspaces/my_workspace/build/my_package/prefix_override:/usr/lib/python3/dist-packages/colcon_core/task/python/colcon_distutils_commands:/home/djamal/ros2/workspaces/my_workspace/install/my_package/lib/python3.12/site-packages:${PYTHONPATH} /usr/bin/python3 -W ignore:setup.py install is deprecated -W ignore:easy_install command is deprecated setup.py egg_info --egg-base ../../build/my_package build --build-base /home/djamal/ros2/workspaces/my_workspace/build/my_package/build install --record /home/djamal/ros2/workspaces/my_workspace/build/my_package/install.log --single-version-externally-managed install_data
