[0.491s] Invoking command in '/workspaces/workspaces/legged-robots/my_workspace/build/whole_body_control': AMENT_PREFIX_PATH=/workspaces/workspaces/legged-robots/my_workspace/install/simulator:/workspaces/workspaces/legged-robots/my_workspace/install/whole_body_control:/workspaces/workspaces/legged-robots/my_workspace/install/bullet_sims:/workspaces/workspaces/legged-robots/my_workspace/install/talos_description:/workspaces/workspaces/legged-robots/my_workspace/install/ros_visuals:/workspaces/workspaces/legged-robots/my_workspace/install/reemc_description:/opt/ros/rolling PYTHONPATH=/workspaces/workspaces/legged-robots/my_workspace/build/whole_body_control/prefix_override:/usr/lib/python3/dist-packages/colcon_core/task/python/colcon_distutils_commands:/workspaces/workspaces/legged-robots/my_workspace/install/whole_body_control/lib/python3.12/site-packages:/workspaces/workspaces/legged-robots/my_workspace/build/simulator:/workspaces/workspaces/legged-robots/my_workspace/install/simulator/lib/python3.12/site-packages:/workspaces/workspaces/legged-robots/my_workspace/install/whole_body_control/lib/python3.12/site-packages:/workspaces/workspaces/legged-robots/my_workspace/build/bullet_sims:/workspaces/workspaces/legged-robots/my_workspace/install/bullet_sims/lib/python3.12/site-packages:/workspaces/workspaces/legged-robots/my_workspace/build/ros_visuals:/workspaces/workspaces/legged-robots/my_workspace/install/ros_visuals/lib/python3.12/site-packages:/opt/openrobots/lib/python3.12/site-packages:/opt/openrobots/lib/python3.12/site-packages:/opt/ros/rolling/lib/python3.12/site-packages /usr/bin/python3 -W ignore:setup.py install is deprecated -W ignore:easy_install command is deprecated setup.py develop --editable --build-directory /workspaces/workspaces/legged-robots/my_workspace/build/whole_body_control/build --no-deps symlink_data --force
[0.642s] running develop
[0.727s] running egg_info
[0.735s] writing whole_body_control.egg-info/PKG-INFO
[0.735s] writing dependency_links to whole_body_control.egg-info/dependency_links.txt
[0.736s] writing entry points to whole_body_control.egg-info/entry_points.txt
[0.736s] writing requirements to whole_body_control.egg-info/requires.txt
[0.736s] writing top-level names to whole_body_control.egg-info/top_level.txt
[0.882s] writing manifest file 'whole_body_control.egg-info/SOURCES.txt'
[0.891s] running build_ext
[0.891s] Creating /workspaces/workspaces/legged-robots/my_workspace/install/whole_body_control/lib/python3.12/site-packages/whole-body-control.egg-link (link to .)
[0.891s] Installing 02_one_leg_stand script to /workspaces/workspaces/legged-robots/my_workspace/install/whole_body_control/lib/whole_body_control
[0.891s] Installing 03_squating script to /workspaces/workspaces/legged-robots/my_workspace/install/whole_body_control/lib/whole_body_control
[0.891s] Installing t4_standing script to /workspaces/workspaces/legged-robots/my_workspace/install/whole_body_control/lib/whole_body_control
[0.891s] Installing t51 script to /workspaces/workspaces/legged-robots/my_workspace/install/whole_body_control/lib/whole_body_control
[0.891s] Installing t52 script to /workspaces/workspaces/legged-robots/my_workspace/install/whole_body_control/lib/whole_body_control
[0.892s] 
[0.892s] Installed /workspaces/workspaces/legged-robots/my_workspace/build/whole_body_control
[0.892s] running symlink_data
[0.892s] symbolically linking /workspaces/workspaces/legged-robots/my_workspace/build/whole_body_control/resource/whole_body_control -> /workspaces/workspaces/legged-robots/my_workspace/install/whole_body_control/share/ament_index/resource_index/packages
[0.892s] symbolically linking /workspaces/workspaces/legged-robots/my_workspace/build/whole_body_control/package.xml -> /workspaces/workspaces/legged-robots/my_workspace/install/whole_body_control/share/whole_body_control
[0.892s] symbolically linking /workspaces/workspaces/legged-robots/my_workspace/build/whole_body_control/launch/launch.py -> /workspaces/workspaces/legged-robots/my_workspace/install/whole_body_control/share/whole_body_control/launch
[0.915s] Invoked command in '/workspaces/workspaces/legged-robots/my_workspace/build/whole_body_control' returned '0': AMENT_PREFIX_PATH=/workspaces/workspaces/legged-robots/my_workspace/install/simulator:/workspaces/workspaces/legged-robots/my_workspace/install/whole_body_control:/workspaces/workspaces/legged-robots/my_workspace/install/bullet_sims:/workspaces/workspaces/legged-robots/my_workspace/install/talos_description:/workspaces/workspaces/legged-robots/my_workspace/install/ros_visuals:/workspaces/workspaces/legged-robots/my_workspace/install/reemc_description:/opt/ros/rolling PYTHONPATH=/workspaces/workspaces/legged-robots/my_workspace/build/whole_body_control/prefix_override:/usr/lib/python3/dist-packages/colcon_core/task/python/colcon_distutils_commands:/workspaces/workspaces/legged-robots/my_workspace/install/whole_body_control/lib/python3.12/site-packages:/workspaces/workspaces/legged-robots/my_workspace/build/simulator:/workspaces/workspaces/legged-robots/my_workspace/install/simulator/lib/python3.12/site-packages:/workspaces/workspaces/legged-robots/my_workspace/install/whole_body_control/lib/python3.12/site-packages:/workspaces/workspaces/legged-robots/my_workspace/build/bullet_sims:/workspaces/workspaces/legged-robots/my_workspace/install/bullet_sims/lib/python3.12/site-packages:/workspaces/workspaces/legged-robots/my_workspace/build/ros_visuals:/workspaces/workspaces/legged-robots/my_workspace/install/ros_visuals/lib/python3.12/site-packages:/opt/openrobots/lib/python3.12/site-packages:/opt/openrobots/lib/python3.12/site-packages:/opt/ros/rolling/lib/python3.12/site-packages /usr/bin/python3 -W ignore:setup.py install is deprecated -W ignore:easy_install command is deprecated setup.py develop --editable --build-directory /workspaces/workspaces/legged-robots/my_workspace/build/whole_body_control/build --no-deps symlink_data --force
