running develop
Removing /workspaces/workspaces/legged-robots/my_workspace/install/walking/lib/python3.12/site-packages/walking.egg-link (link to .)
running egg_info
writing ../../build/walking/walking.egg-info/PKG-INFO
writing dependency_links to ../../build/walking/walking.egg-info/dependency_links.txt
writing entry points to ../../build/walking/walking.egg-info/entry_points.txt
writing requirements to ../../build/walking/walking.egg-info/requires.txt
writing top-level names to ../../build/walking/walking.egg-info/top_level.txt
writing manifest file '../../build/walking/walking.egg-info/SOURCES.txt'
running build
running build_py
creating /workspaces/workspaces/legged-robots/my_workspace/build/walking/build
creating /workspaces/workspaces/legged-robots/my_workspace/build/walking/build/lib
creating /workspaces/workspaces/legged-robots/my_workspace/build/walking/build/lib/walking
copying walking/lip_mpc.py -> /workspaces/workspaces/legged-robots/my_workspace/build/walking/build/lib/walking
copying walking/tsid_wrapper.py -> /workspaces/workspaces/legged-robots/my_workspace/build/walking/build/lib/walking
copying walking/talos_conf.py -> /workspaces/workspaces/legged-robots/my_workspace/build/walking/build/lib/walking
copying walking/footstep_planner.py -> /workspaces/workspaces/legged-robots/my_workspace/build/walking/build/lib/walking
copying walking/walking.py -> /workspaces/workspaces/legged-robots/my_workspace/build/walking/build/lib/walking
copying walking/__init__.py -> /workspaces/workspaces/legged-robots/my_workspace/build/walking/build/lib/walking
copying walking/foot_trajectory.py -> /workspaces/workspaces/legged-robots/my_workspace/build/walking/build/lib/walking
copying walking/talos.py -> /workspaces/workspaces/legged-robots/my_workspace/build/walking/build/lib/walking
running install
running install_lib
creating /workspaces/workspaces/legged-robots/my_workspace/install/walking/lib/python3.12/site-packages/walking
copying /workspaces/workspaces/legged-robots/my_workspace/build/walking/build/lib/walking/lip_mpc.py -> /workspaces/workspaces/legged-robots/my_workspace/install/walking/lib/python3.12/site-packages/walking
copying /workspaces/workspaces/legged-robots/my_workspace/build/walking/build/lib/walking/tsid_wrapper.py -> /workspaces/workspaces/legged-robots/my_workspace/install/walking/lib/python3.12/site-packages/walking
copying /workspaces/workspaces/legged-robots/my_workspace/build/walking/build/lib/walking/talos_conf.py -> /workspaces/workspaces/legged-robots/my_workspace/install/walking/lib/python3.12/site-packages/walking
copying /workspaces/workspaces/legged-robots/my_workspace/build/walking/build/lib/walking/footstep_planner.py -> /workspaces/workspaces/legged-robots/my_workspace/install/walking/lib/python3.12/site-packages/walking
copying /workspaces/workspaces/legged-robots/my_workspace/build/walking/build/lib/walking/walking.py -> /workspaces/workspaces/legged-robots/my_workspace/install/walking/lib/python3.12/site-packages/walking
copying /workspaces/workspaces/legged-robots/my_workspace/build/walking/build/lib/walking/__init__.py -> /workspaces/workspaces/legged-robots/my_workspace/install/walking/lib/python3.12/site-packages/walking
copying /workspaces/workspaces/legged-robots/my_workspace/build/walking/build/lib/walking/foot_trajectory.py -> /workspaces/workspaces/legged-robots/my_workspace/install/walking/lib/python3.12/site-packages/walking
copying /workspaces/workspaces/legged-robots/my_workspace/build/walking/build/lib/walking/talos.py -> /workspaces/workspaces/legged-robots/my_workspace/install/walking/lib/python3.12/site-packages/walking
byte-compiling /workspaces/workspaces/legged-robots/my_workspace/install/walking/lib/python3.12/site-packages/walking/lip_mpc.py to lip_mpc.cpython-312.pyc
byte-compiling /workspaces/workspaces/legged-robots/my_workspace/install/walking/lib/python3.12/site-packages/walking/tsid_wrapper.py to tsid_wrapper.cpython-312.pyc
byte-compiling /workspaces/workspaces/legged-robots/my_workspace/install/walking/lib/python3.12/site-packages/walking/talos_conf.py to talos_conf.cpython-312.pyc
byte-compiling /workspaces/workspaces/legged-robots/my_workspace/install/walking/lib/python3.12/site-packages/walking/footstep_planner.py to footstep_planner.cpython-312.pyc
byte-compiling /workspaces/workspaces/legged-robots/my_workspace/install/walking/lib/python3.12/site-packages/walking/walking.py to walking.cpython-312.pyc
byte-compiling /workspaces/workspaces/legged-robots/my_workspace/install/walking/lib/python3.12/site-packages/walking/__init__.py to __init__.cpython-312.pyc
byte-compiling /workspaces/workspaces/legged-robots/my_workspace/install/walking/lib/python3.12/site-packages/walking/foot_trajectory.py to foot_trajectory.cpython-312.pyc
byte-compiling /workspaces/workspaces/legged-robots/my_workspace/install/walking/lib/python3.12/site-packages/walking/talos.py to talos.cpython-312.pyc
Sorry: IndentationError: expected an indented block after function definition on line 129 (talos.py, line 142)
running install_data
copying resource/walking -> /workspaces/workspaces/legged-robots/my_workspace/install/walking/share/ament_index/resource_index/packages
copying package.xml -> /workspaces/workspaces/legged-robots/my_workspace/install/walking/share/walking
running install_egg_info
Copying ../../build/walking/walking.egg-info to /workspaces/workspaces/legged-robots/my_workspace/install/walking/lib/python3.12/site-packages/walking-0.0.0-py3.12.egg-info
running install_scripts
Installing footstep_planner script to /workspaces/workspaces/legged-robots/my_workspace/install/walking/lib/walking
Installing walking script to /workspaces/workspaces/legged-robots/my_workspace/install/walking/lib/walking
writing list of installed files to '/workspaces/workspaces/legged-robots/my_workspace/build/walking/install.log'
