[0.417s] Invoking command in '/workspaces/workspaces/legged-robots/my_workspace/build/walking': AMENT_PREFIX_PATH=/workspaces/workspaces/legged-robots/my_workspace/install/simulator:/workspaces/workspaces/legged-robots/my_workspace/install/whole_body_control:/workspaces/workspaces/legged-robots/my_workspace/install/walking:/workspaces/workspaces/legged-robots/my_workspace/install/bullet_sims:/workspaces/workspaces/legged-robots/my_workspace/install/talos_description:/workspaces/workspaces/legged-robots/my_workspace/install/ros_visuals:/workspaces/workspaces/legged-robots/my_workspace/install/reemc_description:/opt/ros/rolling PYTHONPATH=/workspaces/workspaces/legged-robots/my_workspace/build/walking/prefix_override:/usr/lib/python3/dist-packages/colcon_core/task/python/colcon_distutils_commands:/workspaces/workspaces/legged-robots/my_workspace/install/walking/lib/python3.12/site-packages:/workspaces/workspaces/legged-robots/my_workspace/build/simulator:/workspaces/workspaces/legged-robots/my_workspace/install/simulator/lib/python3.12/site-packages:/workspaces/workspaces/legged-robots/my_workspace/build/whole_body_control:/workspaces/workspaces/legged-robots/my_workspace/install/whole_body_control/lib/python3.12/site-packages:/workspaces/workspaces/legged-robots/my_workspace/build/walking:/workspaces/workspaces/legged-robots/my_workspace/install/walking/lib/python3.12/site-packages:/workspaces/workspaces/legged-robots/my_workspace/build/bullet_sims:/workspaces/workspaces/legged-robots/my_workspace/install/bullet_sims/lib/python3.12/site-packages:/workspaces/workspaces/legged-robots/my_workspace/build/ros_visuals:/workspaces/workspaces/legged-robots/my_workspace/install/ros_visuals/lib/python3.12/site-packages:/opt/openrobots/lib/python3.12/site-packages:/opt/openrobots/lib/python3.12/site-packages:/opt/ros/rolling/lib/python3.12/site-packages /usr/bin/python3 -W ignore:setup.py install is deprecated -W ignore:easy_install command is deprecated setup.py develop --uninstall --editable --build-directory /workspaces/workspaces/legged-robots/my_workspace/build/walking/build
[0.576s] running develop
[0.667s] Removing /workspaces/workspaces/legged-robots/my_workspace/install/walking/lib/python3.12/site-packages/walking.egg-link (link to .)
[0.686s] Invoked command in '/workspaces/workspaces/legged-robots/my_workspace/build/walking' returned '0': AMENT_PREFIX_PATH=/workspaces/workspaces/legged-robots/my_workspace/install/simulator:/workspaces/workspaces/legged-robots/my_workspace/install/whole_body_control:/workspaces/workspaces/legged-robots/my_workspace/install/walking:/workspaces/workspaces/legged-robots/my_workspace/install/bullet_sims:/workspaces/workspaces/legged-robots/my_workspace/install/talos_description:/workspaces/workspaces/legged-robots/my_workspace/install/ros_visuals:/workspaces/workspaces/legged-robots/my_workspace/install/reemc_description:/opt/ros/rolling PYTHONPATH=/workspaces/workspaces/legged-robots/my_workspace/build/walking/prefix_override:/usr/lib/python3/dist-packages/colcon_core/task/python/colcon_distutils_commands:/workspaces/workspaces/legged-robots/my_workspace/install/walking/lib/python3.12/site-packages:/workspaces/workspaces/legged-robots/my_workspace/build/simulator:/workspaces/workspaces/legged-robots/my_workspace/install/simulator/lib/python3.12/site-packages:/workspaces/workspaces/legged-robots/my_workspace/build/whole_body_control:/workspaces/workspaces/legged-robots/my_workspace/install/whole_body_control/lib/python3.12/site-packages:/workspaces/workspaces/legged-robots/my_workspace/build/walking:/workspaces/workspaces/legged-robots/my_workspace/install/walking/lib/python3.12/site-packages:/workspaces/workspaces/legged-robots/my_workspace/build/bullet_sims:/workspaces/workspaces/legged-robots/my_workspace/install/bullet_sims/lib/python3.12/site-packages:/workspaces/workspaces/legged-robots/my_workspace/build/ros_visuals:/workspaces/workspaces/legged-robots/my_workspace/install/ros_visuals/lib/python3.12/site-packages:/opt/openrobots/lib/python3.12/site-packages:/opt/openrobots/lib/python3.12/site-packages:/opt/ros/rolling/lib/python3.12/site-packages /usr/bin/python3 -W ignore:setup.py install is deprecated -W ignore:easy_install command is deprecated setup.py develop --uninstall --editable --build-directory /workspaces/workspaces/legged-robots/my_workspace/build/walking/build
[0.687s] Invoking command in '/workspaces/workspaces/legged-robots/my_workspace/src/walking': AMENT_PREFIX_PATH=/workspaces/workspaces/legged-robots/my_workspace/install/simulator:/workspaces/workspaces/legged-robots/my_workspace/install/whole_body_control:/workspaces/workspaces/legged-robots/my_workspace/install/walking:/workspaces/workspaces/legged-robots/my_workspace/install/bullet_sims:/workspaces/workspaces/legged-robots/my_workspace/install/talos_description:/workspaces/workspaces/legged-robots/my_workspace/install/ros_visuals:/workspaces/workspaces/legged-robots/my_workspace/install/reemc_description:/opt/ros/rolling PYTHONPATH=/workspaces/workspaces/legged-robots/my_workspace/build/walking/prefix_override:/usr/lib/python3/dist-packages/colcon_core/task/python/colcon_distutils_commands:/workspaces/workspaces/legged-robots/my_workspace/install/walking/lib/python3.12/site-packages:/workspaces/workspaces/legged-robots/my_workspace/build/simulator:/workspaces/workspaces/legged-robots/my_workspace/install/simulator/lib/python3.12/site-packages:/workspaces/workspaces/legged-robots/my_workspace/build/whole_body_control:/workspaces/workspaces/legged-robots/my_workspace/install/whole_body_control/lib/python3.12/site-packages:/workspaces/workspaces/legged-robots/my_workspace/build/walking:/workspaces/workspaces/legged-robots/my_workspace/install/walking/lib/python3.12/site-packages:/workspaces/workspaces/legged-robots/my_workspace/build/bullet_sims:/workspaces/workspaces/legged-robots/my_workspace/install/bullet_sims/lib/python3.12/site-packages:/workspaces/workspaces/legged-robots/my_workspace/build/ros_visuals:/workspaces/workspaces/legged-robots/my_workspace/install/ros_visuals/lib/python3.12/site-packages:/opt/openrobots/lib/python3.12/site-packages:/opt/openrobots/lib/python3.12/site-packages:/opt/ros/rolling/lib/python3.12/site-packages /usr/bin/python3 -W ignore:setup.py install is deprecated -W ignore:easy_install command is deprecated setup.py egg_info --egg-base ../../build/walking build --build-base /workspaces/workspaces/legged-robots/my_workspace/build/walking/build install --record /workspaces/workspaces/legged-robots/my_workspace/build/walking/install.log --single-version-externally-managed install_data --force
[0.839s] running egg_info
[0.851s] writing ../../build/walking/walking.egg-info/PKG-INFO
[0.851s] writing dependency_links to ../../build/walking/walking.egg-info/dependency_links.txt
[0.851s] writing entry points to ../../build/walking/walking.egg-info/entry_points.txt
[0.851s] writing requirements to ../../build/walking/walking.egg-info/requires.txt
[0.851s] writing top-level names to ../../build/walking/walking.egg-info/top_level.txt
[1.051s] writing manifest file '../../build/walking/walking.egg-info/SOURCES.txt'
[1.052s] running build
[1.052s] running build_py
[1.052s] creating /workspaces/workspaces/legged-robots/my_workspace/build/walking/build
[1.052s] creating /workspaces/workspaces/legged-robots/my_workspace/build/walking/build/lib
[1.052s] creating /workspaces/workspaces/legged-robots/my_workspace/build/walking/build/lib/walking
[1.052s] copying walking/lip_mpc.py -> /workspaces/workspaces/legged-robots/my_workspace/build/walking/build/lib/walking
[1.052s] copying walking/tsid_wrapper.py -> /workspaces/workspaces/legged-robots/my_workspace/build/walking/build/lib/walking
[1.052s] copying walking/talos_conf.py -> /workspaces/workspaces/legged-robots/my_workspace/build/walking/build/lib/walking
[1.052s] copying walking/footstep_planner.py -> /workspaces/workspaces/legged-robots/my_workspace/build/walking/build/lib/walking
[1.053s] copying walking/walking.py -> /workspaces/workspaces/legged-robots/my_workspace/build/walking/build/lib/walking
[1.053s] copying walking/__init__.py -> /workspaces/workspaces/legged-robots/my_workspace/build/walking/build/lib/walking
[1.053s] copying walking/foot_trajectory.py -> /workspaces/workspaces/legged-robots/my_workspace/build/walking/build/lib/walking
[1.053s] copying walking/talos.py -> /workspaces/workspaces/legged-robots/my_workspace/build/walking/build/lib/walking
[1.053s] running install
[1.055s] running install_lib
[1.066s] creating /workspaces/workspaces/legged-robots/my_workspace/install/walking/lib/python3.12/site-packages/walking
[1.066s] copying /workspaces/workspaces/legged-robots/my_workspace/build/walking/build/lib/walking/lip_mpc.py -> /workspaces/workspaces/legged-robots/my_workspace/install/walking/lib/python3.12/site-packages/walking
[1.066s] copying /workspaces/workspaces/legged-robots/my_workspace/build/walking/build/lib/walking/tsid_wrapper.py -> /workspaces/workspaces/legged-robots/my_workspace/install/walking/lib/python3.12/site-packages/walking
[1.066s] copying /workspaces/workspaces/legged-robots/my_workspace/build/walking/build/lib/walking/talos_conf.py -> /workspaces/workspaces/legged-robots/my_workspace/install/walking/lib/python3.12/site-packages/walking
[1.066s] copying /workspaces/workspaces/legged-robots/my_workspace/build/walking/build/lib/walking/footstep_planner.py -> /workspaces/workspaces/legged-robots/my_workspace/install/walking/lib/python3.12/site-packages/walking
[1.066s] copying /workspaces/workspaces/legged-robots/my_workspace/build/walking/build/lib/walking/walking.py -> /workspaces/workspaces/legged-robots/my_workspace/install/walking/lib/python3.12/site-packages/walking
[1.066s] copying /workspaces/workspaces/legged-robots/my_workspace/build/walking/build/lib/walking/__init__.py -> /workspaces/workspaces/legged-robots/my_workspace/install/walking/lib/python3.12/site-packages/walking
[1.066s] copying /workspaces/workspaces/legged-robots/my_workspace/build/walking/build/lib/walking/foot_trajectory.py -> /workspaces/workspaces/legged-robots/my_workspace/install/walking/lib/python3.12/site-packages/walking
[1.066s] copying /workspaces/workspaces/legged-robots/my_workspace/build/walking/build/lib/walking/talos.py -> /workspaces/workspaces/legged-robots/my_workspace/install/walking/lib/python3.12/site-packages/walking
[1.066s] byte-compiling /workspaces/workspaces/legged-robots/my_workspace/install/walking/lib/python3.12/site-packages/walking/lip_mpc.py to lip_mpc.cpython-312.pyc
[1.067s] byte-compiling /workspaces/workspaces/legged-robots/my_workspace/install/walking/lib/python3.12/site-packages/walking/tsid_wrapper.py to tsid_wrapper.cpython-312.pyc
[1.070s] byte-compiling /workspaces/workspaces/legged-robots/my_workspace/install/walking/lib/python3.12/site-packages/walking/talos_conf.py to talos_conf.cpython-312.pyc
[1.071s] byte-compiling /workspaces/workspaces/legged-robots/my_workspace/install/walking/lib/python3.12/site-packages/walking/footstep_planner.py to footstep_planner.cpython-312.pyc
[1.071s] byte-compiling /workspaces/workspaces/legged-robots/my_workspace/install/walking/lib/python3.12/site-packages/walking/walking.py to walking.cpython-312.pyc
[1.071s] byte-compiling /workspaces/workspaces/legged-robots/my_workspace/install/walking/lib/python3.12/site-packages/walking/__init__.py to __init__.cpython-312.pyc
[1.071s] byte-compiling /workspaces/workspaces/legged-robots/my_workspace/install/walking/lib/python3.12/site-packages/walking/foot_trajectory.py to foot_trajectory.cpython-312.pyc
[1.071s] byte-compiling /workspaces/workspaces/legged-robots/my_workspace/install/walking/lib/python3.12/site-packages/walking/talos.py to talos.cpython-312.pyc
[1.072s] Sorry: IndentationError: expected an indented block after function definition on line 129 (talos.py, line 142)
[1.072s] running install_data
[1.072s] copying resource/walking -> /workspaces/workspaces/legged-robots/my_workspace/install/walking/share/ament_index/resource_index/packages
[1.072s] copying package.xml -> /workspaces/workspaces/legged-robots/my_workspace/install/walking/share/walking
[1.072s] running install_egg_info
[1.081s] Copying ../../build/walking/walking.egg-info to /workspaces/workspaces/legged-robots/my_workspace/install/walking/lib/python3.12/site-packages/walking-0.0.0-py3.12.egg-info
[1.082s] running install_scripts
[1.147s] Installing footstep_planner script to /workspaces/workspaces/legged-robots/my_workspace/install/walking/lib/walking
[1.147s] Installing walking script to /workspaces/workspaces/legged-robots/my_workspace/install/walking/lib/walking
[1.147s] writing list of installed files to '/workspaces/workspaces/legged-robots/my_workspace/build/walking/install.log'
[1.164s] Invoked command in '/workspaces/workspaces/legged-robots/my_workspace/src/walking' returned '0': AMENT_PREFIX_PATH=/workspaces/workspaces/legged-robots/my_workspace/install/simulator:/workspaces/workspaces/legged-robots/my_workspace/install/whole_body_control:/workspaces/workspaces/legged-robots/my_workspace/install/walking:/workspaces/workspaces/legged-robots/my_workspace/install/bullet_sims:/workspaces/workspaces/legged-robots/my_workspace/install/talos_description:/workspaces/workspaces/legged-robots/my_workspace/install/ros_visuals:/workspaces/workspaces/legged-robots/my_workspace/install/reemc_description:/opt/ros/rolling PYTHONPATH=/workspaces/workspaces/legged-robots/my_workspace/build/walking/prefix_override:/usr/lib/python3/dist-packages/colcon_core/task/python/colcon_distutils_commands:/workspaces/workspaces/legged-robots/my_workspace/install/walking/lib/python3.12/site-packages:/workspaces/workspaces/legged-robots/my_workspace/build/simulator:/workspaces/workspaces/legged-robots/my_workspace/install/simulator/lib/python3.12/site-packages:/workspaces/workspaces/legged-robots/my_workspace/build/whole_body_control:/workspaces/workspaces/legged-robots/my_workspace/install/whole_body_control/lib/python3.12/site-packages:/workspaces/workspaces/legged-robots/my_workspace/build/walking:/workspaces/workspaces/legged-robots/my_workspace/install/walking/lib/python3.12/site-packages:/workspaces/workspaces/legged-robots/my_workspace/build/bullet_sims:/workspaces/workspaces/legged-robots/my_workspace/install/bullet_sims/lib/python3.12/site-packages:/workspaces/workspaces/legged-robots/my_workspace/build/ros_visuals:/workspaces/workspaces/legged-robots/my_workspace/install/ros_visuals/lib/python3.12/site-packages:/opt/openrobots/lib/python3.12/site-packages:/opt/openrobots/lib/python3.12/site-packages:/opt/ros/rolling/lib/python3.12/site-packages /usr/bin/python3 -W ignore:setup.py install is deprecated -W ignore:easy_install command is deprecated setup.py egg_info --egg-base ../../build/walking build --build-base /workspaces/workspaces/legged-robots/my_workspace/build/walking/build install --record /workspaces/workspaces/legged-robots/my_workspace/build/walking/install.log --single-version-externally-managed install_data --force
