running egg_info
writing ../../build/bullet_sims/bullet_sims.egg-info/PKG-INFO
writing dependency_links to ../../build/bullet_sims/bullet_sims.egg-info/dependency_links.txt
writing entry points to ../../build/bullet_sims/bullet_sims.egg-info/entry_points.txt
writing requirements to ../../build/bullet_sims/bullet_sims.egg-info/requires.txt
writing top-level names to ../../build/bullet_sims/bullet_sims.egg-info/top_level.txt
writing manifest file '../../build/bullet_sims/bullet_sims.egg-info/SOURCES.txt'
running build
running build_py
running install
running install_lib
running install_data
running install_egg_info
removing '/workspaces/workspaces/my_workspace/install/bullet_sims/lib/python3.12/site-packages/bullet_sims-0.0.0-py3.12.egg-info' (and everything under it)
Copying ../../build/bullet_sims/bullet_sims.egg-info to /workspaces/workspaces/my_workspace/install/bullet_sims/lib/python3.12/site-packages/bullet_sims-0.0.0-py3.12.egg-info
running install_scripts
Installing t21 script to /workspaces/workspaces/my_workspace/install/bullet_sims/lib/bullet_sims
Installing t22 script to /workspaces/workspaces/my_workspace/install/bullet_sims/lib/bullet_sims
Installing t23 script to /workspaces/workspaces/my_workspace/install/bullet_sims/lib/bullet_sims
Installing t2_temp script to /workspaces/workspaces/my_workspace/install/bullet_sims/lib/bullet_sims
writing list of installed files to '/workspaces/workspaces/my_workspace/build/bullet_sims/install.log'
