[2.061s] Invoking command in '/workspaces/workspaces/my_workspace/build/ros_visuals': PYTHONPATH=/workspaces/workspaces/my_workspace/build/ros_visuals/prefix_override:/usr/lib/python3/dist-packages/colcon_core/task/python/colcon_distutils_commands:/workspaces/workspaces/my_workspace/install/ros_visuals/lib/python3.12/site-packages:${PYTHONPATH} /usr/bin/python3 -W ignore:setup.py install is deprecated -W ignore:easy_install command is deprecated setup.py develop --uninstall --editable --build-directory /workspaces/workspaces/my_workspace/build/ros_visuals/build
[2.591s] running develop
[2.918s] Removing /workspaces/workspaces/my_workspace/install/ros_visuals/lib/python3.12/site-packages/ros-visuals.egg-link (link to .)
[2.982s] Invoked command in '/workspaces/workspaces/my_workspace/build/ros_visuals' returned '0': PYTHONPATH=/workspaces/workspaces/my_workspace/build/ros_visuals/prefix_override:/usr/lib/python3/dist-packages/colcon_core/task/python/colcon_distutils_commands:/workspaces/workspaces/my_workspace/install/ros_visuals/lib/python3.12/site-packages:${PYTHONPATH} /usr/bin/python3 -W ignore:setup.py install is deprecated -W ignore:easy_install command is deprecated setup.py develop --uninstall --editable --build-directory /workspaces/workspaces/my_workspace/build/ros_visuals/build
[2.985s] Invoking command in '/workspaces/workspaces/my_workspace/src/ros_visuals': PYTHONPATH=/workspaces/workspaces/my_workspace/build/ros_visuals/prefix_override:/usr/lib/python3/dist-packages/colcon_core/task/python/colcon_distutils_commands:/workspaces/workspaces/my_workspace/install/ros_visuals/lib/python3.12/site-packages:${PYTHONPATH} /usr/bin/python3 -W ignore:setup.py install is deprecated -W ignore:easy_install command is deprecated setup.py egg_info --egg-base ../../build/ros_visuals build --build-base /workspaces/workspaces/my_workspace/build/ros_visuals/build install --record /workspaces/workspaces/my_workspace/build/ros_visuals/install.log --single-version-externally-managed install_data --force
[3.468s] running egg_info
[3.498s] writing ../../build/ros_visuals/ros_visuals.egg-info/PKG-INFO
[3.498s] writing dependency_links to ../../build/ros_visuals/ros_visuals.egg-info/dependency_links.txt
[3.499s] writing entry points to ../../build/ros_visuals/ros_visuals.egg-info/entry_points.txt
[3.499s] writing requirements to ../../build/ros_visuals/ros_visuals.egg-info/requires.txt
[3.499s] writing top-level names to ../../build/ros_visuals/ros_visuals.egg-info/top_level.txt
[3.943s] writing manifest file '../../build/ros_visuals/ros_visuals.egg-info/SOURCES.txt'
[3.944s] running build
[3.944s] running build_py
[3.944s] running install
[3.953s] running install_lib
[3.982s] creating /workspaces/workspaces/my_workspace/install/ros_visuals/lib/python3.12/site-packages/ros_visuals
[3.982s] copying /workspaces/workspaces/my_workspace/build/ros_visuals/build/lib/ros_visuals/t12.py -> /workspaces/workspaces/my_workspace/install/ros_visuals/lib/python3.12/site-packages/ros_visuals
[3.982s] copying /workspaces/workspaces/my_workspace/build/ros_visuals/build/lib/ros_visuals/t13.py -> /workspaces/workspaces/my_workspace/install/ros_visuals/lib/python3.12/site-packages/ros_visuals
[3.982s] copying /workspaces/workspaces/my_workspace/build/ros_visuals/build/lib/ros_visuals/__init__.py -> /workspaces/workspaces/my_workspace/install/ros_visuals/lib/python3.12/site-packages/ros_visuals
[3.982s] copying /workspaces/workspaces/my_workspace/build/ros_visuals/build/lib/ros_visuals/t11.py -> /workspaces/workspaces/my_workspace/install/ros_visuals/lib/python3.12/site-packages/ros_visuals
[3.983s] copying /workspaces/workspaces/my_workspace/build/ros_visuals/build/lib/ros_visuals/pinocchio_test.py -> /workspaces/workspaces/my_workspace/install/ros_visuals/lib/python3.12/site-packages/ros_visuals
[3.984s] byte-compiling /workspaces/workspaces/my_workspace/install/ros_visuals/lib/python3.12/site-packages/ros_visuals/t12.py to t12.cpython-312.pyc
[3.988s] byte-compiling /workspaces/workspaces/my_workspace/install/ros_visuals/lib/python3.12/site-packages/ros_visuals/t13.py to t13.cpython-312.pyc
[3.993s] byte-compiling /workspaces/workspaces/my_workspace/install/ros_visuals/lib/python3.12/site-packages/ros_visuals/__init__.py to __init__.cpython-312.pyc
[3.993s] byte-compiling /workspaces/workspaces/my_workspace/install/ros_visuals/lib/python3.12/site-packages/ros_visuals/t11.py to t11.cpython-312.pyc
[3.996s] byte-compiling /workspaces/workspaces/my_workspace/install/ros_visuals/lib/python3.12/site-packages/ros_visuals/pinocchio_test.py to pinocchio_test.cpython-312.pyc
[3.996s] running install_data
[3.997s] copying package.xml -> /workspaces/workspaces/my_workspace/install/ros_visuals/share/ament_index/resource_index/packages
[3.997s] copying config/compare_cage.rviz -> /workspaces/workspaces/my_workspace/install/ros_visuals/share/ros_visuals/config
[3.998s] copying config/talos_new.rviz -> /workspaces/workspaces/my_workspace/install/ros_visuals/share/ros_visuals/config
[3.998s] copying config/rviz_config.rviz -> /workspaces/workspaces/my_workspace/install/ros_visuals/share/ros_visuals/config
[4.000s] copying config/talos.rviz -> /workspaces/workspaces/my_workspace/install/ros_visuals/share/ros_visuals/config
[4.002s] copying launch/launch.py -> /workspaces/workspaces/my_workspace/install/ros_visuals/share/ros_visuals/launch
[4.003s] copying launch/talos_rviz_launch.py -> /workspaces/workspaces/my_workspace/install/ros_visuals/share/ros_visuals/launch
[4.005s] copying launch/compare_methods.launch.py -> /workspaces/workspaces/my_workspace/install/ros_visuals/share/ros_visuals/launch
[4.007s] running install_egg_info
[4.053s] Copying ../../build/ros_visuals/ros_visuals.egg-info to /workspaces/workspaces/my_workspace/install/ros_visuals/lib/python3.12/site-packages/ros_visuals-0.0.0-py3.12.egg-info
[4.054s] running install_scripts
[4.256s] Installing t11 script to /workspaces/workspaces/my_workspace/install/ros_visuals/lib/ros_visuals
[4.257s] Installing t12 script to /workspaces/workspaces/my_workspace/install/ros_visuals/lib/ros_visuals
[4.257s] Installing t13 script to /workspaces/workspaces/my_workspace/install/ros_visuals/lib/ros_visuals
[4.257s] writing list of installed files to '/workspaces/workspaces/my_workspace/build/ros_visuals/install.log'
[4.327s] Invoked command in '/workspaces/workspaces/my_workspace/src/ros_visuals' returned '0': PYTHONPATH=/workspaces/workspaces/my_workspace/build/ros_visuals/prefix_override:/usr/lib/python3/dist-packages/colcon_core/task/python/colcon_distutils_commands:/workspaces/workspaces/my_workspace/install/ros_visuals/lib/python3.12/site-packages:${PYTHONPATH} /usr/bin/python3 -W ignore:setup.py install is deprecated -W ignore:easy_install command is deprecated setup.py egg_info --egg-base ../../build/ros_visuals build --build-base /workspaces/workspaces/my_workspace/build/ros_visuals/build install --record /workspaces/workspaces/my_workspace/build/ros_visuals/install.log --single-version-externally-managed install_data --force
