[0.050s] DEBUG:colcon:Command line arguments: ['/usr/bin/colcon', 'build', '--symlink-install']
[0.050s] DEBUG:colcon:Parsed command line arguments: Namespace(log_base=None, log_level=None, verb_name='build', build_base='build', install_base='install', merge_install=False, symlink_install=True, test_result_base=None, continue_on_error=False, executor='parallel', parallel_workers=24, event_handlers=None, ignore_user_meta=False, metas=['./colcon.meta'], base_paths=['.'], packages_ignore=None, packages_ignore_regex=None, paths=None, packages_up_to=None, packages_up_to_regex=None, packages_above=None, packages_above_and_dependencies=None, packages_above_depth=None, packages_select_by_dep=None, packages_skip_by_dep=None, packages_skip_up_to=None, packages_select_build_failed=False, packages_skip_build_finished=False, packages_select_test_failures=False, packages_skip_test_passed=False, packages_select=None, packages_skip=None, packages_select_regex=None, packages_skip_regex=None, packages_start=None, packages_end=None, cmake_args=None, cmake_target=None, cmake_target_skip_unavailable=False, cmake_clean_cache=False, cmake_clean_first=False, cmake_force_configure=False, ament_cmake_args=None, catkin_cmake_args=None, catkin_skip_building_tests=False, mixin_files=None, mixin=None, verb_parser=<colcon_mixin.mixin.mixin_argument.MixinArgumentDecorator object at 0x748bb7f6b140>, verb_extension=<colcon_core.verb.build.BuildVerb object at 0x748bb808f950>, main=<bound method BuildVerb.main of <colcon_core.verb.build.BuildVerb object at 0x748bb808f950>>, mixin_verb=('build',))
[0.069s] Level 1:colcon.colcon_core.package_discovery:discover_packages(colcon_meta) check parameters
[0.069s] Level 1:colcon.colcon_core.package_discovery:discover_packages(recursive) check parameters
[0.069s] Level 1:colcon.colcon_core.package_discovery:discover_packages(ignore) check parameters
[0.069s] Level 1:colcon.colcon_core.package_discovery:discover_packages(path) check parameters
[0.069s] Level 1:colcon.colcon_core.package_discovery:discover_packages(colcon_meta) discover
[0.069s] Level 1:colcon.colcon_core.package_discovery:discover_packages(recursive) discover
[0.069s] INFO:colcon.colcon_core.package_discovery:Crawling recursively for packages in '/workspaces/legged-robots/my_workspace'
[0.070s] Level 1:colcon.colcon_core.package_identification:_identify(.) by extensions ['ignore', 'ignore_ament_install']
[0.070s] Level 1:colcon.colcon_core.package_identification:_identify(.) by extension 'ignore'
[0.070s] Level 1:colcon.colcon_core.package_identification:_identify(.) by extension 'ignore_ament_install'
[0.070s] Level 1:colcon.colcon_core.package_identification:_identify(.) by extensions ['colcon_pkg']
[0.070s] Level 1:colcon.colcon_core.package_identification:_identify(.) by extension 'colcon_pkg'
[0.070s] Level 1:colcon.colcon_core.package_identification:_identify(.) by extensions ['colcon_meta']
[0.070s] Level 1:colcon.colcon_core.package_identification:_identify(.) by extension 'colcon_meta'
[0.070s] Level 1:colcon.colcon_core.package_identification:_identify(.) by extensions ['ros']
[0.070s] Level 1:colcon.colcon_core.package_identification:_identify(.) by extension 'ros'
[0.082s] Level 1:colcon.colcon_core.package_identification:_identify(.) by extensions ['cmake', 'python']
[0.082s] Level 1:colcon.colcon_core.package_identification:_identify(.) by extension 'cmake'
[0.082s] Level 1:colcon.colcon_core.package_identification:_identify(.) by extension 'python'
[0.082s] Level 1:colcon.colcon_core.package_identification:_identify(.) by extensions ['python_setup_py']
[0.082s] Level 1:colcon.colcon_core.package_identification:_identify(.) by extension 'python_setup_py'
[0.083s] Level 1:colcon.colcon_core.package_identification:_identify(build) by extensions ['ignore', 'ignore_ament_install']
[0.083s] Level 1:colcon.colcon_core.package_identification:_identify(build) by extension 'ignore'
[0.083s] Level 1:colcon.colcon_core.package_identification:_identify(build) ignored
[0.083s] Level 1:colcon.colcon_core.package_identification:_identify(install) by extensions ['ignore', 'ignore_ament_install']
[0.083s] Level 1:colcon.colcon_core.package_identification:_identify(install) by extension 'ignore'
[0.083s] Level 1:colcon.colcon_core.package_identification:_identify(install) ignored
[0.083s] Level 1:colcon.colcon_core.package_identification:_identify(log) by extensions ['ignore', 'ignore_ament_install']
[0.083s] Level 1:colcon.colcon_core.package_identification:_identify(log) by extension 'ignore'
[0.083s] Level 1:colcon.colcon_core.package_identification:_identify(log) ignored
[0.083s] Level 1:colcon.colcon_core.package_identification:_identify(src) by extensions ['ignore', 'ignore_ament_install']
[0.083s] Level 1:colcon.colcon_core.package_identification:_identify(src) by extension 'ignore'
[0.083s] Level 1:colcon.colcon_core.package_identification:_identify(src) by extension 'ignore_ament_install'
[0.083s] Level 1:colcon.colcon_core.package_identification:_identify(src) by extensions ['colcon_pkg']
[0.083s] Level 1:colcon.colcon_core.package_identification:_identify(src) by extension 'colcon_pkg'
[0.083s] Level 1:colcon.colcon_core.package_identification:_identify(src) by extensions ['colcon_meta']
[0.083s] Level 1:colcon.colcon_core.package_identification:_identify(src) by extension 'colcon_meta'
[0.083s] Level 1:colcon.colcon_core.package_identification:_identify(src) by extensions ['ros']
[0.083s] Level 1:colcon.colcon_core.package_identification:_identify(src) by extension 'ros'
[0.083s] Level 1:colcon.colcon_core.package_identification:_identify(src) by extensions ['cmake', 'python']
[0.083s] Level 1:colcon.colcon_core.package_identification:_identify(src) by extension 'cmake'
[0.083s] Level 1:colcon.colcon_core.package_identification:_identify(src) by extension 'python'
[0.083s] Level 1:colcon.colcon_core.package_identification:_identify(src) by extensions ['python_setup_py']
[0.083s] Level 1:colcon.colcon_core.package_identification:_identify(src) by extension 'python_setup_py'
[0.083s] Level 1:colcon.colcon_core.package_identification:_identify(src/ainex_description) by extensions ['ignore', 'ignore_ament_install']
[0.083s] Level 1:colcon.colcon_core.package_identification:_identify(src/ainex_description) by extension 'ignore'
[0.083s] Level 1:colcon.colcon_core.package_identification:_identify(src/ainex_description) by extension 'ignore_ament_install'
[0.083s] Level 1:colcon.colcon_core.package_identification:_identify(src/ainex_description) by extensions ['colcon_pkg']
[0.083s] Level 1:colcon.colcon_core.package_identification:_identify(src/ainex_description) by extension 'colcon_pkg'
[0.083s] Level 1:colcon.colcon_core.package_identification:_identify(src/ainex_description) by extensions ['colcon_meta']
[0.083s] Level 1:colcon.colcon_core.package_identification:_identify(src/ainex_description) by extension 'colcon_meta'
[0.083s] Level 1:colcon.colcon_core.package_identification:_identify(src/ainex_description) by extensions ['ros']
[0.083s] Level 1:colcon.colcon_core.package_identification:_identify(src/ainex_description) by extension 'ros'
[0.085s] DEBUG:colcon.colcon_core.package_identification:Package 'src/ainex_description' with type 'ros.ament_cmake' and name 'ainex_description'
[0.085s] Level 1:colcon.colcon_core.package_identification:_identify(src/bullet_sims) by extensions ['ignore', 'ignore_ament_install']
[0.085s] Level 1:colcon.colcon_core.package_identification:_identify(src/bullet_sims) by extension 'ignore'
[0.085s] Level 1:colcon.colcon_core.package_identification:_identify(src/bullet_sims) by extension 'ignore_ament_install'
[0.085s] Level 1:colcon.colcon_core.package_identification:_identify(src/bullet_sims) by extensions ['colcon_pkg']
[0.085s] Level 1:colcon.colcon_core.package_identification:_identify(src/bullet_sims) by extension 'colcon_pkg'
[0.085s] Level 1:colcon.colcon_core.package_identification:_identify(src/bullet_sims) by extensions ['colcon_meta']
[0.085s] Level 1:colcon.colcon_core.package_identification:_identify(src/bullet_sims) by extension 'colcon_meta'
[0.085s] Level 1:colcon.colcon_core.package_identification:_identify(src/bullet_sims) by extensions ['ros']
[0.085s] Level 1:colcon.colcon_core.package_identification:_identify(src/bullet_sims) by extension 'ros'
[0.085s] DEBUG:colcon.colcon_core.package_identification:Package 'src/bullet_sims' with type 'ros.ament_python' and name 'bullet_sims'
[0.085s] Level 1:colcon.colcon_core.package_identification:_identify(src/mpc) by extensions ['ignore', 'ignore_ament_install']
[0.085s] Level 1:colcon.colcon_core.package_identification:_identify(src/mpc) by extension 'ignore'
[0.085s] Level 1:colcon.colcon_core.package_identification:_identify(src/mpc) by extension 'ignore_ament_install'
[0.085s] Level 1:colcon.colcon_core.package_identification:_identify(src/mpc) by extensions ['colcon_pkg']
[0.085s] Level 1:colcon.colcon_core.package_identification:_identify(src/mpc) by extension 'colcon_pkg'
[0.085s] Level 1:colcon.colcon_core.package_identification:_identify(src/mpc) by extensions ['colcon_meta']
[0.085s] Level 1:colcon.colcon_core.package_identification:_identify(src/mpc) by extension 'colcon_meta'
[0.085s] Level 1:colcon.colcon_core.package_identification:_identify(src/mpc) by extensions ['ros']
[0.085s] Level 1:colcon.colcon_core.package_identification:_identify(src/mpc) by extension 'ros'
[0.086s] Level 1:colcon.colcon_core.package_identification:_identify(src/mpc) by extensions ['cmake', 'python']
[0.086s] Level 1:colcon.colcon_core.package_identification:_identify(src/mpc) by extension 'cmake'
[0.086s] Level 1:colcon.colcon_core.package_identification:_identify(src/mpc) by extension 'python'
[0.086s] Level 1:colcon.colcon_core.package_identification:_identify(src/mpc) by extensions ['python_setup_py']
[0.086s] Level 1:colcon.colcon_core.package_identification:_identify(src/mpc) by extension 'python_setup_py'
[0.086s] Level 1:colcon.colcon_core.package_identification:_identify(src/reemc_description) by extensions ['ignore', 'ignore_ament_install']
[0.086s] Level 1:colcon.colcon_core.package_identification:_identify(src/reemc_description) by extension 'ignore'
[0.086s] Level 1:colcon.colcon_core.package_identification:_identify(src/reemc_description) by extension 'ignore_ament_install'
[0.086s] Level 1:colcon.colcon_core.package_identification:_identify(src/reemc_description) by extensions ['colcon_pkg']
[0.086s] Level 1:colcon.colcon_core.package_identification:_identify(src/reemc_description) by extension 'colcon_pkg'
[0.086s] Level 1:colcon.colcon_core.package_identification:_identify(src/reemc_description) by extensions ['colcon_meta']
[0.086s] Level 1:colcon.colcon_core.package_identification:_identify(src/reemc_description) by extension 'colcon_meta'
[0.086s] Level 1:colcon.colcon_core.package_identification:_identify(src/reemc_description) by extensions ['ros']
[0.086s] Level 1:colcon.colcon_core.package_identification:_identify(src/reemc_description) by extension 'ros'
[0.086s] DEBUG:colcon.colcon_core.package_identification:Package 'src/reemc_description' with type 'ros.ament_cmake' and name 'reemc_description'
[0.086s] Level 1:colcon.colcon_core.package_identification:_identify(src/ros_visuals) by extensions ['ignore', 'ignore_ament_install']
[0.086s] Level 1:colcon.colcon_core.package_identification:_identify(src/ros_visuals) by extension 'ignore'
[0.086s] Level 1:colcon.colcon_core.package_identification:_identify(src/ros_visuals) by extension 'ignore_ament_install'
[0.086s] Level 1:colcon.colcon_core.package_identification:_identify(src/ros_visuals) by extensions ['colcon_pkg']
[0.086s] Level 1:colcon.colcon_core.package_identification:_identify(src/ros_visuals) by extension 'colcon_pkg'
[0.086s] Level 1:colcon.colcon_core.package_identification:_identify(src/ros_visuals) by extensions ['colcon_meta']
[0.086s] Level 1:colcon.colcon_core.package_identification:_identify(src/ros_visuals) by extension 'colcon_meta'
[0.086s] Level 1:colcon.colcon_core.package_identification:_identify(src/ros_visuals) by extensions ['ros']
[0.086s] Level 1:colcon.colcon_core.package_identification:_identify(src/ros_visuals) by extension 'ros'
[0.086s] DEBUG:colcon.colcon_core.package_identification:Package 'src/ros_visuals' with type 'ros.ament_python' and name 'ros_visuals'
[0.086s] Level 1:colcon.colcon_core.package_identification:_identify(src/simulator) by extensions ['ignore', 'ignore_ament_install']
[0.086s] Level 1:colcon.colcon_core.package_identification:_identify(src/simulator) by extension 'ignore'
[0.087s] Level 1:colcon.colcon_core.package_identification:_identify(src/simulator) by extension 'ignore_ament_install'
[0.087s] Level 1:colcon.colcon_core.package_identification:_identify(src/simulator) by extensions ['colcon_pkg']
[0.087s] Level 1:colcon.colcon_core.package_identification:_identify(src/simulator) by extension 'colcon_pkg'
[0.087s] Level 1:colcon.colcon_core.package_identification:_identify(src/simulator) by extensions ['colcon_meta']
[0.087s] Level 1:colcon.colcon_core.package_identification:_identify(src/simulator) by extension 'colcon_meta'
[0.087s] Level 1:colcon.colcon_core.package_identification:_identify(src/simulator) by extensions ['ros']
[0.087s] Level 1:colcon.colcon_core.package_identification:_identify(src/simulator) by extension 'ros'
[0.087s] DEBUG:colcon.colcon_core.package_identification:Package 'src/simulator' with type 'ros.ament_python' and name 'simulator'
[0.087s] Level 1:colcon.colcon_core.package_identification:_identify(src/talos_description) by extensions ['ignore', 'ignore_ament_install']
[0.087s] Level 1:colcon.colcon_core.package_identification:_identify(src/talos_description) by extension 'ignore'
[0.087s] Level 1:colcon.colcon_core.package_identification:_identify(src/talos_description) by extension 'ignore_ament_install'
[0.087s] Level 1:colcon.colcon_core.package_identification:_identify(src/talos_description) by extensions ['colcon_pkg']
[0.087s] Level 1:colcon.colcon_core.package_identification:_identify(src/talos_description) by extension 'colcon_pkg'
[0.087s] Level 1:colcon.colcon_core.package_identification:_identify(src/talos_description) by extensions ['colcon_meta']
[0.087s] Level 1:colcon.colcon_core.package_identification:_identify(src/talos_description) by extension 'colcon_meta'
[0.087s] Level 1:colcon.colcon_core.package_identification:_identify(src/talos_description) by extensions ['ros']
[0.087s] Level 1:colcon.colcon_core.package_identification:_identify(src/talos_description) by extension 'ros'
[0.087s] DEBUG:colcon.colcon_core.package_identification:Package 'src/talos_description' with type 'ros.ament_cmake' and name 'talos_description'
[0.087s] Level 1:colcon.colcon_core.package_identification:_identify(src/walking) by extensions ['ignore', 'ignore_ament_install']
[0.087s] Level 1:colcon.colcon_core.package_identification:_identify(src/walking) by extension 'ignore'
[0.087s] Level 1:colcon.colcon_core.package_identification:_identify(src/walking) by extension 'ignore_ament_install'
[0.087s] Level 1:colcon.colcon_core.package_identification:_identify(src/walking) by extensions ['colcon_pkg']
[0.087s] Level 1:colcon.colcon_core.package_identification:_identify(src/walking) by extension 'colcon_pkg'
[0.087s] Level 1:colcon.colcon_core.package_identification:_identify(src/walking) by extensions ['colcon_meta']
[0.087s] Level 1:colcon.colcon_core.package_identification:_identify(src/walking) by extension 'colcon_meta'
[0.087s] Level 1:colcon.colcon_core.package_identification:_identify(src/walking) by extensions ['ros']
[0.087s] Level 1:colcon.colcon_core.package_identification:_identify(src/walking) by extension 'ros'
[0.088s] DEBUG:colcon.colcon_core.package_identification:Package 'src/walking' with type 'ros.ament_python' and name 'walking'
[0.088s] Level 1:colcon.colcon_core.package_identification:_identify(src/whole_body_control) by extensions ['ignore', 'ignore_ament_install']
[0.088s] Level 1:colcon.colcon_core.package_identification:_identify(src/whole_body_control) by extension 'ignore'
[0.088s] Level 1:colcon.colcon_core.package_identification:_identify(src/whole_body_control) by extension 'ignore_ament_install'
[0.088s] Level 1:colcon.colcon_core.package_identification:_identify(src/whole_body_control) by extensions ['colcon_pkg']
[0.088s] Level 1:colcon.colcon_core.package_identification:_identify(src/whole_body_control) by extension 'colcon_pkg'
[0.088s] Level 1:colcon.colcon_core.package_identification:_identify(src/whole_body_control) by extensions ['colcon_meta']
[0.088s] Level 1:colcon.colcon_core.package_identification:_identify(src/whole_body_control) by extension 'colcon_meta'
[0.088s] Level 1:colcon.colcon_core.package_identification:_identify(src/whole_body_control) by extensions ['ros']
[0.088s] Level 1:colcon.colcon_core.package_identification:_identify(src/whole_body_control) by extension 'ros'
[0.088s] DEBUG:colcon.colcon_core.package_identification:Package 'src/whole_body_control' with type 'ros.ament_python' and name 'whole_body_control'
[0.088s] Level 1:colcon.colcon_core.package_discovery:discover_packages(recursive) using defaults
[0.088s] Level 1:colcon.colcon_core.package_discovery:discover_packages(ignore) discover
[0.088s] Level 1:colcon.colcon_core.package_discovery:discover_packages(ignore) using defaults
[0.088s] Level 1:colcon.colcon_core.package_discovery:discover_packages(path) discover
[0.088s] Level 1:colcon.colcon_core.package_discovery:discover_packages(path) using defaults
[0.097s] Level 5:colcon.colcon_core.verb:set package 'ainex_description' build argument 'cmake_args' from command line to 'None'
[0.097s] Level 5:colcon.colcon_core.verb:set package 'ainex_description' build argument 'cmake_target' from command line to 'None'
[0.097s] Level 5:colcon.colcon_core.verb:set package 'ainex_description' build argument 'cmake_target_skip_unavailable' from command line to 'False'
[0.097s] Level 5:colcon.colcon_core.verb:set package 'ainex_description' build argument 'cmake_clean_cache' from command line to 'False'
[0.097s] Level 5:colcon.colcon_core.verb:set package 'ainex_description' build argument 'cmake_clean_first' from command line to 'False'
[0.097s] Level 5:colcon.colcon_core.verb:set package 'ainex_description' build argument 'cmake_force_configure' from command line to 'False'
[0.097s] Level 5:colcon.colcon_core.verb:set package 'ainex_description' build argument 'ament_cmake_args' from command line to 'None'
[0.097s] Level 5:colcon.colcon_core.verb:set package 'ainex_description' build argument 'catkin_cmake_args' from command line to 'None'
[0.097s] Level 5:colcon.colcon_core.verb:set package 'ainex_description' build argument 'catkin_skip_building_tests' from command line to 'False'
[0.097s] DEBUG:colcon.colcon_core.verb:Building package 'ainex_description' with the following arguments: {'ament_cmake_args': None, 'build_base': '/workspaces/legged-robots/my_workspace/build/ainex_description', 'catkin_cmake_args': None, 'catkin_skip_building_tests': False, 'cmake_args': None, 'cmake_clean_cache': False, 'cmake_clean_first': False, 'cmake_force_configure': False, 'cmake_target': None, 'cmake_target_skip_unavailable': False, 'install_base': '/workspaces/legged-robots/my_workspace/install/ainex_description', 'merge_install': False, 'path': '/workspaces/legged-robots/my_workspace/src/ainex_description', 'symlink_install': True, 'test_result_base': None}
[0.097s] Level 5:colcon.colcon_core.verb:set package 'reemc_description' build argument 'cmake_args' from command line to 'None'
[0.097s] Level 5:colcon.colcon_core.verb:set package 'reemc_description' build argument 'cmake_target' from command line to 'None'
[0.097s] Level 5:colcon.colcon_core.verb:set package 'reemc_description' build argument 'cmake_target_skip_unavailable' from command line to 'False'
[0.097s] Level 5:colcon.colcon_core.verb:set package 'reemc_description' build argument 'cmake_clean_cache' from command line to 'False'
[0.097s] Level 5:colcon.colcon_core.verb:set package 'reemc_description' build argument 'cmake_clean_first' from command line to 'False'
[0.097s] Level 5:colcon.colcon_core.verb:set package 'reemc_description' build argument 'cmake_force_configure' from command line to 'False'
[0.097s] Level 5:colcon.colcon_core.verb:set package 'reemc_description' build argument 'ament_cmake_args' from command line to 'None'
[0.097s] Level 5:colcon.colcon_core.verb:set package 'reemc_description' build argument 'catkin_cmake_args' from command line to 'None'
[0.097s] Level 5:colcon.colcon_core.verb:set package 'reemc_description' build argument 'catkin_skip_building_tests' from command line to 'False'
[0.097s] DEBUG:colcon.colcon_core.verb:Building package 'reemc_description' with the following arguments: {'ament_cmake_args': None, 'build_base': '/workspaces/legged-robots/my_workspace/build/reemc_description', 'catkin_cmake_args': None, 'catkin_skip_building_tests': False, 'cmake_args': None, 'cmake_clean_cache': False, 'cmake_clean_first': False, 'cmake_force_configure': False, 'cmake_target': None, 'cmake_target_skip_unavailable': False, 'install_base': '/workspaces/legged-robots/my_workspace/install/reemc_description', 'merge_install': False, 'path': '/workspaces/legged-robots/my_workspace/src/reemc_description', 'symlink_install': True, 'test_result_base': None}
[0.097s] Level 5:colcon.colcon_core.verb:set package 'ros_visuals' build argument 'cmake_args' from command line to 'None'
[0.097s] Level 5:colcon.colcon_core.verb:set package 'ros_visuals' build argument 'cmake_target' from command line to 'None'
[0.097s] Level 5:colcon.colcon_core.verb:set package 'ros_visuals' build argument 'cmake_target_skip_unavailable' from command line to 'False'
[0.097s] Level 5:colcon.colcon_core.verb:set package 'ros_visuals' build argument 'cmake_clean_cache' from command line to 'False'
[0.097s] Level 5:colcon.colcon_core.verb:set package 'ros_visuals' build argument 'cmake_clean_first' from command line to 'False'
[0.097s] Level 5:colcon.colcon_core.verb:set package 'ros_visuals' build argument 'cmake_force_configure' from command line to 'False'
[0.097s] Level 5:colcon.colcon_core.verb:set package 'ros_visuals' build argument 'ament_cmake_args' from command line to 'None'
[0.097s] Level 5:colcon.colcon_core.verb:set package 'ros_visuals' build argument 'catkin_cmake_args' from command line to 'None'
[0.097s] Level 5:colcon.colcon_core.verb:set package 'ros_visuals' build argument 'catkin_skip_building_tests' from command line to 'False'
[0.097s] DEBUG:colcon.colcon_core.verb:Building package 'ros_visuals' with the following arguments: {'ament_cmake_args': None, 'build_base': '/workspaces/legged-robots/my_workspace/build/ros_visuals', 'catkin_cmake_args': None, 'catkin_skip_building_tests': False, 'cmake_args': None, 'cmake_clean_cache': False, 'cmake_clean_first': False, 'cmake_force_configure': False, 'cmake_target': None, 'cmake_target_skip_unavailable': False, 'install_base': '/workspaces/legged-robots/my_workspace/install/ros_visuals', 'merge_install': False, 'path': '/workspaces/legged-robots/my_workspace/src/ros_visuals', 'symlink_install': True, 'test_result_base': None}
[0.098s] Level 5:colcon.colcon_core.verb:set package 'simulator' build argument 'cmake_args' from command line to 'None'
[0.098s] Level 5:colcon.colcon_core.verb:set package 'simulator' build argument 'cmake_target' from command line to 'None'
[0.098s] Level 5:colcon.colcon_core.verb:set package 'simulator' build argument 'cmake_target_skip_unavailable' from command line to 'False'
[0.098s] Level 5:colcon.colcon_core.verb:set package 'simulator' build argument 'cmake_clean_cache' from command line to 'False'
[0.098s] Level 5:colcon.colcon_core.verb:set package 'simulator' build argument 'cmake_clean_first' from command line to 'False'
[0.098s] Level 5:colcon.colcon_core.verb:set package 'simulator' build argument 'cmake_force_configure' from command line to 'False'
[0.098s] Level 5:colcon.colcon_core.verb:set package 'simulator' build argument 'ament_cmake_args' from command line to 'None'
[0.098s] Level 5:colcon.colcon_core.verb:set package 'simulator' build argument 'catkin_cmake_args' from command line to 'None'
[0.098s] Level 5:colcon.colcon_core.verb:set package 'simulator' build argument 'catkin_skip_building_tests' from command line to 'False'
[0.098s] DEBUG:colcon.colcon_core.verb:Building package 'simulator' with the following arguments: {'ament_cmake_args': None, 'build_base': '/workspaces/legged-robots/my_workspace/build/simulator', 'catkin_cmake_args': None, 'catkin_skip_building_tests': False, 'cmake_args': None, 'cmake_clean_cache': False, 'cmake_clean_first': False, 'cmake_force_configure': False, 'cmake_target': None, 'cmake_target_skip_unavailable': False, 'install_base': '/workspaces/legged-robots/my_workspace/install/simulator', 'merge_install': False, 'path': '/workspaces/legged-robots/my_workspace/src/simulator', 'symlink_install': True, 'test_result_base': None}
[0.098s] Level 5:colcon.colcon_core.verb:set package 'talos_description' build argument 'cmake_args' from command line to 'None'
[0.098s] Level 5:colcon.colcon_core.verb:set package 'talos_description' build argument 'cmake_target' from command line to 'None'
[0.098s] Level 5:colcon.colcon_core.verb:set package 'talos_description' build argument 'cmake_target_skip_unavailable' from command line to 'False'
[0.098s] Level 5:colcon.colcon_core.verb:set package 'talos_description' build argument 'cmake_clean_cache' from command line to 'False'
[0.098s] Level 5:colcon.colcon_core.verb:set package 'talos_description' build argument 'cmake_clean_first' from command line to 'False'
[0.098s] Level 5:colcon.colcon_core.verb:set package 'talos_description' build argument 'cmake_force_configure' from command line to 'False'
[0.098s] Level 5:colcon.colcon_core.verb:set package 'talos_description' build argument 'ament_cmake_args' from command line to 'None'
[0.098s] Level 5:colcon.colcon_core.verb:set package 'talos_description' build argument 'catkin_cmake_args' from command line to 'None'
[0.098s] Level 5:colcon.colcon_core.verb:set package 'talos_description' build argument 'catkin_skip_building_tests' from command line to 'False'
[0.098s] DEBUG:colcon.colcon_core.verb:Building package 'talos_description' with the following arguments: {'ament_cmake_args': None, 'build_base': '/workspaces/legged-robots/my_workspace/build/talos_description', 'catkin_cmake_args': None, 'catkin_skip_building_tests': False, 'cmake_args': None, 'cmake_clean_cache': False, 'cmake_clean_first': False, 'cmake_force_configure': False, 'cmake_target': None, 'cmake_target_skip_unavailable': False, 'install_base': '/workspaces/legged-robots/my_workspace/install/talos_description', 'merge_install': False, 'path': '/workspaces/legged-robots/my_workspace/src/talos_description', 'symlink_install': True, 'test_result_base': None}
[0.098s] Level 5:colcon.colcon_core.verb:set package 'bullet_sims' build argument 'cmake_args' from command line to 'None'
[0.098s] Level 5:colcon.colcon_core.verb:set package 'bullet_sims' build argument 'cmake_target' from command line to 'None'
[0.098s] Level 5:colcon.colcon_core.verb:set package 'bullet_sims' build argument 'cmake_target_skip_unavailable' from command line to 'False'
[0.098s] Level 5:colcon.colcon_core.verb:set package 'bullet_sims' build argument 'cmake_clean_cache' from command line to 'False'
[0.098s] Level 5:colcon.colcon_core.verb:set package 'bullet_sims' build argument 'cmake_clean_first' from command line to 'False'
[0.098s] Level 5:colcon.colcon_core.verb:set package 'bullet_sims' build argument 'cmake_force_configure' from command line to 'False'
[0.098s] Level 5:colcon.colcon_core.verb:set package 'bullet_sims' build argument 'ament_cmake_args' from command line to 'None'
[0.098s] Level 5:colcon.colcon_core.verb:set package 'bullet_sims' build argument 'catkin_cmake_args' from command line to 'None'
[0.098s] Level 5:colcon.colcon_core.verb:set package 'bullet_sims' build argument 'catkin_skip_building_tests' from command line to 'False'
[0.098s] DEBUG:colcon.colcon_core.verb:Building package 'bullet_sims' with the following arguments: {'ament_cmake_args': None, 'build_base': '/workspaces/legged-robots/my_workspace/build/bullet_sims', 'catkin_cmake_args': None, 'catkin_skip_building_tests': False, 'cmake_args': None, 'cmake_clean_cache': False, 'cmake_clean_first': False, 'cmake_force_configure': False, 'cmake_target': None, 'cmake_target_skip_unavailable': False, 'install_base': '/workspaces/legged-robots/my_workspace/install/bullet_sims', 'merge_install': False, 'path': '/workspaces/legged-robots/my_workspace/src/bullet_sims', 'symlink_install': True, 'test_result_base': None}
[0.098s] Level 5:colcon.colcon_core.verb:set package 'walking' build argument 'cmake_args' from command line to 'None'
[0.098s] Level 5:colcon.colcon_core.verb:set package 'walking' build argument 'cmake_target' from command line to 'None'
[0.098s] Level 5:colcon.colcon_core.verb:set package 'walking' build argument 'cmake_target_skip_unavailable' from command line to 'False'
[0.098s] Level 5:colcon.colcon_core.verb:set package 'walking' build argument 'cmake_clean_cache' from command line to 'False'
[0.098s] Level 5:colcon.colcon_core.verb:set package 'walking' build argument 'cmake_clean_first' from command line to 'False'
[0.098s] Level 5:colcon.colcon_core.verb:set package 'walking' build argument 'cmake_force_configure' from command line to 'False'
[0.098s] Level 5:colcon.colcon_core.verb:set package 'walking' build argument 'ament_cmake_args' from command line to 'None'
[0.098s] Level 5:colcon.colcon_core.verb:set package 'walking' build argument 'catkin_cmake_args' from command line to 'None'
[0.098s] Level 5:colcon.colcon_core.verb:set package 'walking' build argument 'catkin_skip_building_tests' from command line to 'False'
[0.098s] DEBUG:colcon.colcon_core.verb:Building package 'walking' with the following arguments: {'ament_cmake_args': None, 'build_base': '/workspaces/legged-robots/my_workspace/build/walking', 'catkin_cmake_args': None, 'catkin_skip_building_tests': False, 'cmake_args': None, 'cmake_clean_cache': False, 'cmake_clean_first': False, 'cmake_force_configure': False, 'cmake_target': None, 'cmake_target_skip_unavailable': False, 'install_base': '/workspaces/legged-robots/my_workspace/install/walking', 'merge_install': False, 'path': '/workspaces/legged-robots/my_workspace/src/walking', 'symlink_install': True, 'test_result_base': None}
[0.098s] Level 5:colcon.colcon_core.verb:set package 'whole_body_control' build argument 'cmake_args' from command line to 'None'
[0.098s] Level 5:colcon.colcon_core.verb:set package 'whole_body_control' build argument 'cmake_target' from command line to 'None'
[0.098s] Level 5:colcon.colcon_core.verb:set package 'whole_body_control' build argument 'cmake_target_skip_unavailable' from command line to 'False'
[0.098s] Level 5:colcon.colcon_core.verb:set package 'whole_body_control' build argument 'cmake_clean_cache' from command line to 'False'
[0.098s] Level 5:colcon.colcon_core.verb:set package 'whole_body_control' build argument 'cmake_clean_first' from command line to 'False'
[0.098s] Level 5:colcon.colcon_core.verb:set package 'whole_body_control' build argument 'cmake_force_configure' from command line to 'False'
[0.098s] Level 5:colcon.colcon_core.verb:set package 'whole_body_control' build argument 'ament_cmake_args' from command line to 'None'
[0.098s] Level 5:colcon.colcon_core.verb:set package 'whole_body_control' build argument 'catkin_cmake_args' from command line to 'None'
[0.098s] Level 5:colcon.colcon_core.verb:set package 'whole_body_control' build argument 'catkin_skip_building_tests' from command line to 'False'
[0.098s] DEBUG:colcon.colcon_core.verb:Building package 'whole_body_control' with the following arguments: {'ament_cmake_args': None, 'build_base': '/workspaces/legged-robots/my_workspace/build/whole_body_control', 'catkin_cmake_args': None, 'catkin_skip_building_tests': False, 'cmake_args': None, 'cmake_clean_cache': False, 'cmake_clean_first': False, 'cmake_force_configure': False, 'cmake_target': None, 'cmake_target_skip_unavailable': False, 'install_base': '/workspaces/legged-robots/my_workspace/install/whole_body_control', 'merge_install': False, 'path': '/workspaces/legged-robots/my_workspace/src/whole_body_control', 'symlink_install': True, 'test_result_base': None}
[0.098s] INFO:colcon.colcon_core.executor:Executing jobs using 'parallel' executor
[0.099s] DEBUG:colcon.colcon_parallel_executor.executor.parallel:run_until_complete
[0.099s] INFO:colcon.colcon_ros.task.ament_cmake.build:Building ROS package in '/workspaces/legged-robots/my_workspace/src/reemc_description' with build type 'ament_cmake'
[0.099s] INFO:colcon.colcon_cmake.task.cmake.build:Building CMake package in '/workspaces/legged-robots/my_workspace/src/reemc_description'
[0.100s] INFO:colcon.colcon_core.plugin_system:Skipping extension 'colcon_core.shell.bat': Not used on non-Windows systems
[0.100s] INFO:colcon.colcon_core.shell:Skip shell extension 'powershell' for command environment: Not usable outside of PowerShell
[0.100s] DEBUG:colcon.colcon_core.shell:Skip shell extension 'dsv' for command environment
[0.102s] INFO:colcon.colcon_ros.task.ament_python.build:Building ROS package in '/workspaces/legged-robots/my_workspace/src/simulator' with build type 'ament_python'
[0.102s] Level 1:colcon.colcon_core.shell:create_environment_hook('simulator', 'ament_prefix_path')
[0.102s] INFO:colcon.colcon_core.shell:Creating environment hook '/workspaces/legged-robots/my_workspace/install/simulator/share/simulator/hook/ament_prefix_path.ps1'
[0.103s] INFO:colcon.colcon_core.shell:Creating environment descriptor '/workspaces/legged-robots/my_workspace/install/simulator/share/simulator/hook/ament_prefix_path.dsv'
[0.104s] INFO:colcon.colcon_core.shell:Creating environment hook '/workspaces/legged-robots/my_workspace/install/simulator/share/simulator/hook/ament_prefix_path.sh'
[0.104s] INFO:colcon.colcon_core.shell:Skip shell extension 'powershell' for command environment: Not usable outside of PowerShell
[0.104s] DEBUG:colcon.colcon_core.shell:Skip shell extension 'dsv' for command environment
[0.106s] INFO:colcon.colcon_ros.task.ament_cmake.build:Building ROS package in '/workspaces/legged-robots/my_workspace/src/talos_description' with build type 'ament_cmake'
[0.106s] INFO:colcon.colcon_cmake.task.cmake.build:Building CMake package in '/workspaces/legged-robots/my_workspace/src/talos_description'
[0.106s] INFO:colcon.colcon_core.shell:Skip shell extension 'powershell' for command environment: Not usable outside of PowerShell
[0.106s] DEBUG:colcon.colcon_core.shell:Skip shell extension 'dsv' for command environment
[0.107s] INFO:colcon.colcon_ros.task.ament_cmake.build:Building ROS package in '/workspaces/legged-robots/my_workspace/src/ainex_description' with build type 'ament_cmake'
[0.107s] INFO:colcon.colcon_cmake.task.cmake.build:Building CMake package in '/workspaces/legged-robots/my_workspace/src/ainex_description'
[0.107s] INFO:colcon.colcon_core.shell:Skip shell extension 'powershell' for command environment: Not usable outside of PowerShell
[0.107s] DEBUG:colcon.colcon_core.shell:Skip shell extension 'dsv' for command environment
[0.109s] INFO:colcon.colcon_ros.task.ament_python.build:Building ROS package in '/workspaces/legged-robots/my_workspace/src/ros_visuals' with build type 'ament_python'
[0.109s] Level 1:colcon.colcon_core.shell:create_environment_hook('ros_visuals', 'ament_prefix_path')
[0.109s] INFO:colcon.colcon_core.shell:Creating environment hook '/workspaces/legged-robots/my_workspace/install/ros_visuals/share/ros_visuals/hook/ament_prefix_path.ps1'
[0.109s] INFO:colcon.colcon_core.shell:Creating environment descriptor '/workspaces/legged-robots/my_workspace/install/ros_visuals/share/ros_visuals/hook/ament_prefix_path.dsv'
[0.109s] INFO:colcon.colcon_core.shell:Creating environment hook '/workspaces/legged-robots/my_workspace/install/ros_visuals/share/ros_visuals/hook/ament_prefix_path.sh'
[0.110s] INFO:colcon.colcon_core.shell:Skip shell extension 'powershell' for command environment: Not usable outside of PowerShell
[0.110s] DEBUG:colcon.colcon_core.shell:Skip shell extension 'dsv' for command environment
[0.113s] DEBUG:colcon.colcon_core.event_handler.log_command:Invoking command in '/workspaces/legged-robots/my_workspace/build/reemc_description': CMAKE_PREFIX_PATH=${CMAKE_PREFIX_PATH}:/opt/ros/rolling /usr/bin/cmake /workspaces/legged-robots/my_workspace/src/reemc_description -DAMENT_CMAKE_SYMLINK_INSTALL=1 -DCMAKE_INSTALL_PREFIX=/workspaces/legged-robots/my_workspace/install/reemc_description
[0.222s] INFO:colcon.colcon_core.task.python.build:Building Python package in '/workspaces/legged-robots/my_workspace/src/simulator'
[0.222s] INFO:colcon.colcon_core.shell:Skip shell extension 'powershell' for command environment: Not usable outside of PowerShell
[0.222s] DEBUG:colcon.colcon_core.shell:Skip shell extension 'dsv' for command environment
[0.225s] DEBUG:colcon.colcon_core.event_handler.log_command:Invoking command in '/workspaces/legged-robots/my_workspace/build/talos_description': CMAKE_PREFIX_PATH=${CMAKE_PREFIX_PATH}:/opt/ros/rolling /usr/bin/cmake /workspaces/legged-robots/my_workspace/src/talos_description -DAMENT_CMAKE_SYMLINK_INSTALL=1 -DCMAKE_INSTALL_PREFIX=/workspaces/legged-robots/my_workspace/install/talos_description
[0.227s] DEBUG:colcon.colcon_core.event_handler.log_command:Invoking command in '/workspaces/legged-robots/my_workspace/build/ainex_description': CMAKE_PREFIX_PATH=${CMAKE_PREFIX_PATH}:/opt/ros/rolling /usr/bin/cmake /workspaces/legged-robots/my_workspace/src/ainex_description -DAMENT_CMAKE_SYMLINK_INSTALL=1 -DCMAKE_INSTALL_PREFIX=/workspaces/legged-robots/my_workspace/install/ainex_description
[0.342s] WARNING:colcon.colcon_ros.task.ament_python.build:Package 'ros_visuals' doesn't explicitly install a marker in the package index (colcon-ros currently does it implicitly but that fallback will be removed in the future)
[0.343s] WARNING:colcon.colcon_ros.task.ament_python.build:Package 'ros_visuals' doesn't explicitly install the 'package.xml' file (colcon-ros currently does it implicitly but that fallback will be removed in the future)
[0.343s] INFO:colcon.colcon_core.task.python.build:Building Python package in '/workspaces/legged-robots/my_workspace/src/ros_visuals'
[0.343s] INFO:colcon.colcon_core.shell:Skip shell extension 'powershell' for command environment: Not usable outside of PowerShell
[0.343s] DEBUG:colcon.colcon_core.shell:Skip shell extension 'dsv' for command environment
[0.637s] DEBUG:colcon.colcon_core.event_handler.log_command:Invoking command in '/workspaces/legged-robots/my_workspace/build/ros_visuals': PYTHONPATH=/workspaces/legged-robots/my_workspace/build/ros_visuals/prefix_override:/usr/lib/python3/dist-packages/colcon_core/task/python/colcon_distutils_commands:/workspaces/legged-robots/my_workspace/install/ros_visuals/lib/python3.12/site-packages:${PYTHONPATH} /usr/bin/python3 -W ignore:setup.py install is deprecated -W ignore:easy_install command is deprecated setup.py develop --editable --build-directory /workspaces/legged-robots/my_workspace/build/ros_visuals/build --no-deps symlink_data
[0.638s] DEBUG:colcon.colcon_core.event_handler.log_command:Invoked command in '/workspaces/legged-robots/my_workspace/build/reemc_description' returned '0': CMAKE_PREFIX_PATH=${CMAKE_PREFIX_PATH}:/opt/ros/rolling /usr/bin/cmake /workspaces/legged-robots/my_workspace/src/reemc_description -DAMENT_CMAKE_SYMLINK_INSTALL=1 -DCMAKE_INSTALL_PREFIX=/workspaces/legged-robots/my_workspace/install/reemc_description
[0.639s] DEBUG:colcon.colcon_core.event_handler.log_command:Invoking command in '/workspaces/legged-robots/my_workspace/build/reemc_description': CMAKE_PREFIX_PATH=${CMAKE_PREFIX_PATH}:/opt/ros/rolling /usr/bin/cmake --build /workspaces/legged-robots/my_workspace/build/reemc_description -- -j24 -l24
[0.641s] DEBUG:colcon.colcon_core.event_handler.log_command:Invoking command in '/workspaces/legged-robots/my_workspace/build/simulator': PYTHONPATH=/workspaces/legged-robots/my_workspace/build/simulator/prefix_override:/usr/lib/python3/dist-packages/colcon_core/task/python/colcon_distutils_commands:/workspaces/legged-robots/my_workspace/install/simulator/lib/python3.12/site-packages:${PYTHONPATH} /usr/bin/python3 -W ignore:setup.py install is deprecated -W ignore:easy_install command is deprecated setup.py develop --editable --build-directory /workspaces/legged-robots/my_workspace/build/simulator/build --no-deps symlink_data
[0.675s] DEBUG:colcon.colcon_core.event_handler.log_command:Invoked command in '/workspaces/legged-robots/my_workspace/build/reemc_description' returned '0': CMAKE_PREFIX_PATH=${CMAKE_PREFIX_PATH}:/opt/ros/rolling /usr/bin/cmake --build /workspaces/legged-robots/my_workspace/build/reemc_description -- -j24 -l24
[0.685s] DEBUG:colcon.colcon_core.event_handler.log_command:Invoking command in '/workspaces/legged-robots/my_workspace/build/reemc_description': CMAKE_PREFIX_PATH=${CMAKE_PREFIX_PATH}:/opt/ros/rolling /usr/bin/cmake --install /workspaces/legged-robots/my_workspace/build/reemc_description
[0.777s] DEBUG:colcon.colcon_core.event_handler.log_command:Invoked command in '/workspaces/legged-robots/my_workspace/build/talos_description' returned '0': CMAKE_PREFIX_PATH=${CMAKE_PREFIX_PATH}:/opt/ros/rolling /usr/bin/cmake /workspaces/legged-robots/my_workspace/src/talos_description -DAMENT_CMAKE_SYMLINK_INSTALL=1 -DCMAKE_INSTALL_PREFIX=/workspaces/legged-robots/my_workspace/install/talos_description
[0.779s] DEBUG:colcon.colcon_core.event_handler.log_command:Invoking command in '/workspaces/legged-robots/my_workspace/build/talos_description': CMAKE_PREFIX_PATH=${CMAKE_PREFIX_PATH}:/opt/ros/rolling /usr/bin/cmake --build /workspaces/legged-robots/my_workspace/build/talos_description -- -j24 -l24
[0.807s] DEBUG:colcon.colcon_core.event_handler.log_command:Invoked command in '/workspaces/legged-robots/my_workspace/build/talos_description' returned '0': CMAKE_PREFIX_PATH=${CMAKE_PREFIX_PATH}:/opt/ros/rolling /usr/bin/cmake --build /workspaces/legged-robots/my_workspace/build/talos_description -- -j24 -l24
[0.808s] DEBUG:colcon.colcon_core.event_handler.log_command:Invoking command in '/workspaces/legged-robots/my_workspace/build/talos_description': CMAKE_PREFIX_PATH=${CMAKE_PREFIX_PATH}:/opt/ros/rolling /usr/bin/cmake --install /workspaces/legged-robots/my_workspace/build/talos_description
[0.836s] DEBUG:colcon.colcon_core.event_handler.log_command:Invoked command in '/workspaces/legged-robots/my_workspace/build/ainex_description' returned '0': CMAKE_PREFIX_PATH=${CMAKE_PREFIX_PATH}:/opt/ros/rolling /usr/bin/cmake /workspaces/legged-robots/my_workspace/src/ainex_description -DAMENT_CMAKE_SYMLINK_INSTALL=1 -DCMAKE_INSTALL_PREFIX=/workspaces/legged-robots/my_workspace/install/ainex_description
[0.836s] DEBUG:colcon.colcon_core.event_handler.log_command:Invoking command in '/workspaces/legged-robots/my_workspace/build/ainex_description': CMAKE_PREFIX_PATH=${CMAKE_PREFIX_PATH}:/opt/ros/rolling /usr/bin/cmake --build /workspaces/legged-robots/my_workspace/build/ainex_description -- -j24 -l24
[0.865s] DEBUG:colcon.colcon_core.event_handler.log_command:Invoked command in '/workspaces/legged-robots/my_workspace/build/ainex_description' returned '0': CMAKE_PREFIX_PATH=${CMAKE_PREFIX_PATH}:/opt/ros/rolling /usr/bin/cmake --build /workspaces/legged-robots/my_workspace/build/ainex_description -- -j24 -l24
[0.865s] DEBUG:colcon.colcon_core.event_handler.log_command:Invoking command in '/workspaces/legged-robots/my_workspace/build/ainex_description': CMAKE_PREFIX_PATH=${CMAKE_PREFIX_PATH}:/opt/ros/rolling /usr/bin/cmake --install /workspaces/legged-robots/my_workspace/build/ainex_description
[1.010s] Level 1:colcon.colcon_core.environment:create_environment_scripts_only(ainex_description)
[1.011s] DEBUG:colcon.colcon_core.event_handler.log_command:Invoked command in '/workspaces/legged-robots/my_workspace/build/ainex_description' returned '0': CMAKE_PREFIX_PATH=${CMAKE_PREFIX_PATH}:/opt/ros/rolling /usr/bin/cmake --install /workspaces/legged-robots/my_workspace/build/ainex_description
[1.012s] Level 1:colcon.colcon_core.environment:checking '/workspaces/legged-robots/my_workspace/install/ainex_description' for CMake module files
[1.012s] Level 1:colcon.colcon_core.environment:checking '/workspaces/legged-robots/my_workspace/install/ainex_description' for CMake config files
[1.012s] Level 1:colcon.colcon_core.shell:create_environment_hook('ainex_description', 'cmake_prefix_path')
[1.012s] INFO:colcon.colcon_core.shell:Creating environment hook '/workspaces/legged-robots/my_workspace/install/ainex_description/share/ainex_description/hook/cmake_prefix_path.ps1'
[1.013s] INFO:colcon.colcon_core.shell:Creating environment descriptor '/workspaces/legged-robots/my_workspace/install/ainex_description/share/ainex_description/hook/cmake_prefix_path.dsv'
[1.013s] INFO:colcon.colcon_core.shell:Creating environment hook '/workspaces/legged-robots/my_workspace/install/ainex_description/share/ainex_description/hook/cmake_prefix_path.sh'
[1.013s] Level 1:colcon.colcon_core.environment:checking '/workspaces/legged-robots/my_workspace/install/ainex_description/bin'
[1.013s] Level 1:colcon.colcon_core.environment:checking '/workspaces/legged-robots/my_workspace/install/ainex_description/lib/pkgconfig/ainex_description.pc'
[1.013s] Level 1:colcon.colcon_core.environment:checking '/workspaces/legged-robots/my_workspace/install/ainex_description/lib/python3.12/site-packages'
[1.013s] Level 1:colcon.colcon_core.environment:checking '/workspaces/legged-robots/my_workspace/install/ainex_description/bin'
[1.014s] INFO:colcon.colcon_core.shell:Creating package script '/workspaces/legged-robots/my_workspace/install/ainex_description/share/ainex_description/package.ps1'
[1.014s] INFO:colcon.colcon_core.shell:Creating package descriptor '/workspaces/legged-robots/my_workspace/install/ainex_description/share/ainex_description/package.dsv'
[1.014s] INFO:colcon.colcon_core.shell:Creating package script '/workspaces/legged-robots/my_workspace/install/ainex_description/share/ainex_description/package.sh'
[1.015s] INFO:colcon.colcon_core.shell:Creating package script '/workspaces/legged-robots/my_workspace/install/ainex_description/share/ainex_description/package.bash'
[1.015s] INFO:colcon.colcon_core.shell:Creating package script '/workspaces/legged-robots/my_workspace/install/ainex_description/share/ainex_description/package.zsh'
[1.015s] Level 1:colcon.colcon_core.environment:create_file_with_runtime_dependencies(/workspaces/legged-robots/my_workspace/install/ainex_description/share/colcon-core/packages/ainex_description)
[1.015s] Level 1:colcon.colcon_core.environment:create_environment_scripts_only(ainex_description)
[1.015s] Level 1:colcon.colcon_core.environment:checking '/workspaces/legged-robots/my_workspace/install/ainex_description' for CMake module files
[1.016s] Level 1:colcon.colcon_core.environment:checking '/workspaces/legged-robots/my_workspace/install/ainex_description' for CMake config files
[1.016s] Level 1:colcon.colcon_core.shell:create_environment_hook('ainex_description', 'cmake_prefix_path')
[1.016s] INFO:colcon.colcon_core.shell:Creating environment hook '/workspaces/legged-robots/my_workspace/install/ainex_description/share/ainex_description/hook/cmake_prefix_path.ps1'
[1.016s] INFO:colcon.colcon_core.shell:Creating environment descriptor '/workspaces/legged-robots/my_workspace/install/ainex_description/share/ainex_description/hook/cmake_prefix_path.dsv'
[1.016s] INFO:colcon.colcon_core.shell:Creating environment hook '/workspaces/legged-robots/my_workspace/install/ainex_description/share/ainex_description/hook/cmake_prefix_path.sh'
[1.020s] Level 1:colcon.colcon_core.environment:checking '/workspaces/legged-robots/my_workspace/install/ainex_description/bin'
[1.020s] Level 1:colcon.colcon_core.environment:checking '/workspaces/legged-robots/my_workspace/install/ainex_description/lib/pkgconfig/ainex_description.pc'
[1.020s] Level 1:colcon.colcon_core.environment:checking '/workspaces/legged-robots/my_workspace/install/ainex_description/lib/python3.12/site-packages'
[1.020s] Level 1:colcon.colcon_core.environment:checking '/workspaces/legged-robots/my_workspace/install/ainex_description/bin'
[1.021s] INFO:colcon.colcon_core.shell:Creating package script '/workspaces/legged-robots/my_workspace/install/ainex_description/share/ainex_description/package.ps1'
[1.021s] INFO:colcon.colcon_core.shell:Creating package descriptor '/workspaces/legged-robots/my_workspace/install/ainex_description/share/ainex_description/package.dsv'
[1.021s] INFO:colcon.colcon_core.shell:Creating package script '/workspaces/legged-robots/my_workspace/install/ainex_description/share/ainex_description/package.sh'
[1.021s] INFO:colcon.colcon_core.shell:Creating package script '/workspaces/legged-robots/my_workspace/install/ainex_description/share/ainex_description/package.bash'
[1.022s] INFO:colcon.colcon_core.shell:Creating package script '/workspaces/legged-robots/my_workspace/install/ainex_description/share/ainex_description/package.zsh'
[1.022s] Level 1:colcon.colcon_core.environment:create_file_with_runtime_dependencies(/workspaces/legged-robots/my_workspace/install/ainex_description/share/colcon-core/packages/ainex_description)
[1.135s] Level 1:colcon.colcon_core.shell:create_environment_hook('simulator', 'pythonpath_develop')
[1.135s] INFO:colcon.colcon_core.shell:Creating environment hook '/workspaces/legged-robots/my_workspace/build/simulator/share/simulator/hook/pythonpath_develop.ps1'
[1.136s] DEBUG:colcon.colcon_core.event_handler.log_command:Invoked command in '/workspaces/legged-robots/my_workspace/build/simulator' returned '0': PYTHONPATH=/workspaces/legged-robots/my_workspace/build/simulator/prefix_override:/usr/lib/python3/dist-packages/colcon_core/task/python/colcon_distutils_commands:/workspaces/legged-robots/my_workspace/install/simulator/lib/python3.12/site-packages:${PYTHONPATH} /usr/bin/python3 -W ignore:setup.py install is deprecated -W ignore:easy_install command is deprecated setup.py develop --editable --build-directory /workspaces/legged-robots/my_workspace/build/simulator/build --no-deps symlink_data
[1.136s] INFO:colcon.colcon_core.shell:Creating environment descriptor '/workspaces/legged-robots/my_workspace/build/simulator/share/simulator/hook/pythonpath_develop.dsv'
[1.136s] INFO:colcon.colcon_core.shell:Creating environment hook '/workspaces/legged-robots/my_workspace/build/simulator/share/simulator/hook/pythonpath_develop.sh'
[1.136s] Level 1:colcon.colcon_core.environment:checking '/workspaces/legged-robots/my_workspace/install/simulator' for CMake module files
[1.137s] Level 1:colcon.colcon_core.environment:checking '/workspaces/legged-robots/my_workspace/install/simulator' for CMake config files
[1.137s] Level 1:colcon.colcon_core.environment:checking '/workspaces/legged-robots/my_workspace/install/simulator/lib'
[1.137s] Level 1:colcon.colcon_core.environment:checking '/workspaces/legged-robots/my_workspace/install/simulator/bin'
[1.137s] Level 1:colcon.colcon_core.environment:checking '/workspaces/legged-robots/my_workspace/install/simulator/lib/pkgconfig/simulator.pc'
[1.137s] Level 1:colcon.colcon_core.environment:checking '/workspaces/legged-robots/my_workspace/install/simulator/lib/python3.12/site-packages'
[1.137s] Level 1:colcon.colcon_core.shell:create_environment_hook('simulator', 'pythonpath')
[1.137s] INFO:colcon.colcon_core.shell:Creating environment hook '/workspaces/legged-robots/my_workspace/install/simulator/share/simulator/hook/pythonpath.ps1'
[1.138s] INFO:colcon.colcon_core.shell:Creating environment descriptor '/workspaces/legged-robots/my_workspace/install/simulator/share/simulator/hook/pythonpath.dsv'
[1.138s] INFO:colcon.colcon_core.shell:Creating environment hook '/workspaces/legged-robots/my_workspace/install/simulator/share/simulator/hook/pythonpath.sh'
[1.138s] Level 1:colcon.colcon_core.environment:checking '/workspaces/legged-robots/my_workspace/install/simulator/bin'
[1.138s] Level 1:colcon.colcon_core.environment:create_environment_scripts_only(simulator)
[1.138s] INFO:colcon.colcon_core.shell:Creating package script '/workspaces/legged-robots/my_workspace/install/simulator/share/simulator/package.ps1'
[1.138s] INFO:colcon.colcon_core.shell:Creating package descriptor '/workspaces/legged-robots/my_workspace/install/simulator/share/simulator/package.dsv'
[1.138s] INFO:colcon.colcon_core.shell:Creating package script '/workspaces/legged-robots/my_workspace/install/simulator/share/simulator/package.sh'
[1.139s] INFO:colcon.colcon_core.shell:Creating package script '/workspaces/legged-robots/my_workspace/install/simulator/share/simulator/package.bash'
[1.139s] INFO:colcon.colcon_core.shell:Creating package script '/workspaces/legged-robots/my_workspace/install/simulator/share/simulator/package.zsh'
[1.139s] Level 1:colcon.colcon_core.environment:create_file_with_runtime_dependencies(/workspaces/legged-robots/my_workspace/install/simulator/share/colcon-core/packages/simulator)
[1.142s] Level 1:colcon.colcon_core.shell:create_environment_hook('ros_visuals', 'pythonpath_develop')
[1.143s] INFO:colcon.colcon_core.shell:Creating environment hook '/workspaces/legged-robots/my_workspace/build/ros_visuals/share/ros_visuals/hook/pythonpath_develop.ps1'
[1.143s] INFO:colcon.colcon_core.shell:Creating environment descriptor '/workspaces/legged-robots/my_workspace/build/ros_visuals/share/ros_visuals/hook/pythonpath_develop.dsv'
[1.143s] INFO:colcon.colcon_core.shell:Creating environment hook '/workspaces/legged-robots/my_workspace/build/ros_visuals/share/ros_visuals/hook/pythonpath_develop.sh'
[1.143s] DEBUG:colcon.colcon_core.event_handler.log_command:Invoked command in '/workspaces/legged-robots/my_workspace/build/ros_visuals' returned '0': PYTHONPATH=/workspaces/legged-robots/my_workspace/build/ros_visuals/prefix_override:/usr/lib/python3/dist-packages/colcon_core/task/python/colcon_distutils_commands:/workspaces/legged-robots/my_workspace/install/ros_visuals/lib/python3.12/site-packages:${PYTHONPATH} /usr/bin/python3 -W ignore:setup.py install is deprecated -W ignore:easy_install command is deprecated setup.py develop --editable --build-directory /workspaces/legged-robots/my_workspace/build/ros_visuals/build --no-deps symlink_data
[1.143s] Level 1:colcon.colcon_core.environment:checking '/workspaces/legged-robots/my_workspace/install/ros_visuals' for CMake module files
[1.144s] Level 1:colcon.colcon_core.environment:checking '/workspaces/legged-robots/my_workspace/install/ros_visuals' for CMake config files
[1.144s] Level 1:colcon.colcon_core.environment:checking '/workspaces/legged-robots/my_workspace/install/ros_visuals/lib'
[1.144s] Level 1:colcon.colcon_core.environment:checking '/workspaces/legged-robots/my_workspace/install/ros_visuals/bin'
[1.144s] Level 1:colcon.colcon_core.environment:checking '/workspaces/legged-robots/my_workspace/install/ros_visuals/lib/pkgconfig/ros_visuals.pc'
[1.144s] Level 1:colcon.colcon_core.environment:checking '/workspaces/legged-robots/my_workspace/install/ros_visuals/lib/python3.12/site-packages'
[1.144s] Level 1:colcon.colcon_core.shell:create_environment_hook('ros_visuals', 'pythonpath')
[1.144s] INFO:colcon.colcon_core.shell:Creating environment hook '/workspaces/legged-robots/my_workspace/install/ros_visuals/share/ros_visuals/hook/pythonpath.ps1'
[1.144s] INFO:colcon.colcon_core.shell:Creating environment descriptor '/workspaces/legged-robots/my_workspace/install/ros_visuals/share/ros_visuals/hook/pythonpath.dsv'
[1.145s] INFO:colcon.colcon_core.shell:Creating environment hook '/workspaces/legged-robots/my_workspace/install/ros_visuals/share/ros_visuals/hook/pythonpath.sh'
[1.145s] Level 1:colcon.colcon_core.environment:checking '/workspaces/legged-robots/my_workspace/install/ros_visuals/bin'
[1.146s] Level 1:colcon.colcon_core.environment:create_environment_scripts_only(ros_visuals)
[1.146s] INFO:colcon.colcon_core.shell:Creating package script '/workspaces/legged-robots/my_workspace/install/ros_visuals/share/ros_visuals/package.ps1'
[1.146s] INFO:colcon.colcon_core.shell:Creating package descriptor '/workspaces/legged-robots/my_workspace/install/ros_visuals/share/ros_visuals/package.dsv'
[1.147s] INFO:colcon.colcon_core.shell:Creating package script '/workspaces/legged-robots/my_workspace/install/ros_visuals/share/ros_visuals/package.sh'
[1.147s] INFO:colcon.colcon_core.shell:Creating package script '/workspaces/legged-robots/my_workspace/install/ros_visuals/share/ros_visuals/package.bash'
[1.147s] INFO:colcon.colcon_core.shell:Creating package script '/workspaces/legged-robots/my_workspace/install/ros_visuals/share/ros_visuals/package.zsh'
[1.148s] Level 1:colcon.colcon_core.environment:create_file_with_runtime_dependencies(/workspaces/legged-robots/my_workspace/install/ros_visuals/share/colcon-core/packages/ros_visuals)
[1.359s] Level 1:colcon.colcon_core.environment:create_environment_scripts_only(reemc_description)
[1.359s] Level 1:colcon.colcon_core.environment:checking '/workspaces/legged-robots/my_workspace/install/reemc_description' for CMake module files
[1.359s] DEBUG:colcon.colcon_core.event_handler.log_command:Invoked command in '/workspaces/legged-robots/my_workspace/build/reemc_description' returned '0': CMAKE_PREFIX_PATH=${CMAKE_PREFIX_PATH}:/opt/ros/rolling /usr/bin/cmake --install /workspaces/legged-robots/my_workspace/build/reemc_description
[1.359s] Level 1:colcon.colcon_core.environment:checking '/workspaces/legged-robots/my_workspace/install/reemc_description' for CMake config files
[1.360s] Level 1:colcon.colcon_core.shell:create_environment_hook('reemc_description', 'cmake_prefix_path')
[1.360s] INFO:colcon.colcon_core.shell:Creating environment hook '/workspaces/legged-robots/my_workspace/install/reemc_description/share/reemc_description/hook/cmake_prefix_path.ps1'
[1.360s] INFO:colcon.colcon_core.shell:Creating environment descriptor '/workspaces/legged-robots/my_workspace/install/reemc_description/share/reemc_description/hook/cmake_prefix_path.dsv'
[1.360s] INFO:colcon.colcon_core.shell:Creating environment hook '/workspaces/legged-robots/my_workspace/install/reemc_description/share/reemc_description/hook/cmake_prefix_path.sh'
[1.360s] Level 1:colcon.colcon_core.environment:checking '/workspaces/legged-robots/my_workspace/install/reemc_description/bin'
[1.360s] Level 1:colcon.colcon_core.environment:checking '/workspaces/legged-robots/my_workspace/install/reemc_description/lib/pkgconfig/reemc_description.pc'
[1.361s] Level 1:colcon.colcon_core.environment:checking '/workspaces/legged-robots/my_workspace/install/reemc_description/lib/python3.12/site-packages'
[1.361s] Level 1:colcon.colcon_core.environment:checking '/workspaces/legged-robots/my_workspace/install/reemc_description/bin'
[1.361s] INFO:colcon.colcon_core.shell:Creating package script '/workspaces/legged-robots/my_workspace/install/reemc_description/share/reemc_description/package.ps1'
[1.361s] INFO:colcon.colcon_core.shell:Creating package descriptor '/workspaces/legged-robots/my_workspace/install/reemc_description/share/reemc_description/package.dsv'
[1.361s] INFO:colcon.colcon_core.shell:Creating package script '/workspaces/legged-robots/my_workspace/install/reemc_description/share/reemc_description/package.sh'
[1.361s] INFO:colcon.colcon_core.shell:Creating package script '/workspaces/legged-robots/my_workspace/install/reemc_description/share/reemc_description/package.bash'
[1.362s] INFO:colcon.colcon_core.shell:Creating package script '/workspaces/legged-robots/my_workspace/install/reemc_description/share/reemc_description/package.zsh'
[1.362s] Level 1:colcon.colcon_core.environment:create_file_with_runtime_dependencies(/workspaces/legged-robots/my_workspace/install/reemc_description/share/colcon-core/packages/reemc_description)
[1.362s] Level 1:colcon.colcon_core.environment:create_environment_scripts_only(reemc_description)
[1.362s] Level 1:colcon.colcon_core.environment:checking '/workspaces/legged-robots/my_workspace/install/reemc_description' for CMake module files
[1.363s] Level 1:colcon.colcon_core.environment:checking '/workspaces/legged-robots/my_workspace/install/reemc_description' for CMake config files
[1.363s] Level 1:colcon.colcon_core.shell:create_environment_hook('reemc_description', 'cmake_prefix_path')
[1.363s] INFO:colcon.colcon_core.shell:Creating environment hook '/workspaces/legged-robots/my_workspace/install/reemc_description/share/reemc_description/hook/cmake_prefix_path.ps1'
[1.363s] INFO:colcon.colcon_core.shell:Creating environment descriptor '/workspaces/legged-robots/my_workspace/install/reemc_description/share/reemc_description/hook/cmake_prefix_path.dsv'
[1.363s] INFO:colcon.colcon_core.shell:Creating environment hook '/workspaces/legged-robots/my_workspace/install/reemc_description/share/reemc_description/hook/cmake_prefix_path.sh'
[1.363s] Level 1:colcon.colcon_core.environment:checking '/workspaces/legged-robots/my_workspace/install/reemc_description/bin'
[1.363s] Level 1:colcon.colcon_core.environment:checking '/workspaces/legged-robots/my_workspace/install/reemc_description/lib/pkgconfig/reemc_description.pc'
[1.364s] Level 1:colcon.colcon_core.environment:checking '/workspaces/legged-robots/my_workspace/install/reemc_description/lib/python3.12/site-packages'
[1.364s] Level 1:colcon.colcon_core.environment:checking '/workspaces/legged-robots/my_workspace/install/reemc_description/bin'
[1.364s] INFO:colcon.colcon_core.shell:Creating package script '/workspaces/legged-robots/my_workspace/install/reemc_description/share/reemc_description/package.ps1'
[1.364s] INFO:colcon.colcon_core.shell:Creating package descriptor '/workspaces/legged-robots/my_workspace/install/reemc_description/share/reemc_description/package.dsv'
[1.364s] INFO:colcon.colcon_core.shell:Creating package script '/workspaces/legged-robots/my_workspace/install/reemc_description/share/reemc_description/package.sh'
[1.364s] INFO:colcon.colcon_core.shell:Creating package script '/workspaces/legged-robots/my_workspace/install/reemc_description/share/reemc_description/package.bash'
[1.364s] INFO:colcon.colcon_core.shell:Creating package script '/workspaces/legged-robots/my_workspace/install/reemc_description/share/reemc_description/package.zsh'
[1.365s] Level 1:colcon.colcon_core.environment:create_file_with_runtime_dependencies(/workspaces/legged-robots/my_workspace/install/reemc_description/share/colcon-core/packages/reemc_description)
[1.436s] Level 1:colcon.colcon_core.environment:create_environment_scripts_only(talos_description)
[1.436s] Level 1:colcon.colcon_core.environment:checking '/workspaces/legged-robots/my_workspace/install/talos_description' for CMake module files
[1.437s] DEBUG:colcon.colcon_core.event_handler.log_command:Invoked command in '/workspaces/legged-robots/my_workspace/build/talos_description' returned '0': CMAKE_PREFIX_PATH=${CMAKE_PREFIX_PATH}:/opt/ros/rolling /usr/bin/cmake --install /workspaces/legged-robots/my_workspace/build/talos_description
[1.437s] Level 1:colcon.colcon_core.environment:checking '/workspaces/legged-robots/my_workspace/install/talos_description' for CMake config files
[1.437s] Level 1:colcon.colcon_core.shell:create_environment_hook('talos_description', 'cmake_prefix_path')
[1.437s] INFO:colcon.colcon_core.shell:Creating environment hook '/workspaces/legged-robots/my_workspace/install/talos_description/share/talos_description/hook/cmake_prefix_path.ps1'
[1.437s] INFO:colcon.colcon_core.shell:Creating environment descriptor '/workspaces/legged-robots/my_workspace/install/talos_description/share/talos_description/hook/cmake_prefix_path.dsv'
[1.437s] INFO:colcon.colcon_core.shell:Creating environment hook '/workspaces/legged-robots/my_workspace/install/talos_description/share/talos_description/hook/cmake_prefix_path.sh'
[1.438s] Level 1:colcon.colcon_core.environment:checking '/workspaces/legged-robots/my_workspace/install/talos_description/bin'
[1.438s] Level 1:colcon.colcon_core.environment:checking '/workspaces/legged-robots/my_workspace/install/talos_description/lib/pkgconfig/talos_description.pc'
[1.438s] Level 1:colcon.colcon_core.environment:checking '/workspaces/legged-robots/my_workspace/install/talos_description/lib/python3.12/site-packages'
[1.438s] Level 1:colcon.colcon_core.environment:checking '/workspaces/legged-robots/my_workspace/install/talos_description/bin'
[1.438s] INFO:colcon.colcon_core.shell:Creating package script '/workspaces/legged-robots/my_workspace/install/talos_description/share/talos_description/package.ps1'
[1.438s] INFO:colcon.colcon_core.shell:Creating package descriptor '/workspaces/legged-robots/my_workspace/install/talos_description/share/talos_description/package.dsv'
[1.438s] INFO:colcon.colcon_core.shell:Creating package script '/workspaces/legged-robots/my_workspace/install/talos_description/share/talos_description/package.sh'
[1.439s] INFO:colcon.colcon_core.shell:Creating package script '/workspaces/legged-robots/my_workspace/install/talos_description/share/talos_description/package.bash'
[1.439s] INFO:colcon.colcon_core.shell:Creating package script '/workspaces/legged-robots/my_workspace/install/talos_description/share/talos_description/package.zsh'
[1.439s] Level 1:colcon.colcon_core.environment:create_file_with_runtime_dependencies(/workspaces/legged-robots/my_workspace/install/talos_description/share/colcon-core/packages/talos_description)
[1.439s] Level 1:colcon.colcon_core.environment:create_environment_scripts_only(talos_description)
[1.439s] Level 1:colcon.colcon_core.environment:checking '/workspaces/legged-robots/my_workspace/install/talos_description' for CMake module files
[1.440s] Level 1:colcon.colcon_core.environment:checking '/workspaces/legged-robots/my_workspace/install/talos_description' for CMake config files
[1.440s] Level 1:colcon.colcon_core.shell:create_environment_hook('talos_description', 'cmake_prefix_path')
[1.440s] INFO:colcon.colcon_core.shell:Creating environment hook '/workspaces/legged-robots/my_workspace/install/talos_description/share/talos_description/hook/cmake_prefix_path.ps1'
[1.440s] INFO:colcon.colcon_core.shell:Creating environment descriptor '/workspaces/legged-robots/my_workspace/install/talos_description/share/talos_description/hook/cmake_prefix_path.dsv'
[1.440s] INFO:colcon.colcon_core.shell:Creating environment hook '/workspaces/legged-robots/my_workspace/install/talos_description/share/talos_description/hook/cmake_prefix_path.sh'
[1.440s] Level 1:colcon.colcon_core.environment:checking '/workspaces/legged-robots/my_workspace/install/talos_description/bin'
[1.440s] Level 1:colcon.colcon_core.environment:checking '/workspaces/legged-robots/my_workspace/install/talos_description/lib/pkgconfig/talos_description.pc'
[1.440s] Level 1:colcon.colcon_core.environment:checking '/workspaces/legged-robots/my_workspace/install/talos_description/lib/python3.12/site-packages'
[1.440s] Level 1:colcon.colcon_core.environment:checking '/workspaces/legged-robots/my_workspace/install/talos_description/bin'
[1.441s] INFO:colcon.colcon_core.shell:Creating package script '/workspaces/legged-robots/my_workspace/install/talos_description/share/talos_description/package.ps1'
[1.441s] INFO:colcon.colcon_core.shell:Creating package descriptor '/workspaces/legged-robots/my_workspace/install/talos_description/share/talos_description/package.dsv'
[1.441s] INFO:colcon.colcon_core.shell:Creating package script '/workspaces/legged-robots/my_workspace/install/talos_description/share/talos_description/package.sh'
[1.441s] INFO:colcon.colcon_core.shell:Creating package script '/workspaces/legged-robots/my_workspace/install/talos_description/share/talos_description/package.bash'
[1.441s] INFO:colcon.colcon_core.shell:Creating package script '/workspaces/legged-robots/my_workspace/install/talos_description/share/talos_description/package.zsh'
[1.441s] Level 1:colcon.colcon_core.environment:create_file_with_runtime_dependencies(/workspaces/legged-robots/my_workspace/install/talos_description/share/colcon-core/packages/talos_description)
[1.442s] INFO:colcon.colcon_ros.task.ament_python.build:Building ROS package in '/workspaces/legged-robots/my_workspace/src/bullet_sims' with build type 'ament_python'
[1.442s] Level 1:colcon.colcon_core.shell:create_environment_hook('bullet_sims', 'ament_prefix_path')
[1.442s] INFO:colcon.colcon_core.shell:Creating environment hook '/workspaces/legged-robots/my_workspace/install/bullet_sims/share/bullet_sims/hook/ament_prefix_path.ps1'
[1.442s] INFO:colcon.colcon_core.shell:Creating environment descriptor '/workspaces/legged-robots/my_workspace/install/bullet_sims/share/bullet_sims/hook/ament_prefix_path.dsv'
[1.442s] INFO:colcon.colcon_core.shell:Creating environment hook '/workspaces/legged-robots/my_workspace/install/bullet_sims/share/bullet_sims/hook/ament_prefix_path.sh'
[1.442s] INFO:colcon.colcon_core.shell:Skip shell extension 'powershell' for command environment: Not usable outside of PowerShell
[1.442s] DEBUG:colcon.colcon_core.shell:Skip shell extension 'dsv' for command environment
[1.444s] INFO:colcon.colcon_ros.task.ament_python.build:Building ROS package in '/workspaces/legged-robots/my_workspace/src/walking' with build type 'ament_python'
[1.444s] Level 1:colcon.colcon_core.shell:create_environment_hook('walking', 'ament_prefix_path')
[1.444s] INFO:colcon.colcon_core.shell:Creating environment hook '/workspaces/legged-robots/my_workspace/install/walking/share/walking/hook/ament_prefix_path.ps1'
[1.445s] INFO:colcon.colcon_core.shell:Creating environment descriptor '/workspaces/legged-robots/my_workspace/install/walking/share/walking/hook/ament_prefix_path.dsv'
[1.445s] INFO:colcon.colcon_core.shell:Creating environment hook '/workspaces/legged-robots/my_workspace/install/walking/share/walking/hook/ament_prefix_path.sh'
[1.445s] INFO:colcon.colcon_core.shell:Skip shell extension 'powershell' for command environment: Not usable outside of PowerShell
[1.445s] DEBUG:colcon.colcon_core.shell:Skip shell extension 'dsv' for command environment
[1.447s] INFO:colcon.colcon_ros.task.ament_python.build:Building ROS package in '/workspaces/legged-robots/my_workspace/src/whole_body_control' with build type 'ament_python'
[1.447s] Level 1:colcon.colcon_core.shell:create_environment_hook('whole_body_control', 'ament_prefix_path')
[1.447s] INFO:colcon.colcon_core.shell:Creating environment hook '/workspaces/legged-robots/my_workspace/install/whole_body_control/share/whole_body_control/hook/ament_prefix_path.ps1'
[1.447s] INFO:colcon.colcon_core.shell:Creating environment descriptor '/workspaces/legged-robots/my_workspace/install/whole_body_control/share/whole_body_control/hook/ament_prefix_path.dsv'
[1.448s] INFO:colcon.colcon_core.shell:Creating environment hook '/workspaces/legged-robots/my_workspace/install/whole_body_control/share/whole_body_control/hook/ament_prefix_path.sh'
[1.448s] INFO:colcon.colcon_core.shell:Skip shell extension 'powershell' for command environment: Not usable outside of PowerShell
[1.448s] DEBUG:colcon.colcon_core.shell:Skip shell extension 'dsv' for command environment
[1.553s] INFO:colcon.colcon_core.task.python.build:Building Python package in '/workspaces/legged-robots/my_workspace/src/bullet_sims'
[1.553s] INFO:colcon.colcon_core.shell:Skip shell extension 'powershell' for command environment: Not usable outside of PowerShell
[1.553s] DEBUG:colcon.colcon_core.shell:Skip shell extension 'dsv' for command environment
[1.662s] INFO:colcon.colcon_core.task.python.build:Building Python package in '/workspaces/legged-robots/my_workspace/src/walking'
[1.662s] INFO:colcon.colcon_core.shell:Skip shell extension 'powershell' for command environment: Not usable outside of PowerShell
[1.662s] DEBUG:colcon.colcon_core.shell:Skip shell extension 'dsv' for command environment
[1.772s] INFO:colcon.colcon_core.task.python.build:Building Python package in '/workspaces/legged-robots/my_workspace/src/whole_body_control'
[1.772s] INFO:colcon.colcon_core.shell:Skip shell extension 'powershell' for command environment: Not usable outside of PowerShell
[1.772s] DEBUG:colcon.colcon_core.shell:Skip shell extension 'dsv' for command environment
[2.053s] DEBUG:colcon.colcon_core.event_handler.log_command:Invoking command in '/workspaces/legged-robots/my_workspace/build/walking': AMENT_PREFIX_PATH=/workspaces/legged-robots/my_workspace/install/talos_description:/workspaces/legged-robots/my_workspace/install/simulator:/workspaces/legged-robots/my_workspace/install/reemc_description:${AMENT_PREFIX_PATH} CMAKE_PREFIX_PATH=/workspaces/legged-robots/my_workspace/install/talos_description:/workspaces/legged-robots/my_workspace/install/reemc_description:${CMAKE_PREFIX_PATH} PYTHONPATH=/workspaces/legged-robots/my_workspace/build/walking/prefix_override:/usr/lib/python3/dist-packages/colcon_core/task/python/colcon_distutils_commands:/workspaces/legged-robots/my_workspace/install/walking/lib/python3.12/site-packages:/workspaces/legged-robots/my_workspace/build/simulator:/workspaces/legged-robots/my_workspace/install/simulator/lib/python3.12/site-packages:${PYTHONPATH} /usr/bin/python3 -W ignore:setup.py install is deprecated -W ignore:easy_install command is deprecated setup.py develop --editable --build-directory /workspaces/legged-robots/my_workspace/build/walking/build --no-deps symlink_data
[2.054s] DEBUG:colcon.colcon_core.event_handler.log_command:Invoking command in '/workspaces/legged-robots/my_workspace/build/whole_body_control': AMENT_PREFIX_PATH=/workspaces/legged-robots/my_workspace/install/talos_description:/workspaces/legged-robots/my_workspace/install/simulator:/workspaces/legged-robots/my_workspace/install/reemc_description:${AMENT_PREFIX_PATH} CMAKE_PREFIX_PATH=/workspaces/legged-robots/my_workspace/install/talos_description:/workspaces/legged-robots/my_workspace/install/reemc_description:${CMAKE_PREFIX_PATH} PYTHONPATH=/workspaces/legged-robots/my_workspace/build/whole_body_control/prefix_override:/usr/lib/python3/dist-packages/colcon_core/task/python/colcon_distutils_commands:/workspaces/legged-robots/my_workspace/install/whole_body_control/lib/python3.12/site-packages:/workspaces/legged-robots/my_workspace/build/simulator:/workspaces/legged-robots/my_workspace/install/simulator/lib/python3.12/site-packages:${PYTHONPATH} /usr/bin/python3 -W ignore:setup.py install is deprecated -W ignore:easy_install command is deprecated setup.py develop --editable --build-directory /workspaces/legged-robots/my_workspace/build/whole_body_control/build --no-deps symlink_data
[2.055s] DEBUG:colcon.colcon_core.event_handler.log_command:Invoking command in '/workspaces/legged-robots/my_workspace/build/bullet_sims': AMENT_PREFIX_PATH=/workspaces/legged-robots/my_workspace/install/talos_description:/workspaces/legged-robots/my_workspace/install/simulator:/workspaces/legged-robots/my_workspace/install/reemc_description:${AMENT_PREFIX_PATH} CMAKE_PREFIX_PATH=/workspaces/legged-robots/my_workspace/install/talos_description:/workspaces/legged-robots/my_workspace/install/reemc_description:${CMAKE_PREFIX_PATH} PYTHONPATH=/workspaces/legged-robots/my_workspace/build/bullet_sims/prefix_override:/usr/lib/python3/dist-packages/colcon_core/task/python/colcon_distutils_commands:/workspaces/legged-robots/my_workspace/install/bullet_sims/lib/python3.12/site-packages:/workspaces/legged-robots/my_workspace/build/simulator:/workspaces/legged-robots/my_workspace/install/simulator/lib/python3.12/site-packages:${PYTHONPATH} /usr/bin/python3 -W ignore:setup.py install is deprecated -W ignore:easy_install command is deprecated setup.py develop --editable --build-directory /workspaces/legged-robots/my_workspace/build/bullet_sims/build --no-deps symlink_data
[2.499s] Level 1:colcon.colcon_core.shell:create_environment_hook('walking', 'pythonpath_develop')
[2.499s] INFO:colcon.colcon_core.shell:Creating environment hook '/workspaces/legged-robots/my_workspace/build/walking/share/walking/hook/pythonpath_develop.ps1'
[2.499s] DEBUG:colcon.colcon_core.event_handler.log_command:Invoked command in '/workspaces/legged-robots/my_workspace/build/walking' returned '0': AMENT_PREFIX_PATH=/workspaces/legged-robots/my_workspace/install/talos_description:/workspaces/legged-robots/my_workspace/install/simulator:/workspaces/legged-robots/my_workspace/install/reemc_description:${AMENT_PREFIX_PATH} CMAKE_PREFIX_PATH=/workspaces/legged-robots/my_workspace/install/talos_description:/workspaces/legged-robots/my_workspace/install/reemc_description:${CMAKE_PREFIX_PATH} PYTHONPATH=/workspaces/legged-robots/my_workspace/build/walking/prefix_override:/usr/lib/python3/dist-packages/colcon_core/task/python/colcon_distutils_commands:/workspaces/legged-robots/my_workspace/install/walking/lib/python3.12/site-packages:/workspaces/legged-robots/my_workspace/build/simulator:/workspaces/legged-robots/my_workspace/install/simulator/lib/python3.12/site-packages:${PYTHONPATH} /usr/bin/python3 -W ignore:setup.py install is deprecated -W ignore:easy_install command is deprecated setup.py develop --editable --build-directory /workspaces/legged-robots/my_workspace/build/walking/build --no-deps symlink_data
[2.499s] INFO:colcon.colcon_core.shell:Creating environment descriptor '/workspaces/legged-robots/my_workspace/build/walking/share/walking/hook/pythonpath_develop.dsv'
[2.500s] INFO:colcon.colcon_core.shell:Creating environment hook '/workspaces/legged-robots/my_workspace/build/walking/share/walking/hook/pythonpath_develop.sh'
[2.500s] Level 1:colcon.colcon_core.environment:checking '/workspaces/legged-robots/my_workspace/install/walking' for CMake module files
[2.501s] Level 1:colcon.colcon_core.environment:checking '/workspaces/legged-robots/my_workspace/install/walking' for CMake config files
[2.501s] Level 1:colcon.colcon_core.environment:checking '/workspaces/legged-robots/my_workspace/install/walking/lib'
[2.501s] Level 1:colcon.colcon_core.environment:checking '/workspaces/legged-robots/my_workspace/install/walking/bin'
[2.501s] Level 1:colcon.colcon_core.environment:checking '/workspaces/legged-robots/my_workspace/install/walking/lib/pkgconfig/walking.pc'
[2.501s] Level 1:colcon.colcon_core.environment:checking '/workspaces/legged-robots/my_workspace/install/walking/lib/python3.12/site-packages'
[2.501s] Level 1:colcon.colcon_core.shell:create_environment_hook('walking', 'pythonpath')
[2.501s] INFO:colcon.colcon_core.shell:Creating environment hook '/workspaces/legged-robots/my_workspace/install/walking/share/walking/hook/pythonpath.ps1'
[2.501s] INFO:colcon.colcon_core.shell:Creating environment descriptor '/workspaces/legged-robots/my_workspace/install/walking/share/walking/hook/pythonpath.dsv'
[2.501s] INFO:colcon.colcon_core.shell:Creating environment hook '/workspaces/legged-robots/my_workspace/install/walking/share/walking/hook/pythonpath.sh'
[2.502s] Level 1:colcon.colcon_core.environment:checking '/workspaces/legged-robots/my_workspace/install/walking/bin'
[2.502s] Level 1:colcon.colcon_core.environment:create_environment_scripts_only(walking)
[2.502s] INFO:colcon.colcon_core.shell:Creating package script '/workspaces/legged-robots/my_workspace/install/walking/share/walking/package.ps1'
[2.502s] INFO:colcon.colcon_core.shell:Creating package descriptor '/workspaces/legged-robots/my_workspace/install/walking/share/walking/package.dsv'
[2.502s] INFO:colcon.colcon_core.shell:Creating package script '/workspaces/legged-robots/my_workspace/install/walking/share/walking/package.sh'
[2.502s] INFO:colcon.colcon_core.shell:Creating package script '/workspaces/legged-robots/my_workspace/install/walking/share/walking/package.bash'
[2.502s] INFO:colcon.colcon_core.shell:Creating package script '/workspaces/legged-robots/my_workspace/install/walking/share/walking/package.zsh'
[2.503s] Level 1:colcon.colcon_core.environment:create_file_with_runtime_dependencies(/workspaces/legged-robots/my_workspace/install/walking/share/colcon-core/packages/walking)
[2.512s] Level 1:colcon.colcon_core.shell:create_environment_hook('bullet_sims', 'pythonpath_develop')
[2.512s] INFO:colcon.colcon_core.shell:Creating environment hook '/workspaces/legged-robots/my_workspace/build/bullet_sims/share/bullet_sims/hook/pythonpath_develop.ps1'
[2.513s] DEBUG:colcon.colcon_core.event_handler.log_command:Invoked command in '/workspaces/legged-robots/my_workspace/build/bullet_sims' returned '0': AMENT_PREFIX_PATH=/workspaces/legged-robots/my_workspace/install/talos_description:/workspaces/legged-robots/my_workspace/install/simulator:/workspaces/legged-robots/my_workspace/install/reemc_description:${AMENT_PREFIX_PATH} CMAKE_PREFIX_PATH=/workspaces/legged-robots/my_workspace/install/talos_description:/workspaces/legged-robots/my_workspace/install/reemc_description:${CMAKE_PREFIX_PATH} PYTHONPATH=/workspaces/legged-robots/my_workspace/build/bullet_sims/prefix_override:/usr/lib/python3/dist-packages/colcon_core/task/python/colcon_distutils_commands:/workspaces/legged-robots/my_workspace/install/bullet_sims/lib/python3.12/site-packages:/workspaces/legged-robots/my_workspace/build/simulator:/workspaces/legged-robots/my_workspace/install/simulator/lib/python3.12/site-packages:${PYTHONPATH} /usr/bin/python3 -W ignore:setup.py install is deprecated -W ignore:easy_install command is deprecated setup.py develop --editable --build-directory /workspaces/legged-robots/my_workspace/build/bullet_sims/build --no-deps symlink_data
[2.513s] INFO:colcon.colcon_core.shell:Creating environment descriptor '/workspaces/legged-robots/my_workspace/build/bullet_sims/share/bullet_sims/hook/pythonpath_develop.dsv'
[2.513s] INFO:colcon.colcon_core.shell:Creating environment hook '/workspaces/legged-robots/my_workspace/build/bullet_sims/share/bullet_sims/hook/pythonpath_develop.sh'
[2.513s] Level 1:colcon.colcon_core.environment:checking '/workspaces/legged-robots/my_workspace/install/bullet_sims' for CMake module files
[2.514s] Level 1:colcon.colcon_core.environment:checking '/workspaces/legged-robots/my_workspace/install/bullet_sims' for CMake config files
[2.514s] Level 1:colcon.colcon_core.environment:checking '/workspaces/legged-robots/my_workspace/install/bullet_sims/lib'
[2.514s] Level 1:colcon.colcon_core.environment:checking '/workspaces/legged-robots/my_workspace/install/bullet_sims/bin'
[2.514s] Level 1:colcon.colcon_core.environment:checking '/workspaces/legged-robots/my_workspace/install/bullet_sims/lib/pkgconfig/bullet_sims.pc'
[2.514s] Level 1:colcon.colcon_core.environment:checking '/workspaces/legged-robots/my_workspace/install/bullet_sims/lib/python3.12/site-packages'
[2.514s] Level 1:colcon.colcon_core.shell:create_environment_hook('bullet_sims', 'pythonpath')
[2.514s] INFO:colcon.colcon_core.shell:Creating environment hook '/workspaces/legged-robots/my_workspace/install/bullet_sims/share/bullet_sims/hook/pythonpath.ps1'
[2.514s] INFO:colcon.colcon_core.shell:Creating environment descriptor '/workspaces/legged-robots/my_workspace/install/bullet_sims/share/bullet_sims/hook/pythonpath.dsv'
[2.515s] INFO:colcon.colcon_core.shell:Creating environment hook '/workspaces/legged-robots/my_workspace/install/bullet_sims/share/bullet_sims/hook/pythonpath.sh'
[2.515s] Level 1:colcon.colcon_core.environment:checking '/workspaces/legged-robots/my_workspace/install/bullet_sims/bin'
[2.515s] Level 1:colcon.colcon_core.environment:create_environment_scripts_only(bullet_sims)
[2.515s] INFO:colcon.colcon_core.shell:Creating package script '/workspaces/legged-robots/my_workspace/install/bullet_sims/share/bullet_sims/package.ps1'
[2.515s] INFO:colcon.colcon_core.shell:Creating package descriptor '/workspaces/legged-robots/my_workspace/install/bullet_sims/share/bullet_sims/package.dsv'
[2.515s] INFO:colcon.colcon_core.shell:Creating package script '/workspaces/legged-robots/my_workspace/install/bullet_sims/share/bullet_sims/package.sh'
[2.516s] INFO:colcon.colcon_core.shell:Creating package script '/workspaces/legged-robots/my_workspace/install/bullet_sims/share/bullet_sims/package.bash'
[2.516s] INFO:colcon.colcon_core.shell:Creating package script '/workspaces/legged-robots/my_workspace/install/bullet_sims/share/bullet_sims/package.zsh'
[2.516s] Level 1:colcon.colcon_core.environment:create_file_with_runtime_dependencies(/workspaces/legged-robots/my_workspace/install/bullet_sims/share/colcon-core/packages/bullet_sims)
[2.522s] Level 1:colcon.colcon_core.shell:create_environment_hook('whole_body_control', 'pythonpath_develop')
[2.522s] INFO:colcon.colcon_core.shell:Creating environment hook '/workspaces/legged-robots/my_workspace/build/whole_body_control/share/whole_body_control/hook/pythonpath_develop.ps1'
[2.522s] DEBUG:colcon.colcon_core.event_handler.log_command:Invoked command in '/workspaces/legged-robots/my_workspace/build/whole_body_control' returned '0': AMENT_PREFIX_PATH=/workspaces/legged-robots/my_workspace/install/talos_description:/workspaces/legged-robots/my_workspace/install/simulator:/workspaces/legged-robots/my_workspace/install/reemc_description:${AMENT_PREFIX_PATH} CMAKE_PREFIX_PATH=/workspaces/legged-robots/my_workspace/install/talos_description:/workspaces/legged-robots/my_workspace/install/reemc_description:${CMAKE_PREFIX_PATH} PYTHONPATH=/workspaces/legged-robots/my_workspace/build/whole_body_control/prefix_override:/usr/lib/python3/dist-packages/colcon_core/task/python/colcon_distutils_commands:/workspaces/legged-robots/my_workspace/install/whole_body_control/lib/python3.12/site-packages:/workspaces/legged-robots/my_workspace/build/simulator:/workspaces/legged-robots/my_workspace/install/simulator/lib/python3.12/site-packages:${PYTHONPATH} /usr/bin/python3 -W ignore:setup.py install is deprecated -W ignore:easy_install command is deprecated setup.py develop --editable --build-directory /workspaces/legged-robots/my_workspace/build/whole_body_control/build --no-deps symlink_data
[2.523s] INFO:colcon.colcon_core.shell:Creating environment descriptor '/workspaces/legged-robots/my_workspace/build/whole_body_control/share/whole_body_control/hook/pythonpath_develop.dsv'
[2.523s] INFO:colcon.colcon_core.shell:Creating environment hook '/workspaces/legged-robots/my_workspace/build/whole_body_control/share/whole_body_control/hook/pythonpath_develop.sh'
[2.523s] Level 1:colcon.colcon_core.environment:checking '/workspaces/legged-robots/my_workspace/install/whole_body_control' for CMake module files
[2.524s] Level 1:colcon.colcon_core.environment:checking '/workspaces/legged-robots/my_workspace/install/whole_body_control' for CMake config files
[2.524s] Level 1:colcon.colcon_core.environment:checking '/workspaces/legged-robots/my_workspace/install/whole_body_control/lib'
[2.524s] Level 1:colcon.colcon_core.environment:checking '/workspaces/legged-robots/my_workspace/install/whole_body_control/bin'
[2.524s] Level 1:colcon.colcon_core.environment:checking '/workspaces/legged-robots/my_workspace/install/whole_body_control/lib/pkgconfig/whole_body_control.pc'
[2.524s] Level 1:colcon.colcon_core.environment:checking '/workspaces/legged-robots/my_workspace/install/whole_body_control/lib/python3.12/site-packages'
[2.524s] Level 1:colcon.colcon_core.shell:create_environment_hook('whole_body_control', 'pythonpath')
[2.524s] INFO:colcon.colcon_core.shell:Creating environment hook '/workspaces/legged-robots/my_workspace/install/whole_body_control/share/whole_body_control/hook/pythonpath.ps1'
[2.524s] INFO:colcon.colcon_core.shell:Creating environment descriptor '/workspaces/legged-robots/my_workspace/install/whole_body_control/share/whole_body_control/hook/pythonpath.dsv'
[2.525s] INFO:colcon.colcon_core.shell:Creating environment hook '/workspaces/legged-robots/my_workspace/install/whole_body_control/share/whole_body_control/hook/pythonpath.sh'
[2.525s] Level 1:colcon.colcon_core.environment:checking '/workspaces/legged-robots/my_workspace/install/whole_body_control/bin'
[2.525s] Level 1:colcon.colcon_core.environment:create_environment_scripts_only(whole_body_control)
[2.525s] INFO:colcon.colcon_core.shell:Creating package script '/workspaces/legged-robots/my_workspace/install/whole_body_control/share/whole_body_control/package.ps1'
[2.525s] INFO:colcon.colcon_core.shell:Creating package descriptor '/workspaces/legged-robots/my_workspace/install/whole_body_control/share/whole_body_control/package.dsv'
[2.525s] INFO:colcon.colcon_core.shell:Creating package script '/workspaces/legged-robots/my_workspace/install/whole_body_control/share/whole_body_control/package.sh'
[2.526s] INFO:colcon.colcon_core.shell:Creating package script '/workspaces/legged-robots/my_workspace/install/whole_body_control/share/whole_body_control/package.bash'
[2.526s] INFO:colcon.colcon_core.shell:Creating package script '/workspaces/legged-robots/my_workspace/install/whole_body_control/share/whole_body_control/package.zsh'
[2.526s] Level 1:colcon.colcon_core.environment:create_file_with_runtime_dependencies(/workspaces/legged-robots/my_workspace/install/whole_body_control/share/colcon-core/packages/whole_body_control)
[2.526s] DEBUG:colcon.colcon_parallel_executor.executor.parallel:closing loop
[2.526s] DEBUG:colcon.colcon_parallel_executor.executor.parallel:loop closed
[2.526s] DEBUG:colcon.colcon_parallel_executor.executor.parallel:run_until_complete finished with '0'
[2.526s] DEBUG:colcon.colcon_core.event_reactor:joining thread
[2.530s] INFO:colcon.colcon_core.plugin_system:Skipping extension 'colcon_notification.desktop_notification.notify_send': Could not find 'notify-send'
[2.530s] INFO:colcon.colcon_core.plugin_system:Skipping extension 'colcon_notification.desktop_notification.terminal_notifier': Not used on non-Darwin systems
[2.530s] INFO:colcon.colcon_core.plugin_system:Skipping extension 'colcon_notification.desktop_notification.win32': Not used on non-Windows systems
[2.530s] INFO:colcon.colcon_notification.desktop_notification:Sending desktop notification using 'notify2'
[2.530s] DEBUG:colcon.colcon_notification.desktop_notification.notify2:Failed to initialize notify2: org.freedesktop.DBus.Error.InvalidFileContent: D-Bus library appears to be incorrectly set up: see the manual page for dbus-uuidgen to correct this issue. (Failed to open "/var/lib/dbus/machine-id": No such file or directory; UUID file '/etc/machine-id' should contain a hex string of length 32, not length 0, with no other text)
[2.530s] DEBUG:colcon.colcon_core.event_reactor:joined thread
[2.530s] INFO:colcon.colcon_core.shell:Creating prefix script '/workspaces/legged-robots/my_workspace/install/local_setup.ps1'
[2.531s] INFO:colcon.colcon_core.shell:Creating prefix util module '/workspaces/legged-robots/my_workspace/install/_local_setup_util_ps1.py'
[2.531s] INFO:colcon.colcon_core.shell:Creating prefix chain script '/workspaces/legged-robots/my_workspace/install/setup.ps1'
[2.532s] INFO:colcon.colcon_core.shell:Creating prefix script '/workspaces/legged-robots/my_workspace/install/local_setup.sh'
[2.532s] INFO:colcon.colcon_core.shell:Creating prefix util module '/workspaces/legged-robots/my_workspace/install/_local_setup_util_sh.py'
[2.533s] INFO:colcon.colcon_core.shell:Creating prefix chain script '/workspaces/legged-robots/my_workspace/install/setup.sh'
[2.533s] INFO:colcon.colcon_core.shell:Creating prefix script '/workspaces/legged-robots/my_workspace/install/local_setup.bash'
[2.533s] INFO:colcon.colcon_core.shell:Creating prefix chain script '/workspaces/legged-robots/my_workspace/install/setup.bash'
[2.533s] INFO:colcon.colcon_core.shell:Creating prefix script '/workspaces/legged-robots/my_workspace/install/local_setup.zsh'
[2.534s] INFO:colcon.colcon_core.shell:Creating prefix chain script '/workspaces/legged-robots/my_workspace/install/setup.zsh'
