[0.591s] Invoking command in '/workspaces/workspaces/legged-robots/my_workspace/build/ros_visuals': PYTHONPATH=/workspaces/workspaces/legged-robots/my_workspace/build/ros_visuals/prefix_override:/usr/lib/python3/dist-packages/colcon_core/task/python/colcon_distutils_commands:/workspaces/workspaces/legged-robots/my_workspace/install/ros_visuals/lib/python3.12/site-packages:${PYTHONPATH} /usr/bin/python3 -W ignore:setup.py install is deprecated -W ignore:easy_install command is deprecated setup.py develop --editable --build-directory /workspaces/workspaces/legged-robots/my_workspace/build/ros_visuals/build --no-deps symlink_data
[0.765s] running develop
[0.861s] running egg_info
[0.861s] creating ros_visuals.egg-info
[0.871s] writing ros_visuals.egg-info/PKG-INFO
[0.871s] writing dependency_links to ros_visuals.egg-info/dependency_links.txt
[0.872s] writing entry points to ros_visuals.egg-info/entry_points.txt
[0.872s] writing requirements to ros_visuals.egg-info/requires.txt
[0.872s] writing top-level names to ros_visuals.egg-info/top_level.txt
[0.872s] writing manifest file 'ros_visuals.egg-info/SOURCES.txt'
[1.079s] writing manifest file 'ros_visuals.egg-info/SOURCES.txt'
[1.090s] running build_ext
[1.091s] Creating /workspaces/workspaces/legged-robots/my_workspace/install/ros_visuals/lib/python3.12/site-packages/ros-visuals.egg-link (link to .)
[1.091s] Installing t11 script to /workspaces/workspaces/legged-robots/my_workspace/install/ros_visuals/lib/ros_visuals
[1.091s] Installing t12 script to /workspaces/workspaces/legged-robots/my_workspace/install/ros_visuals/lib/ros_visuals
[1.091s] Installing t13 script to /workspaces/workspaces/legged-robots/my_workspace/install/ros_visuals/lib/ros_visuals
[1.091s] 
[1.091s] Installed /workspaces/workspaces/legged-robots/my_workspace/build/ros_visuals
[1.092s] running symlink_data
[1.092s] symbolically linking /workspaces/workspaces/legged-robots/my_workspace/build/ros_visuals/package.xml -> /workspaces/workspaces/legged-robots/my_workspace/install/ros_visuals/share/ament_index/resource_index/packages
[1.092s] creating /workspaces/workspaces/legged-robots/my_workspace/install/ros_visuals/share/ros_visuals/config
[1.092s] symbolically linking /workspaces/workspaces/legged-robots/my_workspace/build/ros_visuals/config/compare_cage.rviz -> /workspaces/workspaces/legged-robots/my_workspace/install/ros_visuals/share/ros_visuals/config
[1.092s] symbolically linking /workspaces/workspaces/legged-robots/my_workspace/build/ros_visuals/config/talos.rviz -> /workspaces/workspaces/legged-robots/my_workspace/install/ros_visuals/share/ros_visuals/config
[1.092s] symbolically linking /workspaces/workspaces/legged-robots/my_workspace/build/ros_visuals/config/rviz_config.rviz -> /workspaces/workspaces/legged-robots/my_workspace/install/ros_visuals/share/ros_visuals/config
[1.092s] symbolically linking /workspaces/workspaces/legged-robots/my_workspace/build/ros_visuals/config/talos_new.rviz -> /workspaces/workspaces/legged-robots/my_workspace/install/ros_visuals/share/ros_visuals/config
[1.092s] creating /workspaces/workspaces/legged-robots/my_workspace/install/ros_visuals/share/ros_visuals/launch
[1.092s] symbolically linking /workspaces/workspaces/legged-robots/my_workspace/build/ros_visuals/launch/launch.py -> /workspaces/workspaces/legged-robots/my_workspace/install/ros_visuals/share/ros_visuals/launch
[1.092s] symbolically linking /workspaces/workspaces/legged-robots/my_workspace/build/ros_visuals/launch/talos_control_launch.py -> /workspaces/workspaces/legged-robots/my_workspace/install/ros_visuals/share/ros_visuals/launch
[1.092s] symbolically linking /workspaces/workspaces/legged-robots/my_workspace/build/ros_visuals/launch/talos_rviz_launch.py -> /workspaces/workspaces/legged-robots/my_workspace/install/ros_visuals/share/ros_visuals/launch
[1.093s] symbolically linking /workspaces/workspaces/legged-robots/my_workspace/build/ros_visuals/launch/compare_methods.launch.py -> /workspaces/workspaces/legged-robots/my_workspace/install/ros_visuals/share/ros_visuals/launch
[1.122s] Invoked command in '/workspaces/workspaces/legged-robots/my_workspace/build/ros_visuals' returned '0': PYTHONPATH=/workspaces/workspaces/legged-robots/my_workspace/build/ros_visuals/prefix_override:/usr/lib/python3/dist-packages/colcon_core/task/python/colcon_distutils_commands:/workspaces/workspaces/legged-robots/my_workspace/install/ros_visuals/lib/python3.12/site-packages:${PYTHONPATH} /usr/bin/python3 -W ignore:setup.py install is deprecated -W ignore:easy_install command is deprecated setup.py develop --editable --build-directory /workspaces/workspaces/legged-robots/my_workspace/build/ros_visuals/build --no-deps symlink_data
