[1.052s] Invoking command in '/workspaces/workspaces/legged-robots/build/whole_body_control': AMENT_PREFIX_PATH=/workspaces/workspaces/legged-robots/install/talos_description:/workspaces/workspaces/legged-robots/install/simulator:/workspaces/workspaces/legged-robots/install/reemc_description:${AMENT_PREFIX_PATH} CMAKE_PREFIX_PATH=/workspaces/workspaces/legged-robots/install/talos_description:/workspaces/workspaces/legged-robots/install/reemc_description:${CMAKE_PREFIX_PATH} PYTHONPATH=/workspaces/workspaces/legged-robots/build/whole_body_control/prefix_override:/usr/lib/python3/dist-packages/colcon_core/task/python/colcon_distutils_commands:/workspaces/workspaces/legged-robots/install/whole_body_control/lib/python3.12/site-packages:/workspaces/workspaces/legged-robots/build/simulator:/workspaces/workspaces/legged-robots/install/simulator/lib/python3.12/site-packages:${PYTHONPATH} /usr/bin/python3 -W ignore:setup.py install is deprecated -W ignore:easy_install command is deprecated setup.py develop --editable --build-directory /workspaces/workspaces/legged-robots/build/whole_body_control/build --no-deps symlink_data
[1.450s] running develop
[1.681s] running egg_info
[1.681s] creating whole_body_control.egg-info
[1.694s] writing whole_body_control.egg-info/PKG-INFO
[1.694s] writing dependency_links to whole_body_control.egg-info/dependency_links.txt
[1.694s] writing entry points to whole_body_control.egg-info/entry_points.txt
[1.694s] writing requirements to whole_body_control.egg-info/requires.txt
[1.694s] writing top-level names to whole_body_control.egg-info/top_level.txt
[1.694s] writing manifest file 'whole_body_control.egg-info/SOURCES.txt'
[2.240s] reading manifest file 'whole_body_control.egg-info/SOURCES.txt'
[2.240s] writing manifest file 'whole_body_control.egg-info/SOURCES.txt'
[2.275s] running build_ext
[2.276s] Creating /workspaces/workspaces/legged-robots/install/whole_body_control/lib/python3.12/site-packages/whole-body-control.egg-link (link to .)
[2.277s] Installing 02_one_leg_stand script to /workspaces/workspaces/legged-robots/install/whole_body_control/lib/whole_body_control
[2.277s] Installing 03_squating script to /workspaces/workspaces/legged-robots/install/whole_body_control/lib/whole_body_control
[2.277s] Installing t4_standing script to /workspaces/workspaces/legged-robots/install/whole_body_control/lib/whole_body_control
[2.277s] Installing t51 script to /workspaces/workspaces/legged-robots/install/whole_body_control/lib/whole_body_control
[2.277s] 
[2.278s] Installed /workspaces/workspaces/legged-robots/build/whole_body_control
[2.278s] running symlink_data
[2.278s] creating /workspaces/workspaces/legged-robots/install/whole_body_control/share/ament_index
[2.278s] creating /workspaces/workspaces/legged-robots/install/whole_body_control/share/ament_index/resource_index
[2.278s] creating /workspaces/workspaces/legged-robots/install/whole_body_control/share/ament_index/resource_index/packages
[2.278s] symbolically linking /workspaces/workspaces/legged-robots/build/whole_body_control/resource/whole_body_control -> /workspaces/workspaces/legged-robots/install/whole_body_control/share/ament_index/resource_index/packages
[2.278s] symbolically linking /workspaces/workspaces/legged-robots/build/whole_body_control/package.xml -> /workspaces/workspaces/legged-robots/install/whole_body_control/share/whole_body_control
[2.278s] creating /workspaces/workspaces/legged-robots/install/whole_body_control/share/whole_body_control/launch
[2.278s] symbolically linking /workspaces/workspaces/legged-robots/build/whole_body_control/launch/launch.py -> /workspaces/workspaces/legged-robots/install/whole_body_control/share/whole_body_control/launch
[2.312s] Invoked command in '/workspaces/workspaces/legged-robots/build/whole_body_control' returned '0': AMENT_PREFIX_PATH=/workspaces/workspaces/legged-robots/install/talos_description:/workspaces/workspaces/legged-robots/install/simulator:/workspaces/workspaces/legged-robots/install/reemc_description:${AMENT_PREFIX_PATH} CMAKE_PREFIX_PATH=/workspaces/workspaces/legged-robots/install/talos_description:/workspaces/workspaces/legged-robots/install/reemc_description:${CMAKE_PREFIX_PATH} PYTHONPATH=/workspaces/workspaces/legged-robots/build/whole_body_control/prefix_override:/usr/lib/python3/dist-packages/colcon_core/task/python/colcon_distutils_commands:/workspaces/workspaces/legged-robots/install/whole_body_control/lib/python3.12/site-packages:/workspaces/workspaces/legged-robots/build/simulator:/workspaces/workspaces/legged-robots/install/simulator/lib/python3.12/site-packages:${PYTHONPATH} /usr/bin/python3 -W ignore:setup.py install is deprecated -W ignore:easy_install command is deprecated setup.py develop --editable --build-directory /workspaces/workspaces/legged-robots/build/whole_body_control/build --no-deps symlink_data
