[0.070s] Invoking command in '/workspaces/workspaces/my_workspace/build/reemc_description': CMAKE_PREFIX_PATH=${CMAKE_PREFIX_PATH}:/opt/ros/rolling /usr/bin/cmake /workspaces/workspaces/my_workspace/src/reemc_description -DAMENT_CMAKE_SYMLINK_INSTALL=1 -DCMAKE_INSTALL_PREFIX=/workspaces/workspaces/my_workspace/install/reemc_description
[0.855s] -- Found ament_cmake: 2.7.2 (/opt/ros/rolling/share/ament_cmake/cmake)
[0.877s] -- Override CMake install command with custom implementation using symlinks instead of copying resources
[0.926s] -- Found ament_lint_auto: 0.19.1 (/opt/ros/rolling/share/ament_lint_auto/cmake)
[1.252s] -- Configuring done (1.2s)
[1.281s] -- Generating done (0.0s)
[1.284s] -- Build files have been written to: /workspaces/workspaces/my_workspace/build/reemc_description
[1.641s] Invoked command in '/workspaces/workspaces/my_workspace/build/reemc_description' returned '0': CMAKE_PREFIX_PATH=${CMAKE_PREFIX_PATH}:/opt/ros/rolling /usr/bin/cmake /workspaces/workspaces/my_workspace/src/reemc_description -DAMENT_CMAKE_SYMLINK_INSTALL=1 -DCMAKE_INSTALL_PREFIX=/workspaces/workspaces/my_workspace/install/reemc_description
[1.646s] Invoking command in '/workspaces/workspaces/my_workspace/build/reemc_description': CMAKE_PREFIX_PATH=${CMAKE_PREFIX_PATH}:/opt/ros/rolling /usr/bin/cmake --build /workspaces/workspaces/my_workspace/build/reemc_description -- -j8 -l8
[1.830s] Invoked command in '/workspaces/workspaces/my_workspace/build/reemc_description' returned '0': CMAKE_PREFIX_PATH=${CMAKE_PREFIX_PATH}:/opt/ros/rolling /usr/bin/cmake --build /workspaces/workspaces/my_workspace/build/reemc_description -- -j8 -l8
[1.874s] Invoking command in '/workspaces/workspaces/my_workspace/build/reemc_description': CMAKE_PREFIX_PATH=${CMAKE_PREFIX_PATH}:/opt/ros/rolling /usr/bin/cmake --install /workspaces/workspaces/my_workspace/build/reemc_description
[1.908s] -- Install configuration: ""
[1.909s] -- Execute custom install script
[1.913s] -- Up-to-date symlink: /workspaces/workspaces/my_workspace/install/reemc_description/share/reemc_description/meshes/arm/arm_1.dae
[1.914s] -- Up-to-date symlink: /workspaces/workspaces/my_workspace/install/reemc_description/share/reemc_description/meshes/arm/arm_1_collision.stl
[1.916s] -- Up-to-date symlink: /workspaces/workspaces/my_workspace/install/reemc_description/share/reemc_description/meshes/arm/arm_1_color.png
[1.921s] -- Up-to-date symlink: /workspaces/workspaces/my_workspace/install/reemc_description/share/reemc_description/meshes/arm/arm_1_normals.png
[1.924s] -- Up-to-date symlink: /workspaces/workspaces/my_workspace/install/reemc_description/share/reemc_description/meshes/arm/arm_1_specular.png
[1.925s] -- Up-to-date symlink: /workspaces/workspaces/my_workspace/install/reemc_description/share/reemc_description/meshes/arm/arm_2.dae
[1.925s] -- Up-to-date symlink: /workspaces/workspaces/my_workspace/install/reemc_description/share/reemc_description/meshes/arm/arm_2_collision.stl
[1.926s] -- Up-to-date symlink: /workspaces/workspaces/my_workspace/install/reemc_description/share/reemc_description/meshes/arm/arm_2_color.png
[1.926s] -- Up-to-date symlink: /workspaces/workspaces/my_workspace/install/reemc_description/share/reemc_description/meshes/arm/arm_2_normals.png
[1.926s] -- Up-to-date symlink: /workspaces/workspaces/my_workspace/install/reemc_description/share/reemc_description/meshes/arm/arm_2_specular.png
[1.927s] -- Up-to-date symlink: /workspaces/workspaces/my_workspace/install/reemc_description/share/reemc_description/meshes/arm/arm_3.dae
[1.927s] -- Up-to-date symlink: /workspaces/workspaces/my_workspace/install/reemc_description/share/reemc_description/meshes/arm/arm_3_collision.stl
[1.927s] -- Up-to-date symlink: /workspaces/workspaces/my_workspace/install/reemc_description/share/reemc_description/meshes/arm/arm_3_color.png
[1.928s] -- Up-to-date symlink: /workspaces/workspaces/my_workspace/install/reemc_description/share/reemc_description/meshes/arm/arm_3_normals.png
[1.928s] -- Up-to-date symlink: /workspaces/workspaces/my_workspace/install/reemc_description/share/reemc_description/meshes/arm/arm_3_specular.png
[1.928s] -- Up-to-date symlink: /workspaces/workspaces/my_workspace/install/reemc_description/share/reemc_description/meshes/arm/arm_4.dae
[1.932s] -- Up-to-date symlink: /workspaces/workspaces/my_workspace/install/reemc_description/share/reemc_description/meshes/arm/arm_4_collision.stl
[1.934s] -- Up-to-date symlink: /workspaces/workspaces/my_workspace/install/reemc_description/share/reemc_description/meshes/arm/arm_4_color.png
[1.934s] -- Up-to-date symlink: /workspaces/workspaces/my_workspace/install/reemc_description/share/reemc_description/meshes/arm/arm_4_normals.png
[1.934s] -- Up-to-date symlink: /workspaces/workspaces/my_workspace/install/reemc_description/share/reemc_description/meshes/arm/arm_4_specular.png
[1.935s] -- Up-to-date symlink: /workspaces/workspaces/my_workspace/install/reemc_description/share/reemc_description/meshes/arm/arm_5.dae
[1.935s] -- Up-to-date symlink: /workspaces/workspaces/my_workspace/install/reemc_description/share/reemc_description/meshes/arm/arm_5_collision.stl
[1.935s] -- Up-to-date symlink: /workspaces/workspaces/my_workspace/install/reemc_description/share/reemc_description/meshes/arm/arm_6.dae
[1.936s] -- Up-to-date symlink: /workspaces/workspaces/my_workspace/install/reemc_description/share/reemc_description/meshes/arm/arm_6_collision.stl
[1.936s] -- Up-to-date symlink: /workspaces/workspaces/my_workspace/install/reemc_description/share/reemc_description/meshes/arm/arm_6_color.png
[1.936s] -- Up-to-date symlink: /workspaces/workspaces/my_workspace/install/reemc_description/share/reemc_description/meshes/arm/arm_6_normals.png
[1.937s] -- Up-to-date symlink: /workspaces/workspaces/my_workspace/install/reemc_description/share/reemc_description/meshes/arm/arm_6_specular.png
[1.937s] -- Up-to-date symlink: /workspaces/workspaces/my_workspace/install/reemc_description/share/reemc_description/meshes/base/base.dae
[1.938s] -- Up-to-date symlink: /workspaces/workspaces/my_workspace/install/reemc_description/share/reemc_description/meshes/base/base_collision.stl
[1.938s] -- Up-to-date symlink: /workspaces/workspaces/my_workspace/install/reemc_description/share/reemc_description/meshes/chessboard/chessboard.dae
[1.939s] -- Up-to-date symlink: /workspaces/workspaces/my_workspace/install/reemc_description/share/reemc_description/meshes/chessboard/chessboard.png
[1.939s] -- Up-to-date symlink: /workspaces/workspaces/my_workspace/install/reemc_description/share/reemc_description/meshes/hand/hand_finger_1.dae
[1.940s] -- Up-to-date symlink: /workspaces/workspaces/my_workspace/install/reemc_description/share/reemc_description/meshes/hand/hand_finger_1_collision.stl
[1.940s] -- Up-to-date symlink: /workspaces/workspaces/my_workspace/install/reemc_description/share/reemc_description/meshes/hand/hand_finger_1_color.png
[1.940s] -- Up-to-date symlink: /workspaces/workspaces/my_workspace/install/reemc_description/share/reemc_description/meshes/hand/hand_finger_1_normals.png
[1.941s] -- Up-to-date symlink: /workspaces/workspaces/my_workspace/install/reemc_description/share/reemc_description/meshes/hand/hand_finger_1_specular.png
[1.942s] -- Up-to-date symlink: /workspaces/workspaces/my_workspace/install/reemc_description/share/reemc_description/meshes/hand/hand_finger_2.dae
[1.943s] -- Up-to-date symlink: /workspaces/workspaces/my_workspace/install/reemc_description/share/reemc_description/meshes/hand/hand_finger_2_collision.stl
[1.943s] -- Up-to-date symlink: /workspaces/workspaces/my_workspace/install/reemc_description/share/reemc_description/meshes/hand/hand_finger_2_color.png
[1.944s] -- Up-to-date symlink: /workspaces/workspaces/my_workspace/install/reemc_description/share/reemc_description/meshes/hand/hand_finger_2_normals.png
[1.945s] -- Up-to-date symlink: /workspaces/workspaces/my_workspace/install/reemc_description/share/reemc_description/meshes/hand/hand_finger_2_specular.png
[1.945s] -- Up-to-date symlink: /workspaces/workspaces/my_workspace/install/reemc_description/share/reemc_description/meshes/hand/hand_finger_3.dae
[1.946s] -- Up-to-date symlink: /workspaces/workspaces/my_workspace/install/reemc_description/share/reemc_description/meshes/hand/hand_finger_3_collision.stl
[1.946s] -- Up-to-date symlink: /workspaces/workspaces/my_workspace/install/reemc_description/share/reemc_description/meshes/hand/hand_finger_3_color.png
[1.947s] -- Up-to-date symlink: /workspaces/workspaces/my_workspace/install/reemc_description/share/reemc_description/meshes/hand/hand_finger_3_normals.png
[1.952s] -- Up-to-date symlink: /workspaces/workspaces/my_workspace/install/reemc_description/share/reemc_description/meshes/hand/hand_finger_3_specular.png
[1.954s] -- Up-to-date symlink: /workspaces/workspaces/my_workspace/install/reemc_description/share/reemc_description/meshes/hand/hand_palm.dae
[1.954s] -- Up-to-date symlink: /workspaces/workspaces/my_workspace/install/reemc_description/share/reemc_description/meshes/hand/hand_palm_collision.stl
[1.954s] -- Up-to-date symlink: /workspaces/workspaces/my_workspace/install/reemc_description/share/reemc_description/meshes/hand/hand_palm_color.png
[1.955s] -- Up-to-date symlink: /workspaces/workspaces/my_workspace/install/reemc_description/share/reemc_description/meshes/hand/hand_palm_normals.png
[1.956s] -- Up-to-date symlink: /workspaces/workspaces/my_workspace/install/reemc_description/share/reemc_description/meshes/hand/hand_palm_specular.png
[1.957s] -- Up-to-date symlink: /workspaces/workspaces/my_workspace/install/reemc_description/share/reemc_description/meshes/hand/hand_thumb.dae
[1.957s] -- Up-to-date symlink: /workspaces/workspaces/my_workspace/install/reemc_description/share/reemc_description/meshes/hand/hand_thumb_collision.stl
[1.958s] -- Up-to-date symlink: /workspaces/workspaces/my_workspace/install/reemc_description/share/reemc_description/meshes/hand/hand_thumb_color.png
[1.958s] -- Up-to-date symlink: /workspaces/workspaces/my_workspace/install/reemc_description/share/reemc_description/meshes/hand/hand_thumb_normals.png
[1.959s] -- Up-to-date symlink: /workspaces/workspaces/my_workspace/install/reemc_description/share/reemc_description/meshes/hand/hand_thumb_specular.png
[1.959s] -- Up-to-date symlink: /workspaces/workspaces/my_workspace/install/reemc_description/share/reemc_description/meshes/head/head_1.dae
[1.962s] -- Up-to-date symlink: /workspaces/workspaces/my_workspace/install/reemc_description/share/reemc_description/meshes/head/head_1_collision.stl
[1.963s] -- Up-to-date symlink: /workspaces/workspaces/my_workspace/install/reemc_description/share/reemc_description/meshes/head/head_2_collision.stl
[1.963s] -- Up-to-date symlink: /workspaces/workspaces/my_workspace/install/reemc_description/share/reemc_description/meshes/head/head_2_v0.dae
[1.966s] -- Up-to-date symlink: /workspaces/workspaces/my_workspace/install/reemc_description/share/reemc_description/meshes/head/head_2_v1.stl
[1.966s] -- Up-to-date symlink: /workspaces/workspaces/my_workspace/install/reemc_description/share/reemc_description/meshes/hey5/finger_abd_collision.stl
[1.967s] -- Up-to-date symlink: /workspaces/workspaces/my_workspace/install/reemc_description/share/reemc_description/meshes/hey5/finger_flex_collision.stl
[1.967s] -- Up-to-date symlink: /workspaces/workspaces/my_workspace/install/reemc_description/share/reemc_description/meshes/hey5/finger_flex_tip_collision.stl
[1.967s] -- Up-to-date symlink: /workspaces/workspaces/my_workspace/install/reemc_description/share/reemc_description/meshes/hey5/palm.stl
[1.968s] -- Up-to-date symlink: /workspaces/workspaces/my_workspace/install/reemc_description/share/reemc_description/meshes/hey5/palm_collision.stl
[1.968s] -- Up-to-date symlink: /workspaces/workspaces/my_workspace/install/reemc_description/share/reemc_description/meshes/hey5/thumb_abd_collision.stl
[1.968s] -- Up-to-date symlink: /workspaces/workspaces/my_workspace/install/reemc_description/share/reemc_description/meshes/kinect.dae
[1.969s] -- Up-to-date symlink: /workspaces/workspaces/my_workspace/install/reemc_description/share/reemc_description/meshes/kinect.tga
[1.969s] -- Up-to-date symlink: /workspaces/workspaces/my_workspace/install/reemc_description/share/reemc_description/meshes/leg/leg_1.dae
[1.969s] -- Up-to-date symlink: /workspaces/workspaces/my_workspace/install/reemc_description/share/reemc_description/meshes/leg/leg_1_collision.stl
[1.970s] -- Up-to-date symlink: /workspaces/workspaces/my_workspace/install/reemc_description/share/reemc_description/meshes/leg/leg_3.dae
[1.970s] -- Up-to-date symlink: /workspaces/workspaces/my_workspace/install/reemc_description/share/reemc_description/meshes/leg/leg_3_collision.stl
[1.970s] -- Up-to-date symlink: /workspaces/workspaces/my_workspace/install/reemc_description/share/reemc_description/meshes/leg/leg_4.dae
[1.974s] -- Up-to-date symlink: /workspaces/workspaces/my_workspace/install/reemc_description/share/reemc_description/meshes/leg/leg_4_collision.stl
[1.974s] -- Up-to-date symlink: /workspaces/workspaces/my_workspace/install/reemc_description/share/reemc_description/meshes/leg/leg_6.dae
[1.975s] -- Up-to-date symlink: /workspaces/workspaces/my_workspace/install/reemc_description/share/reemc_description/meshes/leg/r_foot.dae
[1.975s] -- Up-to-date symlink: /workspaces/workspaces/my_workspace/install/reemc_description/share/reemc_description/meshes/sensors/urg-04lx-ug01.stl
[1.975s] -- Up-to-date symlink: /workspaces/workspaces/my_workspace/install/reemc_description/share/reemc_description/meshes/sensors/xtion_pro_live/xtion_pro_live.dae
[1.976s] -- Up-to-date symlink: /workspaces/workspaces/my_workspace/install/reemc_description/share/reemc_description/meshes/sensors/xtion_pro_live/xtion_pro_live.png
[1.976s] -- Up-to-date symlink: /workspaces/workspaces/my_workspace/install/reemc_description/share/reemc_description/meshes/torso/torso_2.dae
[1.976s] -- Up-to-date symlink: /workspaces/workspaces/my_workspace/install/reemc_description/share/reemc_description/meshes/torso/torso_2_collision.stl
[1.977s] -- Up-to-date symlink: /workspaces/workspaces/my_workspace/install/reemc_description/share/reemc_description/robots/reemc.urdf
[1.977s] -- Up-to-date symlink: /workspaces/workspaces/my_workspace/install/reemc_description/share/ament_index/resource_index/package_run_dependencies/reemc_description
[1.977s] -- Up-to-date symlink: /workspaces/workspaces/my_workspace/install/reemc_description/share/ament_index/resource_index/parent_prefix_path/reemc_description
[1.977s] -- Up-to-date symlink: /workspaces/workspaces/my_workspace/install/reemc_description/share/reemc_description/environment/ament_prefix_path.sh
[1.978s] -- Up-to-date symlink: /workspaces/workspaces/my_workspace/install/reemc_description/share/reemc_description/environment/ament_prefix_path.dsv
[1.978s] -- Up-to-date symlink: /workspaces/workspaces/my_workspace/install/reemc_description/share/reemc_description/environment/path.sh
[1.978s] -- Up-to-date symlink: /workspaces/workspaces/my_workspace/install/reemc_description/share/reemc_description/environment/path.dsv
[1.979s] -- Up-to-date symlink: /workspaces/workspaces/my_workspace/install/reemc_description/share/reemc_description/local_setup.bash
[1.979s] -- Up-to-date symlink: /workspaces/workspaces/my_workspace/install/reemc_description/share/reemc_description/local_setup.sh
[1.980s] -- Up-to-date symlink: /workspaces/workspaces/my_workspace/install/reemc_description/share/reemc_description/local_setup.zsh
[1.981s] -- Up-to-date symlink: /workspaces/workspaces/my_workspace/install/reemc_description/share/reemc_description/local_setup.dsv
[1.981s] -- Symlinking: /workspaces/workspaces/my_workspace/install/reemc_description/share/reemc_description/package.dsv
[2.020s] -- Up-to-date symlink: /workspaces/workspaces/my_workspace/install/reemc_description/share/ament_index/resource_index/packages/reemc_description
[2.021s] -- Up-to-date symlink: /workspaces/workspaces/my_workspace/install/reemc_description/share/reemc_description/cmake/reemc_descriptionConfig.cmake
[2.022s] -- Up-to-date symlink: /workspaces/workspaces/my_workspace/install/reemc_description/share/reemc_description/cmake/reemc_descriptionConfig-version.cmake
[2.024s] -- Up-to-date symlink: /workspaces/workspaces/my_workspace/install/reemc_description/share/reemc_description/package.xml
[2.025s] Invoked command in '/workspaces/workspaces/my_workspace/build/reemc_description' returned '0': CMAKE_PREFIX_PATH=${CMAKE_PREFIX_PATH}:/opt/ros/rolling /usr/bin/cmake --install /workspaces/workspaces/my_workspace/build/reemc_description
