[2.359s] Invoking command in '/workspaces/workspaces/my_workspace/build/ros_visuals': PYTHONPATH=/workspaces/workspaces/my_workspace/build/ros_visuals/prefix_override:/usr/lib/python3/dist-packages/colcon_core/task/python/colcon_distutils_commands:/workspaces/workspaces/my_workspace/install/ros_visuals/lib/python3.12/site-packages:${PYTHONPATH} /usr/bin/python3 -W ignore:setup.py install is deprecated -W ignore:easy_install command is deprecated setup.py develop --editable --build-directory /workspaces/workspaces/my_workspace/build/ros_visuals/build --no-deps symlink_data --force
[3.203s] running develop
[3.965s] running egg_info
[4.064s] writing ros_visuals.egg-info/PKG-INFO
[4.065s] writing dependency_links to ros_visuals.egg-info/dependency_links.txt
[4.065s] writing entry points to ros_visuals.egg-info/entry_points.txt
[4.066s] writing requirements to ros_visuals.egg-info/requires.txt
[4.066s] writing top-level names to ros_visuals.egg-info/top_level.txt
[5.165s] writing manifest file 'ros_visuals.egg-info/SOURCES.txt'
[5.249s] running build_ext
[5.250s] Creating /workspaces/workspaces/my_workspace/install/ros_visuals/lib/python3.12/site-packages/ros-visuals.egg-link (link to .)
[5.251s] Installing t11 script to /workspaces/workspaces/my_workspace/install/ros_visuals/lib/ros_visuals
[5.252s] Installing t12 script to /workspaces/workspaces/my_workspace/install/ros_visuals/lib/ros_visuals
[5.252s] Installing t13 script to /workspaces/workspaces/my_workspace/install/ros_visuals/lib/ros_visuals
[5.253s] 
[5.254s] Installed /workspaces/workspaces/my_workspace/build/ros_visuals
[5.255s] running symlink_data
[5.256s] symbolically linking /workspaces/workspaces/my_workspace/build/ros_visuals/package.xml -> /workspaces/workspaces/my_workspace/install/ros_visuals/share/ament_index/resource_index/packages
[5.256s] symbolically linking /workspaces/workspaces/my_workspace/build/ros_visuals/config/compare_cage.rviz -> /workspaces/workspaces/my_workspace/install/ros_visuals/share/ros_visuals/config
[5.257s] symbolically linking /workspaces/workspaces/my_workspace/build/ros_visuals/config/talos_new.rviz -> /workspaces/workspaces/my_workspace/install/ros_visuals/share/ros_visuals/config
[5.258s] symbolically linking /workspaces/workspaces/my_workspace/build/ros_visuals/config/rviz_config.rviz -> /workspaces/workspaces/my_workspace/install/ros_visuals/share/ros_visuals/config
[5.258s] symbolically linking /workspaces/workspaces/my_workspace/build/ros_visuals/config/talos.rviz -> /workspaces/workspaces/my_workspace/install/ros_visuals/share/ros_visuals/config
[5.259s] symbolically linking /workspaces/workspaces/my_workspace/build/ros_visuals/launch/talos_control_launch.py -> /workspaces/workspaces/my_workspace/install/ros_visuals/share/ros_visuals/launch
[5.259s] symbolically linking /workspaces/workspaces/my_workspace/build/ros_visuals/launch/launch.py -> /workspaces/workspaces/my_workspace/install/ros_visuals/share/ros_visuals/launch
[5.261s] symbolically linking /workspaces/workspaces/my_workspace/build/ros_visuals/launch/talos_rviz_launch.py -> /workspaces/workspaces/my_workspace/install/ros_visuals/share/ros_visuals/launch
[5.261s] symbolically linking /workspaces/workspaces/my_workspace/build/ros_visuals/launch/compare_methods.launch.py -> /workspaces/workspaces/my_workspace/install/ros_visuals/share/ros_visuals/launch
[5.376s] Invoked command in '/workspaces/workspaces/my_workspace/build/ros_visuals' returned '0': PYTHONPATH=/workspaces/workspaces/my_workspace/build/ros_visuals/prefix_override:/usr/lib/python3/dist-packages/colcon_core/task/python/colcon_distutils_commands:/workspaces/workspaces/my_workspace/install/ros_visuals/lib/python3.12/site-packages:${PYTHONPATH} /usr/bin/python3 -W ignore:setup.py install is deprecated -W ignore:easy_install command is deprecated setup.py develop --editable --build-directory /workspaces/workspaces/my_workspace/build/ros_visuals/build --no-deps symlink_data --force
