[0.148s] DEBUG:colcon:Command line arguments: ['/usr/bin/colcon', 'build', '--symlink-install']
[0.148s] DEBUG:colcon:Parsed command line arguments: Namespace(log_base=None, log_level=None, verb_name='build', build_base='build', install_base='install', merge_install=False, symlink_install=True, test_result_base=None, continue_on_error=False, executor='parallel', parallel_workers=8, event_handlers=None, ignore_user_meta=False, metas=['./colcon.meta'], base_paths=['.'], packages_ignore=None, packages_ignore_regex=None, paths=None, packages_up_to=None, packages_up_to_regex=None, packages_above=None, packages_above_and_dependencies=None, packages_above_depth=None, packages_select_by_dep=None, packages_skip_by_dep=None, packages_skip_up_to=None, packages_select_build_failed=False, packages_skip_build_finished=False, packages_select_test_failures=False, packages_skip_test_passed=False, packages_select=None, packages_skip=None, packages_select_regex=None, packages_skip_regex=None, packages_start=None, packages_end=None, cmake_args=None, cmake_target=None, cmake_target_skip_unavailable=False, cmake_clean_cache=False, cmake_clean_first=False, cmake_force_configure=False, ament_cmake_args=None, catkin_cmake_args=None, catkin_skip_building_tests=False, mixin_files=None, mixin=None, verb_parser=<colcon_mixin.mixin.mixin_argument.MixinArgumentDecorator object at 0x7bb3d3e2c1a0>, verb_extension=<colcon_core.verb.build.BuildVerb object at 0x7bb3d3e0bce0>, main=<bound method BuildVerb.main of <colcon_core.verb.build.BuildVerb object at 0x7bb3d3e0bce0>>, mixin_verb=('build',))
[0.199s] Level 1:colcon.colcon_core.package_discovery:discover_packages(colcon_meta) check parameters
[0.199s] Level 1:colcon.colcon_core.package_discovery:discover_packages(recursive) check parameters
[0.199s] Level 1:colcon.colcon_core.package_discovery:discover_packages(ignore) check parameters
[0.200s] Level 1:colcon.colcon_core.package_discovery:discover_packages(path) check parameters
[0.200s] Level 1:colcon.colcon_core.package_discovery:discover_packages(colcon_meta) discover
[0.200s] Level 1:colcon.colcon_core.package_discovery:discover_packages(recursive) discover
[0.200s] INFO:colcon.colcon_core.package_discovery:Crawling recursively for packages in '/workspaces/workspaces/my_workspace'
[0.200s] Level 1:colcon.colcon_core.package_identification:_identify(.) by extensions ['ignore', 'ignore_ament_install']
[0.200s] Level 1:colcon.colcon_core.package_identification:_identify(.) by extension 'ignore'
[0.200s] Level 1:colcon.colcon_core.package_identification:_identify(.) by extension 'ignore_ament_install'
[0.200s] Level 1:colcon.colcon_core.package_identification:_identify(.) by extensions ['colcon_pkg']
[0.200s] Level 1:colcon.colcon_core.package_identification:_identify(.) by extension 'colcon_pkg'
[0.200s] Level 1:colcon.colcon_core.package_identification:_identify(.) by extensions ['colcon_meta']
[0.200s] Level 1:colcon.colcon_core.package_identification:_identify(.) by extension 'colcon_meta'
[0.201s] Level 1:colcon.colcon_core.package_identification:_identify(.) by extensions ['ros']
[0.201s] Level 1:colcon.colcon_core.package_identification:_identify(.) by extension 'ros'
[0.235s] Level 1:colcon.colcon_core.package_identification:_identify(.) by extensions ['cmake', 'python']
[0.235s] Level 1:colcon.colcon_core.package_identification:_identify(.) by extension 'cmake'
[0.235s] Level 1:colcon.colcon_core.package_identification:_identify(.) by extension 'python'
[0.235s] Level 1:colcon.colcon_core.package_identification:_identify(.) by extensions ['python_setup_py']
[0.235s] Level 1:colcon.colcon_core.package_identification:_identify(.) by extension 'python_setup_py'
[0.235s] Level 1:colcon.colcon_core.package_identification:_identify(build) by extensions ['ignore', 'ignore_ament_install']
[0.235s] Level 1:colcon.colcon_core.package_identification:_identify(build) by extension 'ignore'
[0.235s] Level 1:colcon.colcon_core.package_identification:_identify(build) ignored
[0.236s] Level 1:colcon.colcon_core.package_identification:_identify(install) by extensions ['ignore', 'ignore_ament_install']
[0.236s] Level 1:colcon.colcon_core.package_identification:_identify(install) by extension 'ignore'
[0.236s] Level 1:colcon.colcon_core.package_identification:_identify(install) ignored
[0.236s] Level 1:colcon.colcon_core.package_identification:_identify(log) by extensions ['ignore', 'ignore_ament_install']
[0.236s] Level 1:colcon.colcon_core.package_identification:_identify(log) by extension 'ignore'
[0.236s] Level 1:colcon.colcon_core.package_identification:_identify(log) ignored
[0.236s] Level 1:colcon.colcon_core.package_identification:_identify(src) by extensions ['ignore', 'ignore_ament_install']
[0.237s] Level 1:colcon.colcon_core.package_identification:_identify(src) by extension 'ignore'
[0.237s] Level 1:colcon.colcon_core.package_identification:_identify(src) by extension 'ignore_ament_install'
[0.237s] Level 1:colcon.colcon_core.package_identification:_identify(src) by extensions ['colcon_pkg']
[0.237s] Level 1:colcon.colcon_core.package_identification:_identify(src) by extension 'colcon_pkg'
[0.237s] Level 1:colcon.colcon_core.package_identification:_identify(src) by extensions ['colcon_meta']
[0.237s] Level 1:colcon.colcon_core.package_identification:_identify(src) by extension 'colcon_meta'
[0.237s] Level 1:colcon.colcon_core.package_identification:_identify(src) by extensions ['ros']
[0.237s] Level 1:colcon.colcon_core.package_identification:_identify(src) by extension 'ros'
[0.237s] Level 1:colcon.colcon_core.package_identification:_identify(src) by extensions ['cmake', 'python']
[0.237s] Level 1:colcon.colcon_core.package_identification:_identify(src) by extension 'cmake'
[0.237s] Level 1:colcon.colcon_core.package_identification:_identify(src) by extension 'python'
[0.237s] Level 1:colcon.colcon_core.package_identification:_identify(src) by extensions ['python_setup_py']
[0.238s] Level 1:colcon.colcon_core.package_identification:_identify(src) by extension 'python_setup_py'
[0.238s] Level 1:colcon.colcon_core.package_identification:_identify(src/bullet_sims) by extensions ['ignore', 'ignore_ament_install']
[0.238s] Level 1:colcon.colcon_core.package_identification:_identify(src/bullet_sims) by extension 'ignore'
[0.238s] Level 1:colcon.colcon_core.package_identification:_identify(src/bullet_sims) by extension 'ignore_ament_install'
[0.238s] Level 1:colcon.colcon_core.package_identification:_identify(src/bullet_sims) by extensions ['colcon_pkg']
[0.238s] Level 1:colcon.colcon_core.package_identification:_identify(src/bullet_sims) by extension 'colcon_pkg'
[0.238s] Level 1:colcon.colcon_core.package_identification:_identify(src/bullet_sims) by extensions ['colcon_meta']
[0.238s] Level 1:colcon.colcon_core.package_identification:_identify(src/bullet_sims) by extension 'colcon_meta'
[0.238s] Level 1:colcon.colcon_core.package_identification:_identify(src/bullet_sims) by extensions ['ros']
[0.238s] Level 1:colcon.colcon_core.package_identification:_identify(src/bullet_sims) by extension 'ros'
[0.242s] DEBUG:colcon.colcon_core.package_identification:Package 'src/bullet_sims' with type 'ros.ament_python' and name 'bullet_sims'
[0.242s] Level 1:colcon.colcon_core.package_identification:_identify(src/reemc_description) by extensions ['ignore', 'ignore_ament_install']
[0.242s] Level 1:colcon.colcon_core.package_identification:_identify(src/reemc_description) by extension 'ignore'
[0.243s] Level 1:colcon.colcon_core.package_identification:_identify(src/reemc_description) by extension 'ignore_ament_install'
[0.243s] Level 1:colcon.colcon_core.package_identification:_identify(src/reemc_description) by extensions ['colcon_pkg']
[0.243s] Level 1:colcon.colcon_core.package_identification:_identify(src/reemc_description) by extension 'colcon_pkg'
[0.243s] Level 1:colcon.colcon_core.package_identification:_identify(src/reemc_description) by extensions ['colcon_meta']
[0.243s] Level 1:colcon.colcon_core.package_identification:_identify(src/reemc_description) by extension 'colcon_meta'
[0.243s] Level 1:colcon.colcon_core.package_identification:_identify(src/reemc_description) by extensions ['ros']
[0.243s] Level 1:colcon.colcon_core.package_identification:_identify(src/reemc_description) by extension 'ros'
[0.244s] DEBUG:colcon.colcon_core.package_identification:Package 'src/reemc_description' with type 'ros.ament_cmake' and name 'reemc_description'
[0.244s] Level 1:colcon.colcon_core.package_identification:_identify(src/ros_visuals) by extensions ['ignore', 'ignore_ament_install']
[0.244s] Level 1:colcon.colcon_core.package_identification:_identify(src/ros_visuals) by extension 'ignore'
[0.244s] Level 1:colcon.colcon_core.package_identification:_identify(src/ros_visuals) by extension 'ignore_ament_install'
[0.244s] Level 1:colcon.colcon_core.package_identification:_identify(src/ros_visuals) by extensions ['colcon_pkg']
[0.244s] Level 1:colcon.colcon_core.package_identification:_identify(src/ros_visuals) by extension 'colcon_pkg'
[0.244s] Level 1:colcon.colcon_core.package_identification:_identify(src/ros_visuals) by extensions ['colcon_meta']
[0.244s] Level 1:colcon.colcon_core.package_identification:_identify(src/ros_visuals) by extension 'colcon_meta'
[0.245s] Level 1:colcon.colcon_core.package_identification:_identify(src/ros_visuals) by extensions ['ros']
[0.245s] Level 1:colcon.colcon_core.package_identification:_identify(src/ros_visuals) by extension 'ros'
[0.246s] DEBUG:colcon.colcon_core.package_identification:Package 'src/ros_visuals' with type 'ros.ament_python' and name 'ros_visuals'
[0.246s] Level 1:colcon.colcon_core.package_identification:_identify(src/simulator) by extensions ['ignore', 'ignore_ament_install']
[0.246s] Level 1:colcon.colcon_core.package_identification:_identify(src/simulator) by extension 'ignore'
[0.246s] Level 1:colcon.colcon_core.package_identification:_identify(src/simulator) by extension 'ignore_ament_install'
[0.246s] Level 1:colcon.colcon_core.package_identification:_identify(src/simulator) by extensions ['colcon_pkg']
[0.246s] Level 1:colcon.colcon_core.package_identification:_identify(src/simulator) by extension 'colcon_pkg'
[0.246s] Level 1:colcon.colcon_core.package_identification:_identify(src/simulator) by extensions ['colcon_meta']
[0.246s] Level 1:colcon.colcon_core.package_identification:_identify(src/simulator) by extension 'colcon_meta'
[0.246s] Level 1:colcon.colcon_core.package_identification:_identify(src/simulator) by extensions ['ros']
[0.246s] Level 1:colcon.colcon_core.package_identification:_identify(src/simulator) by extension 'ros'
[0.247s] DEBUG:colcon.colcon_core.package_identification:Package 'src/simulator' with type 'ros.ament_python' and name 'simulator'
[0.247s] Level 1:colcon.colcon_core.package_identification:_identify(src/talos_description) by extensions ['ignore', 'ignore_ament_install']
[0.247s] Level 1:colcon.colcon_core.package_identification:_identify(src/talos_description) by extension 'ignore'
[0.247s] Level 1:colcon.colcon_core.package_identification:_identify(src/talos_description) by extension 'ignore_ament_install'
[0.248s] Level 1:colcon.colcon_core.package_identification:_identify(src/talos_description) by extensions ['colcon_pkg']
[0.248s] Level 1:colcon.colcon_core.package_identification:_identify(src/talos_description) by extension 'colcon_pkg'
[0.248s] Level 1:colcon.colcon_core.package_identification:_identify(src/talos_description) by extensions ['colcon_meta']
[0.248s] Level 1:colcon.colcon_core.package_identification:_identify(src/talos_description) by extension 'colcon_meta'
[0.248s] Level 1:colcon.colcon_core.package_identification:_identify(src/talos_description) by extensions ['ros']
[0.248s] Level 1:colcon.colcon_core.package_identification:_identify(src/talos_description) by extension 'ros'
[0.248s] DEBUG:colcon.colcon_core.package_identification:Package 'src/talos_description' with type 'ros.ament_cmake' and name 'talos_description'
[0.248s] Level 1:colcon.colcon_core.package_discovery:discover_packages(recursive) using defaults
[0.249s] Level 1:colcon.colcon_core.package_discovery:discover_packages(ignore) discover
[0.249s] Level 1:colcon.colcon_core.package_discovery:discover_packages(ignore) using defaults
[0.249s] Level 1:colcon.colcon_core.package_discovery:discover_packages(path) discover
[0.249s] Level 1:colcon.colcon_core.package_discovery:discover_packages(path) using defaults
[0.271s] Level 5:colcon.colcon_core.verb:set package 'reemc_description' build argument 'cmake_args' from command line to 'None'
[0.271s] Level 5:colcon.colcon_core.verb:set package 'reemc_description' build argument 'cmake_target' from command line to 'None'
[0.271s] Level 5:colcon.colcon_core.verb:set package 'reemc_description' build argument 'cmake_target_skip_unavailable' from command line to 'False'
[0.272s] Level 5:colcon.colcon_core.verb:set package 'reemc_description' build argument 'cmake_clean_cache' from command line to 'False'
[0.272s] Level 5:colcon.colcon_core.verb:set package 'reemc_description' build argument 'cmake_clean_first' from command line to 'False'
[0.272s] Level 5:colcon.colcon_core.verb:set package 'reemc_description' build argument 'cmake_force_configure' from command line to 'False'
[0.272s] Level 5:colcon.colcon_core.verb:set package 'reemc_description' build argument 'ament_cmake_args' from command line to 'None'
[0.272s] Level 5:colcon.colcon_core.verb:set package 'reemc_description' build argument 'catkin_cmake_args' from command line to 'None'
[0.272s] Level 5:colcon.colcon_core.verb:set package 'reemc_description' build argument 'catkin_skip_building_tests' from command line to 'False'
[0.272s] DEBUG:colcon.colcon_core.verb:Building package 'reemc_description' with the following arguments: {'ament_cmake_args': None, 'build_base': '/workspaces/workspaces/my_workspace/build/reemc_description', 'catkin_cmake_args': None, 'catkin_skip_building_tests': False, 'cmake_args': None, 'cmake_clean_cache': False, 'cmake_clean_first': False, 'cmake_force_configure': False, 'cmake_target': None, 'cmake_target_skip_unavailable': False, 'install_base': '/workspaces/workspaces/my_workspace/install/reemc_description', 'merge_install': False, 'path': '/workspaces/workspaces/my_workspace/src/reemc_description', 'symlink_install': True, 'test_result_base': None}
[0.272s] Level 5:colcon.colcon_core.verb:set package 'ros_visuals' build argument 'cmake_args' from command line to 'None'
[0.272s] Level 5:colcon.colcon_core.verb:set package 'ros_visuals' build argument 'cmake_target' from command line to 'None'
[0.272s] Level 5:colcon.colcon_core.verb:set package 'ros_visuals' build argument 'cmake_target_skip_unavailable' from command line to 'False'
[0.272s] Level 5:colcon.colcon_core.verb:set package 'ros_visuals' build argument 'cmake_clean_cache' from command line to 'False'
[0.273s] Level 5:colcon.colcon_core.verb:set package 'ros_visuals' build argument 'cmake_clean_first' from command line to 'False'
[0.273s] Level 5:colcon.colcon_core.verb:set package 'ros_visuals' build argument 'cmake_force_configure' from command line to 'False'
[0.273s] Level 5:colcon.colcon_core.verb:set package 'ros_visuals' build argument 'ament_cmake_args' from command line to 'None'
[0.273s] Level 5:colcon.colcon_core.verb:set package 'ros_visuals' build argument 'catkin_cmake_args' from command line to 'None'
[0.273s] Level 5:colcon.colcon_core.verb:set package 'ros_visuals' build argument 'catkin_skip_building_tests' from command line to 'False'
[0.273s] DEBUG:colcon.colcon_core.verb:Building package 'ros_visuals' with the following arguments: {'ament_cmake_args': None, 'build_base': '/workspaces/workspaces/my_workspace/build/ros_visuals', 'catkin_cmake_args': None, 'catkin_skip_building_tests': False, 'cmake_args': None, 'cmake_clean_cache': False, 'cmake_clean_first': False, 'cmake_force_configure': False, 'cmake_target': None, 'cmake_target_skip_unavailable': False, 'install_base': '/workspaces/workspaces/my_workspace/install/ros_visuals', 'merge_install': False, 'path': '/workspaces/workspaces/my_workspace/src/ros_visuals', 'symlink_install': True, 'test_result_base': None}
[0.273s] Level 5:colcon.colcon_core.verb:set package 'simulator' build argument 'cmake_args' from command line to 'None'
[0.273s] Level 5:colcon.colcon_core.verb:set package 'simulator' build argument 'cmake_target' from command line to 'None'
[0.273s] Level 5:colcon.colcon_core.verb:set package 'simulator' build argument 'cmake_target_skip_unavailable' from command line to 'False'
[0.273s] Level 5:colcon.colcon_core.verb:set package 'simulator' build argument 'cmake_clean_cache' from command line to 'False'
[0.273s] Level 5:colcon.colcon_core.verb:set package 'simulator' build argument 'cmake_clean_first' from command line to 'False'
[0.273s] Level 5:colcon.colcon_core.verb:set package 'simulator' build argument 'cmake_force_configure' from command line to 'False'
[0.273s] Level 5:colcon.colcon_core.verb:set package 'simulator' build argument 'ament_cmake_args' from command line to 'None'
[0.274s] Level 5:colcon.colcon_core.verb:set package 'simulator' build argument 'catkin_cmake_args' from command line to 'None'
[0.274s] Level 5:colcon.colcon_core.verb:set package 'simulator' build argument 'catkin_skip_building_tests' from command line to 'False'
[0.274s] DEBUG:colcon.colcon_core.verb:Building package 'simulator' with the following arguments: {'ament_cmake_args': None, 'build_base': '/workspaces/workspaces/my_workspace/build/simulator', 'catkin_cmake_args': None, 'catkin_skip_building_tests': False, 'cmake_args': None, 'cmake_clean_cache': False, 'cmake_clean_first': False, 'cmake_force_configure': False, 'cmake_target': None, 'cmake_target_skip_unavailable': False, 'install_base': '/workspaces/workspaces/my_workspace/install/simulator', 'merge_install': False, 'path': '/workspaces/workspaces/my_workspace/src/simulator', 'symlink_install': True, 'test_result_base': None}
[0.274s] Level 5:colcon.colcon_core.verb:set package 'talos_description' build argument 'cmake_args' from command line to 'None'
[0.274s] Level 5:colcon.colcon_core.verb:set package 'talos_description' build argument 'cmake_target' from command line to 'None'
[0.274s] Level 5:colcon.colcon_core.verb:set package 'talos_description' build argument 'cmake_target_skip_unavailable' from command line to 'False'
[0.274s] Level 5:colcon.colcon_core.verb:set package 'talos_description' build argument 'cmake_clean_cache' from command line to 'False'
[0.274s] Level 5:colcon.colcon_core.verb:set package 'talos_description' build argument 'cmake_clean_first' from command line to 'False'
[0.274s] Level 5:colcon.colcon_core.verb:set package 'talos_description' build argument 'cmake_force_configure' from command line to 'False'
[0.274s] Level 5:colcon.colcon_core.verb:set package 'talos_description' build argument 'ament_cmake_args' from command line to 'None'
[0.274s] Level 5:colcon.colcon_core.verb:set package 'talos_description' build argument 'catkin_cmake_args' from command line to 'None'
[0.274s] Level 5:colcon.colcon_core.verb:set package 'talos_description' build argument 'catkin_skip_building_tests' from command line to 'False'
[0.274s] DEBUG:colcon.colcon_core.verb:Building package 'talos_description' with the following arguments: {'ament_cmake_args': None, 'build_base': '/workspaces/workspaces/my_workspace/build/talos_description', 'catkin_cmake_args': None, 'catkin_skip_building_tests': False, 'cmake_args': None, 'cmake_clean_cache': False, 'cmake_clean_first': False, 'cmake_force_configure': False, 'cmake_target': None, 'cmake_target_skip_unavailable': False, 'install_base': '/workspaces/workspaces/my_workspace/install/talos_description', 'merge_install': False, 'path': '/workspaces/workspaces/my_workspace/src/talos_description', 'symlink_install': True, 'test_result_base': None}
[0.275s] Level 5:colcon.colcon_core.verb:set package 'bullet_sims' build argument 'cmake_args' from command line to 'None'
[0.275s] Level 5:colcon.colcon_core.verb:set package 'bullet_sims' build argument 'cmake_target' from command line to 'None'
[0.275s] Level 5:colcon.colcon_core.verb:set package 'bullet_sims' build argument 'cmake_target_skip_unavailable' from command line to 'False'
[0.275s] Level 5:colcon.colcon_core.verb:set package 'bullet_sims' build argument 'cmake_clean_cache' from command line to 'False'
[0.275s] Level 5:colcon.colcon_core.verb:set package 'bullet_sims' build argument 'cmake_clean_first' from command line to 'False'
[0.275s] Level 5:colcon.colcon_core.verb:set package 'bullet_sims' build argument 'cmake_force_configure' from command line to 'False'
[0.275s] Level 5:colcon.colcon_core.verb:set package 'bullet_sims' build argument 'ament_cmake_args' from command line to 'None'
[0.275s] Level 5:colcon.colcon_core.verb:set package 'bullet_sims' build argument 'catkin_cmake_args' from command line to 'None'
[0.275s] Level 5:colcon.colcon_core.verb:set package 'bullet_sims' build argument 'catkin_skip_building_tests' from command line to 'False'
[0.275s] DEBUG:colcon.colcon_core.verb:Building package 'bullet_sims' with the following arguments: {'ament_cmake_args': None, 'build_base': '/workspaces/workspaces/my_workspace/build/bullet_sims', 'catkin_cmake_args': None, 'catkin_skip_building_tests': False, 'cmake_args': None, 'cmake_clean_cache': False, 'cmake_clean_first': False, 'cmake_force_configure': False, 'cmake_target': None, 'cmake_target_skip_unavailable': False, 'install_base': '/workspaces/workspaces/my_workspace/install/bullet_sims', 'merge_install': False, 'path': '/workspaces/workspaces/my_workspace/src/bullet_sims', 'symlink_install': True, 'test_result_base': None}
[0.275s] INFO:colcon.colcon_core.executor:Executing jobs using 'parallel' executor
[0.277s] DEBUG:colcon.colcon_parallel_executor.executor.parallel:run_until_complete
[0.277s] INFO:colcon.colcon_ros.task.ament_cmake.build:Building ROS package in '/workspaces/workspaces/my_workspace/src/reemc_description' with build type 'ament_cmake'
[0.277s] INFO:colcon.colcon_cmake.task.cmake.build:Building CMake package in '/workspaces/workspaces/my_workspace/src/reemc_description'
[0.281s] INFO:colcon.colcon_core.plugin_system:Skipping extension 'colcon_core.shell.bat': Not used on non-Windows systems
[0.282s] INFO:colcon.colcon_core.shell:Skip shell extension 'powershell' for command environment: Not usable outside of PowerShell
[0.282s] DEBUG:colcon.colcon_core.shell:Skip shell extension 'dsv' for command environment
[0.289s] INFO:colcon.colcon_ros.task.ament_python.build:Building ROS package in '/workspaces/workspaces/my_workspace/src/simulator' with build type 'ament_python'
[0.290s] Level 1:colcon.colcon_core.shell:create_environment_hook('simulator', 'ament_prefix_path')
[0.290s] INFO:colcon.colcon_core.shell:Creating environment hook '/workspaces/workspaces/my_workspace/install/simulator/share/simulator/hook/ament_prefix_path.ps1'
[0.291s] INFO:colcon.colcon_core.shell:Creating environment descriptor '/workspaces/workspaces/my_workspace/install/simulator/share/simulator/hook/ament_prefix_path.dsv'
[0.292s] INFO:colcon.colcon_core.shell:Creating environment hook '/workspaces/workspaces/my_workspace/install/simulator/share/simulator/hook/ament_prefix_path.sh'
[0.293s] INFO:colcon.colcon_core.shell:Skip shell extension 'powershell' for command environment: Not usable outside of PowerShell
[0.293s] DEBUG:colcon.colcon_core.shell:Skip shell extension 'dsv' for command environment
[0.300s] INFO:colcon.colcon_ros.task.ament_cmake.build:Building ROS package in '/workspaces/workspaces/my_workspace/src/talos_description' with build type 'ament_cmake'
[0.300s] INFO:colcon.colcon_cmake.task.cmake.build:Building CMake package in '/workspaces/workspaces/my_workspace/src/talos_description'
[0.300s] INFO:colcon.colcon_core.shell:Skip shell extension 'powershell' for command environment: Not usable outside of PowerShell
[0.300s] DEBUG:colcon.colcon_core.shell:Skip shell extension 'dsv' for command environment
[0.309s] INFO:colcon.colcon_ros.task.ament_python.build:Building ROS package in '/workspaces/workspaces/my_workspace/src/ros_visuals' with build type 'ament_python'
[0.309s] Level 1:colcon.colcon_core.shell:create_environment_hook('ros_visuals', 'ament_prefix_path')
[0.310s] INFO:colcon.colcon_core.shell:Creating environment hook '/workspaces/workspaces/my_workspace/install/ros_visuals/share/ros_visuals/hook/ament_prefix_path.ps1'
[0.311s] INFO:colcon.colcon_core.shell:Creating environment descriptor '/workspaces/workspaces/my_workspace/install/ros_visuals/share/ros_visuals/hook/ament_prefix_path.dsv'
[0.312s] INFO:colcon.colcon_core.shell:Creating environment hook '/workspaces/workspaces/my_workspace/install/ros_visuals/share/ros_visuals/hook/ament_prefix_path.sh'
[0.314s] INFO:colcon.colcon_core.shell:Skip shell extension 'powershell' for command environment: Not usable outside of PowerShell
[0.314s] DEBUG:colcon.colcon_core.shell:Skip shell extension 'dsv' for command environment
[0.334s] DEBUG:colcon.colcon_core.event_handler.log_command:Invoking command in '/workspaces/workspaces/my_workspace/build/reemc_description': CMAKE_PREFIX_PATH=${CMAKE_PREFIX_PATH}:/workspaces/workspaces/my_workspace/install/bullet_sims:/workspaces/workspaces/my_workspace/install/simulator:/workspaces/workspaces/my_workspace/install/ros_visuals:/opt/ros/rolling /usr/bin/cmake --build /workspaces/workspaces/my_workspace/build/reemc_description -- -j8 -l8
[0.714s] INFO:colcon.colcon_core.task.python.build:Building Python package in '/workspaces/workspaces/my_workspace/src/simulator'
[0.715s] INFO:colcon.colcon_core.shell:Skip shell extension 'powershell' for command environment: Not usable outside of PowerShell
[0.715s] DEBUG:colcon.colcon_core.shell:Skip shell extension 'dsv' for command environment
[0.729s] DEBUG:colcon.colcon_core.event_handler.log_command:Invoking command in '/workspaces/workspaces/my_workspace/build/talos_description': CMAKE_PREFIX_PATH=${CMAKE_PREFIX_PATH}:/workspaces/workspaces/my_workspace/install/bullet_sims:/workspaces/workspaces/my_workspace/install/simulator:/workspaces/workspaces/my_workspace/install/ros_visuals:/opt/ros/rolling /usr/bin/cmake --build /workspaces/workspaces/my_workspace/build/talos_description -- -j8 -l8
[1.153s] WARNING:colcon.colcon_ros.task.ament_python.build:Package 'ros_visuals' doesn't explicitly install a marker in the package index (colcon-ros currently does it implicitly but that fallback will be removed in the future)
[1.154s] WARNING:colcon.colcon_ros.task.ament_python.build:Package 'ros_visuals' doesn't explicitly install the 'package.xml' file (colcon-ros currently does it implicitly but that fallback will be removed in the future)
[1.154s] INFO:colcon.colcon_core.task.python.build:Building Python package in '/workspaces/workspaces/my_workspace/src/ros_visuals'
[1.154s] INFO:colcon.colcon_core.shell:Skip shell extension 'powershell' for command environment: Not usable outside of PowerShell
[1.155s] DEBUG:colcon.colcon_core.shell:Skip shell extension 'dsv' for command environment
[1.171s] DEBUG:colcon.colcon_core.event_handler.log_command:Invoked command in '/workspaces/workspaces/my_workspace/build/reemc_description' returned '0': CMAKE_PREFIX_PATH=${CMAKE_PREFIX_PATH}:/workspaces/workspaces/my_workspace/install/bullet_sims:/workspaces/workspaces/my_workspace/install/simulator:/workspaces/workspaces/my_workspace/install/ros_visuals:/opt/ros/rolling /usr/bin/cmake --build /workspaces/workspaces/my_workspace/build/reemc_description -- -j8 -l8
[1.193s] DEBUG:colcon.colcon_core.event_handler.log_command:Invoking command in '/workspaces/workspaces/my_workspace/build/reemc_description': CMAKE_PREFIX_PATH=${CMAKE_PREFIX_PATH}:/workspaces/workspaces/my_workspace/install/bullet_sims:/workspaces/workspaces/my_workspace/install/simulator:/workspaces/workspaces/my_workspace/install/ros_visuals:/opt/ros/rolling /usr/bin/cmake --install /workspaces/workspaces/my_workspace/build/reemc_description
[1.207s] DEBUG:colcon.colcon_core.event_handler.log_command:Invoked command in '/workspaces/workspaces/my_workspace/build/talos_description' returned '0': CMAKE_PREFIX_PATH=${CMAKE_PREFIX_PATH}:/workspaces/workspaces/my_workspace/install/bullet_sims:/workspaces/workspaces/my_workspace/install/simulator:/workspaces/workspaces/my_workspace/install/ros_visuals:/opt/ros/rolling /usr/bin/cmake --build /workspaces/workspaces/my_workspace/build/talos_description -- -j8 -l8
[1.212s] DEBUG:colcon.colcon_core.event_handler.log_command:Invoking command in '/workspaces/workspaces/my_workspace/build/talos_description': CMAKE_PREFIX_PATH=${CMAKE_PREFIX_PATH}:/workspaces/workspaces/my_workspace/install/bullet_sims:/workspaces/workspaces/my_workspace/install/simulator:/workspaces/workspaces/my_workspace/install/ros_visuals:/opt/ros/rolling /usr/bin/cmake --install /workspaces/workspaces/my_workspace/build/talos_description
[1.295s] Level 1:colcon.colcon_core.environment:create_environment_scripts_only(reemc_description)
[1.296s] DEBUG:colcon.colcon_core.event_handler.log_command:Invoked command in '/workspaces/workspaces/my_workspace/build/reemc_description' returned '0': CMAKE_PREFIX_PATH=${CMAKE_PREFIX_PATH}:/workspaces/workspaces/my_workspace/install/bullet_sims:/workspaces/workspaces/my_workspace/install/simulator:/workspaces/workspaces/my_workspace/install/ros_visuals:/opt/ros/rolling /usr/bin/cmake --install /workspaces/workspaces/my_workspace/build/reemc_description
[1.308s] Level 1:colcon.colcon_core.environment:checking '/workspaces/workspaces/my_workspace/install/reemc_description' for CMake module files
[1.310s] Level 1:colcon.colcon_core.environment:checking '/workspaces/workspaces/my_workspace/install/reemc_description' for CMake config files
[1.314s] Level 1:colcon.colcon_core.shell:create_environment_hook('reemc_description', 'cmake_prefix_path')
[1.314s] INFO:colcon.colcon_core.shell:Creating environment hook '/workspaces/workspaces/my_workspace/install/reemc_description/share/reemc_description/hook/cmake_prefix_path.ps1'
[1.316s] INFO:colcon.colcon_core.shell:Creating environment descriptor '/workspaces/workspaces/my_workspace/install/reemc_description/share/reemc_description/hook/cmake_prefix_path.dsv'
[1.317s] INFO:colcon.colcon_core.shell:Creating environment hook '/workspaces/workspaces/my_workspace/install/reemc_description/share/reemc_description/hook/cmake_prefix_path.sh'
[1.319s] Level 1:colcon.colcon_core.environment:checking '/workspaces/workspaces/my_workspace/install/reemc_description/bin'
[1.319s] Level 1:colcon.colcon_core.environment:checking '/workspaces/workspaces/my_workspace/install/reemc_description/lib/pkgconfig/reemc_description.pc'
[1.320s] Level 1:colcon.colcon_core.environment:checking '/workspaces/workspaces/my_workspace/install/reemc_description/lib/python3.12/site-packages'
[1.321s] Level 1:colcon.colcon_core.environment:checking '/workspaces/workspaces/my_workspace/install/reemc_description/bin'
[1.322s] INFO:colcon.colcon_core.shell:Creating package script '/workspaces/workspaces/my_workspace/install/reemc_description/share/reemc_description/package.ps1'
[1.325s] INFO:colcon.colcon_core.shell:Creating package descriptor '/workspaces/workspaces/my_workspace/install/reemc_description/share/reemc_description/package.dsv'
[1.327s] INFO:colcon.colcon_core.shell:Creating package script '/workspaces/workspaces/my_workspace/install/reemc_description/share/reemc_description/package.sh'
[1.329s] INFO:colcon.colcon_core.shell:Creating package script '/workspaces/workspaces/my_workspace/install/reemc_description/share/reemc_description/package.bash'
[1.331s] INFO:colcon.colcon_core.shell:Creating package script '/workspaces/workspaces/my_workspace/install/reemc_description/share/reemc_description/package.zsh'
[1.333s] Level 1:colcon.colcon_core.environment:create_file_with_runtime_dependencies(/workspaces/workspaces/my_workspace/install/reemc_description/share/colcon-core/packages/reemc_description)
[1.334s] Level 1:colcon.colcon_core.environment:create_environment_scripts_only(reemc_description)
[1.335s] Level 1:colcon.colcon_core.environment:checking '/workspaces/workspaces/my_workspace/install/reemc_description' for CMake module files
[1.336s] Level 1:colcon.colcon_core.environment:checking '/workspaces/workspaces/my_workspace/install/reemc_description' for CMake config files
[1.339s] Level 1:colcon.colcon_core.shell:create_environment_hook('reemc_description', 'cmake_prefix_path')
[1.339s] INFO:colcon.colcon_core.shell:Creating environment hook '/workspaces/workspaces/my_workspace/install/reemc_description/share/reemc_description/hook/cmake_prefix_path.ps1'
[1.341s] INFO:colcon.colcon_core.shell:Creating environment descriptor '/workspaces/workspaces/my_workspace/install/reemc_description/share/reemc_description/hook/cmake_prefix_path.dsv'
[1.341s] INFO:colcon.colcon_core.shell:Creating environment hook '/workspaces/workspaces/my_workspace/install/reemc_description/share/reemc_description/hook/cmake_prefix_path.sh'
[1.343s] Level 1:colcon.colcon_core.environment:checking '/workspaces/workspaces/my_workspace/install/reemc_description/bin'
[1.343s] Level 1:colcon.colcon_core.environment:checking '/workspaces/workspaces/my_workspace/install/reemc_description/lib/pkgconfig/reemc_description.pc'
[1.344s] Level 1:colcon.colcon_core.environment:checking '/workspaces/workspaces/my_workspace/install/reemc_description/lib/python3.12/site-packages'
[1.344s] Level 1:colcon.colcon_core.environment:checking '/workspaces/workspaces/my_workspace/install/reemc_description/bin'
[1.345s] INFO:colcon.colcon_core.shell:Creating package script '/workspaces/workspaces/my_workspace/install/reemc_description/share/reemc_description/package.ps1'
[1.346s] INFO:colcon.colcon_core.shell:Creating package descriptor '/workspaces/workspaces/my_workspace/install/reemc_description/share/reemc_description/package.dsv'
[1.348s] INFO:colcon.colcon_core.shell:Creating package script '/workspaces/workspaces/my_workspace/install/reemc_description/share/reemc_description/package.sh'
[1.349s] INFO:colcon.colcon_core.shell:Creating package script '/workspaces/workspaces/my_workspace/install/reemc_description/share/reemc_description/package.bash'
[1.350s] INFO:colcon.colcon_core.shell:Creating package script '/workspaces/workspaces/my_workspace/install/reemc_description/share/reemc_description/package.zsh'
[1.351s] Level 1:colcon.colcon_core.environment:create_file_with_runtime_dependencies(/workspaces/workspaces/my_workspace/install/reemc_description/share/colcon-core/packages/reemc_description)
[1.354s] Level 1:colcon.colcon_core.environment:create_environment_scripts_only(talos_description)
[1.355s] Level 1:colcon.colcon_core.environment:checking '/workspaces/workspaces/my_workspace/install/talos_description' for CMake module files
[1.356s] DEBUG:colcon.colcon_core.event_handler.log_command:Invoked command in '/workspaces/workspaces/my_workspace/build/talos_description' returned '0': CMAKE_PREFIX_PATH=${CMAKE_PREFIX_PATH}:/workspaces/workspaces/my_workspace/install/bullet_sims:/workspaces/workspaces/my_workspace/install/simulator:/workspaces/workspaces/my_workspace/install/ros_visuals:/opt/ros/rolling /usr/bin/cmake --install /workspaces/workspaces/my_workspace/build/talos_description
[1.357s] Level 1:colcon.colcon_core.environment:checking '/workspaces/workspaces/my_workspace/install/talos_description' for CMake config files
[1.360s] Level 1:colcon.colcon_core.shell:create_environment_hook('talos_description', 'cmake_prefix_path')
[1.361s] INFO:colcon.colcon_core.shell:Creating environment hook '/workspaces/workspaces/my_workspace/install/talos_description/share/talos_description/hook/cmake_prefix_path.ps1'
[1.362s] INFO:colcon.colcon_core.shell:Creating environment descriptor '/workspaces/workspaces/my_workspace/install/talos_description/share/talos_description/hook/cmake_prefix_path.dsv'
[1.363s] INFO:colcon.colcon_core.shell:Creating environment hook '/workspaces/workspaces/my_workspace/install/talos_description/share/talos_description/hook/cmake_prefix_path.sh'
[1.365s] Level 1:colcon.colcon_core.environment:checking '/workspaces/workspaces/my_workspace/install/talos_description/bin'
[1.365s] Level 1:colcon.colcon_core.environment:checking '/workspaces/workspaces/my_workspace/install/talos_description/lib/pkgconfig/talos_description.pc'
[1.366s] Level 1:colcon.colcon_core.environment:checking '/workspaces/workspaces/my_workspace/install/talos_description/lib/python3.12/site-packages'
[1.366s] Level 1:colcon.colcon_core.environment:checking '/workspaces/workspaces/my_workspace/install/talos_description/bin'
[1.367s] INFO:colcon.colcon_core.shell:Creating package script '/workspaces/workspaces/my_workspace/install/talos_description/share/talos_description/package.ps1'
[1.368s] INFO:colcon.colcon_core.shell:Creating package descriptor '/workspaces/workspaces/my_workspace/install/talos_description/share/talos_description/package.dsv'
[1.369s] INFO:colcon.colcon_core.shell:Creating package script '/workspaces/workspaces/my_workspace/install/talos_description/share/talos_description/package.sh'
[1.371s] INFO:colcon.colcon_core.shell:Creating package script '/workspaces/workspaces/my_workspace/install/talos_description/share/talos_description/package.bash'
[1.372s] INFO:colcon.colcon_core.shell:Creating package script '/workspaces/workspaces/my_workspace/install/talos_description/share/talos_description/package.zsh'
[1.372s] Level 1:colcon.colcon_core.environment:create_file_with_runtime_dependencies(/workspaces/workspaces/my_workspace/install/talos_description/share/colcon-core/packages/talos_description)
[1.374s] Level 1:colcon.colcon_core.environment:create_environment_scripts_only(talos_description)
[1.374s] Level 1:colcon.colcon_core.environment:checking '/workspaces/workspaces/my_workspace/install/talos_description' for CMake module files
[1.376s] Level 1:colcon.colcon_core.environment:checking '/workspaces/workspaces/my_workspace/install/talos_description' for CMake config files
[1.378s] Level 1:colcon.colcon_core.shell:create_environment_hook('talos_description', 'cmake_prefix_path')
[1.379s] INFO:colcon.colcon_core.shell:Creating environment hook '/workspaces/workspaces/my_workspace/install/talos_description/share/talos_description/hook/cmake_prefix_path.ps1'
[1.380s] INFO:colcon.colcon_core.shell:Creating environment descriptor '/workspaces/workspaces/my_workspace/install/talos_description/share/talos_description/hook/cmake_prefix_path.dsv'
[1.382s] INFO:colcon.colcon_core.shell:Creating environment hook '/workspaces/workspaces/my_workspace/install/talos_description/share/talos_description/hook/cmake_prefix_path.sh'
[1.383s] Level 1:colcon.colcon_core.environment:checking '/workspaces/workspaces/my_workspace/install/talos_description/bin'
[1.383s] Level 1:colcon.colcon_core.environment:checking '/workspaces/workspaces/my_workspace/install/talos_description/lib/pkgconfig/talos_description.pc'
[1.384s] Level 1:colcon.colcon_core.environment:checking '/workspaces/workspaces/my_workspace/install/talos_description/lib/python3.12/site-packages'
[1.385s] Level 1:colcon.colcon_core.environment:checking '/workspaces/workspaces/my_workspace/install/talos_description/bin'
[1.385s] INFO:colcon.colcon_core.shell:Creating package script '/workspaces/workspaces/my_workspace/install/talos_description/share/talos_description/package.ps1'
[1.387s] INFO:colcon.colcon_core.shell:Creating package descriptor '/workspaces/workspaces/my_workspace/install/talos_description/share/talos_description/package.dsv'
[1.388s] INFO:colcon.colcon_core.shell:Creating package script '/workspaces/workspaces/my_workspace/install/talos_description/share/talos_description/package.sh'
[1.389s] INFO:colcon.colcon_core.shell:Creating package script '/workspaces/workspaces/my_workspace/install/talos_description/share/talos_description/package.bash'
[1.391s] INFO:colcon.colcon_core.shell:Creating package script '/workspaces/workspaces/my_workspace/install/talos_description/share/talos_description/package.zsh'
[1.392s] Level 1:colcon.colcon_core.environment:create_file_with_runtime_dependencies(/workspaces/workspaces/my_workspace/install/talos_description/share/colcon-core/packages/talos_description)
[2.353s] DEBUG:colcon.colcon_core.event_handler.log_command:Invoking command in '/workspaces/workspaces/my_workspace/build/simulator': PYTHONPATH=/workspaces/workspaces/my_workspace/build/simulator/prefix_override:/usr/lib/python3/dist-packages/colcon_core/task/python/colcon_distutils_commands:/workspaces/workspaces/my_workspace/install/simulator/lib/python3.12/site-packages:${PYTHONPATH} /usr/bin/python3 -W ignore:setup.py install is deprecated -W ignore:easy_install command is deprecated setup.py develop --editable --build-directory /workspaces/workspaces/my_workspace/build/simulator/build --no-deps symlink_data
[2.420s] DEBUG:colcon.colcon_core.event_handler.log_command:Invoking command in '/workspaces/workspaces/my_workspace/build/ros_visuals': PYTHONPATH=/workspaces/workspaces/my_workspace/build/ros_visuals/prefix_override:/usr/lib/python3/dist-packages/colcon_core/task/python/colcon_distutils_commands:/workspaces/workspaces/my_workspace/install/ros_visuals/lib/python3.12/site-packages:${PYTHONPATH} /usr/bin/python3 -W ignore:setup.py install is deprecated -W ignore:easy_install command is deprecated setup.py develop --editable --build-directory /workspaces/workspaces/my_workspace/build/ros_visuals/build --no-deps symlink_data
[4.139s] Level 1:colcon.colcon_core.shell:create_environment_hook('simulator', 'pythonpath_develop')
[4.139s] INFO:colcon.colcon_core.shell:Creating environment hook '/workspaces/workspaces/my_workspace/build/simulator/share/simulator/hook/pythonpath_develop.ps1'
[4.141s] DEBUG:colcon.colcon_core.event_handler.log_command:Invoked command in '/workspaces/workspaces/my_workspace/build/simulator' returned '0': PYTHONPATH=/workspaces/workspaces/my_workspace/build/simulator/prefix_override:/usr/lib/python3/dist-packages/colcon_core/task/python/colcon_distutils_commands:/workspaces/workspaces/my_workspace/install/simulator/lib/python3.12/site-packages:${PYTHONPATH} /usr/bin/python3 -W ignore:setup.py install is deprecated -W ignore:easy_install command is deprecated setup.py develop --editable --build-directory /workspaces/workspaces/my_workspace/build/simulator/build --no-deps symlink_data
[4.141s] INFO:colcon.colcon_core.shell:Creating environment descriptor '/workspaces/workspaces/my_workspace/build/simulator/share/simulator/hook/pythonpath_develop.dsv'
[4.143s] INFO:colcon.colcon_core.shell:Creating environment hook '/workspaces/workspaces/my_workspace/build/simulator/share/simulator/hook/pythonpath_develop.sh'
[4.144s] Level 1:colcon.colcon_core.environment:checking '/workspaces/workspaces/my_workspace/install/simulator' for CMake module files
[4.146s] Level 1:colcon.colcon_core.environment:checking '/workspaces/workspaces/my_workspace/install/simulator' for CMake config files
[4.148s] Level 1:colcon.colcon_core.environment:checking '/workspaces/workspaces/my_workspace/install/simulator/lib'
[4.148s] Level 1:colcon.colcon_core.environment:checking '/workspaces/workspaces/my_workspace/install/simulator/bin'
[4.149s] Level 1:colcon.colcon_core.environment:checking '/workspaces/workspaces/my_workspace/install/simulator/lib/pkgconfig/simulator.pc'
[4.149s] Level 1:colcon.colcon_core.environment:checking '/workspaces/workspaces/my_workspace/install/simulator/lib/python3.12/site-packages'
[4.150s] Level 1:colcon.colcon_core.shell:create_environment_hook('simulator', 'pythonpath')
[4.150s] INFO:colcon.colcon_core.shell:Creating environment hook '/workspaces/workspaces/my_workspace/install/simulator/share/simulator/hook/pythonpath.ps1'
[4.152s] INFO:colcon.colcon_core.shell:Creating environment descriptor '/workspaces/workspaces/my_workspace/install/simulator/share/simulator/hook/pythonpath.dsv'
[4.153s] INFO:colcon.colcon_core.shell:Creating environment hook '/workspaces/workspaces/my_workspace/install/simulator/share/simulator/hook/pythonpath.sh'
[4.155s] Level 1:colcon.colcon_core.environment:checking '/workspaces/workspaces/my_workspace/install/simulator/bin'
[4.155s] Level 1:colcon.colcon_core.environment:create_environment_scripts_only(simulator)
[4.156s] INFO:colcon.colcon_core.shell:Creating package script '/workspaces/workspaces/my_workspace/install/simulator/share/simulator/package.ps1'
[4.159s] INFO:colcon.colcon_core.shell:Creating package descriptor '/workspaces/workspaces/my_workspace/install/simulator/share/simulator/package.dsv'
[4.160s] INFO:colcon.colcon_core.shell:Creating package script '/workspaces/workspaces/my_workspace/install/simulator/share/simulator/package.sh'
[4.162s] INFO:colcon.colcon_core.shell:Creating package script '/workspaces/workspaces/my_workspace/install/simulator/share/simulator/package.bash'
[4.164s] INFO:colcon.colcon_core.shell:Creating package script '/workspaces/workspaces/my_workspace/install/simulator/share/simulator/package.zsh'
[4.165s] Level 1:colcon.colcon_core.environment:create_file_with_runtime_dependencies(/workspaces/workspaces/my_workspace/install/simulator/share/colcon-core/packages/simulator)
[4.166s] INFO:colcon.colcon_ros.task.ament_python.build:Building ROS package in '/workspaces/workspaces/my_workspace/src/bullet_sims' with build type 'ament_python'
[4.166s] Level 1:colcon.colcon_core.shell:create_environment_hook('bullet_sims', 'ament_prefix_path')
[4.167s] INFO:colcon.colcon_core.shell:Creating environment hook '/workspaces/workspaces/my_workspace/install/bullet_sims/share/bullet_sims/hook/ament_prefix_path.ps1'
[4.168s] INFO:colcon.colcon_core.shell:Creating environment descriptor '/workspaces/workspaces/my_workspace/install/bullet_sims/share/bullet_sims/hook/ament_prefix_path.dsv'
[4.170s] INFO:colcon.colcon_core.shell:Creating environment hook '/workspaces/workspaces/my_workspace/install/bullet_sims/share/bullet_sims/hook/ament_prefix_path.sh'
[4.171s] INFO:colcon.colcon_core.shell:Skip shell extension 'powershell' for command environment: Not usable outside of PowerShell
[4.171s] DEBUG:colcon.colcon_core.shell:Skip shell extension 'dsv' for command environment
[4.188s] Level 1:colcon.colcon_core.shell:create_environment_hook('ros_visuals', 'pythonpath_develop')
[4.188s] INFO:colcon.colcon_core.shell:Creating environment hook '/workspaces/workspaces/my_workspace/build/ros_visuals/share/ros_visuals/hook/pythonpath_develop.ps1'
[4.190s] DEBUG:colcon.colcon_core.event_handler.log_command:Invoked command in '/workspaces/workspaces/my_workspace/build/ros_visuals' returned '0': PYTHONPATH=/workspaces/workspaces/my_workspace/build/ros_visuals/prefix_override:/usr/lib/python3/dist-packages/colcon_core/task/python/colcon_distutils_commands:/workspaces/workspaces/my_workspace/install/ros_visuals/lib/python3.12/site-packages:${PYTHONPATH} /usr/bin/python3 -W ignore:setup.py install is deprecated -W ignore:easy_install command is deprecated setup.py develop --editable --build-directory /workspaces/workspaces/my_workspace/build/ros_visuals/build --no-deps symlink_data
[4.191s] INFO:colcon.colcon_core.shell:Creating environment descriptor '/workspaces/workspaces/my_workspace/build/ros_visuals/share/ros_visuals/hook/pythonpath_develop.dsv'
[4.192s] INFO:colcon.colcon_core.shell:Creating environment hook '/workspaces/workspaces/my_workspace/build/ros_visuals/share/ros_visuals/hook/pythonpath_develop.sh'
[4.193s] Level 1:colcon.colcon_core.environment:checking '/workspaces/workspaces/my_workspace/install/ros_visuals' for CMake module files
[4.194s] Level 1:colcon.colcon_core.environment:checking '/workspaces/workspaces/my_workspace/install/ros_visuals' for CMake config files
[4.196s] Level 1:colcon.colcon_core.environment:checking '/workspaces/workspaces/my_workspace/install/ros_visuals/lib'
[4.196s] Level 1:colcon.colcon_core.environment:checking '/workspaces/workspaces/my_workspace/install/ros_visuals/bin'
[4.196s] Level 1:colcon.colcon_core.environment:checking '/workspaces/workspaces/my_workspace/install/ros_visuals/lib/pkgconfig/ros_visuals.pc'
[4.196s] Level 1:colcon.colcon_core.environment:checking '/workspaces/workspaces/my_workspace/install/ros_visuals/lib/python3.12/site-packages'
[4.197s] Level 1:colcon.colcon_core.shell:create_environment_hook('ros_visuals', 'pythonpath')
[4.197s] INFO:colcon.colcon_core.shell:Creating environment hook '/workspaces/workspaces/my_workspace/install/ros_visuals/share/ros_visuals/hook/pythonpath.ps1'
[4.198s] INFO:colcon.colcon_core.shell:Creating environment descriptor '/workspaces/workspaces/my_workspace/install/ros_visuals/share/ros_visuals/hook/pythonpath.dsv'
[4.199s] INFO:colcon.colcon_core.shell:Creating environment hook '/workspaces/workspaces/my_workspace/install/ros_visuals/share/ros_visuals/hook/pythonpath.sh'
[4.200s] Level 1:colcon.colcon_core.environment:checking '/workspaces/workspaces/my_workspace/install/ros_visuals/bin'
[4.200s] Level 1:colcon.colcon_core.environment:create_environment_scripts_only(ros_visuals)
[4.201s] INFO:colcon.colcon_core.shell:Creating package script '/workspaces/workspaces/my_workspace/install/ros_visuals/share/ros_visuals/package.ps1'
[4.202s] INFO:colcon.colcon_core.shell:Creating package descriptor '/workspaces/workspaces/my_workspace/install/ros_visuals/share/ros_visuals/package.dsv'
[4.204s] INFO:colcon.colcon_core.shell:Creating package script '/workspaces/workspaces/my_workspace/install/ros_visuals/share/ros_visuals/package.sh'
[4.204s] INFO:colcon.colcon_core.shell:Creating package script '/workspaces/workspaces/my_workspace/install/ros_visuals/share/ros_visuals/package.bash'
[4.205s] INFO:colcon.colcon_core.shell:Creating package script '/workspaces/workspaces/my_workspace/install/ros_visuals/share/ros_visuals/package.zsh'
[4.206s] Level 1:colcon.colcon_core.environment:create_file_with_runtime_dependencies(/workspaces/workspaces/my_workspace/install/ros_visuals/share/colcon-core/packages/ros_visuals)
[4.598s] INFO:colcon.colcon_core.task.python.build:Building Python package in '/workspaces/workspaces/my_workspace/src/bullet_sims'
[4.598s] INFO:colcon.colcon_core.shell:Skip shell extension 'powershell' for command environment: Not usable outside of PowerShell
[4.598s] DEBUG:colcon.colcon_core.shell:Skip shell extension 'dsv' for command environment
[5.587s] DEBUG:colcon.colcon_core.event_handler.log_command:Invoking command in '/workspaces/workspaces/my_workspace/build/bullet_sims': AMENT_PREFIX_PATH=/workspaces/workspaces/my_workspace/install/simulator:/workspaces/workspaces/my_workspace/install/bullet_sims:/workspaces/workspaces/my_workspace/install/talos_description:/workspaces/workspaces/my_workspace/install/ros_visuals:/workspaces/workspaces/my_workspace/install/reemc_description:/opt/ros/rolling PYTHONPATH=/workspaces/workspaces/my_workspace/build/bullet_sims/prefix_override:/usr/lib/python3/dist-packages/colcon_core/task/python/colcon_distutils_commands:/workspaces/workspaces/my_workspace/install/bullet_sims/lib/python3.12/site-packages:/workspaces/workspaces/my_workspace/build/simulator:/workspaces/workspaces/my_workspace/install/simulator/lib/python3.12/site-packages:/workspaces/workspaces/my_workspace/build/bullet_sims:/workspaces/workspaces/my_workspace/install/bullet_sims/lib/python3.12/site-packages:/workspaces/workspaces/my_workspace/build/ros_visuals:/workspaces/workspaces/my_workspace/install/ros_visuals/lib/python3.12/site-packages:/opt/openrobots/lib/python3.12/site-packages:/opt/openrobots/lib/python3.12/site-packages:/opt/ros/rolling/lib/python3.12/site-packages /usr/bin/python3 -W ignore:setup.py install is deprecated -W ignore:easy_install command is deprecated setup.py develop --editable --build-directory /workspaces/workspaces/my_workspace/build/bullet_sims/build --no-deps symlink_data
[7.125s] Level 1:colcon.colcon_core.shell:create_environment_hook('bullet_sims', 'pythonpath_develop')
[7.126s] INFO:colcon.colcon_core.shell:Creating environment hook '/workspaces/workspaces/my_workspace/build/bullet_sims/share/bullet_sims/hook/pythonpath_develop.ps1'
[7.127s] DEBUG:colcon.colcon_core.event_handler.log_command:Invoked command in '/workspaces/workspaces/my_workspace/build/bullet_sims' returned '0': AMENT_PREFIX_PATH=/workspaces/workspaces/my_workspace/install/simulator:/workspaces/workspaces/my_workspace/install/bullet_sims:/workspaces/workspaces/my_workspace/install/talos_description:/workspaces/workspaces/my_workspace/install/ros_visuals:/workspaces/workspaces/my_workspace/install/reemc_description:/opt/ros/rolling PYTHONPATH=/workspaces/workspaces/my_workspace/build/bullet_sims/prefix_override:/usr/lib/python3/dist-packages/colcon_core/task/python/colcon_distutils_commands:/workspaces/workspaces/my_workspace/install/bullet_sims/lib/python3.12/site-packages:/workspaces/workspaces/my_workspace/build/simulator:/workspaces/workspaces/my_workspace/install/simulator/lib/python3.12/site-packages:/workspaces/workspaces/my_workspace/build/bullet_sims:/workspaces/workspaces/my_workspace/install/bullet_sims/lib/python3.12/site-packages:/workspaces/workspaces/my_workspace/build/ros_visuals:/workspaces/workspaces/my_workspace/install/ros_visuals/lib/python3.12/site-packages:/opt/openrobots/lib/python3.12/site-packages:/opt/openrobots/lib/python3.12/site-packages:/opt/ros/rolling/lib/python3.12/site-packages /usr/bin/python3 -W ignore:setup.py install is deprecated -W ignore:easy_install command is deprecated setup.py develop --editable --build-directory /workspaces/workspaces/my_workspace/build/bullet_sims/build --no-deps symlink_data
[7.129s] INFO:colcon.colcon_core.shell:Creating environment descriptor '/workspaces/workspaces/my_workspace/build/bullet_sims/share/bullet_sims/hook/pythonpath_develop.dsv'
[7.130s] INFO:colcon.colcon_core.shell:Creating environment hook '/workspaces/workspaces/my_workspace/build/bullet_sims/share/bullet_sims/hook/pythonpath_develop.sh'
[7.132s] Level 1:colcon.colcon_core.environment:checking '/workspaces/workspaces/my_workspace/install/bullet_sims' for CMake module files
[7.134s] Level 1:colcon.colcon_core.environment:checking '/workspaces/workspaces/my_workspace/install/bullet_sims' for CMake config files
[7.135s] Level 1:colcon.colcon_core.environment:checking '/workspaces/workspaces/my_workspace/install/bullet_sims/lib'
[7.136s] Level 1:colcon.colcon_core.environment:checking '/workspaces/workspaces/my_workspace/install/bullet_sims/bin'
[7.136s] Level 1:colcon.colcon_core.environment:checking '/workspaces/workspaces/my_workspace/install/bullet_sims/lib/pkgconfig/bullet_sims.pc'
[7.137s] Level 1:colcon.colcon_core.environment:checking '/workspaces/workspaces/my_workspace/install/bullet_sims/lib/python3.12/site-packages'
[7.137s] Level 1:colcon.colcon_core.shell:create_environment_hook('bullet_sims', 'pythonpath')
[7.138s] INFO:colcon.colcon_core.shell:Creating environment hook '/workspaces/workspaces/my_workspace/install/bullet_sims/share/bullet_sims/hook/pythonpath.ps1'
[7.139s] INFO:colcon.colcon_core.shell:Creating environment descriptor '/workspaces/workspaces/my_workspace/install/bullet_sims/share/bullet_sims/hook/pythonpath.dsv'
[7.140s] INFO:colcon.colcon_core.shell:Creating environment hook '/workspaces/workspaces/my_workspace/install/bullet_sims/share/bullet_sims/hook/pythonpath.sh'
[7.142s] Level 1:colcon.colcon_core.environment:checking '/workspaces/workspaces/my_workspace/install/bullet_sims/bin'
[7.142s] Level 1:colcon.colcon_core.environment:create_environment_scripts_only(bullet_sims)
[7.143s] INFO:colcon.colcon_core.shell:Creating package script '/workspaces/workspaces/my_workspace/install/bullet_sims/share/bullet_sims/package.ps1'
[7.145s] INFO:colcon.colcon_core.shell:Creating package descriptor '/workspaces/workspaces/my_workspace/install/bullet_sims/share/bullet_sims/package.dsv'
[7.146s] INFO:colcon.colcon_core.shell:Creating package script '/workspaces/workspaces/my_workspace/install/bullet_sims/share/bullet_sims/package.sh'
[7.148s] INFO:colcon.colcon_core.shell:Creating package script '/workspaces/workspaces/my_workspace/install/bullet_sims/share/bullet_sims/package.bash'
[7.149s] INFO:colcon.colcon_core.shell:Creating package script '/workspaces/workspaces/my_workspace/install/bullet_sims/share/bullet_sims/package.zsh'
[7.151s] Level 1:colcon.colcon_core.environment:create_file_with_runtime_dependencies(/workspaces/workspaces/my_workspace/install/bullet_sims/share/colcon-core/packages/bullet_sims)
[7.152s] DEBUG:colcon.colcon_parallel_executor.executor.parallel:closing loop
[7.153s] DEBUG:colcon.colcon_parallel_executor.executor.parallel:loop closed
[7.153s] DEBUG:colcon.colcon_parallel_executor.executor.parallel:run_until_complete finished with '0'
[7.153s] DEBUG:colcon.colcon_core.event_reactor:joining thread
[7.174s] INFO:colcon.colcon_core.plugin_system:Skipping extension 'colcon_notification.desktop_notification.notify_send': Could not find 'notify-send'
[7.174s] INFO:colcon.colcon_core.plugin_system:Skipping extension 'colcon_notification.desktop_notification.terminal_notifier': Not used on non-Darwin systems
[7.175s] INFO:colcon.colcon_core.plugin_system:Skipping extension 'colcon_notification.desktop_notification.win32': Not used on non-Windows systems
[7.175s] INFO:colcon.colcon_notification.desktop_notification:Sending desktop notification using 'notify2'
[7.175s] DEBUG:colcon.colcon_notification.desktop_notification.notify2:Failed to initialize notify2: org.freedesktop.DBus.Error.InvalidFileContent: D-Bus library appears to be incorrectly set up: see the manual page for dbus-uuidgen to correct this issue. (Failed to open "/var/lib/dbus/machine-id": No such file or directory; UUID file '/etc/machine-id' should contain a hex string of length 32, not length 0, with no other text)
[7.176s] DEBUG:colcon.colcon_core.event_reactor:joined thread
[7.177s] INFO:colcon.colcon_core.shell:Creating prefix script '/workspaces/workspaces/my_workspace/install/local_setup.ps1'
[7.178s] INFO:colcon.colcon_core.shell:Creating prefix util module '/workspaces/workspaces/my_workspace/install/_local_setup_util_ps1.py'
[7.180s] INFO:colcon.colcon_core.shell:Creating prefix chain script '/workspaces/workspaces/my_workspace/install/setup.ps1'
[7.182s] INFO:colcon.colcon_core.shell:Creating prefix script '/workspaces/workspaces/my_workspace/install/local_setup.sh'
[7.183s] INFO:colcon.colcon_core.shell:Creating prefix util module '/workspaces/workspaces/my_workspace/install/_local_setup_util_sh.py'
[7.184s] INFO:colcon.colcon_core.shell:Creating prefix chain script '/workspaces/workspaces/my_workspace/install/setup.sh'
[7.186s] INFO:colcon.colcon_core.shell:Creating prefix script '/workspaces/workspaces/my_workspace/install/local_setup.bash'
[7.187s] INFO:colcon.colcon_core.shell:Creating prefix chain script '/workspaces/workspaces/my_workspace/install/setup.bash'
[7.189s] INFO:colcon.colcon_core.shell:Creating prefix script '/workspaces/workspaces/my_workspace/install/local_setup.zsh'
[7.190s] INFO:colcon.colcon_core.shell:Creating prefix chain script '/workspaces/workspaces/my_workspace/install/setup.zsh'
