[4.860s] Invoking command in '/workspaces/workspaces/my_workspace/build/simulator': PYTHONPATH=/workspaces/workspaces/my_workspace/build/simulator/prefix_override:/usr/lib/python3/dist-packages/colcon_core/task/python/colcon_distutils_commands:/workspaces/workspaces/my_workspace/install/simulator/lib/python3.12/site-packages:${PYTHONPATH} /usr/bin/python3 -W ignore:setup.py install is deprecated -W ignore:easy_install command is deprecated setup.py develop --editable --build-directory /workspaces/workspaces/my_workspace/build/simulator/build --no-deps symlink_data
[6.443s] running develop
[7.551s] running egg_info
[7.551s] creating simulator.egg-info
[7.650s] writing simulator.egg-info/PKG-INFO
[7.650s] writing dependency_links to simulator.egg-info/dependency_links.txt
[7.652s] writing requirements to simulator.egg-info/requires.txt
[7.653s] writing top-level names to simulator.egg-info/top_level.txt
[7.654s] writing manifest file 'simulator.egg-info/SOURCES.txt'
[9.206s] writing manifest file 'simulator.egg-info/SOURCES.txt'
[9.335s] running build_ext
[9.336s] Creating /workspaces/workspaces/my_workspace/install/simulator/lib/python3.12/site-packages/simulator.egg-link (link to .)
[9.338s] 
[9.338s] Installed /workspaces/workspaces/my_workspace/build/simulator
[9.340s] running symlink_data
[9.342s] creating /workspaces/workspaces/my_workspace/install/simulator/share/ament_index
[9.343s] creating /workspaces/workspaces/my_workspace/install/simulator/share/ament_index/resource_index
[9.344s] creating /workspaces/workspaces/my_workspace/install/simulator/share/ament_index/resource_index/packages
[9.344s] symbolically linking /workspaces/workspaces/my_workspace/build/simulator/resource/simulator -> /workspaces/workspaces/my_workspace/install/simulator/share/ament_index/resource_index/packages
[9.344s] symbolically linking /workspaces/workspaces/my_workspace/build/simulator/package.xml -> /workspaces/workspaces/my_workspace/install/simulator/share/simulator
[9.483s] Invoked command in '/workspaces/workspaces/my_workspace/build/simulator' returned '0': PYTHONPATH=/workspaces/workspaces/my_workspace/build/simulator/prefix_override:/usr/lib/python3/dist-packages/colcon_core/task/python/colcon_distutils_commands:/workspaces/workspaces/my_workspace/install/simulator/lib/python3.12/site-packages:${PYTHONPATH} /usr/bin/python3 -W ignore:setup.py install is deprecated -W ignore:easy_install command is deprecated setup.py develop --editable --build-directory /workspaces/workspaces/my_workspace/build/simulator/build --no-deps symlink_data
