[0.595s] Invoking command in '/workspaces/workspaces/legged-robots/my_workspace/build/simulator': PYTHONPATH=/workspaces/workspaces/legged-robots/my_workspace/build/simulator/prefix_override:/usr/lib/python3/dist-packages/colcon_core/task/python/colcon_distutils_commands:/workspaces/workspaces/legged-robots/my_workspace/install/simulator/lib/python3.12/site-packages:${PYTHONPATH} /usr/bin/python3 -W ignore:setup.py install is deprecated -W ignore:easy_install command is deprecated setup.py develop --editable --build-directory /workspaces/workspaces/legged-robots/my_workspace/build/simulator/build --no-deps symlink_data
[0.780s] running develop
[0.876s] running egg_info
[0.876s] creating simulator.egg-info
[0.885s] writing simulator.egg-info/PKG-INFO
[0.886s] writing dependency_links to simulator.egg-info/dependency_links.txt
[0.886s] writing requirements to simulator.egg-info/requires.txt
[0.886s] writing top-level names to simulator.egg-info/top_level.txt
[0.886s] writing manifest file 'simulator.egg-info/SOURCES.txt'
[1.090s] writing manifest file 'simulator.egg-info/SOURCES.txt'
[1.107s] running build_ext
[1.107s] Creating /workspaces/workspaces/legged-robots/my_workspace/install/simulator/lib/python3.12/site-packages/simulator.egg-link (link to .)
[1.107s] 
[1.108s] Installed /workspaces/workspaces/legged-robots/my_workspace/build/simulator
[1.108s] running symlink_data
[1.108s] creating /workspaces/workspaces/legged-robots/my_workspace/install/simulator/share/ament_index
[1.108s] creating /workspaces/workspaces/legged-robots/my_workspace/install/simulator/share/ament_index/resource_index
[1.108s] creating /workspaces/workspaces/legged-robots/my_workspace/install/simulator/share/ament_index/resource_index/packages
[1.108s] symbolically linking /workspaces/workspaces/legged-robots/my_workspace/build/simulator/resource/simulator -> /workspaces/workspaces/legged-robots/my_workspace/install/simulator/share/ament_index/resource_index/packages
[1.108s] symbolically linking /workspaces/workspaces/legged-robots/my_workspace/build/simulator/package.xml -> /workspaces/workspaces/legged-robots/my_workspace/install/simulator/share/simulator
[1.135s] Invoked command in '/workspaces/workspaces/legged-robots/my_workspace/build/simulator' returned '0': PYTHONPATH=/workspaces/workspaces/legged-robots/my_workspace/build/simulator/prefix_override:/usr/lib/python3/dist-packages/colcon_core/task/python/colcon_distutils_commands:/workspaces/workspaces/legged-robots/my_workspace/install/simulator/lib/python3.12/site-packages:${PYTHONPATH} /usr/bin/python3 -W ignore:setup.py install is deprecated -W ignore:easy_install command is deprecated setup.py develop --editable --build-directory /workspaces/workspaces/legged-robots/my_workspace/build/simulator/build --no-deps symlink_data
