[0.651s] Invoking command in '/workspaces/legged-robots/my_workspace/build/walking': AMENT_PREFIX_PATH=/workspaces/legged-robots/my_workspace/install/simulator:/workspaces/legged-robots/my_workspace/install/whole_body_control:/workspaces/legged-robots/my_workspace/install/walking:/workspaces/legged-robots/my_workspace/install/bullet_sims:/workspaces/legged-robots/my_workspace/install/talos_description:/workspaces/legged-robots/my_workspace/install/ros_visuals:/workspaces/legged-robots/my_workspace/install/reemc_description:/workspaces/legged-robots/my_workspace/install/ainex_description:/opt/ros/rolling PYTHONPATH=/workspaces/legged-robots/my_workspace/build/walking/prefix_override:/usr/lib/python3/dist-packages/colcon_core/task/python/colcon_distutils_commands:/workspaces/legged-robots/my_workspace/install/walking/lib/python3.12/site-packages:/workspaces/legged-robots/my_workspace/build/simulator:/workspaces/legged-robots/my_workspace/install/simulator/lib/python3.12/site-packages:/workspaces/legged-robots/my_workspace/build/whole_body_control:/workspaces/legged-robots/my_workspace/install/whole_body_control/lib/python3.12/site-packages:/workspaces/legged-robots/my_workspace/build/walking:/workspaces/legged-robots/my_workspace/install/walking/lib/python3.12/site-packages:/workspaces/legged-robots/my_workspace/build/bullet_sims:/workspaces/legged-robots/my_workspace/install/bullet_sims/lib/python3.12/site-packages:/workspaces/legged-robots/my_workspace/build/ros_visuals:/workspaces/legged-robots/my_workspace/install/ros_visuals/lib/python3.12/site-packages:/opt/openrobots/lib/python3.12/site-packages:/opt/openrobots/lib/python3.12/site-packages:/opt/ros/rolling/lib/python3.12/site-packages /usr/bin/python3 -W ignore:setup.py install is deprecated -W ignore:easy_install command is deprecated setup.py develop --editable --build-directory /workspaces/legged-robots/my_workspace/build/walking/build --no-deps symlink_data
[0.818s] running develop
[0.904s] running egg_info
[0.904s] creating walking.egg-info
[0.912s] writing walking.egg-info/PKG-INFO
[0.914s] writing dependency_links to walking.egg-info/dependency_links.txt
[0.914s] writing entry points to walking.egg-info/entry_points.txt
[0.914s] writing requirements to walking.egg-info/requires.txt
[0.914s] writing top-level names to walking.egg-info/top_level.txt
[0.914s] writing manifest file 'walking.egg-info/SOURCES.txt'
[1.103s] writing manifest file 'walking.egg-info/SOURCES.txt'
[1.114s] running build_ext
[1.114s] Creating /workspaces/legged-robots/my_workspace/install/walking/lib/python3.12/site-packages/walking.egg-link (link to .)
[1.114s] Installing footstep_planner script to /workspaces/legged-robots/my_workspace/install/walking/lib/walking
[1.114s] Installing walking script to /workspaces/legged-robots/my_workspace/install/walking/lib/walking
[1.114s] 
[1.115s] Installed /workspaces/legged-robots/my_workspace/build/walking
[1.115s] running symlink_data
[1.115s] creating /workspaces/legged-robots/my_workspace/install/walking/share/ament_index
[1.115s] creating /workspaces/legged-robots/my_workspace/install/walking/share/ament_index/resource_index
[1.115s] creating /workspaces/legged-robots/my_workspace/install/walking/share/ament_index/resource_index/packages
[1.115s] symbolically linking /workspaces/legged-robots/my_workspace/build/walking/resource/walking -> /workspaces/legged-robots/my_workspace/install/walking/share/ament_index/resource_index/packages
[1.115s] symbolically linking /workspaces/legged-robots/my_workspace/build/walking/package.xml -> /workspaces/legged-robots/my_workspace/install/walking/share/walking
[1.140s] Invoked command in '/workspaces/legged-robots/my_workspace/build/walking' returned '0': AMENT_PREFIX_PATH=/workspaces/legged-robots/my_workspace/install/simulator:/workspaces/legged-robots/my_workspace/install/whole_body_control:/workspaces/legged-robots/my_workspace/install/walking:/workspaces/legged-robots/my_workspace/install/bullet_sims:/workspaces/legged-robots/my_workspace/install/talos_description:/workspaces/legged-robots/my_workspace/install/ros_visuals:/workspaces/legged-robots/my_workspace/install/reemc_description:/workspaces/legged-robots/my_workspace/install/ainex_description:/opt/ros/rolling PYTHONPATH=/workspaces/legged-robots/my_workspace/build/walking/prefix_override:/usr/lib/python3/dist-packages/colcon_core/task/python/colcon_distutils_commands:/workspaces/legged-robots/my_workspace/install/walking/lib/python3.12/site-packages:/workspaces/legged-robots/my_workspace/build/simulator:/workspaces/legged-robots/my_workspace/install/simulator/lib/python3.12/site-packages:/workspaces/legged-robots/my_workspace/build/whole_body_control:/workspaces/legged-robots/my_workspace/install/whole_body_control/lib/python3.12/site-packages:/workspaces/legged-robots/my_workspace/build/walking:/workspaces/legged-robots/my_workspace/install/walking/lib/python3.12/site-packages:/workspaces/legged-robots/my_workspace/build/bullet_sims:/workspaces/legged-robots/my_workspace/install/bullet_sims/lib/python3.12/site-packages:/workspaces/legged-robots/my_workspace/build/ros_visuals:/workspaces/legged-robots/my_workspace/install/ros_visuals/lib/python3.12/site-packages:/opt/openrobots/lib/python3.12/site-packages:/opt/openrobots/lib/python3.12/site-packages:/opt/ros/rolling/lib/python3.12/site-packages /usr/bin/python3 -W ignore:setup.py install is deprecated -W ignore:easy_install command is deprecated setup.py develop --editable --build-directory /workspaces/legged-robots/my_workspace/build/walking/build --no-deps symlink_data
