[0.036s] Invoking command in '/workspaces/workspaces/my_workspace/build/reemc_description': CMAKE_PREFIX_PATH=${CMAKE_PREFIX_PATH}:/workspaces/workspaces/my_workspace/install/ros_visuals:/opt/ros/rolling /usr/bin/cmake /workspaces/workspaces/my_workspace/src/reemc_description -DCMAKE_INSTALL_PREFIX=/workspaces/workspaces/my_workspace/install/reemc_description
[0.442s] -- The C compiler identification is GNU 13.3.0
[0.530s] -- The CXX compiler identification is GNU 13.3.0
[0.578s] -- Detecting C compiler ABI info
[0.782s] -- Detecting C compiler ABI info - done
[0.797s] -- Check for working C compiler: /usr/bin/cc - skipped
[0.798s] -- Detecting C compile features
[0.799s] -- Detecting C compile features - done
[0.825s] -- Detecting CXX compiler ABI info
[1.050s] -- Detecting CXX compiler ABI info - done
[1.069s] -- Check for working CXX compiler: /usr/bin/c++ - skipped
[1.069s] -- Detecting CXX compile features
[1.070s] -- Detecting CXX compile features - done
[1.116s] -- Found ament_cmake: 2.7.2 (/opt/ros/rolling/share/ament_cmake/cmake)
[1.501s] -- Found Python3: /usr/bin/python3 (found version "3.12.3") found components: Interpreter 
[1.856s] -- Found ament_lint_auto: 0.19.1 (/opt/ros/rolling/share/ament_lint_auto/cmake)
[2.060s] -- Configuring done (2.0s)
[2.068s] -- Generating done (0.0s)
[2.071s] -- Build files have been written to: /workspaces/workspaces/my_workspace/build/reemc_description
[2.081s] Invoked command in '/workspaces/workspaces/my_workspace/build/reemc_description' returned '0': CMAKE_PREFIX_PATH=${CMAKE_PREFIX_PATH}:/workspaces/workspaces/my_workspace/install/ros_visuals:/opt/ros/rolling /usr/bin/cmake /workspaces/workspaces/my_workspace/src/reemc_description -DCMAKE_INSTALL_PREFIX=/workspaces/workspaces/my_workspace/install/reemc_description
[2.082s] Invoking command in '/workspaces/workspaces/my_workspace/build/reemc_description': CMAKE_PREFIX_PATH=${CMAKE_PREFIX_PATH}:/workspaces/workspaces/my_workspace/install/ros_visuals:/opt/ros/rolling /usr/bin/cmake --build /workspaces/workspaces/my_workspace/build/reemc_description -- -j8 -l8
[2.174s] Invoked command in '/workspaces/workspaces/my_workspace/build/reemc_description' returned '0': CMAKE_PREFIX_PATH=${CMAKE_PREFIX_PATH}:/workspaces/workspaces/my_workspace/install/ros_visuals:/opt/ros/rolling /usr/bin/cmake --build /workspaces/workspaces/my_workspace/build/reemc_description -- -j8 -l8
[2.197s] Invoking command in '/workspaces/workspaces/my_workspace/build/reemc_description': CMAKE_PREFIX_PATH=${CMAKE_PREFIX_PATH}:/workspaces/workspaces/my_workspace/install/ros_visuals:/opt/ros/rolling /usr/bin/cmake --install /workspaces/workspaces/my_workspace/build/reemc_description
[2.214s] -- Install configuration: ""
[2.214s] -- Installing: /workspaces/workspaces/my_workspace/install/reemc_description/share/reemc_description/meshes
[2.215s] -- Installing: /workspaces/workspaces/my_workspace/install/reemc_description/share/reemc_description/meshes/kinect.tga
[2.215s] -- Installing: /workspaces/workspaces/my_workspace/install/reemc_description/share/reemc_description/meshes/base
[2.216s] -- Installing: /workspaces/workspaces/my_workspace/install/reemc_description/share/reemc_description/meshes/base/base.dae
[2.216s] -- Installing: /workspaces/workspaces/my_workspace/install/reemc_description/share/reemc_description/meshes/base/base_collision.stl
[2.216s] -- Installing: /workspaces/workspaces/my_workspace/install/reemc_description/share/reemc_description/meshes/hey5
[2.217s] -- Installing: /workspaces/workspaces/my_workspace/install/reemc_description/share/reemc_description/meshes/hey5/palm.stl
[2.218s] -- Installing: /workspaces/workspaces/my_workspace/install/reemc_description/share/reemc_description/meshes/hey5/palm_collision.stl
[2.218s] -- Installing: /workspaces/workspaces/my_workspace/install/reemc_description/share/reemc_description/meshes/hey5/thumb_abd_collision.stl
[2.218s] -- Installing: /workspaces/workspaces/my_workspace/install/reemc_description/share/reemc_description/meshes/hey5/finger_abd_collision.stl
[2.219s] -- Installing: /workspaces/workspaces/my_workspace/install/reemc_description/share/reemc_description/meshes/hey5/finger_flex_collision.stl
[2.219s] -- Installing: /workspaces/workspaces/my_workspace/install/reemc_description/share/reemc_description/meshes/hey5/finger_flex_tip_collision.stl
[2.219s] -- Installing: /workspaces/workspaces/my_workspace/install/reemc_description/share/reemc_description/meshes/leg
[2.219s] -- Installing: /workspaces/workspaces/my_workspace/install/reemc_description/share/reemc_description/meshes/leg/leg_6.dae
[2.220s] -- Installing: /workspaces/workspaces/my_workspace/install/reemc_description/share/reemc_description/meshes/leg/r_foot.dae
[2.220s] -- Installing: /workspaces/workspaces/my_workspace/install/reemc_description/share/reemc_description/meshes/leg/leg_4.dae
[2.221s] -- Installing: /workspaces/workspaces/my_workspace/install/reemc_description/share/reemc_description/meshes/leg/leg_1.dae
[2.221s] -- Installing: /workspaces/workspaces/my_workspace/install/reemc_description/share/reemc_description/meshes/leg/leg_3_collision.stl
[2.221s] -- Installing: /workspaces/workspaces/my_workspace/install/reemc_description/share/reemc_description/meshes/leg/leg_1_collision.stl
[2.221s] -- Installing: /workspaces/workspaces/my_workspace/install/reemc_description/share/reemc_description/meshes/leg/leg_3.dae
[2.222s] -- Installing: /workspaces/workspaces/my_workspace/install/reemc_description/share/reemc_description/meshes/leg/leg_4_collision.stl
[2.222s] -- Installing: /workspaces/workspaces/my_workspace/install/reemc_description/share/reemc_description/meshes/chessboard
[2.222s] -- Installing: /workspaces/workspaces/my_workspace/install/reemc_description/share/reemc_description/meshes/chessboard/chessboard.dae
[2.223s] -- Installing: /workspaces/workspaces/my_workspace/install/reemc_description/share/reemc_description/meshes/chessboard/chessboard.png
[2.223s] -- Installing: /workspaces/workspaces/my_workspace/install/reemc_description/share/reemc_description/meshes/head
[2.224s] -- Installing: /workspaces/workspaces/my_workspace/install/reemc_description/share/reemc_description/meshes/head/head_2_v0.dae
[2.225s] -- Installing: /workspaces/workspaces/my_workspace/install/reemc_description/share/reemc_description/meshes/head/head_1_collision.stl
[2.225s] -- Installing: /workspaces/workspaces/my_workspace/install/reemc_description/share/reemc_description/meshes/head/head_2_v1.stl
[2.226s] -- Installing: /workspaces/workspaces/my_workspace/install/reemc_description/share/reemc_description/meshes/head/head_2_collision.stl
[2.226s] -- Installing: /workspaces/workspaces/my_workspace/install/reemc_description/share/reemc_description/meshes/head/head_1.dae
[2.227s] -- Installing: /workspaces/workspaces/my_workspace/install/reemc_description/share/reemc_description/meshes/sensors
[2.227s] -- Installing: /workspaces/workspaces/my_workspace/install/reemc_description/share/reemc_description/meshes/sensors/xtion_pro_live
[2.227s] -- Installing: /workspaces/workspaces/my_workspace/install/reemc_description/share/reemc_description/meshes/sensors/xtion_pro_live/xtion_pro_live.dae
[2.227s] -- Installing: /workspaces/workspaces/my_workspace/install/reemc_description/share/reemc_description/meshes/sensors/xtion_pro_live/xtion_pro_live.png
[2.228s] -- Installing: /workspaces/workspaces/my_workspace/install/reemc_description/share/reemc_description/meshes/sensors/urg-04lx-ug01.stl
[2.228s] -- Installing: /workspaces/workspaces/my_workspace/install/reemc_description/share/reemc_description/meshes/arm
[2.228s] -- Installing: /workspaces/workspaces/my_workspace/install/reemc_description/share/reemc_description/meshes/arm/arm_6_normals.png
[2.229s] -- Installing: /workspaces/workspaces/my_workspace/install/reemc_description/share/reemc_description/meshes/arm/arm_4_normals.png
[2.230s] -- Installing: /workspaces/workspaces/my_workspace/install/reemc_description/share/reemc_description/meshes/arm/arm_4.dae
[2.231s] -- Installing: /workspaces/workspaces/my_workspace/install/reemc_description/share/reemc_description/meshes/arm/arm_2_color.png
[2.231s] -- Installing: /workspaces/workspaces/my_workspace/install/reemc_description/share/reemc_description/meshes/arm/arm_3.dae
[2.231s] -- Installing: /workspaces/workspaces/my_workspace/install/reemc_description/share/reemc_description/meshes/arm/arm_1_collision.stl
[2.232s] -- Installing: /workspaces/workspaces/my_workspace/install/reemc_description/share/reemc_description/meshes/arm/arm_2.dae
[2.232s] -- Installing: /workspaces/workspaces/my_workspace/install/reemc_description/share/reemc_description/meshes/arm/arm_2_collision.stl
[2.232s] -- Installing: /workspaces/workspaces/my_workspace/install/reemc_description/share/reemc_description/meshes/arm/arm_4_collision.stl
[2.233s] -- Installing: /workspaces/workspaces/my_workspace/install/reemc_description/share/reemc_description/meshes/arm/arm_2_normals.png
[2.234s] -- Installing: /workspaces/workspaces/my_workspace/install/reemc_description/share/reemc_description/meshes/arm/arm_6.dae
[2.236s] -- Installing: /workspaces/workspaces/my_workspace/install/reemc_description/share/reemc_description/meshes/arm/arm_1.dae
[2.236s] -- Installing: /workspaces/workspaces/my_workspace/install/reemc_description/share/reemc_description/meshes/arm/arm_1_normals.png
[2.238s] -- Installing: /workspaces/workspaces/my_workspace/install/reemc_description/share/reemc_description/meshes/arm/arm_6_collision.stl
[2.238s] -- Installing: /workspaces/workspaces/my_workspace/install/reemc_description/share/reemc_description/meshes/arm/arm_3_color.png
[2.238s] -- Installing: /workspaces/workspaces/my_workspace/install/reemc_description/share/reemc_description/meshes/arm/arm_5.dae
[2.238s] -- Installing: /workspaces/workspaces/my_workspace/install/reemc_description/share/reemc_description/meshes/arm/arm_2_specular.png
[2.239s] -- Installing: /workspaces/workspaces/my_workspace/install/reemc_description/share/reemc_description/meshes/arm/arm_6_color.png
[2.239s] -- Installing: /workspaces/workspaces/my_workspace/install/reemc_description/share/reemc_description/meshes/arm/arm_4_color.png
[2.240s] -- Installing: /workspaces/workspaces/my_workspace/install/reemc_description/share/reemc_description/meshes/arm/arm_3_collision.stl
[2.240s] -- Installing: /workspaces/workspaces/my_workspace/install/reemc_description/share/reemc_description/meshes/arm/arm_3_specular.png
[2.240s] -- Installing: /workspaces/workspaces/my_workspace/install/reemc_description/share/reemc_description/meshes/arm/arm_4_specular.png
[2.240s] -- Installing: /workspaces/workspaces/my_workspace/install/reemc_description/share/reemc_description/meshes/arm/arm_1_color.png
[2.240s] -- Installing: /workspaces/workspaces/my_workspace/install/reemc_description/share/reemc_description/meshes/arm/arm_6_specular.png
[2.241s] -- Installing: /workspaces/workspaces/my_workspace/install/reemc_description/share/reemc_description/meshes/arm/arm_5_collision.stl
[2.241s] -- Installing: /workspaces/workspaces/my_workspace/install/reemc_description/share/reemc_description/meshes/arm/arm_3_normals.png
[2.242s] -- Installing: /workspaces/workspaces/my_workspace/install/reemc_description/share/reemc_description/meshes/arm/arm_1_specular.png
[2.242s] -- Installing: /workspaces/workspaces/my_workspace/install/reemc_description/share/reemc_description/meshes/torso
[2.242s] -- Installing: /workspaces/workspaces/my_workspace/install/reemc_description/share/reemc_description/meshes/torso/torso_2_collision.stl
[2.242s] -- Installing: /workspaces/workspaces/my_workspace/install/reemc_description/share/reemc_description/meshes/torso/torso_2.dae
[2.244s] -- Installing: /workspaces/workspaces/my_workspace/install/reemc_description/share/reemc_description/meshes/kinect.dae
[2.246s] -- Installing: /workspaces/workspaces/my_workspace/install/reemc_description/share/reemc_description/meshes/hand
[2.246s] -- Installing: /workspaces/workspaces/my_workspace/install/reemc_description/share/reemc_description/meshes/hand/hand_finger_2_collision.stl
[2.246s] -- Installing: /workspaces/workspaces/my_workspace/install/reemc_description/share/reemc_description/meshes/hand/hand_finger_2_color.png
[2.247s] -- Installing: /workspaces/workspaces/my_workspace/install/reemc_description/share/reemc_description/meshes/hand/hand_finger_3_color.png
[2.247s] -- Installing: /workspaces/workspaces/my_workspace/install/reemc_description/share/reemc_description/meshes/hand/hand_finger_2_normals.png
[2.249s] -- Installing: /workspaces/workspaces/my_workspace/install/reemc_description/share/reemc_description/meshes/hand/hand_thumb_color.png
[2.249s] -- Installing: /workspaces/workspaces/my_workspace/install/reemc_description/share/reemc_description/meshes/hand/hand_palm.dae
[2.250s] -- Installing: /workspaces/workspaces/my_workspace/install/reemc_description/share/reemc_description/meshes/hand/hand_thumb.dae
[2.250s] -- Installing: /workspaces/workspaces/my_workspace/install/reemc_description/share/reemc_description/meshes/hand/hand_thumb_normals.png
[2.250s] -- Installing: /workspaces/workspaces/my_workspace/install/reemc_description/share/reemc_description/meshes/hand/hand_thumb_specular.png
[2.251s] -- Installing: /workspaces/workspaces/my_workspace/install/reemc_description/share/reemc_description/meshes/hand/hand_finger_3_specular.png
[2.251s] -- Installing: /workspaces/workspaces/my_workspace/install/reemc_description/share/reemc_description/meshes/hand/hand_finger_3_collision.stl
[2.251s] -- Installing: /workspaces/workspaces/my_workspace/install/reemc_description/share/reemc_description/meshes/hand/hand_thumb_collision.stl
[2.252s] -- Installing: /workspaces/workspaces/my_workspace/install/reemc_description/share/reemc_description/meshes/hand/hand_palm_normals.png
[2.252s] -- Installing: /workspaces/workspaces/my_workspace/install/reemc_description/share/reemc_description/meshes/hand/hand_palm_collision.stl
[2.253s] -- Installing: /workspaces/workspaces/my_workspace/install/reemc_description/share/reemc_description/meshes/hand/hand_finger_1_color.png
[2.253s] -- Installing: /workspaces/workspaces/my_workspace/install/reemc_description/share/reemc_description/meshes/hand/hand_palm_color.png
[2.253s] -- Installing: /workspaces/workspaces/my_workspace/install/reemc_description/share/reemc_description/meshes/hand/hand_finger_1.dae
[2.253s] -- Installing: /workspaces/workspaces/my_workspace/install/reemc_description/share/reemc_description/meshes/hand/hand_finger_1_specular.png
[2.254s] -- Installing: /workspaces/workspaces/my_workspace/install/reemc_description/share/reemc_description/meshes/hand/hand_finger_1_normals.png
[2.255s] -- Installing: /workspaces/workspaces/my_workspace/install/reemc_description/share/reemc_description/meshes/hand/hand_finger_2_specular.png
[2.255s] -- Installing: /workspaces/workspaces/my_workspace/install/reemc_description/share/reemc_description/meshes/hand/hand_finger_1_collision.stl
[2.255s] -- Installing: /workspaces/workspaces/my_workspace/install/reemc_description/share/reemc_description/meshes/hand/hand_palm_specular.png
[2.256s] -- Installing: /workspaces/workspaces/my_workspace/install/reemc_description/share/reemc_description/meshes/hand/hand_finger_2.dae
[2.256s] -- Installing: /workspaces/workspaces/my_workspace/install/reemc_description/share/reemc_description/meshes/hand/hand_finger_3_normals.png
[2.261s] -- Installing: /workspaces/workspaces/my_workspace/install/reemc_description/share/reemc_description/meshes/hand/hand_finger_3.dae
[2.261s] -- Installing: /workspaces/workspaces/my_workspace/install/reemc_description/share/reemc_description/robots
[2.261s] -- Installing: /workspaces/workspaces/my_workspace/install/reemc_description/share/reemc_description/robots/reemc.urdf
[2.261s] -- Installing: /workspaces/workspaces/my_workspace/install/reemc_description/share/ament_index/resource_index/package_run_dependencies/reemc_description
[2.262s] -- Installing: /workspaces/workspaces/my_workspace/install/reemc_description/share/ament_index/resource_index/parent_prefix_path/reemc_description
[2.263s] -- Installing: /workspaces/workspaces/my_workspace/install/reemc_description/share/reemc_description/environment/ament_prefix_path.sh
[2.263s] -- Installing: /workspaces/workspaces/my_workspace/install/reemc_description/share/reemc_description/environment/ament_prefix_path.dsv
[2.264s] -- Installing: /workspaces/workspaces/my_workspace/install/reemc_description/share/reemc_description/environment/path.sh
[2.264s] -- Installing: /workspaces/workspaces/my_workspace/install/reemc_description/share/reemc_description/environment/path.dsv
[2.266s] -- Installing: /workspaces/workspaces/my_workspace/install/reemc_description/share/reemc_description/local_setup.bash
[2.267s] -- Installing: /workspaces/workspaces/my_workspace/install/reemc_description/share/reemc_description/local_setup.sh
[2.268s] -- Installing: /workspaces/workspaces/my_workspace/install/reemc_description/share/reemc_description/local_setup.zsh
[2.268s] -- Installing: /workspaces/workspaces/my_workspace/install/reemc_description/share/reemc_description/local_setup.dsv
[2.268s] -- Installing: /workspaces/workspaces/my_workspace/install/reemc_description/share/reemc_description/package.dsv
[2.269s] -- Installing: /workspaces/workspaces/my_workspace/install/reemc_description/share/ament_index/resource_index/packages/reemc_description
[2.269s] -- Installing: /workspaces/workspaces/my_workspace/install/reemc_description/share/reemc_description/cmake/reemc_descriptionConfig.cmake
[2.270s] -- Installing: /workspaces/workspaces/my_workspace/install/reemc_description/share/reemc_description/cmake/reemc_descriptionConfig-version.cmake
[2.270s] -- Installing: /workspaces/workspaces/my_workspace/install/reemc_description/share/reemc_description/package.xml
[2.270s] Invoked command in '/workspaces/workspaces/my_workspace/build/reemc_description' returned '0': CMAKE_PREFIX_PATH=${CMAKE_PREFIX_PATH}:/workspaces/workspaces/my_workspace/install/ros_visuals:/opt/ros/rolling /usr/bin/cmake --install /workspaces/workspaces/my_workspace/build/reemc_description
