[0.403s] Invoking command in '/workspaces/workspaces/legged-robots/my_workspace/src/walking': AMENT_PREFIX_PATH=/workspaces/workspaces/legged-robots/my_workspace/install/simulator:/workspaces/workspaces/legged-robots/my_workspace/install/whole_body_control:/workspaces/workspaces/legged-robots/my_workspace/install/walking:/workspaces/workspaces/legged-robots/my_workspace/install/bullet_sims:/workspaces/workspaces/legged-robots/my_workspace/install/talos_description:/workspaces/workspaces/legged-robots/my_workspace/install/ros_visuals:/workspaces/workspaces/legged-robots/my_workspace/install/reemc_description:/opt/ros/rolling PYTHONPATH=/workspaces/workspaces/legged-robots/my_workspace/build/walking/prefix_override:/usr/lib/python3/dist-packages/colcon_core/task/python/colcon_distutils_commands:/workspaces/workspaces/legged-robots/my_workspace/install/walking/lib/python3.12/site-packages:/workspaces/workspaces/legged-robots/my_workspace/build/simulator:/workspaces/workspaces/legged-robots/my_workspace/install/simulator/lib/python3.12/site-packages:/workspaces/workspaces/legged-robots/my_workspace/build/whole_body_control:/workspaces/workspaces/legged-robots/my_workspace/install/whole_body_control/lib/python3.12/site-packages:/workspaces/workspaces/legged-robots/my_workspace/build/walking:/workspaces/workspaces/legged-robots/my_workspace/install/walking/lib/python3.12/site-packages:/workspaces/workspaces/legged-robots/my_workspace/build/bullet_sims:/workspaces/workspaces/legged-robots/my_workspace/install/bullet_sims/lib/python3.12/site-packages:/workspaces/workspaces/legged-robots/my_workspace/build/ros_visuals:/workspaces/workspaces/legged-robots/my_workspace/install/ros_visuals/lib/python3.12/site-packages:/opt/openrobots/lib/python3.12/site-packages:/opt/openrobots/lib/python3.12/site-packages:/opt/ros/rolling/lib/python3.12/site-packages /usr/bin/python3 -W ignore:setup.py install is deprecated -W ignore:easy_install command is deprecated setup.py egg_info --egg-base ../../build/walking build --build-base /workspaces/workspaces/legged-robots/my_workspace/build/walking/build install --record /workspaces/workspaces/legged-robots/my_workspace/build/walking/install.log --single-version-externally-managed install_data
[0.547s] running egg_info
[0.555s] writing ../../build/walking/walking.egg-info/PKG-INFO
[0.555s] writing dependency_links to ../../build/walking/walking.egg-info/dependency_links.txt
[0.555s] writing entry points to ../../build/walking/walking.egg-info/entry_points.txt
[0.555s] writing requirements to ../../build/walking/walking.egg-info/requires.txt
[0.555s] writing top-level names to ../../build/walking/walking.egg-info/top_level.txt
[0.751s] writing manifest file '../../build/walking/walking.egg-info/SOURCES.txt'
[0.751s] running build
[0.751s] running build_py
[0.751s] copying walking/walking.py -> /workspaces/workspaces/legged-robots/my_workspace/build/walking/build/lib/walking
[0.751s] running install
[0.754s] running install_lib
[0.765s] copying /workspaces/workspaces/legged-robots/my_workspace/build/walking/build/lib/walking/walking.py -> /workspaces/workspaces/legged-robots/my_workspace/install/walking/lib/python3.12/site-packages/walking
[0.765s] byte-compiling /workspaces/workspaces/legged-robots/my_workspace/install/walking/lib/python3.12/site-packages/walking/walking.py to walking.cpython-312.pyc
[0.766s] byte-compiling /workspaces/workspaces/legged-robots/my_workspace/install/walking/lib/python3.12/site-packages/walking/talos.py to talos.cpython-312.pyc
[0.767s] Sorry: IndentationError: expected an indented block after function definition on line 129 (talos.py, line 142)
[0.767s] running install_data
[0.767s] running install_egg_info
[0.775s] removing '/workspaces/workspaces/legged-robots/my_workspace/install/walking/lib/python3.12/site-packages/walking-0.0.0-py3.12.egg-info' (and everything under it)
[0.776s] Copying ../../build/walking/walking.egg-info to /workspaces/workspaces/legged-robots/my_workspace/install/walking/lib/python3.12/site-packages/walking-0.0.0-py3.12.egg-info
[0.776s] running install_scripts
[0.838s] Installing footstep_planner script to /workspaces/workspaces/legged-robots/my_workspace/install/walking/lib/walking
[0.838s] Installing walking script to /workspaces/workspaces/legged-robots/my_workspace/install/walking/lib/walking
[0.838s] writing list of installed files to '/workspaces/workspaces/legged-robots/my_workspace/build/walking/install.log'
[0.854s] Invoked command in '/workspaces/workspaces/legged-robots/my_workspace/src/walking' returned '0': AMENT_PREFIX_PATH=/workspaces/workspaces/legged-robots/my_workspace/install/simulator:/workspaces/workspaces/legged-robots/my_workspace/install/whole_body_control:/workspaces/workspaces/legged-robots/my_workspace/install/walking:/workspaces/workspaces/legged-robots/my_workspace/install/bullet_sims:/workspaces/workspaces/legged-robots/my_workspace/install/talos_description:/workspaces/workspaces/legged-robots/my_workspace/install/ros_visuals:/workspaces/workspaces/legged-robots/my_workspace/install/reemc_description:/opt/ros/rolling PYTHONPATH=/workspaces/workspaces/legged-robots/my_workspace/build/walking/prefix_override:/usr/lib/python3/dist-packages/colcon_core/task/python/colcon_distutils_commands:/workspaces/workspaces/legged-robots/my_workspace/install/walking/lib/python3.12/site-packages:/workspaces/workspaces/legged-robots/my_workspace/build/simulator:/workspaces/workspaces/legged-robots/my_workspace/install/simulator/lib/python3.12/site-packages:/workspaces/workspaces/legged-robots/my_workspace/build/whole_body_control:/workspaces/workspaces/legged-robots/my_workspace/install/whole_body_control/lib/python3.12/site-packages:/workspaces/workspaces/legged-robots/my_workspace/build/walking:/workspaces/workspaces/legged-robots/my_workspace/install/walking/lib/python3.12/site-packages:/workspaces/workspaces/legged-robots/my_workspace/build/bullet_sims:/workspaces/workspaces/legged-robots/my_workspace/install/bullet_sims/lib/python3.12/site-packages:/workspaces/workspaces/legged-robots/my_workspace/build/ros_visuals:/workspaces/workspaces/legged-robots/my_workspace/install/ros_visuals/lib/python3.12/site-packages:/opt/openrobots/lib/python3.12/site-packages:/opt/openrobots/lib/python3.12/site-packages:/opt/ros/rolling/lib/python3.12/site-packages /usr/bin/python3 -W ignore:setup.py install is deprecated -W ignore:easy_install command is deprecated setup.py egg_info --egg-base ../../build/walking build --build-base /workspaces/workspaces/legged-robots/my_workspace/build/walking/build install --record /workspaces/workspaces/legged-robots/my_workspace/build/walking/install.log --single-version-externally-managed install_data
