[3.139s] Invoking command in '/workspaces/workspaces/my_workspace/build/simulator': PYTHONPATH=/workspaces/workspaces/my_workspace/build/simulator/prefix_override:/usr/lib/python3/dist-packages/colcon_core/task/python/colcon_distutils_commands:/workspaces/workspaces/my_workspace/install/simulator/lib/python3.12/site-packages:${PYTHONPATH} /usr/bin/python3 -W ignore:setup.py install is deprecated -W ignore:easy_install command is deprecated setup.py develop --uninstall --editable --build-directory /workspaces/workspaces/my_workspace/build/simulator/build
[3.991s] running develop
[4.481s] Removing /workspaces/workspaces/my_workspace/install/simulator/lib/python3.12/site-packages/simulator.egg-link (link to .)
[4.596s] Invoked command in '/workspaces/workspaces/my_workspace/build/simulator' returned '0': PYTHONPATH=/workspaces/workspaces/my_workspace/build/simulator/prefix_override:/usr/lib/python3/dist-packages/colcon_core/task/python/colcon_distutils_commands:/workspaces/workspaces/my_workspace/install/simulator/lib/python3.12/site-packages:${PYTHONPATH} /usr/bin/python3 -W ignore:setup.py install is deprecated -W ignore:easy_install command is deprecated setup.py develop --uninstall --editable --build-directory /workspaces/workspaces/my_workspace/build/simulator/build
[4.597s] Invoking command in '/workspaces/workspaces/my_workspace/src/simulator': PYTHONPATH=/workspaces/workspaces/my_workspace/build/simulator/prefix_override:/usr/lib/python3/dist-packages/colcon_core/task/python/colcon_distutils_commands:/workspaces/workspaces/my_workspace/install/simulator/lib/python3.12/site-packages:${PYTHONPATH} /usr/bin/python3 -W ignore:setup.py install is deprecated -W ignore:easy_install command is deprecated setup.py egg_info --egg-base ../../build/simulator build --build-base /workspaces/workspaces/my_workspace/build/simulator/build install --record /workspaces/workspaces/my_workspace/build/simulator/install.log --single-version-externally-managed install_data --force
[5.214s] running egg_info
[5.258s] writing ../../build/simulator/simulator.egg-info/PKG-INFO
[5.259s] writing dependency_links to ../../build/simulator/simulator.egg-info/dependency_links.txt
[5.260s] writing requirements to ../../build/simulator/simulator.egg-info/requires.txt
[5.261s] writing top-level names to ../../build/simulator/simulator.egg-info/top_level.txt
[6.038s] writing manifest file '../../build/simulator/simulator.egg-info/SOURCES.txt'
[6.038s] running build
[6.039s] running build_py
[6.041s] running install
[6.068s] running install_lib
[6.109s] creating /workspaces/workspaces/my_workspace/install/simulator/lib/python3.12/site-packages/simulator
[6.110s] copying /workspaces/workspaces/my_workspace/build/simulator/build/lib/simulator/__init__.py -> /workspaces/workspaces/my_workspace/install/simulator/lib/python3.12/site-packages/simulator
[6.110s] copying /workspaces/workspaces/my_workspace/build/simulator/build/lib/simulator/utilities.py -> /workspaces/workspaces/my_workspace/install/simulator/lib/python3.12/site-packages/simulator
[6.111s] copying /workspaces/workspaces/my_workspace/build/simulator/build/lib/simulator/robot.py -> /workspaces/workspaces/my_workspace/install/simulator/lib/python3.12/site-packages/simulator
[6.111s] copying /workspaces/workspaces/my_workspace/build/simulator/build/lib/simulator/pybullet_wrapper.py -> /workspaces/workspaces/my_workspace/install/simulator/lib/python3.12/site-packages/simulator
[6.111s] copying /workspaces/workspaces/my_workspace/build/simulator/build/lib/simulator/body.py -> /workspaces/workspaces/my_workspace/install/simulator/lib/python3.12/site-packages/simulator
[6.112s] copying /workspaces/workspaces/my_workspace/build/simulator/build/lib/simulator/objects.py -> /workspaces/workspaces/my_workspace/install/simulator/lib/python3.12/site-packages/simulator
[6.113s] byte-compiling /workspaces/workspaces/my_workspace/install/simulator/lib/python3.12/site-packages/simulator/__init__.py to __init__.cpython-312.pyc
[6.114s] byte-compiling /workspaces/workspaces/my_workspace/install/simulator/lib/python3.12/site-packages/simulator/utilities.py to utilities.cpython-312.pyc
[6.117s] byte-compiling /workspaces/workspaces/my_workspace/install/simulator/lib/python3.12/site-packages/simulator/robot.py to robot.cpython-312.pyc
[6.121s] byte-compiling /workspaces/workspaces/my_workspace/install/simulator/lib/python3.12/site-packages/simulator/pybullet_wrapper.py to pybullet_wrapper.cpython-312.pyc
[6.134s] byte-compiling /workspaces/workspaces/my_workspace/install/simulator/lib/python3.12/site-packages/simulator/body.py to body.cpython-312.pyc
[6.140s] byte-compiling /workspaces/workspaces/my_workspace/install/simulator/lib/python3.12/site-packages/simulator/objects.py to objects.cpython-312.pyc
[6.142s] running install_data
[6.143s] copying resource/simulator -> /workspaces/workspaces/my_workspace/install/simulator/share/ament_index/resource_index/packages
[6.143s] copying package.xml -> /workspaces/workspaces/my_workspace/install/simulator/share/simulator
[6.144s] running install_egg_info
[6.188s] Copying ../../build/simulator/simulator.egg-info to /workspaces/workspaces/my_workspace/install/simulator/lib/python3.12/site-packages/simulator-0.0.0-py3.12.egg-info
[6.189s] running install_scripts
[6.508s] writing list of installed files to '/workspaces/workspaces/my_workspace/build/simulator/install.log'
[6.589s] Invoked command in '/workspaces/workspaces/my_workspace/src/simulator' returned '0': PYTHONPATH=/workspaces/workspaces/my_workspace/build/simulator/prefix_override:/usr/lib/python3/dist-packages/colcon_core/task/python/colcon_distutils_commands:/workspaces/workspaces/my_workspace/install/simulator/lib/python3.12/site-packages:${PYTHONPATH} /usr/bin/python3 -W ignore:setup.py install is deprecated -W ignore:easy_install command is deprecated setup.py egg_info --egg-base ../../build/simulator build --build-base /workspaces/workspaces/my_workspace/build/simulator/build install --record /workspaces/workspaces/my_workspace/build/simulator/install.log --single-version-externally-managed install_data --force
