[3.057s] Invoking command in '/workspaces/workspaces/my_workspace/build/bullet_sims': AMENT_PREFIX_PATH=/workspaces/workspaces/my_workspace/install/simulator:/workspaces/workspaces/my_workspace/install/bullet_sims:/workspaces/workspaces/my_workspace/install/talos_description:/workspaces/workspaces/my_workspace/install/ros_visuals:/workspaces/workspaces/my_workspace/install/reemc_description:/opt/ros/rolling PYTHONPATH=/workspaces/workspaces/my_workspace/build/bullet_sims/prefix_override:/usr/lib/python3/dist-packages/colcon_core/task/python/colcon_distutils_commands:/workspaces/workspaces/my_workspace/install/bullet_sims/lib/python3.12/site-packages:/workspaces/workspaces/my_workspace/install/simulator/lib/python3.12/site-packages:/workspaces/workspaces/my_workspace/build/bullet_sims:/workspaces/workspaces/my_workspace/install/bullet_sims/lib/python3.12/site-packages:/workspaces/workspaces/my_workspace/build/simulator:/workspaces/workspaces/my_workspace/build/ros_visuals:/workspaces/workspaces/my_workspace/install/ros_visuals/lib/python3.12/site-packages:/opt/openrobots/lib/python3.12/site-packages:/opt/openrobots/lib/python3.12/site-packages:/opt/ros/rolling/lib/python3.12/site-packages /usr/bin/python3 -W ignore:setup.py install is deprecated -W ignore:easy_install command is deprecated setup.py develop --uninstall --editable --build-directory /workspaces/workspaces/my_workspace/build/bullet_sims/build
[3.728s] running develop
[4.176s] Removing /workspaces/workspaces/my_workspace/install/bullet_sims/lib/python3.12/site-packages/bullet-sims.egg-link (link to .)
[4.269s] Invoked command in '/workspaces/workspaces/my_workspace/build/bullet_sims' returned '0': AMENT_PREFIX_PATH=/workspaces/workspaces/my_workspace/install/simulator:/workspaces/workspaces/my_workspace/install/bullet_sims:/workspaces/workspaces/my_workspace/install/talos_description:/workspaces/workspaces/my_workspace/install/ros_visuals:/workspaces/workspaces/my_workspace/install/reemc_description:/opt/ros/rolling PYTHONPATH=/workspaces/workspaces/my_workspace/build/bullet_sims/prefix_override:/usr/lib/python3/dist-packages/colcon_core/task/python/colcon_distutils_commands:/workspaces/workspaces/my_workspace/install/bullet_sims/lib/python3.12/site-packages:/workspaces/workspaces/my_workspace/install/simulator/lib/python3.12/site-packages:/workspaces/workspaces/my_workspace/build/bullet_sims:/workspaces/workspaces/my_workspace/install/bullet_sims/lib/python3.12/site-packages:/workspaces/workspaces/my_workspace/build/simulator:/workspaces/workspaces/my_workspace/build/ros_visuals:/workspaces/workspaces/my_workspace/install/ros_visuals/lib/python3.12/site-packages:/opt/openrobots/lib/python3.12/site-packages:/opt/openrobots/lib/python3.12/site-packages:/opt/ros/rolling/lib/python3.12/site-packages /usr/bin/python3 -W ignore:setup.py install is deprecated -W ignore:easy_install command is deprecated setup.py develop --uninstall --editable --build-directory /workspaces/workspaces/my_workspace/build/bullet_sims/build
[4.271s] Invoking command in '/workspaces/workspaces/my_workspace/src/bullet_sims': AMENT_PREFIX_PATH=/workspaces/workspaces/my_workspace/install/simulator:/workspaces/workspaces/my_workspace/install/bullet_sims:/workspaces/workspaces/my_workspace/install/talos_description:/workspaces/workspaces/my_workspace/install/ros_visuals:/workspaces/workspaces/my_workspace/install/reemc_description:/opt/ros/rolling PYTHONPATH=/workspaces/workspaces/my_workspace/build/bullet_sims/prefix_override:/usr/lib/python3/dist-packages/colcon_core/task/python/colcon_distutils_commands:/workspaces/workspaces/my_workspace/install/bullet_sims/lib/python3.12/site-packages:/workspaces/workspaces/my_workspace/install/simulator/lib/python3.12/site-packages:/workspaces/workspaces/my_workspace/build/bullet_sims:/workspaces/workspaces/my_workspace/install/bullet_sims/lib/python3.12/site-packages:/workspaces/workspaces/my_workspace/build/simulator:/workspaces/workspaces/my_workspace/build/ros_visuals:/workspaces/workspaces/my_workspace/install/ros_visuals/lib/python3.12/site-packages:/opt/openrobots/lib/python3.12/site-packages:/opt/openrobots/lib/python3.12/site-packages:/opt/ros/rolling/lib/python3.12/site-packages /usr/bin/python3 -W ignore:setup.py install is deprecated -W ignore:easy_install command is deprecated setup.py egg_info --egg-base ../../build/bullet_sims build --build-base /workspaces/workspaces/my_workspace/build/bullet_sims/build install --record /workspaces/workspaces/my_workspace/build/bullet_sims/install.log --single-version-externally-managed install_data --force
[4.719s] running egg_info
[4.746s] writing ../../build/bullet_sims/bullet_sims.egg-info/PKG-INFO
[4.747s] writing dependency_links to ../../build/bullet_sims/bullet_sims.egg-info/dependency_links.txt
[4.747s] writing entry points to ../../build/bullet_sims/bullet_sims.egg-info/entry_points.txt
[4.747s] writing requirements to ../../build/bullet_sims/bullet_sims.egg-info/requires.txt
[4.748s] writing top-level names to ../../build/bullet_sims/bullet_sims.egg-info/top_level.txt
[5.191s] writing manifest file '../../build/bullet_sims/bullet_sims.egg-info/SOURCES.txt'
[5.191s] running build
[5.192s] running build_py
[5.193s] copying bullet_sims/t23.py -> /workspaces/workspaces/my_workspace/build/bullet_sims/build/lib/bullet_sims
[5.194s] running install
[5.210s] running install_lib
[5.240s] creating /workspaces/workspaces/my_workspace/install/bullet_sims/lib/python3.12/site-packages/bullet_sims
[5.240s] copying /workspaces/workspaces/my_workspace/build/bullet_sims/build/lib/bullet_sims/t22.py -> /workspaces/workspaces/my_workspace/install/bullet_sims/lib/python3.12/site-packages/bullet_sims
[5.241s] copying /workspaces/workspaces/my_workspace/build/bullet_sims/build/lib/bullet_sims/t2_temp.py -> /workspaces/workspaces/my_workspace/install/bullet_sims/lib/python3.12/site-packages/bullet_sims
[5.241s] copying /workspaces/workspaces/my_workspace/build/bullet_sims/build/lib/bullet_sims/__init__.py -> /workspaces/workspaces/my_workspace/install/bullet_sims/lib/python3.12/site-packages/bullet_sims
[5.242s] copying /workspaces/workspaces/my_workspace/build/bullet_sims/build/lib/bullet_sims/t21.py -> /workspaces/workspaces/my_workspace/install/bullet_sims/lib/python3.12/site-packages/bullet_sims
[5.242s] copying /workspaces/workspaces/my_workspace/build/bullet_sims/build/lib/bullet_sims/t23.py -> /workspaces/workspaces/my_workspace/install/bullet_sims/lib/python3.12/site-packages/bullet_sims
[5.242s] byte-compiling /workspaces/workspaces/my_workspace/install/bullet_sims/lib/python3.12/site-packages/bullet_sims/t22.py to t22.cpython-312.pyc
[5.244s] byte-compiling /workspaces/workspaces/my_workspace/install/bullet_sims/lib/python3.12/site-packages/bullet_sims/t2_temp.py to t2_temp.cpython-312.pyc
[5.245s] byte-compiling /workspaces/workspaces/my_workspace/install/bullet_sims/lib/python3.12/site-packages/bullet_sims/__init__.py to __init__.cpython-312.pyc
[5.245s] byte-compiling /workspaces/workspaces/my_workspace/install/bullet_sims/lib/python3.12/site-packages/bullet_sims/t21.py to t21.cpython-312.pyc
[5.246s] byte-compiling /workspaces/workspaces/my_workspace/install/bullet_sims/lib/python3.12/site-packages/bullet_sims/t23.py to t23.cpython-312.pyc
[5.248s] running install_data
[5.248s] copying resource/bullet_sims -> /workspaces/workspaces/my_workspace/install/bullet_sims/share/ament_index/resource_index/packages
[5.248s] copying package.xml -> /workspaces/workspaces/my_workspace/install/bullet_sims/share/bullet_sims
[5.248s] running install_egg_info
[5.277s] Copying ../../build/bullet_sims/bullet_sims.egg-info to /workspaces/workspaces/my_workspace/install/bullet_sims/lib/python3.12/site-packages/bullet_sims-0.0.0-py3.12.egg-info
[5.279s] running install_scripts
[5.468s] Installing t21 script to /workspaces/workspaces/my_workspace/install/bullet_sims/lib/bullet_sims
[5.469s] Installing t22 script to /workspaces/workspaces/my_workspace/install/bullet_sims/lib/bullet_sims
[5.469s] Installing t23 script to /workspaces/workspaces/my_workspace/install/bullet_sims/lib/bullet_sims
[5.470s] Installing t2_temp script to /workspaces/workspaces/my_workspace/install/bullet_sims/lib/bullet_sims
[5.470s] writing list of installed files to '/workspaces/workspaces/my_workspace/build/bullet_sims/install.log'
[5.545s] Invoked command in '/workspaces/workspaces/my_workspace/src/bullet_sims' returned '0': AMENT_PREFIX_PATH=/workspaces/workspaces/my_workspace/install/simulator:/workspaces/workspaces/my_workspace/install/bullet_sims:/workspaces/workspaces/my_workspace/install/talos_description:/workspaces/workspaces/my_workspace/install/ros_visuals:/workspaces/workspaces/my_workspace/install/reemc_description:/opt/ros/rolling PYTHONPATH=/workspaces/workspaces/my_workspace/build/bullet_sims/prefix_override:/usr/lib/python3/dist-packages/colcon_core/task/python/colcon_distutils_commands:/workspaces/workspaces/my_workspace/install/bullet_sims/lib/python3.12/site-packages:/workspaces/workspaces/my_workspace/install/simulator/lib/python3.12/site-packages:/workspaces/workspaces/my_workspace/build/bullet_sims:/workspaces/workspaces/my_workspace/install/bullet_sims/lib/python3.12/site-packages:/workspaces/workspaces/my_workspace/build/simulator:/workspaces/workspaces/my_workspace/build/ros_visuals:/workspaces/workspaces/my_workspace/install/ros_visuals/lib/python3.12/site-packages:/opt/openrobots/lib/python3.12/site-packages:/opt/openrobots/lib/python3.12/site-packages:/opt/ros/rolling/lib/python3.12/site-packages /usr/bin/python3 -W ignore:setup.py install is deprecated -W ignore:easy_install command is deprecated setup.py egg_info --egg-base ../../build/bullet_sims build --build-base /workspaces/workspaces/my_workspace/build/bullet_sims/build install --record /workspaces/workspaces/my_workspace/build/bullet_sims/install.log --single-version-externally-managed install_data --force
