[1.795s] Invoking command in '/workspaces/workspaces/my_workspace/build/bullet_sims': AMENT_PREFIX_PATH=/workspaces/workspaces/my_workspace/install/talos_description:/workspaces/workspaces/my_workspace/install/simulator:/workspaces/workspaces/my_workspace/install/reemc_description:${AMENT_PREFIX_PATH} CMAKE_PREFIX_PATH=/workspaces/workspaces/my_workspace/install/talos_description:/workspaces/workspaces/my_workspace/install/reemc_description:${CMAKE_PREFIX_PATH} PYTHONPATH=/workspaces/workspaces/my_workspace/build/bullet_sims/prefix_override:/usr/lib/python3/dist-packages/colcon_core/task/python/colcon_distutils_commands:/workspaces/workspaces/my_workspace/install/bullet_sims/lib/python3.12/site-packages:/workspaces/workspaces/my_workspace/build/simulator:/workspaces/workspaces/my_workspace/install/simulator/lib/python3.12/site-packages:${PYTHONPATH} /usr/bin/python3 -W ignore:setup.py install is deprecated -W ignore:easy_install command is deprecated setup.py develop --editable --build-directory /workspaces/workspaces/my_workspace/build/bullet_sims/build --no-deps symlink_data
[2.489s] running develop
[2.862s] running egg_info
[2.892s] writing bullet_sims.egg-info/PKG-INFO
[2.892s] writing dependency_links to bullet_sims.egg-info/dependency_links.txt
[2.893s] writing entry points to bullet_sims.egg-info/entry_points.txt
[2.893s] writing requirements to bullet_sims.egg-info/requires.txt
[2.893s] writing top-level names to bullet_sims.egg-info/top_level.txt
[3.424s] writing manifest file 'bullet_sims.egg-info/SOURCES.txt'
[3.471s] running build_ext
[3.471s] Creating /workspaces/workspaces/my_workspace/install/bullet_sims/lib/python3.12/site-packages/bullet-sims.egg-link (link to .)
[3.472s] Installing interactive_marker_hand script to /workspaces/workspaces/my_workspace/install/bullet_sims/lib/bullet_sims
[3.473s] Installing t21 script to /workspaces/workspaces/my_workspace/install/bullet_sims/lib/bullet_sims
[3.473s] Installing t22 script to /workspaces/workspaces/my_workspace/install/bullet_sims/lib/bullet_sims
[3.473s] Installing t23 script to /workspaces/workspaces/my_workspace/install/bullet_sims/lib/bullet_sims
[3.474s] Installing t2_temp script to /workspaces/workspaces/my_workspace/install/bullet_sims/lib/bullet_sims
[3.474s] Installing t3_main script to /workspaces/workspaces/my_workspace/install/bullet_sims/lib/bullet_sims
[3.474s] 
[3.475s] Installed /workspaces/workspaces/my_workspace/build/bullet_sims
[3.476s] running symlink_data
[3.548s] Invoked command in '/workspaces/workspaces/my_workspace/build/bullet_sims' returned '0': AMENT_PREFIX_PATH=/workspaces/workspaces/my_workspace/install/talos_description:/workspaces/workspaces/my_workspace/install/simulator:/workspaces/workspaces/my_workspace/install/reemc_description:${AMENT_PREFIX_PATH} CMAKE_PREFIX_PATH=/workspaces/workspaces/my_workspace/install/talos_description:/workspaces/workspaces/my_workspace/install/reemc_description:${CMAKE_PREFIX_PATH} PYTHONPATH=/workspaces/workspaces/my_workspace/build/bullet_sims/prefix_override:/usr/lib/python3/dist-packages/colcon_core/task/python/colcon_distutils_commands:/workspaces/workspaces/my_workspace/install/bullet_sims/lib/python3.12/site-packages:/workspaces/workspaces/my_workspace/build/simulator:/workspaces/workspaces/my_workspace/install/simulator/lib/python3.12/site-packages:${PYTHONPATH} /usr/bin/python3 -W ignore:setup.py install is deprecated -W ignore:easy_install command is deprecated setup.py develop --editable --build-directory /workspaces/workspaces/my_workspace/build/bullet_sims/build --no-deps symlink_data
