[4.797s] Invoking command in '/workspaces/workspaces/my_workspace/build/ros_visuals': PYTHONPATH=/workspaces/workspaces/my_workspace/build/ros_visuals/prefix_override:/usr/lib/python3/dist-packages/colcon_core/task/python/colcon_distutils_commands:/workspaces/workspaces/my_workspace/install/ros_visuals/lib/python3.12/site-packages:${PYTHONPATH} /usr/bin/python3 -W ignore:setup.py install is deprecated -W ignore:easy_install command is deprecated setup.py develop --editable --build-directory /workspaces/workspaces/my_workspace/build/ros_visuals/build --no-deps symlink_data
[6.282s] running develop
[7.346s] running egg_info
[7.348s] creating ros_visuals.egg-info
[7.452s] writing ros_visuals.egg-info/PKG-INFO
[7.453s] writing dependency_links to ros_visuals.egg-info/dependency_links.txt
[7.454s] writing entry points to ros_visuals.egg-info/entry_points.txt
[7.455s] writing requirements to ros_visuals.egg-info/requires.txt
[7.455s] writing top-level names to ros_visuals.egg-info/top_level.txt
[7.455s] writing manifest file 'ros_visuals.egg-info/SOURCES.txt'
[8.914s] writing manifest file 'ros_visuals.egg-info/SOURCES.txt'
[9.061s] running build_ext
[9.061s] Creating /workspaces/workspaces/my_workspace/install/ros_visuals/lib/python3.12/site-packages/ros-visuals.egg-link (link to .)
[9.066s] Installing t11 script to /workspaces/workspaces/my_workspace/install/ros_visuals/lib/ros_visuals
[9.069s] Installing t12 script to /workspaces/workspaces/my_workspace/install/ros_visuals/lib/ros_visuals
[9.071s] Installing t13 script to /workspaces/workspaces/my_workspace/install/ros_visuals/lib/ros_visuals
[9.073s] 
[9.076s] Installed /workspaces/workspaces/my_workspace/build/ros_visuals
[9.077s] running symlink_data
[9.077s] symbolically linking /workspaces/workspaces/my_workspace/build/ros_visuals/package.xml -> /workspaces/workspaces/my_workspace/install/ros_visuals/share/ament_index/resource_index/packages
[9.079s] creating /workspaces/workspaces/my_workspace/install/ros_visuals/share/ros_visuals/config
[9.079s] symbolically linking /workspaces/workspaces/my_workspace/build/ros_visuals/config/compare_cage.rviz -> /workspaces/workspaces/my_workspace/install/ros_visuals/share/ros_visuals/config
[9.079s] symbolically linking /workspaces/workspaces/my_workspace/build/ros_visuals/config/talos_new.rviz -> /workspaces/workspaces/my_workspace/install/ros_visuals/share/ros_visuals/config
[9.080s] symbolically linking /workspaces/workspaces/my_workspace/build/ros_visuals/config/rviz_config.rviz -> /workspaces/workspaces/my_workspace/install/ros_visuals/share/ros_visuals/config
[9.080s] symbolically linking /workspaces/workspaces/my_workspace/build/ros_visuals/config/talos.rviz -> /workspaces/workspaces/my_workspace/install/ros_visuals/share/ros_visuals/config
[9.081s] creating /workspaces/workspaces/my_workspace/install/ros_visuals/share/ros_visuals/launch
[9.081s] symbolically linking /workspaces/workspaces/my_workspace/build/ros_visuals/launch/talos_control_launch.py -> /workspaces/workspaces/my_workspace/install/ros_visuals/share/ros_visuals/launch
[9.082s] symbolically linking /workspaces/workspaces/my_workspace/build/ros_visuals/launch/launch.py -> /workspaces/workspaces/my_workspace/install/ros_visuals/share/ros_visuals/launch
[9.083s] symbolically linking /workspaces/workspaces/my_workspace/build/ros_visuals/launch/talos_rviz_launch.py -> /workspaces/workspaces/my_workspace/install/ros_visuals/share/ros_visuals/launch
[9.084s] symbolically linking /workspaces/workspaces/my_workspace/build/ros_visuals/launch/compare_methods.launch.py -> /workspaces/workspaces/my_workspace/install/ros_visuals/share/ros_visuals/launch
[9.240s] Invoked command in '/workspaces/workspaces/my_workspace/build/ros_visuals' returned '0': PYTHONPATH=/workspaces/workspaces/my_workspace/build/ros_visuals/prefix_override:/usr/lib/python3/dist-packages/colcon_core/task/python/colcon_distutils_commands:/workspaces/workspaces/my_workspace/install/ros_visuals/lib/python3.12/site-packages:${PYTHONPATH} /usr/bin/python3 -W ignore:setup.py install is deprecated -W ignore:easy_install command is deprecated setup.py develop --editable --build-directory /workspaces/workspaces/my_workspace/build/ros_visuals/build --no-deps symlink_data
