[2.314s] Invoking command in '/workspaces/workspaces/my_workspace/src/bullet_sims': AMENT_PREFIX_PATH=/workspaces/workspaces/my_workspace/install/simulator:/workspaces/workspaces/my_workspace/install/bullet_sims:/workspaces/workspaces/my_workspace/install/talos_description:/workspaces/workspaces/my_workspace/install/ros_visuals:/workspaces/workspaces/my_workspace/install/reemc_description:/opt/ros/rolling PYTHONPATH=/workspaces/workspaces/my_workspace/build/bullet_sims/prefix_override:/usr/lib/python3/dist-packages/colcon_core/task/python/colcon_distutils_commands:/workspaces/workspaces/my_workspace/install/bullet_sims/lib/python3.12/site-packages:/workspaces/workspaces/my_workspace/install/simulator/lib/python3.12/site-packages:/workspaces/workspaces/my_workspace/build/bullet_sims:/workspaces/workspaces/my_workspace/install/bullet_sims/lib/python3.12/site-packages:/workspaces/workspaces/my_workspace/build/simulator:/workspaces/workspaces/my_workspace/build/ros_visuals:/workspaces/workspaces/my_workspace/install/ros_visuals/lib/python3.12/site-packages:/opt/openrobots/lib/python3.12/site-packages:/opt/openrobots/lib/python3.12/site-packages:/opt/ros/rolling/lib/python3.12/site-packages /usr/bin/python3 -W ignore:setup.py install is deprecated -W ignore:easy_install command is deprecated setup.py egg_info --egg-base ../../build/bullet_sims build --build-base /workspaces/workspaces/my_workspace/build/bullet_sims/build install --record /workspaces/workspaces/my_workspace/build/bullet_sims/install.log --single-version-externally-managed install_data
[3.231s] running egg_info
[3.231s] creating ../../build/bullet_sims/bullet_sims.egg-info
[3.276s] writing ../../build/bullet_sims/bullet_sims.egg-info/PKG-INFO
[3.277s] writing dependency_links to ../../build/bullet_sims/bullet_sims.egg-info/dependency_links.txt
[3.277s] writing entry points to ../../build/bullet_sims/bullet_sims.egg-info/entry_points.txt
[3.278s] writing requirements to ../../build/bullet_sims/bullet_sims.egg-info/requires.txt
[3.278s] writing top-level names to ../../build/bullet_sims/bullet_sims.egg-info/top_level.txt
[3.278s] writing manifest file '../../build/bullet_sims/bullet_sims.egg-info/SOURCES.txt'
[4.238s] writing manifest file '../../build/bullet_sims/bullet_sims.egg-info/SOURCES.txt'
[4.238s] running build
[4.238s] running build_py
[4.239s] creating /workspaces/workspaces/my_workspace/build/bullet_sims/build
[4.239s] creating /workspaces/workspaces/my_workspace/build/bullet_sims/build/lib
[4.240s] creating /workspaces/workspaces/my_workspace/build/bullet_sims/build/lib/bullet_sims
[4.240s] copying bullet_sims/t22.py -> /workspaces/workspaces/my_workspace/build/bullet_sims/build/lib/bullet_sims
[4.240s] copying bullet_sims/t2_temp.py -> /workspaces/workspaces/my_workspace/build/bullet_sims/build/lib/bullet_sims
[4.241s] copying bullet_sims/t3_main.py -> /workspaces/workspaces/my_workspace/build/bullet_sims/build/lib/bullet_sims
[4.241s] copying bullet_sims/__init__.py -> /workspaces/workspaces/my_workspace/build/bullet_sims/build/lib/bullet_sims
[4.241s] copying bullet_sims/t21.py -> /workspaces/workspaces/my_workspace/build/bullet_sims/build/lib/bullet_sims
[4.242s] copying bullet_sims/t23.py -> /workspaces/workspaces/my_workspace/build/bullet_sims/build/lib/bullet_sims
[4.242s] copying bullet_sims/teleoperation.py -> /workspaces/workspaces/my_workspace/build/bullet_sims/build/lib/bullet_sims
[4.242s] running install
[4.260s] running install_lib
[4.314s] creating /workspaces/workspaces/my_workspace/install/bullet_sims/lib/python3.12/site-packages/bullet_sims
[4.315s] copying /workspaces/workspaces/my_workspace/build/bullet_sims/build/lib/bullet_sims/t22.py -> /workspaces/workspaces/my_workspace/install/bullet_sims/lib/python3.12/site-packages/bullet_sims
[4.315s] copying /workspaces/workspaces/my_workspace/build/bullet_sims/build/lib/bullet_sims/t2_temp.py -> /workspaces/workspaces/my_workspace/install/bullet_sims/lib/python3.12/site-packages/bullet_sims
[4.316s] copying /workspaces/workspaces/my_workspace/build/bullet_sims/build/lib/bullet_sims/t3_main.py -> /workspaces/workspaces/my_workspace/install/bullet_sims/lib/python3.12/site-packages/bullet_sims
[4.317s] copying /workspaces/workspaces/my_workspace/build/bullet_sims/build/lib/bullet_sims/__init__.py -> /workspaces/workspaces/my_workspace/install/bullet_sims/lib/python3.12/site-packages/bullet_sims
[4.317s] copying /workspaces/workspaces/my_workspace/build/bullet_sims/build/lib/bullet_sims/t21.py -> /workspaces/workspaces/my_workspace/install/bullet_sims/lib/python3.12/site-packages/bullet_sims
[4.318s] copying /workspaces/workspaces/my_workspace/build/bullet_sims/build/lib/bullet_sims/t23.py -> /workspaces/workspaces/my_workspace/install/bullet_sims/lib/python3.12/site-packages/bullet_sims
[4.319s] copying /workspaces/workspaces/my_workspace/build/bullet_sims/build/lib/bullet_sims/teleoperation.py -> /workspaces/workspaces/my_workspace/install/bullet_sims/lib/python3.12/site-packages/bullet_sims
[4.319s] byte-compiling /workspaces/workspaces/my_workspace/install/bullet_sims/lib/python3.12/site-packages/bullet_sims/t22.py to t22.cpython-312.pyc
[4.321s] byte-compiling /workspaces/workspaces/my_workspace/install/bullet_sims/lib/python3.12/site-packages/bullet_sims/t2_temp.py to t2_temp.cpython-312.pyc
[4.323s] byte-compiling /workspaces/workspaces/my_workspace/install/bullet_sims/lib/python3.12/site-packages/bullet_sims/t3_main.py to t3_main.cpython-312.pyc
[4.327s] byte-compiling /workspaces/workspaces/my_workspace/install/bullet_sims/lib/python3.12/site-packages/bullet_sims/__init__.py to __init__.cpython-312.pyc
[4.327s] byte-compiling /workspaces/workspaces/my_workspace/install/bullet_sims/lib/python3.12/site-packages/bullet_sims/t21.py to t21.cpython-312.pyc
[4.329s] byte-compiling /workspaces/workspaces/my_workspace/install/bullet_sims/lib/python3.12/site-packages/bullet_sims/t23.py to t23.cpython-312.pyc
[4.332s] byte-compiling /workspaces/workspaces/my_workspace/install/bullet_sims/lib/python3.12/site-packages/bullet_sims/teleoperation.py to teleoperation.cpython-312.pyc
[4.334s] running install_data
[4.335s] creating /workspaces/workspaces/my_workspace/install/bullet_sims/share/ament_index
[4.336s] creating /workspaces/workspaces/my_workspace/install/bullet_sims/share/ament_index/resource_index
[4.337s] creating /workspaces/workspaces/my_workspace/install/bullet_sims/share/ament_index/resource_index/packages
[4.337s] copying resource/bullet_sims -> /workspaces/workspaces/my_workspace/install/bullet_sims/share/ament_index/resource_index/packages
[4.337s] copying package.xml -> /workspaces/workspaces/my_workspace/install/bullet_sims/share/bullet_sims
[4.338s] running install_egg_info
[4.409s] Copying ../../build/bullet_sims/bullet_sims.egg-info to /workspaces/workspaces/my_workspace/install/bullet_sims/lib/python3.12/site-packages/bullet_sims-0.0.0-py3.12.egg-info
[4.412s] running install_scripts
[4.762s] Installing t21 script to /workspaces/workspaces/my_workspace/install/bullet_sims/lib/bullet_sims
[4.762s] Installing t22 script to /workspaces/workspaces/my_workspace/install/bullet_sims/lib/bullet_sims
[4.763s] Installing t23 script to /workspaces/workspaces/my_workspace/install/bullet_sims/lib/bullet_sims
[4.763s] Installing t2_temp script to /workspaces/workspaces/my_workspace/install/bullet_sims/lib/bullet_sims
[4.764s] Installing t3_main script to /workspaces/workspaces/my_workspace/install/bullet_sims/lib/bullet_sims
[4.764s] writing list of installed files to '/workspaces/workspaces/my_workspace/build/bullet_sims/install.log'
[4.853s] Invoked command in '/workspaces/workspaces/my_workspace/src/bullet_sims' returned '0': AMENT_PREFIX_PATH=/workspaces/workspaces/my_workspace/install/simulator:/workspaces/workspaces/my_workspace/install/bullet_sims:/workspaces/workspaces/my_workspace/install/talos_description:/workspaces/workspaces/my_workspace/install/ros_visuals:/workspaces/workspaces/my_workspace/install/reemc_description:/opt/ros/rolling PYTHONPATH=/workspaces/workspaces/my_workspace/build/bullet_sims/prefix_override:/usr/lib/python3/dist-packages/colcon_core/task/python/colcon_distutils_commands:/workspaces/workspaces/my_workspace/install/bullet_sims/lib/python3.12/site-packages:/workspaces/workspaces/my_workspace/install/simulator/lib/python3.12/site-packages:/workspaces/workspaces/my_workspace/build/bullet_sims:/workspaces/workspaces/my_workspace/install/bullet_sims/lib/python3.12/site-packages:/workspaces/workspaces/my_workspace/build/simulator:/workspaces/workspaces/my_workspace/build/ros_visuals:/workspaces/workspaces/my_workspace/install/ros_visuals/lib/python3.12/site-packages:/opt/openrobots/lib/python3.12/site-packages:/opt/openrobots/lib/python3.12/site-packages:/opt/ros/rolling/lib/python3.12/site-packages /usr/bin/python3 -W ignore:setup.py install is deprecated -W ignore:easy_install command is deprecated setup.py egg_info --egg-base ../../build/bullet_sims build --build-base /workspaces/workspaces/my_workspace/build/bullet_sims/build install --record /workspaces/workspaces/my_workspace/build/bullet_sims/install.log --single-version-externally-managed install_data
