[0.136s] DEBUG:colcon:Command line arguments: ['/usr/bin/colcon', 'build', '--symlink-install']
[0.136s] DEBUG:colcon:Parsed command line arguments: Namespace(log_base=None, log_level=None, verb_name='build', build_base='build', install_base='install', merge_install=False, symlink_install=True, test_result_base=None, continue_on_error=False, executor='parallel', parallel_workers=8, event_handlers=None, ignore_user_meta=False, metas=['./colcon.meta'], base_paths=['.'], packages_ignore=None, packages_ignore_regex=None, paths=None, packages_up_to=None, packages_up_to_regex=None, packages_above=None, packages_above_and_dependencies=None, packages_above_depth=None, packages_select_by_dep=None, packages_skip_by_dep=None, packages_skip_up_to=None, packages_select_build_failed=False, packages_skip_build_finished=False, packages_select_test_failures=False, packages_skip_test_passed=False, packages_select=None, packages_skip=None, packages_select_regex=None, packages_skip_regex=None, packages_start=None, packages_end=None, cmake_args=None, cmake_target=None, cmake_target_skip_unavailable=False, cmake_clean_cache=False, cmake_clean_first=False, cmake_force_configure=False, ament_cmake_args=None, catkin_cmake_args=None, catkin_skip_building_tests=False, mixin_files=None, mixin=None, verb_parser=<colcon_mixin.mixin.mixin_argument.MixinArgumentDecorator object at 0x788981633ce0>, verb_extension=<colcon_core.verb.build.BuildVerb object at 0x7889816337d0>, main=<bound method BuildVerb.main of <colcon_core.verb.build.BuildVerb object at 0x7889816337d0>>, mixin_verb=('build',))
[0.184s] Level 1:colcon.colcon_core.package_discovery:discover_packages(colcon_meta) check parameters
[0.184s] Level 1:colcon.colcon_core.package_discovery:discover_packages(recursive) check parameters
[0.184s] Level 1:colcon.colcon_core.package_discovery:discover_packages(ignore) check parameters
[0.184s] Level 1:colcon.colcon_core.package_discovery:discover_packages(path) check parameters
[0.184s] Level 1:colcon.colcon_core.package_discovery:discover_packages(colcon_meta) discover
[0.184s] Level 1:colcon.colcon_core.package_discovery:discover_packages(recursive) discover
[0.184s] INFO:colcon.colcon_core.package_discovery:Crawling recursively for packages in '/workspaces/workspaces/my_workspace'
[0.185s] Level 1:colcon.colcon_core.package_identification:_identify(.) by extensions ['ignore', 'ignore_ament_install']
[0.185s] Level 1:colcon.colcon_core.package_identification:_identify(.) by extension 'ignore'
[0.185s] Level 1:colcon.colcon_core.package_identification:_identify(.) by extension 'ignore_ament_install'
[0.185s] Level 1:colcon.colcon_core.package_identification:_identify(.) by extensions ['colcon_pkg']
[0.185s] Level 1:colcon.colcon_core.package_identification:_identify(.) by extension 'colcon_pkg'
[0.185s] Level 1:colcon.colcon_core.package_identification:_identify(.) by extensions ['colcon_meta']
[0.185s] Level 1:colcon.colcon_core.package_identification:_identify(.) by extension 'colcon_meta'
[0.185s] Level 1:colcon.colcon_core.package_identification:_identify(.) by extensions ['ros']
[0.185s] Level 1:colcon.colcon_core.package_identification:_identify(.) by extension 'ros'
[0.216s] Level 1:colcon.colcon_core.package_identification:_identify(.) by extensions ['cmake', 'python']
[0.216s] Level 1:colcon.colcon_core.package_identification:_identify(.) by extension 'cmake'
[0.216s] Level 1:colcon.colcon_core.package_identification:_identify(.) by extension 'python'
[0.216s] Level 1:colcon.colcon_core.package_identification:_identify(.) by extensions ['python_setup_py']
[0.216s] Level 1:colcon.colcon_core.package_identification:_identify(.) by extension 'python_setup_py'
[0.216s] Level 1:colcon.colcon_core.package_identification:_identify(build) by extensions ['ignore', 'ignore_ament_install']
[0.216s] Level 1:colcon.colcon_core.package_identification:_identify(build) by extension 'ignore'
[0.216s] Level 1:colcon.colcon_core.package_identification:_identify(build) ignored
[0.216s] Level 1:colcon.colcon_core.package_identification:_identify(install) by extensions ['ignore', 'ignore_ament_install']
[0.217s] Level 1:colcon.colcon_core.package_identification:_identify(install) by extension 'ignore'
[0.217s] Level 1:colcon.colcon_core.package_identification:_identify(install) ignored
[0.217s] Level 1:colcon.colcon_core.package_identification:_identify(log) by extensions ['ignore', 'ignore_ament_install']
[0.217s] Level 1:colcon.colcon_core.package_identification:_identify(log) by extension 'ignore'
[0.217s] Level 1:colcon.colcon_core.package_identification:_identify(log) ignored
[0.217s] Level 1:colcon.colcon_core.package_identification:_identify(src) by extensions ['ignore', 'ignore_ament_install']
[0.217s] Level 1:colcon.colcon_core.package_identification:_identify(src) by extension 'ignore'
[0.217s] Level 1:colcon.colcon_core.package_identification:_identify(src) by extension 'ignore_ament_install'
[0.217s] Level 1:colcon.colcon_core.package_identification:_identify(src) by extensions ['colcon_pkg']
[0.217s] Level 1:colcon.colcon_core.package_identification:_identify(src) by extension 'colcon_pkg'
[0.217s] Level 1:colcon.colcon_core.package_identification:_identify(src) by extensions ['colcon_meta']
[0.217s] Level 1:colcon.colcon_core.package_identification:_identify(src) by extension 'colcon_meta'
[0.217s] Level 1:colcon.colcon_core.package_identification:_identify(src) by extensions ['ros']
[0.218s] Level 1:colcon.colcon_core.package_identification:_identify(src) by extension 'ros'
[0.218s] Level 1:colcon.colcon_core.package_identification:_identify(src) by extensions ['cmake', 'python']
[0.218s] Level 1:colcon.colcon_core.package_identification:_identify(src) by extension 'cmake'
[0.218s] Level 1:colcon.colcon_core.package_identification:_identify(src) by extension 'python'
[0.218s] Level 1:colcon.colcon_core.package_identification:_identify(src) by extensions ['python_setup_py']
[0.218s] Level 1:colcon.colcon_core.package_identification:_identify(src) by extension 'python_setup_py'
[0.218s] Level 1:colcon.colcon_core.package_identification:_identify(src/bullet_sims) by extensions ['ignore', 'ignore_ament_install']
[0.218s] Level 1:colcon.colcon_core.package_identification:_identify(src/bullet_sims) by extension 'ignore'
[0.218s] Level 1:colcon.colcon_core.package_identification:_identify(src/bullet_sims) by extension 'ignore_ament_install'
[0.218s] Level 1:colcon.colcon_core.package_identification:_identify(src/bullet_sims) by extensions ['colcon_pkg']
[0.218s] Level 1:colcon.colcon_core.package_identification:_identify(src/bullet_sims) by extension 'colcon_pkg'
[0.218s] Level 1:colcon.colcon_core.package_identification:_identify(src/bullet_sims) by extensions ['colcon_meta']
[0.218s] Level 1:colcon.colcon_core.package_identification:_identify(src/bullet_sims) by extension 'colcon_meta'
[0.219s] Level 1:colcon.colcon_core.package_identification:_identify(src/bullet_sims) by extensions ['ros']
[0.219s] Level 1:colcon.colcon_core.package_identification:_identify(src/bullet_sims) by extension 'ros'
[0.222s] DEBUG:colcon.colcon_core.package_identification:Package 'src/bullet_sims' with type 'ros.ament_python' and name 'bullet_sims'
[0.222s] Level 1:colcon.colcon_core.package_identification:_identify(src/reemc_description) by extensions ['ignore', 'ignore_ament_install']
[0.222s] Level 1:colcon.colcon_core.package_identification:_identify(src/reemc_description) by extension 'ignore'
[0.222s] Level 1:colcon.colcon_core.package_identification:_identify(src/reemc_description) by extension 'ignore_ament_install'
[0.222s] Level 1:colcon.colcon_core.package_identification:_identify(src/reemc_description) by extensions ['colcon_pkg']
[0.222s] Level 1:colcon.colcon_core.package_identification:_identify(src/reemc_description) by extension 'colcon_pkg'
[0.223s] Level 1:colcon.colcon_core.package_identification:_identify(src/reemc_description) by extensions ['colcon_meta']
[0.223s] Level 1:colcon.colcon_core.package_identification:_identify(src/reemc_description) by extension 'colcon_meta'
[0.223s] Level 1:colcon.colcon_core.package_identification:_identify(src/reemc_description) by extensions ['ros']
[0.223s] Level 1:colcon.colcon_core.package_identification:_identify(src/reemc_description) by extension 'ros'
[0.223s] DEBUG:colcon.colcon_core.package_identification:Package 'src/reemc_description' with type 'ros.ament_cmake' and name 'reemc_description'
[0.223s] Level 1:colcon.colcon_core.package_identification:_identify(src/ros_visuals) by extensions ['ignore', 'ignore_ament_install']
[0.224s] Level 1:colcon.colcon_core.package_identification:_identify(src/ros_visuals) by extension 'ignore'
[0.224s] Level 1:colcon.colcon_core.package_identification:_identify(src/ros_visuals) by extension 'ignore_ament_install'
[0.224s] Level 1:colcon.colcon_core.package_identification:_identify(src/ros_visuals) by extensions ['colcon_pkg']
[0.224s] Level 1:colcon.colcon_core.package_identification:_identify(src/ros_visuals) by extension 'colcon_pkg'
[0.224s] Level 1:colcon.colcon_core.package_identification:_identify(src/ros_visuals) by extensions ['colcon_meta']
[0.224s] Level 1:colcon.colcon_core.package_identification:_identify(src/ros_visuals) by extension 'colcon_meta'
[0.224s] Level 1:colcon.colcon_core.package_identification:_identify(src/ros_visuals) by extensions ['ros']
[0.224s] Level 1:colcon.colcon_core.package_identification:_identify(src/ros_visuals) by extension 'ros'
[0.225s] DEBUG:colcon.colcon_core.package_identification:Package 'src/ros_visuals' with type 'ros.ament_python' and name 'ros_visuals'
[0.225s] Level 1:colcon.colcon_core.package_identification:_identify(src/simulator) by extensions ['ignore', 'ignore_ament_install']
[0.225s] Level 1:colcon.colcon_core.package_identification:_identify(src/simulator) by extension 'ignore'
[0.225s] Level 1:colcon.colcon_core.package_identification:_identify(src/simulator) by extension 'ignore_ament_install'
[0.225s] Level 1:colcon.colcon_core.package_identification:_identify(src/simulator) by extensions ['colcon_pkg']
[0.225s] Level 1:colcon.colcon_core.package_identification:_identify(src/simulator) by extension 'colcon_pkg'
[0.225s] Level 1:colcon.colcon_core.package_identification:_identify(src/simulator) by extensions ['colcon_meta']
[0.225s] Level 1:colcon.colcon_core.package_identification:_identify(src/simulator) by extension 'colcon_meta'
[0.225s] Level 1:colcon.colcon_core.package_identification:_identify(src/simulator) by extensions ['ros']
[0.225s] Level 1:colcon.colcon_core.package_identification:_identify(src/simulator) by extension 'ros'
[0.226s] DEBUG:colcon.colcon_core.package_identification:Package 'src/simulator' with type 'ros.ament_python' and name 'simulator'
[0.226s] Level 1:colcon.colcon_core.package_identification:_identify(src/talos_description) by extensions ['ignore', 'ignore_ament_install']
[0.226s] Level 1:colcon.colcon_core.package_identification:_identify(src/talos_description) by extension 'ignore'
[0.226s] Level 1:colcon.colcon_core.package_identification:_identify(src/talos_description) by extension 'ignore_ament_install'
[0.226s] Level 1:colcon.colcon_core.package_identification:_identify(src/talos_description) by extensions ['colcon_pkg']
[0.226s] Level 1:colcon.colcon_core.package_identification:_identify(src/talos_description) by extension 'colcon_pkg'
[0.226s] Level 1:colcon.colcon_core.package_identification:_identify(src/talos_description) by extensions ['colcon_meta']
[0.226s] Level 1:colcon.colcon_core.package_identification:_identify(src/talos_description) by extension 'colcon_meta'
[0.227s] Level 1:colcon.colcon_core.package_identification:_identify(src/talos_description) by extensions ['ros']
[0.227s] Level 1:colcon.colcon_core.package_identification:_identify(src/talos_description) by extension 'ros'
[0.227s] DEBUG:colcon.colcon_core.package_identification:Package 'src/talos_description' with type 'ros.ament_cmake' and name 'talos_description'
[0.227s] Level 1:colcon.colcon_core.package_discovery:discover_packages(recursive) using defaults
[0.227s] Level 1:colcon.colcon_core.package_discovery:discover_packages(ignore) discover
[0.227s] Level 1:colcon.colcon_core.package_discovery:discover_packages(ignore) using defaults
[0.227s] Level 1:colcon.colcon_core.package_discovery:discover_packages(path) discover
[0.227s] Level 1:colcon.colcon_core.package_discovery:discover_packages(path) using defaults
[0.248s] Level 5:colcon.colcon_core.verb:set package 'reemc_description' build argument 'cmake_args' from command line to 'None'
[0.248s] Level 5:colcon.colcon_core.verb:set package 'reemc_description' build argument 'cmake_target' from command line to 'None'
[0.248s] Level 5:colcon.colcon_core.verb:set package 'reemc_description' build argument 'cmake_target_skip_unavailable' from command line to 'False'
[0.248s] Level 5:colcon.colcon_core.verb:set package 'reemc_description' build argument 'cmake_clean_cache' from command line to 'False'
[0.248s] Level 5:colcon.colcon_core.verb:set package 'reemc_description' build argument 'cmake_clean_first' from command line to 'False'
[0.248s] Level 5:colcon.colcon_core.verb:set package 'reemc_description' build argument 'cmake_force_configure' from command line to 'False'
[0.248s] Level 5:colcon.colcon_core.verb:set package 'reemc_description' build argument 'ament_cmake_args' from command line to 'None'
[0.248s] Level 5:colcon.colcon_core.verb:set package 'reemc_description' build argument 'catkin_cmake_args' from command line to 'None'
[0.248s] Level 5:colcon.colcon_core.verb:set package 'reemc_description' build argument 'catkin_skip_building_tests' from command line to 'False'
[0.248s] DEBUG:colcon.colcon_core.verb:Building package 'reemc_description' with the following arguments: {'ament_cmake_args': None, 'build_base': '/workspaces/workspaces/my_workspace/build/reemc_description', 'catkin_cmake_args': None, 'catkin_skip_building_tests': False, 'cmake_args': None, 'cmake_clean_cache': False, 'cmake_clean_first': False, 'cmake_force_configure': False, 'cmake_target': None, 'cmake_target_skip_unavailable': False, 'install_base': '/workspaces/workspaces/my_workspace/install/reemc_description', 'merge_install': False, 'path': '/workspaces/workspaces/my_workspace/src/reemc_description', 'symlink_install': True, 'test_result_base': None}
[0.249s] Level 5:colcon.colcon_core.verb:set package 'ros_visuals' build argument 'cmake_args' from command line to 'None'
[0.249s] Level 5:colcon.colcon_core.verb:set package 'ros_visuals' build argument 'cmake_target' from command line to 'None'
[0.249s] Level 5:colcon.colcon_core.verb:set package 'ros_visuals' build argument 'cmake_target_skip_unavailable' from command line to 'False'
[0.249s] Level 5:colcon.colcon_core.verb:set package 'ros_visuals' build argument 'cmake_clean_cache' from command line to 'False'
[0.249s] Level 5:colcon.colcon_core.verb:set package 'ros_visuals' build argument 'cmake_clean_first' from command line to 'False'
[0.249s] Level 5:colcon.colcon_core.verb:set package 'ros_visuals' build argument 'cmake_force_configure' from command line to 'False'
[0.249s] Level 5:colcon.colcon_core.verb:set package 'ros_visuals' build argument 'ament_cmake_args' from command line to 'None'
[0.249s] Level 5:colcon.colcon_core.verb:set package 'ros_visuals' build argument 'catkin_cmake_args' from command line to 'None'
[0.249s] Level 5:colcon.colcon_core.verb:set package 'ros_visuals' build argument 'catkin_skip_building_tests' from command line to 'False'
[0.249s] DEBUG:colcon.colcon_core.verb:Building package 'ros_visuals' with the following arguments: {'ament_cmake_args': None, 'build_base': '/workspaces/workspaces/my_workspace/build/ros_visuals', 'catkin_cmake_args': None, 'catkin_skip_building_tests': False, 'cmake_args': None, 'cmake_clean_cache': False, 'cmake_clean_first': False, 'cmake_force_configure': False, 'cmake_target': None, 'cmake_target_skip_unavailable': False, 'install_base': '/workspaces/workspaces/my_workspace/install/ros_visuals', 'merge_install': False, 'path': '/workspaces/workspaces/my_workspace/src/ros_visuals', 'symlink_install': True, 'test_result_base': None}
[0.249s] Level 5:colcon.colcon_core.verb:set package 'simulator' build argument 'cmake_args' from command line to 'None'
[0.250s] Level 5:colcon.colcon_core.verb:set package 'simulator' build argument 'cmake_target' from command line to 'None'
[0.250s] Level 5:colcon.colcon_core.verb:set package 'simulator' build argument 'cmake_target_skip_unavailable' from command line to 'False'
[0.250s] Level 5:colcon.colcon_core.verb:set package 'simulator' build argument 'cmake_clean_cache' from command line to 'False'
[0.250s] Level 5:colcon.colcon_core.verb:set package 'simulator' build argument 'cmake_clean_first' from command line to 'False'
[0.250s] Level 5:colcon.colcon_core.verb:set package 'simulator' build argument 'cmake_force_configure' from command line to 'False'
[0.250s] Level 5:colcon.colcon_core.verb:set package 'simulator' build argument 'ament_cmake_args' from command line to 'None'
[0.250s] Level 5:colcon.colcon_core.verb:set package 'simulator' build argument 'catkin_cmake_args' from command line to 'None'
[0.250s] Level 5:colcon.colcon_core.verb:set package 'simulator' build argument 'catkin_skip_building_tests' from command line to 'False'
[0.250s] DEBUG:colcon.colcon_core.verb:Building package 'simulator' with the following arguments: {'ament_cmake_args': None, 'build_base': '/workspaces/workspaces/my_workspace/build/simulator', 'catkin_cmake_args': None, 'catkin_skip_building_tests': False, 'cmake_args': None, 'cmake_clean_cache': False, 'cmake_clean_first': False, 'cmake_force_configure': False, 'cmake_target': None, 'cmake_target_skip_unavailable': False, 'install_base': '/workspaces/workspaces/my_workspace/install/simulator', 'merge_install': False, 'path': '/workspaces/workspaces/my_workspace/src/simulator', 'symlink_install': True, 'test_result_base': None}
[0.250s] Level 5:colcon.colcon_core.verb:set package 'talos_description' build argument 'cmake_args' from command line to 'None'
[0.250s] Level 5:colcon.colcon_core.verb:set package 'talos_description' build argument 'cmake_target' from command line to 'None'
[0.250s] Level 5:colcon.colcon_core.verb:set package 'talos_description' build argument 'cmake_target_skip_unavailable' from command line to 'False'
[0.250s] Level 5:colcon.colcon_core.verb:set package 'talos_description' build argument 'cmake_clean_cache' from command line to 'False'
[0.250s] Level 5:colcon.colcon_core.verb:set package 'talos_description' build argument 'cmake_clean_first' from command line to 'False'
[0.250s] Level 5:colcon.colcon_core.verb:set package 'talos_description' build argument 'cmake_force_configure' from command line to 'False'
[0.250s] Level 5:colcon.colcon_core.verb:set package 'talos_description' build argument 'ament_cmake_args' from command line to 'None'
[0.250s] Level 5:colcon.colcon_core.verb:set package 'talos_description' build argument 'catkin_cmake_args' from command line to 'None'
[0.250s] Level 5:colcon.colcon_core.verb:set package 'talos_description' build argument 'catkin_skip_building_tests' from command line to 'False'
[0.250s] DEBUG:colcon.colcon_core.verb:Building package 'talos_description' with the following arguments: {'ament_cmake_args': None, 'build_base': '/workspaces/workspaces/my_workspace/build/talos_description', 'catkin_cmake_args': None, 'catkin_skip_building_tests': False, 'cmake_args': None, 'cmake_clean_cache': False, 'cmake_clean_first': False, 'cmake_force_configure': False, 'cmake_target': None, 'cmake_target_skip_unavailable': False, 'install_base': '/workspaces/workspaces/my_workspace/install/talos_description', 'merge_install': False, 'path': '/workspaces/workspaces/my_workspace/src/talos_description', 'symlink_install': True, 'test_result_base': None}
[0.251s] Level 5:colcon.colcon_core.verb:set package 'bullet_sims' build argument 'cmake_args' from command line to 'None'
[0.251s] Level 5:colcon.colcon_core.verb:set package 'bullet_sims' build argument 'cmake_target' from command line to 'None'
[0.251s] Level 5:colcon.colcon_core.verb:set package 'bullet_sims' build argument 'cmake_target_skip_unavailable' from command line to 'False'
[0.251s] Level 5:colcon.colcon_core.verb:set package 'bullet_sims' build argument 'cmake_clean_cache' from command line to 'False'
[0.251s] Level 5:colcon.colcon_core.verb:set package 'bullet_sims' build argument 'cmake_clean_first' from command line to 'False'
[0.251s] Level 5:colcon.colcon_core.verb:set package 'bullet_sims' build argument 'cmake_force_configure' from command line to 'False'
[0.251s] Level 5:colcon.colcon_core.verb:set package 'bullet_sims' build argument 'ament_cmake_args' from command line to 'None'
[0.251s] Level 5:colcon.colcon_core.verb:set package 'bullet_sims' build argument 'catkin_cmake_args' from command line to 'None'
[0.251s] Level 5:colcon.colcon_core.verb:set package 'bullet_sims' build argument 'catkin_skip_building_tests' from command line to 'False'
[0.251s] DEBUG:colcon.colcon_core.verb:Building package 'bullet_sims' with the following arguments: {'ament_cmake_args': None, 'build_base': '/workspaces/workspaces/my_workspace/build/bullet_sims', 'catkin_cmake_args': None, 'catkin_skip_building_tests': False, 'cmake_args': None, 'cmake_clean_cache': False, 'cmake_clean_first': False, 'cmake_force_configure': False, 'cmake_target': None, 'cmake_target_skip_unavailable': False, 'install_base': '/workspaces/workspaces/my_workspace/install/bullet_sims', 'merge_install': False, 'path': '/workspaces/workspaces/my_workspace/src/bullet_sims', 'symlink_install': True, 'test_result_base': None}
[0.251s] INFO:colcon.colcon_core.executor:Executing jobs using 'parallel' executor
[0.252s] DEBUG:colcon.colcon_parallel_executor.executor.parallel:run_until_complete
[0.253s] INFO:colcon.colcon_ros.task.ament_cmake.build:Building ROS package in '/workspaces/workspaces/my_workspace/src/reemc_description' with build type 'ament_cmake'
[0.253s] INFO:colcon.colcon_cmake.task.cmake.build:Building CMake package in '/workspaces/workspaces/my_workspace/src/reemc_description'
[0.256s] INFO:colcon.colcon_core.plugin_system:Skipping extension 'colcon_core.shell.bat': Not used on non-Windows systems
[0.256s] INFO:colcon.colcon_core.shell:Skip shell extension 'powershell' for command environment: Not usable outside of PowerShell
[0.256s] DEBUG:colcon.colcon_core.shell:Skip shell extension 'dsv' for command environment
[0.263s] INFO:colcon.colcon_ros.task.ament_python.build:Building ROS package in '/workspaces/workspaces/my_workspace/src/simulator' with build type 'ament_python'
[0.263s] Level 1:colcon.colcon_core.shell:create_environment_hook('simulator', 'ament_prefix_path')
[0.263s] INFO:colcon.colcon_core.shell:Creating environment hook '/workspaces/workspaces/my_workspace/install/simulator/share/simulator/hook/ament_prefix_path.ps1'
[0.264s] INFO:colcon.colcon_core.shell:Creating environment descriptor '/workspaces/workspaces/my_workspace/install/simulator/share/simulator/hook/ament_prefix_path.dsv'
[0.265s] INFO:colcon.colcon_core.shell:Creating environment hook '/workspaces/workspaces/my_workspace/install/simulator/share/simulator/hook/ament_prefix_path.sh'
[0.265s] INFO:colcon.colcon_core.shell:Skip shell extension 'powershell' for command environment: Not usable outside of PowerShell
[0.266s] DEBUG:colcon.colcon_core.shell:Skip shell extension 'dsv' for command environment
[0.271s] INFO:colcon.colcon_ros.task.ament_cmake.build:Building ROS package in '/workspaces/workspaces/my_workspace/src/talos_description' with build type 'ament_cmake'
[0.271s] INFO:colcon.colcon_cmake.task.cmake.build:Building CMake package in '/workspaces/workspaces/my_workspace/src/talos_description'
[0.272s] INFO:colcon.colcon_core.shell:Skip shell extension 'powershell' for command environment: Not usable outside of PowerShell
[0.272s] DEBUG:colcon.colcon_core.shell:Skip shell extension 'dsv' for command environment
[0.278s] INFO:colcon.colcon_ros.task.ament_python.build:Building ROS package in '/workspaces/workspaces/my_workspace/src/ros_visuals' with build type 'ament_python'
[0.278s] Level 1:colcon.colcon_core.shell:create_environment_hook('ros_visuals', 'ament_prefix_path')
[0.279s] INFO:colcon.colcon_core.shell:Creating environment hook '/workspaces/workspaces/my_workspace/install/ros_visuals/share/ros_visuals/hook/ament_prefix_path.ps1'
[0.280s] INFO:colcon.colcon_core.shell:Creating environment descriptor '/workspaces/workspaces/my_workspace/install/ros_visuals/share/ros_visuals/hook/ament_prefix_path.dsv'
[0.281s] INFO:colcon.colcon_core.shell:Creating environment hook '/workspaces/workspaces/my_workspace/install/ros_visuals/share/ros_visuals/hook/ament_prefix_path.sh'
[0.282s] INFO:colcon.colcon_core.shell:Skip shell extension 'powershell' for command environment: Not usable outside of PowerShell
[0.282s] DEBUG:colcon.colcon_core.shell:Skip shell extension 'dsv' for command environment
[0.296s] DEBUG:colcon.colcon_core.event_handler.log_command:Invoking command in '/workspaces/workspaces/my_workspace/build/reemc_description': CMAKE_PREFIX_PATH=${CMAKE_PREFIX_PATH}:/workspaces/workspaces/my_workspace/install/bullet_sims:/workspaces/workspaces/my_workspace/install/simulator:/workspaces/workspaces/my_workspace/install/ros_visuals:/opt/ros/rolling /usr/bin/cmake --build /workspaces/workspaces/my_workspace/build/reemc_description -- -j8 -l8
[0.656s] INFO:colcon.colcon_core.task.python.build:Building Python package in '/workspaces/workspaces/my_workspace/src/simulator'
[0.657s] INFO:colcon.colcon_core.shell:Skip shell extension 'powershell' for command environment: Not usable outside of PowerShell
[0.657s] DEBUG:colcon.colcon_core.shell:Skip shell extension 'dsv' for command environment
[0.670s] DEBUG:colcon.colcon_core.event_handler.log_command:Invoking command in '/workspaces/workspaces/my_workspace/build/talos_description': CMAKE_PREFIX_PATH=${CMAKE_PREFIX_PATH}:/workspaces/workspaces/my_workspace/install/bullet_sims:/workspaces/workspaces/my_workspace/install/simulator:/workspaces/workspaces/my_workspace/install/ros_visuals:/opt/ros/rolling /usr/bin/cmake --build /workspaces/workspaces/my_workspace/build/talos_description -- -j8 -l8
[0.673s] DEBUG:colcon.colcon_core.event_handler.log_command:Invoked command in '/workspaces/workspaces/my_workspace/build/reemc_description' returned '0': CMAKE_PREFIX_PATH=${CMAKE_PREFIX_PATH}:/workspaces/workspaces/my_workspace/install/bullet_sims:/workspaces/workspaces/my_workspace/install/simulator:/workspaces/workspaces/my_workspace/install/ros_visuals:/opt/ros/rolling /usr/bin/cmake --build /workspaces/workspaces/my_workspace/build/reemc_description -- -j8 -l8
[0.693s] DEBUG:colcon.colcon_core.event_handler.log_command:Invoking command in '/workspaces/workspaces/my_workspace/build/reemc_description': CMAKE_PREFIX_PATH=${CMAKE_PREFIX_PATH}:/workspaces/workspaces/my_workspace/install/bullet_sims:/workspaces/workspaces/my_workspace/install/simulator:/workspaces/workspaces/my_workspace/install/ros_visuals:/opt/ros/rolling /usr/bin/cmake --install /workspaces/workspaces/my_workspace/build/reemc_description
[1.062s] WARNING:colcon.colcon_ros.task.ament_python.build:Package 'ros_visuals' doesn't explicitly install a marker in the package index (colcon-ros currently does it implicitly but that fallback will be removed in the future)
[1.062s] WARNING:colcon.colcon_ros.task.ament_python.build:Package 'ros_visuals' doesn't explicitly install the 'package.xml' file (colcon-ros currently does it implicitly but that fallback will be removed in the future)
[1.062s] INFO:colcon.colcon_core.task.python.build:Building Python package in '/workspaces/workspaces/my_workspace/src/ros_visuals'
[1.063s] INFO:colcon.colcon_core.shell:Skip shell extension 'powershell' for command environment: Not usable outside of PowerShell
[1.063s] DEBUG:colcon.colcon_core.shell:Skip shell extension 'dsv' for command environment
[1.106s] DEBUG:colcon.colcon_parallel_executor.executor.parallel:run_until_complete was interrupted
[1.106s] DEBUG:colcon.colcon_parallel_executor.executor.parallel:run_until_complete again
[1.109s] Level 1:colcon.colcon_core.environment:create_environment_scripts_only(reemc_description)
[1.121s] Level 1:colcon.colcon_core.environment:checking '/workspaces/workspaces/my_workspace/install/reemc_description' for CMake module files
[1.124s] DEBUG:colcon.colcon_core.event_handler.log_command:Invoked command in '/workspaces/workspaces/my_workspace/build/reemc_description' returned '0': CMAKE_PREFIX_PATH=${CMAKE_PREFIX_PATH}:/workspaces/workspaces/my_workspace/install/bullet_sims:/workspaces/workspaces/my_workspace/install/simulator:/workspaces/workspaces/my_workspace/install/ros_visuals:/opt/ros/rolling /usr/bin/cmake --install /workspaces/workspaces/my_workspace/build/reemc_description
[1.125s] Level 1:colcon.colcon_core.environment:checking '/workspaces/workspaces/my_workspace/install/reemc_description' for CMake config files
[1.126s] Level 1:colcon.colcon_core.shell:create_environment_hook('reemc_description', 'cmake_prefix_path')
[1.127s] INFO:colcon.colcon_core.shell:Creating environment hook '/workspaces/workspaces/my_workspace/install/reemc_description/share/reemc_description/hook/cmake_prefix_path.ps1'
[1.128s] INFO:colcon.colcon_core.shell:Creating environment descriptor '/workspaces/workspaces/my_workspace/install/reemc_description/share/reemc_description/hook/cmake_prefix_path.dsv'
[1.128s] INFO:colcon.colcon_core.shell:Creating environment hook '/workspaces/workspaces/my_workspace/install/reemc_description/share/reemc_description/hook/cmake_prefix_path.sh'
[1.129s] Level 1:colcon.colcon_core.environment:checking '/workspaces/workspaces/my_workspace/install/reemc_description/bin'
[1.130s] Level 1:colcon.colcon_core.environment:checking '/workspaces/workspaces/my_workspace/install/reemc_description/lib/pkgconfig/reemc_description.pc'
[1.130s] Level 1:colcon.colcon_core.environment:checking '/workspaces/workspaces/my_workspace/install/reemc_description/lib/python3.12/site-packages'
[1.130s] Level 1:colcon.colcon_core.environment:checking '/workspaces/workspaces/my_workspace/install/reemc_description/bin'
[1.130s] INFO:colcon.colcon_core.shell:Creating package script '/workspaces/workspaces/my_workspace/install/reemc_description/share/reemc_description/package.ps1'
[1.131s] INFO:colcon.colcon_core.shell:Creating package descriptor '/workspaces/workspaces/my_workspace/install/reemc_description/share/reemc_description/package.dsv'
[1.132s] INFO:colcon.colcon_core.shell:Creating package script '/workspaces/workspaces/my_workspace/install/reemc_description/share/reemc_description/package.sh'
[1.133s] INFO:colcon.colcon_core.shell:Creating package script '/workspaces/workspaces/my_workspace/install/reemc_description/share/reemc_description/package.bash'
[1.134s] INFO:colcon.colcon_core.shell:Creating package script '/workspaces/workspaces/my_workspace/install/reemc_description/share/reemc_description/package.zsh'
[1.134s] Level 1:colcon.colcon_core.environment:create_file_with_runtime_dependencies(/workspaces/workspaces/my_workspace/install/reemc_description/share/colcon-core/packages/reemc_description)
[1.135s] Level 1:colcon.colcon_core.environment:create_environment_scripts_only(reemc_description)
[1.135s] Level 1:colcon.colcon_core.environment:checking '/workspaces/workspaces/my_workspace/install/reemc_description' for CMake module files
[1.136s] Level 1:colcon.colcon_core.environment:checking '/workspaces/workspaces/my_workspace/install/reemc_description' for CMake config files
[1.138s] Level 1:colcon.colcon_core.shell:create_environment_hook('reemc_description', 'cmake_prefix_path')
[1.138s] INFO:colcon.colcon_core.shell:Creating environment hook '/workspaces/workspaces/my_workspace/install/reemc_description/share/reemc_description/hook/cmake_prefix_path.ps1'
[1.139s] INFO:colcon.colcon_core.shell:Creating environment descriptor '/workspaces/workspaces/my_workspace/install/reemc_description/share/reemc_description/hook/cmake_prefix_path.dsv'
[1.139s] INFO:colcon.colcon_core.shell:Creating environment hook '/workspaces/workspaces/my_workspace/install/reemc_description/share/reemc_description/hook/cmake_prefix_path.sh'
[1.140s] Level 1:colcon.colcon_core.environment:checking '/workspaces/workspaces/my_workspace/install/reemc_description/bin'
[1.140s] Level 1:colcon.colcon_core.environment:checking '/workspaces/workspaces/my_workspace/install/reemc_description/lib/pkgconfig/reemc_description.pc'
[1.140s] Level 1:colcon.colcon_core.environment:checking '/workspaces/workspaces/my_workspace/install/reemc_description/lib/python3.12/site-packages'
[1.141s] Level 1:colcon.colcon_core.environment:checking '/workspaces/workspaces/my_workspace/install/reemc_description/bin'
[1.141s] INFO:colcon.colcon_core.shell:Creating package script '/workspaces/workspaces/my_workspace/install/reemc_description/share/reemc_description/package.ps1'
[1.142s] INFO:colcon.colcon_core.shell:Creating package descriptor '/workspaces/workspaces/my_workspace/install/reemc_description/share/reemc_description/package.dsv'
[1.142s] INFO:colcon.colcon_core.shell:Creating package script '/workspaces/workspaces/my_workspace/install/reemc_description/share/reemc_description/package.sh'
[1.143s] INFO:colcon.colcon_core.shell:Creating package script '/workspaces/workspaces/my_workspace/install/reemc_description/share/reemc_description/package.bash'
[1.143s] INFO:colcon.colcon_core.shell:Creating package script '/workspaces/workspaces/my_workspace/install/reemc_description/share/reemc_description/package.zsh'
[1.144s] Level 1:colcon.colcon_core.environment:create_file_with_runtime_dependencies(/workspaces/workspaces/my_workspace/install/reemc_description/share/colcon-core/packages/reemc_description)
[1.146s] DEBUG:colcon.colcon_core.event_handler.log_command:Invoked command in '/workspaces/workspaces/my_workspace/build/talos_description' returned '0': CMAKE_PREFIX_PATH=${CMAKE_PREFIX_PATH}:/workspaces/workspaces/my_workspace/install/bullet_sims:/workspaces/workspaces/my_workspace/install/simulator:/workspaces/workspaces/my_workspace/install/ros_visuals:/opt/ros/rolling /usr/bin/cmake --build /workspaces/workspaces/my_workspace/build/talos_description -- -j8 -l8
[1.147s] DEBUG:colcon.colcon_core.event_handler.log_command:Invoking command in '/workspaces/workspaces/my_workspace/build/talos_description': CMAKE_PREFIX_PATH=${CMAKE_PREFIX_PATH}:/workspaces/workspaces/my_workspace/install/bullet_sims:/workspaces/workspaces/my_workspace/install/simulator:/workspaces/workspaces/my_workspace/install/ros_visuals:/opt/ros/rolling /usr/bin/cmake --install /workspaces/workspaces/my_workspace/build/talos_description
[1.157s] DEBUG:colcon.colcon_parallel_executor.executor.parallel:run_until_complete finished
[1.158s] DEBUG:colcon.colcon_parallel_executor.executor.parallel:closing loop
[1.158s] DEBUG:colcon.colcon_parallel_executor.executor.parallel:loop closed
[1.158s] DEBUG:colcon.colcon_core.event_reactor:joining thread
[1.167s] INFO:colcon.colcon_core.plugin_system:Skipping extension 'colcon_notification.desktop_notification.notify_send': Could not find 'notify-send'
[1.167s] INFO:colcon.colcon_core.plugin_system:Skipping extension 'colcon_notification.desktop_notification.terminal_notifier': Not used on non-Darwin systems
[1.167s] INFO:colcon.colcon_core.plugin_system:Skipping extension 'colcon_notification.desktop_notification.win32': Not used on non-Windows systems
[1.167s] INFO:colcon.colcon_notification.desktop_notification:Sending desktop notification using 'notify2'
[1.167s] DEBUG:colcon.colcon_notification.desktop_notification.notify2:Failed to initialize notify2: org.freedesktop.DBus.Error.InvalidFileContent: D-Bus library appears to be incorrectly set up: see the manual page for dbus-uuidgen to correct this issue. (Failed to open "/var/lib/dbus/machine-id": No such file or directory; UUID file '/etc/machine-id' should contain a hex string of length 32, not length 0, with no other text)
[1.167s] DEBUG:colcon.colcon_core.event_reactor:joined thread
[1.168s] INFO:colcon.colcon_core.shell:Creating prefix script '/workspaces/workspaces/my_workspace/install/local_setup.ps1'
[1.169s] INFO:colcon.colcon_core.shell:Creating prefix util module '/workspaces/workspaces/my_workspace/install/_local_setup_util_ps1.py'
[1.172s] INFO:colcon.colcon_core.shell:Creating prefix chain script '/workspaces/workspaces/my_workspace/install/setup.ps1'
[1.174s] INFO:colcon.colcon_core.shell:Creating prefix script '/workspaces/workspaces/my_workspace/install/local_setup.sh'
[1.174s] INFO:colcon.colcon_core.shell:Creating prefix util module '/workspaces/workspaces/my_workspace/install/_local_setup_util_sh.py'
[1.175s] INFO:colcon.colcon_core.shell:Creating prefix chain script '/workspaces/workspaces/my_workspace/install/setup.sh'
[1.177s] INFO:colcon.colcon_core.shell:Creating prefix script '/workspaces/workspaces/my_workspace/install/local_setup.bash'
[1.177s] INFO:colcon.colcon_core.shell:Creating prefix chain script '/workspaces/workspaces/my_workspace/install/setup.bash'
[1.179s] INFO:colcon.colcon_core.shell:Creating prefix script '/workspaces/workspaces/my_workspace/install/local_setup.zsh'
[1.179s] INFO:colcon.colcon_core.shell:Creating prefix chain script '/workspaces/workspaces/my_workspace/install/setup.zsh'
