[0.492s] Invoking command in '/workspaces/workspaces/legged-robots/my_workspace/build/bullet_sims': AMENT_PREFIX_PATH=/workspaces/workspaces/legged-robots/my_workspace/install/talos_description:/workspaces/workspaces/legged-robots/my_workspace/install/simulator:/workspaces/workspaces/legged-robots/my_workspace/install/reemc_description:${AMENT_PREFIX_PATH} CMAKE_PREFIX_PATH=/workspaces/workspaces/legged-robots/my_workspace/install/talos_description:/workspaces/workspaces/legged-robots/my_workspace/install/reemc_description:${CMAKE_PREFIX_PATH} PYTHONPATH=/workspaces/workspaces/legged-robots/my_workspace/build/bullet_sims/prefix_override:/usr/lib/python3/dist-packages/colcon_core/task/python/colcon_distutils_commands:/workspaces/workspaces/legged-robots/my_workspace/install/bullet_sims/lib/python3.12/site-packages:/workspaces/workspaces/legged-robots/my_workspace/build/simulator:/workspaces/workspaces/legged-robots/my_workspace/install/simulator/lib/python3.12/site-packages:${PYTHONPATH} /usr/bin/python3 -W ignore:setup.py install is deprecated -W ignore:easy_install command is deprecated setup.py develop --editable --build-directory /workspaces/workspaces/legged-robots/my_workspace/build/bullet_sims/build --no-deps symlink_data
[0.646s] running develop
[0.730s] running egg_info
[0.738s] writing bullet_sims.egg-info/PKG-INFO
[0.738s] writing dependency_links to bullet_sims.egg-info/dependency_links.txt
[0.738s] writing entry points to bullet_sims.egg-info/entry_points.txt
[0.739s] writing requirements to bullet_sims.egg-info/requires.txt
[0.739s] writing top-level names to bullet_sims.egg-info/top_level.txt
[0.887s] writing manifest file 'bullet_sims.egg-info/SOURCES.txt'
[0.896s] running build_ext
[0.896s] Creating /workspaces/workspaces/legged-robots/my_workspace/install/bullet_sims/lib/python3.12/site-packages/bullet-sims.egg-link (link to .)
[0.896s] Installing interactive_marker_hand script to /workspaces/workspaces/legged-robots/my_workspace/install/bullet_sims/lib/bullet_sims
[0.896s] Installing t21 script to /workspaces/workspaces/legged-robots/my_workspace/install/bullet_sims/lib/bullet_sims
[0.897s] Installing t22 script to /workspaces/workspaces/legged-robots/my_workspace/install/bullet_sims/lib/bullet_sims
[0.897s] Installing t23 script to /workspaces/workspaces/legged-robots/my_workspace/install/bullet_sims/lib/bullet_sims
[0.897s] Installing t2_temp script to /workspaces/workspaces/legged-robots/my_workspace/install/bullet_sims/lib/bullet_sims
[0.897s] Installing t3_main script to /workspaces/workspaces/legged-robots/my_workspace/install/bullet_sims/lib/bullet_sims
[0.897s] 
[0.897s] Installed /workspaces/workspaces/legged-robots/my_workspace/build/bullet_sims
[0.898s] running symlink_data
[0.920s] Invoked command in '/workspaces/workspaces/legged-robots/my_workspace/build/bullet_sims' returned '0': AMENT_PREFIX_PATH=/workspaces/workspaces/legged-robots/my_workspace/install/talos_description:/workspaces/workspaces/legged-robots/my_workspace/install/simulator:/workspaces/workspaces/legged-robots/my_workspace/install/reemc_description:${AMENT_PREFIX_PATH} CMAKE_PREFIX_PATH=/workspaces/workspaces/legged-robots/my_workspace/install/talos_description:/workspaces/workspaces/legged-robots/my_workspace/install/reemc_description:${CMAKE_PREFIX_PATH} PYTHONPATH=/workspaces/workspaces/legged-robots/my_workspace/build/bullet_sims/prefix_override:/usr/lib/python3/dist-packages/colcon_core/task/python/colcon_distutils_commands:/workspaces/workspaces/legged-robots/my_workspace/install/bullet_sims/lib/python3.12/site-packages:/workspaces/workspaces/legged-robots/my_workspace/build/simulator:/workspaces/workspaces/legged-robots/my_workspace/install/simulator/lib/python3.12/site-packages:${PYTHONPATH} /usr/bin/python3 -W ignore:setup.py install is deprecated -W ignore:easy_install command is deprecated setup.py develop --editable --build-directory /workspaces/workspaces/legged-robots/my_workspace/build/bullet_sims/build --no-deps symlink_data
