[1.251s] Invoking command in '/workspaces/workspaces/my_workspace/src/bullet_sims': AMENT_PREFIX_PATH=/workspaces/workspaces/my_workspace/install/talos_description:/workspaces/workspaces/my_workspace/install/simulator:/workspaces/workspaces/my_workspace/install/reemc_description:${AMENT_PREFIX_PATH} CMAKE_PREFIX_PATH=/workspaces/workspaces/my_workspace/install/talos_description:/workspaces/workspaces/my_workspace/install/reemc_description:${CMAKE_PREFIX_PATH} PYTHONPATH=/workspaces/workspaces/my_workspace/build/bullet_sims/prefix_override:/usr/lib/python3/dist-packages/colcon_core/task/python/colcon_distutils_commands:/workspaces/workspaces/my_workspace/install/bullet_sims/lib/python3.12/site-packages:/workspaces/workspaces/my_workspace/install/simulator/lib/python3.12/site-packages:${PYTHONPATH} /usr/bin/python3 -W ignore:setup.py install is deprecated -W ignore:easy_install command is deprecated setup.py egg_info --egg-base ../../build/bullet_sims build --build-base /workspaces/workspaces/my_workspace/build/bullet_sims/build install --record /workspaces/workspaces/my_workspace/build/bullet_sims/install.log --single-version-externally-managed install_data
[1.653s] running egg_info
[1.654s] creating ../../build/bullet_sims/bullet_sims.egg-info
[1.680s] writing ../../build/bullet_sims/bullet_sims.egg-info/PKG-INFO
[1.680s] writing dependency_links to ../../build/bullet_sims/bullet_sims.egg-info/dependency_links.txt
[1.681s] writing requirements to ../../build/bullet_sims/bullet_sims.egg-info/requires.txt
[1.681s] writing top-level names to ../../build/bullet_sims/bullet_sims.egg-info/top_level.txt
[1.682s] writing manifest file '../../build/bullet_sims/bullet_sims.egg-info/SOURCES.txt'
[2.027s] reading manifest file '../../build/bullet_sims/bullet_sims.egg-info/SOURCES.txt'
[2.029s] writing manifest file '../../build/bullet_sims/bullet_sims.egg-info/SOURCES.txt'
[2.030s] running build
[2.030s] running build_py
[2.031s] creating /workspaces/workspaces/my_workspace/build/bullet_sims/build
[2.031s] creating /workspaces/workspaces/my_workspace/build/bullet_sims/build/lib
[2.031s] creating /workspaces/workspaces/my_workspace/build/bullet_sims/build/lib/bullet_sims
[2.032s] copying bullet_sims/__init__.py -> /workspaces/workspaces/my_workspace/build/bullet_sims/build/lib/bullet_sims
[2.032s] running install
[2.057s] running install_lib
[2.085s] creating /workspaces/workspaces/my_workspace/install/bullet_sims/lib/python3.12/site-packages/bullet_sims
[2.085s] copying /workspaces/workspaces/my_workspace/build/bullet_sims/build/lib/bullet_sims/__init__.py -> /workspaces/workspaces/my_workspace/install/bullet_sims/lib/python3.12/site-packages/bullet_sims
[2.086s] byte-compiling /workspaces/workspaces/my_workspace/install/bullet_sims/lib/python3.12/site-packages/bullet_sims/__init__.py to __init__.cpython-312.pyc
[2.086s] running install_data
[2.086s] creating /workspaces/workspaces/my_workspace/install/bullet_sims/share/ament_index
[2.087s] creating /workspaces/workspaces/my_workspace/install/bullet_sims/share/ament_index/resource_index
[2.087s] creating /workspaces/workspaces/my_workspace/install/bullet_sims/share/ament_index/resource_index/packages
[2.087s] copying resource/bullet_sims -> /workspaces/workspaces/my_workspace/install/bullet_sims/share/ament_index/resource_index/packages
[2.088s] copying package.xml -> /workspaces/workspaces/my_workspace/install/bullet_sims/share/bullet_sims
[2.088s] running install_egg_info
[2.112s] Copying ../../build/bullet_sims/bullet_sims.egg-info to /workspaces/workspaces/my_workspace/install/bullet_sims/lib/python3.12/site-packages/bullet_sims-0.0.0-py3.12.egg-info
[2.113s] running install_scripts
[2.295s] writing list of installed files to '/workspaces/workspaces/my_workspace/build/bullet_sims/install.log'
[2.345s] Invoked command in '/workspaces/workspaces/my_workspace/src/bullet_sims' returned '0': AMENT_PREFIX_PATH=/workspaces/workspaces/my_workspace/install/talos_description:/workspaces/workspaces/my_workspace/install/simulator:/workspaces/workspaces/my_workspace/install/reemc_description:${AMENT_PREFIX_PATH} CMAKE_PREFIX_PATH=/workspaces/workspaces/my_workspace/install/talos_description:/workspaces/workspaces/my_workspace/install/reemc_description:${CMAKE_PREFIX_PATH} PYTHONPATH=/workspaces/workspaces/my_workspace/build/bullet_sims/prefix_override:/usr/lib/python3/dist-packages/colcon_core/task/python/colcon_distutils_commands:/workspaces/workspaces/my_workspace/install/bullet_sims/lib/python3.12/site-packages:/workspaces/workspaces/my_workspace/install/simulator/lib/python3.12/site-packages:${PYTHONPATH} /usr/bin/python3 -W ignore:setup.py install is deprecated -W ignore:easy_install command is deprecated setup.py egg_info --egg-base ../../build/bullet_sims build --build-base /workspaces/workspaces/my_workspace/build/bullet_sims/build install --record /workspaces/workspaces/my_workspace/build/bullet_sims/install.log --single-version-externally-managed install_data
