[1.756s] Invoking command in '/workspaces/workspaces/my_workspace/src/simulator': PYTHONPATH=/workspaces/workspaces/my_workspace/build/simulator/prefix_override:/usr/lib/python3/dist-packages/colcon_core/task/python/colcon_distutils_commands:/workspaces/workspaces/my_workspace/install/simulator/lib/python3.12/site-packages:${PYTHONPATH} /usr/bin/python3 -W ignore:setup.py install is deprecated -W ignore:easy_install command is deprecated setup.py egg_info --egg-base ../../build/simulator build --build-base /workspaces/workspaces/my_workspace/build/simulator/build install --record /workspaces/workspaces/my_workspace/build/simulator/install.log --single-version-externally-managed install_data
[2.198s] running egg_info
[2.199s] creating ../../build/simulator/simulator.egg-info
[2.231s] writing ../../build/simulator/simulator.egg-info/PKG-INFO
[2.231s] writing dependency_links to ../../build/simulator/simulator.egg-info/dependency_links.txt
[2.231s] writing requirements to ../../build/simulator/simulator.egg-info/requires.txt
[2.231s] writing top-level names to ../../build/simulator/simulator.egg-info/top_level.txt
[2.232s] writing manifest file '../../build/simulator/simulator.egg-info/SOURCES.txt'
[2.687s] reading manifest file '../../build/simulator/simulator.egg-info/SOURCES.txt'
[2.688s] writing manifest file '../../build/simulator/simulator.egg-info/SOURCES.txt'
[2.688s] running build
[2.688s] running build_py
[2.689s] creating /workspaces/workspaces/my_workspace/build/simulator/build
[2.689s] creating /workspaces/workspaces/my_workspace/build/simulator/build/lib
[2.689s] creating /workspaces/workspaces/my_workspace/build/simulator/build/lib/simulator
[2.690s] copying simulator/__init__.py -> /workspaces/workspaces/my_workspace/build/simulator/build/lib/simulator
[2.690s] copying simulator/utilities.py -> /workspaces/workspaces/my_workspace/build/simulator/build/lib/simulator
[2.690s] copying simulator/robot.py -> /workspaces/workspaces/my_workspace/build/simulator/build/lib/simulator
[2.691s] copying simulator/pybullet_wrapper.py -> /workspaces/workspaces/my_workspace/build/simulator/build/lib/simulator
[2.691s] copying simulator/body.py -> /workspaces/workspaces/my_workspace/build/simulator/build/lib/simulator
[2.691s] copying simulator/objects.py -> /workspaces/workspaces/my_workspace/build/simulator/build/lib/simulator
[2.691s] running install
[2.704s] running install_lib
[2.740s] creating /workspaces/workspaces/my_workspace/install/simulator/lib/python3.12/site-packages/simulator
[2.741s] copying /workspaces/workspaces/my_workspace/build/simulator/build/lib/simulator/__init__.py -> /workspaces/workspaces/my_workspace/install/simulator/lib/python3.12/site-packages/simulator
[2.741s] copying /workspaces/workspaces/my_workspace/build/simulator/build/lib/simulator/utilities.py -> /workspaces/workspaces/my_workspace/install/simulator/lib/python3.12/site-packages/simulator
[2.741s] copying /workspaces/workspaces/my_workspace/build/simulator/build/lib/simulator/robot.py -> /workspaces/workspaces/my_workspace/install/simulator/lib/python3.12/site-packages/simulator
[2.741s] copying /workspaces/workspaces/my_workspace/build/simulator/build/lib/simulator/pybullet_wrapper.py -> /workspaces/workspaces/my_workspace/install/simulator/lib/python3.12/site-packages/simulator
[2.741s] copying /workspaces/workspaces/my_workspace/build/simulator/build/lib/simulator/body.py -> /workspaces/workspaces/my_workspace/install/simulator/lib/python3.12/site-packages/simulator
[2.742s] copying /workspaces/workspaces/my_workspace/build/simulator/build/lib/simulator/objects.py -> /workspaces/workspaces/my_workspace/install/simulator/lib/python3.12/site-packages/simulator
[2.743s] byte-compiling /workspaces/workspaces/my_workspace/install/simulator/lib/python3.12/site-packages/simulator/__init__.py to __init__.cpython-312.pyc
[2.743s] byte-compiling /workspaces/workspaces/my_workspace/install/simulator/lib/python3.12/site-packages/simulator/utilities.py to utilities.cpython-312.pyc
[2.745s] byte-compiling /workspaces/workspaces/my_workspace/install/simulator/lib/python3.12/site-packages/simulator/robot.py to robot.cpython-312.pyc
[2.750s] byte-compiling /workspaces/workspaces/my_workspace/install/simulator/lib/python3.12/site-packages/simulator/pybullet_wrapper.py to pybullet_wrapper.cpython-312.pyc
[2.761s] byte-compiling /workspaces/workspaces/my_workspace/install/simulator/lib/python3.12/site-packages/simulator/body.py to body.cpython-312.pyc
[2.766s] byte-compiling /workspaces/workspaces/my_workspace/install/simulator/lib/python3.12/site-packages/simulator/objects.py to objects.cpython-312.pyc
[2.768s] running install_data
[2.768s] creating /workspaces/workspaces/my_workspace/install/simulator/share/ament_index
[2.769s] creating /workspaces/workspaces/my_workspace/install/simulator/share/ament_index/resource_index
[2.769s] creating /workspaces/workspaces/my_workspace/install/simulator/share/ament_index/resource_index/packages
[2.770s] copying resource/simulator -> /workspaces/workspaces/my_workspace/install/simulator/share/ament_index/resource_index/packages
[2.770s] copying package.xml -> /workspaces/workspaces/my_workspace/install/simulator/share/simulator
[2.770s] running install_egg_info
[2.799s] Copying ../../build/simulator/simulator.egg-info to /workspaces/workspaces/my_workspace/install/simulator/lib/python3.12/site-packages/simulator-0.0.0-py3.12.egg-info
[2.801s] running install_scripts
[3.009s] writing list of installed files to '/workspaces/workspaces/my_workspace/build/simulator/install.log'
[3.069s] Invoked command in '/workspaces/workspaces/my_workspace/src/simulator' returned '0': PYTHONPATH=/workspaces/workspaces/my_workspace/build/simulator/prefix_override:/usr/lib/python3/dist-packages/colcon_core/task/python/colcon_distutils_commands:/workspaces/workspaces/my_workspace/install/simulator/lib/python3.12/site-packages:${PYTHONPATH} /usr/bin/python3 -W ignore:setup.py install is deprecated -W ignore:easy_install command is deprecated setup.py egg_info --egg-base ../../build/simulator build --build-base /workspaces/workspaces/my_workspace/build/simulator/build install --record /workspaces/workspaces/my_workspace/build/simulator/install.log --single-version-externally-managed install_data
