[0.051s] DEBUG:colcon:Command line arguments: ['/usr/bin/colcon', 'build', '--symlink-install']
[0.051s] DEBUG:colcon:Parsed command line arguments: Namespace(log_base=None, log_level=None, verb_name='build', build_base='build', install_base='install', merge_install=False, symlink_install=True, test_result_base=None, continue_on_error=False, executor='parallel', parallel_workers=24, event_handlers=None, ignore_user_meta=False, metas=['./colcon.meta'], base_paths=['.'], packages_ignore=None, packages_ignore_regex=None, paths=None, packages_up_to=None, packages_up_to_regex=None, packages_above=None, packages_above_and_dependencies=None, packages_above_depth=None, packages_select_by_dep=None, packages_skip_by_dep=None, packages_skip_up_to=None, packages_select_build_failed=False, packages_skip_build_finished=False, packages_select_test_failures=False, packages_skip_test_passed=False, packages_select=None, packages_skip=None, packages_select_regex=None, packages_skip_regex=None, packages_start=None, packages_end=None, cmake_args=None, cmake_target=None, cmake_target_skip_unavailable=False, cmake_clean_cache=False, cmake_clean_first=False, cmake_force_configure=False, ament_cmake_args=None, catkin_cmake_args=None, catkin_skip_building_tests=False, mixin_files=None, mixin=None, verb_parser=<colcon_mixin.mixin.mixin_argument.MixinArgumentDecorator object at 0x72786a45d220>, verb_extension=<colcon_core.verb.build.BuildVerb object at 0x72786957ce60>, main=<bound method BuildVerb.main of <colcon_core.verb.build.BuildVerb object at 0x72786957ce60>>, mixin_verb=('build',))
[0.069s] Level 1:colcon.colcon_core.package_discovery:discover_packages(colcon_meta) check parameters
[0.070s] Level 1:colcon.colcon_core.package_discovery:discover_packages(recursive) check parameters
[0.070s] Level 1:colcon.colcon_core.package_discovery:discover_packages(ignore) check parameters
[0.070s] Level 1:colcon.colcon_core.package_discovery:discover_packages(path) check parameters
[0.070s] Level 1:colcon.colcon_core.package_discovery:discover_packages(colcon_meta) discover
[0.070s] Level 1:colcon.colcon_core.package_discovery:discover_packages(recursive) discover
[0.070s] INFO:colcon.colcon_core.package_discovery:Crawling recursively for packages in '/workspaces/workspaces/legged-robots/my_workspace'
[0.070s] Level 1:colcon.colcon_core.package_identification:_identify(.) by extensions ['ignore', 'ignore_ament_install']
[0.070s] Level 1:colcon.colcon_core.package_identification:_identify(.) by extension 'ignore'
[0.070s] Level 1:colcon.colcon_core.package_identification:_identify(.) by extension 'ignore_ament_install'
[0.070s] Level 1:colcon.colcon_core.package_identification:_identify(.) by extensions ['colcon_pkg']
[0.070s] Level 1:colcon.colcon_core.package_identification:_identify(.) by extension 'colcon_pkg'
[0.070s] Level 1:colcon.colcon_core.package_identification:_identify(.) by extensions ['colcon_meta']
[0.070s] Level 1:colcon.colcon_core.package_identification:_identify(.) by extension 'colcon_meta'
[0.070s] Level 1:colcon.colcon_core.package_identification:_identify(.) by extensions ['ros']
[0.070s] Level 1:colcon.colcon_core.package_identification:_identify(.) by extension 'ros'
[0.082s] Level 1:colcon.colcon_core.package_identification:_identify(.) by extensions ['cmake', 'python']
[0.082s] Level 1:colcon.colcon_core.package_identification:_identify(.) by extension 'cmake'
[0.082s] Level 1:colcon.colcon_core.package_identification:_identify(.) by extension 'python'
[0.082s] Level 1:colcon.colcon_core.package_identification:_identify(.) by extensions ['python_setup_py']
[0.082s] Level 1:colcon.colcon_core.package_identification:_identify(.) by extension 'python_setup_py'
[0.082s] Level 1:colcon.colcon_core.package_identification:_identify(build) by extensions ['ignore', 'ignore_ament_install']
[0.082s] Level 1:colcon.colcon_core.package_identification:_identify(build) by extension 'ignore'
[0.082s] Level 1:colcon.colcon_core.package_identification:_identify(build) ignored
[0.082s] Level 1:colcon.colcon_core.package_identification:_identify(install) by extensions ['ignore', 'ignore_ament_install']
[0.082s] Level 1:colcon.colcon_core.package_identification:_identify(install) by extension 'ignore'
[0.082s] Level 1:colcon.colcon_core.package_identification:_identify(install) ignored
[0.083s] Level 1:colcon.colcon_core.package_identification:_identify(log) by extensions ['ignore', 'ignore_ament_install']
[0.083s] Level 1:colcon.colcon_core.package_identification:_identify(log) by extension 'ignore'
[0.083s] Level 1:colcon.colcon_core.package_identification:_identify(log) ignored
[0.083s] Level 1:colcon.colcon_core.package_identification:_identify(src) by extensions ['ignore', 'ignore_ament_install']
[0.083s] Level 1:colcon.colcon_core.package_identification:_identify(src) by extension 'ignore'
[0.083s] Level 1:colcon.colcon_core.package_identification:_identify(src) by extension 'ignore_ament_install'
[0.083s] Level 1:colcon.colcon_core.package_identification:_identify(src) by extensions ['colcon_pkg']
[0.083s] Level 1:colcon.colcon_core.package_identification:_identify(src) by extension 'colcon_pkg'
[0.083s] Level 1:colcon.colcon_core.package_identification:_identify(src) by extensions ['colcon_meta']
[0.083s] Level 1:colcon.colcon_core.package_identification:_identify(src) by extension 'colcon_meta'
[0.083s] Level 1:colcon.colcon_core.package_identification:_identify(src) by extensions ['ros']
[0.083s] Level 1:colcon.colcon_core.package_identification:_identify(src) by extension 'ros'
[0.083s] Level 1:colcon.colcon_core.package_identification:_identify(src) by extensions ['cmake', 'python']
[0.083s] Level 1:colcon.colcon_core.package_identification:_identify(src) by extension 'cmake'
[0.083s] Level 1:colcon.colcon_core.package_identification:_identify(src) by extension 'python'
[0.083s] Level 1:colcon.colcon_core.package_identification:_identify(src) by extensions ['python_setup_py']
[0.083s] Level 1:colcon.colcon_core.package_identification:_identify(src) by extension 'python_setup_py'
[0.083s] Level 1:colcon.colcon_core.package_identification:_identify(src/bullet_sims) by extensions ['ignore', 'ignore_ament_install']
[0.083s] Level 1:colcon.colcon_core.package_identification:_identify(src/bullet_sims) by extension 'ignore'
[0.083s] Level 1:colcon.colcon_core.package_identification:_identify(src/bullet_sims) by extension 'ignore_ament_install'
[0.083s] Level 1:colcon.colcon_core.package_identification:_identify(src/bullet_sims) by extensions ['colcon_pkg']
[0.083s] Level 1:colcon.colcon_core.package_identification:_identify(src/bullet_sims) by extension 'colcon_pkg'
[0.083s] Level 1:colcon.colcon_core.package_identification:_identify(src/bullet_sims) by extensions ['colcon_meta']
[0.083s] Level 1:colcon.colcon_core.package_identification:_identify(src/bullet_sims) by extension 'colcon_meta'
[0.083s] Level 1:colcon.colcon_core.package_identification:_identify(src/bullet_sims) by extensions ['ros']
[0.083s] Level 1:colcon.colcon_core.package_identification:_identify(src/bullet_sims) by extension 'ros'
[0.085s] DEBUG:colcon.colcon_core.package_identification:Package 'src/bullet_sims' with type 'ros.ament_python' and name 'bullet_sims'
[0.085s] Level 1:colcon.colcon_core.package_identification:_identify(src/reemc_description) by extensions ['ignore', 'ignore_ament_install']
[0.085s] Level 1:colcon.colcon_core.package_identification:_identify(src/reemc_description) by extension 'ignore'
[0.085s] Level 1:colcon.colcon_core.package_identification:_identify(src/reemc_description) by extension 'ignore_ament_install'
[0.085s] Level 1:colcon.colcon_core.package_identification:_identify(src/reemc_description) by extensions ['colcon_pkg']
[0.085s] Level 1:colcon.colcon_core.package_identification:_identify(src/reemc_description) by extension 'colcon_pkg'
[0.085s] Level 1:colcon.colcon_core.package_identification:_identify(src/reemc_description) by extensions ['colcon_meta']
[0.085s] Level 1:colcon.colcon_core.package_identification:_identify(src/reemc_description) by extension 'colcon_meta'
[0.085s] Level 1:colcon.colcon_core.package_identification:_identify(src/reemc_description) by extensions ['ros']
[0.085s] Level 1:colcon.colcon_core.package_identification:_identify(src/reemc_description) by extension 'ros'
[0.085s] DEBUG:colcon.colcon_core.package_identification:Package 'src/reemc_description' with type 'ros.ament_cmake' and name 'reemc_description'
[0.085s] Level 1:colcon.colcon_core.package_identification:_identify(src/ros_visuals) by extensions ['ignore', 'ignore_ament_install']
[0.085s] Level 1:colcon.colcon_core.package_identification:_identify(src/ros_visuals) by extension 'ignore'
[0.085s] Level 1:colcon.colcon_core.package_identification:_identify(src/ros_visuals) by extension 'ignore_ament_install'
[0.085s] Level 1:colcon.colcon_core.package_identification:_identify(src/ros_visuals) by extensions ['colcon_pkg']
[0.085s] Level 1:colcon.colcon_core.package_identification:_identify(src/ros_visuals) by extension 'colcon_pkg'
[0.085s] Level 1:colcon.colcon_core.package_identification:_identify(src/ros_visuals) by extensions ['colcon_meta']
[0.085s] Level 1:colcon.colcon_core.package_identification:_identify(src/ros_visuals) by extension 'colcon_meta'
[0.085s] Level 1:colcon.colcon_core.package_identification:_identify(src/ros_visuals) by extensions ['ros']
[0.085s] Level 1:colcon.colcon_core.package_identification:_identify(src/ros_visuals) by extension 'ros'
[0.085s] DEBUG:colcon.colcon_core.package_identification:Package 'src/ros_visuals' with type 'ros.ament_python' and name 'ros_visuals'
[0.086s] Level 1:colcon.colcon_core.package_identification:_identify(src/simulator) by extensions ['ignore', 'ignore_ament_install']
[0.086s] Level 1:colcon.colcon_core.package_identification:_identify(src/simulator) by extension 'ignore'
[0.086s] Level 1:colcon.colcon_core.package_identification:_identify(src/simulator) by extension 'ignore_ament_install'
[0.086s] Level 1:colcon.colcon_core.package_identification:_identify(src/simulator) by extensions ['colcon_pkg']
[0.086s] Level 1:colcon.colcon_core.package_identification:_identify(src/simulator) by extension 'colcon_pkg'
[0.086s] Level 1:colcon.colcon_core.package_identification:_identify(src/simulator) by extensions ['colcon_meta']
[0.086s] Level 1:colcon.colcon_core.package_identification:_identify(src/simulator) by extension 'colcon_meta'
[0.086s] Level 1:colcon.colcon_core.package_identification:_identify(src/simulator) by extensions ['ros']
[0.086s] Level 1:colcon.colcon_core.package_identification:_identify(src/simulator) by extension 'ros'
[0.086s] DEBUG:colcon.colcon_core.package_identification:Package 'src/simulator' with type 'ros.ament_python' and name 'simulator'
[0.086s] Level 1:colcon.colcon_core.package_identification:_identify(src/talos_description) by extensions ['ignore', 'ignore_ament_install']
[0.086s] Level 1:colcon.colcon_core.package_identification:_identify(src/talos_description) by extension 'ignore'
[0.086s] Level 1:colcon.colcon_core.package_identification:_identify(src/talos_description) by extension 'ignore_ament_install'
[0.086s] Level 1:colcon.colcon_core.package_identification:_identify(src/talos_description) by extensions ['colcon_pkg']
[0.086s] Level 1:colcon.colcon_core.package_identification:_identify(src/talos_description) by extension 'colcon_pkg'
[0.086s] Level 1:colcon.colcon_core.package_identification:_identify(src/talos_description) by extensions ['colcon_meta']
[0.086s] Level 1:colcon.colcon_core.package_identification:_identify(src/talos_description) by extension 'colcon_meta'
[0.086s] Level 1:colcon.colcon_core.package_identification:_identify(src/talos_description) by extensions ['ros']
[0.086s] Level 1:colcon.colcon_core.package_identification:_identify(src/talos_description) by extension 'ros'
[0.086s] DEBUG:colcon.colcon_core.package_identification:Package 'src/talos_description' with type 'ros.ament_cmake' and name 'talos_description'
[0.086s] Level 1:colcon.colcon_core.package_identification:_identify(src/whole_body_control) by extensions ['ignore', 'ignore_ament_install']
[0.086s] Level 1:colcon.colcon_core.package_identification:_identify(src/whole_body_control) by extension 'ignore'
[0.086s] Level 1:colcon.colcon_core.package_identification:_identify(src/whole_body_control) by extension 'ignore_ament_install'
[0.086s] Level 1:colcon.colcon_core.package_identification:_identify(src/whole_body_control) by extensions ['colcon_pkg']
[0.086s] Level 1:colcon.colcon_core.package_identification:_identify(src/whole_body_control) by extension 'colcon_pkg'
[0.086s] Level 1:colcon.colcon_core.package_identification:_identify(src/whole_body_control) by extensions ['colcon_meta']
[0.086s] Level 1:colcon.colcon_core.package_identification:_identify(src/whole_body_control) by extension 'colcon_meta'
[0.086s] Level 1:colcon.colcon_core.package_identification:_identify(src/whole_body_control) by extensions ['ros']
[0.086s] Level 1:colcon.colcon_core.package_identification:_identify(src/whole_body_control) by extension 'ros'
[0.087s] DEBUG:colcon.colcon_core.package_identification:Package 'src/whole_body_control' with type 'ros.ament_python' and name 'whole_body_control'
[0.087s] Level 1:colcon.colcon_core.package_discovery:discover_packages(recursive) using defaults
[0.087s] Level 1:colcon.colcon_core.package_discovery:discover_packages(ignore) discover
[0.087s] Level 1:colcon.colcon_core.package_discovery:discover_packages(ignore) using defaults
[0.087s] Level 1:colcon.colcon_core.package_discovery:discover_packages(path) discover
[0.087s] Level 1:colcon.colcon_core.package_discovery:discover_packages(path) using defaults
[0.096s] Level 5:colcon.colcon_core.verb:set package 'reemc_description' build argument 'cmake_args' from command line to 'None'
[0.096s] Level 5:colcon.colcon_core.verb:set package 'reemc_description' build argument 'cmake_target' from command line to 'None'
[0.096s] Level 5:colcon.colcon_core.verb:set package 'reemc_description' build argument 'cmake_target_skip_unavailable' from command line to 'False'
[0.096s] Level 5:colcon.colcon_core.verb:set package 'reemc_description' build argument 'cmake_clean_cache' from command line to 'False'
[0.096s] Level 5:colcon.colcon_core.verb:set package 'reemc_description' build argument 'cmake_clean_first' from command line to 'False'
[0.096s] Level 5:colcon.colcon_core.verb:set package 'reemc_description' build argument 'cmake_force_configure' from command line to 'False'
[0.096s] Level 5:colcon.colcon_core.verb:set package 'reemc_description' build argument 'ament_cmake_args' from command line to 'None'
[0.096s] Level 5:colcon.colcon_core.verb:set package 'reemc_description' build argument 'catkin_cmake_args' from command line to 'None'
[0.096s] Level 5:colcon.colcon_core.verb:set package 'reemc_description' build argument 'catkin_skip_building_tests' from command line to 'False'
[0.096s] DEBUG:colcon.colcon_core.verb:Building package 'reemc_description' with the following arguments: {'ament_cmake_args': None, 'build_base': '/workspaces/workspaces/legged-robots/my_workspace/build/reemc_description', 'catkin_cmake_args': None, 'catkin_skip_building_tests': False, 'cmake_args': None, 'cmake_clean_cache': False, 'cmake_clean_first': False, 'cmake_force_configure': False, 'cmake_target': None, 'cmake_target_skip_unavailable': False, 'install_base': '/workspaces/workspaces/legged-robots/my_workspace/install/reemc_description', 'merge_install': False, 'path': '/workspaces/workspaces/legged-robots/my_workspace/src/reemc_description', 'symlink_install': True, 'test_result_base': None}
[0.096s] Level 5:colcon.colcon_core.verb:set package 'ros_visuals' build argument 'cmake_args' from command line to 'None'
[0.096s] Level 5:colcon.colcon_core.verb:set package 'ros_visuals' build argument 'cmake_target' from command line to 'None'
[0.096s] Level 5:colcon.colcon_core.verb:set package 'ros_visuals' build argument 'cmake_target_skip_unavailable' from command line to 'False'
[0.096s] Level 5:colcon.colcon_core.verb:set package 'ros_visuals' build argument 'cmake_clean_cache' from command line to 'False'
[0.096s] Level 5:colcon.colcon_core.verb:set package 'ros_visuals' build argument 'cmake_clean_first' from command line to 'False'
[0.096s] Level 5:colcon.colcon_core.verb:set package 'ros_visuals' build argument 'cmake_force_configure' from command line to 'False'
[0.096s] Level 5:colcon.colcon_core.verb:set package 'ros_visuals' build argument 'ament_cmake_args' from command line to 'None'
[0.096s] Level 5:colcon.colcon_core.verb:set package 'ros_visuals' build argument 'catkin_cmake_args' from command line to 'None'
[0.096s] Level 5:colcon.colcon_core.verb:set package 'ros_visuals' build argument 'catkin_skip_building_tests' from command line to 'False'
[0.096s] DEBUG:colcon.colcon_core.verb:Building package 'ros_visuals' with the following arguments: {'ament_cmake_args': None, 'build_base': '/workspaces/workspaces/legged-robots/my_workspace/build/ros_visuals', 'catkin_cmake_args': None, 'catkin_skip_building_tests': False, 'cmake_args': None, 'cmake_clean_cache': False, 'cmake_clean_first': False, 'cmake_force_configure': False, 'cmake_target': None, 'cmake_target_skip_unavailable': False, 'install_base': '/workspaces/workspaces/legged-robots/my_workspace/install/ros_visuals', 'merge_install': False, 'path': '/workspaces/workspaces/legged-robots/my_workspace/src/ros_visuals', 'symlink_install': True, 'test_result_base': None}
[0.096s] Level 5:colcon.colcon_core.verb:set package 'simulator' build argument 'cmake_args' from command line to 'None'
[0.096s] Level 5:colcon.colcon_core.verb:set package 'simulator' build argument 'cmake_target' from command line to 'None'
[0.096s] Level 5:colcon.colcon_core.verb:set package 'simulator' build argument 'cmake_target_skip_unavailable' from command line to 'False'
[0.096s] Level 5:colcon.colcon_core.verb:set package 'simulator' build argument 'cmake_clean_cache' from command line to 'False'
[0.096s] Level 5:colcon.colcon_core.verb:set package 'simulator' build argument 'cmake_clean_first' from command line to 'False'
[0.096s] Level 5:colcon.colcon_core.verb:set package 'simulator' build argument 'cmake_force_configure' from command line to 'False'
[0.096s] Level 5:colcon.colcon_core.verb:set package 'simulator' build argument 'ament_cmake_args' from command line to 'None'
[0.096s] Level 5:colcon.colcon_core.verb:set package 'simulator' build argument 'catkin_cmake_args' from command line to 'None'
[0.096s] Level 5:colcon.colcon_core.verb:set package 'simulator' build argument 'catkin_skip_building_tests' from command line to 'False'
[0.096s] DEBUG:colcon.colcon_core.verb:Building package 'simulator' with the following arguments: {'ament_cmake_args': None, 'build_base': '/workspaces/workspaces/legged-robots/my_workspace/build/simulator', 'catkin_cmake_args': None, 'catkin_skip_building_tests': False, 'cmake_args': None, 'cmake_clean_cache': False, 'cmake_clean_first': False, 'cmake_force_configure': False, 'cmake_target': None, 'cmake_target_skip_unavailable': False, 'install_base': '/workspaces/workspaces/legged-robots/my_workspace/install/simulator', 'merge_install': False, 'path': '/workspaces/workspaces/legged-robots/my_workspace/src/simulator', 'symlink_install': True, 'test_result_base': None}
[0.096s] Level 5:colcon.colcon_core.verb:set package 'talos_description' build argument 'cmake_args' from command line to 'None'
[0.096s] Level 5:colcon.colcon_core.verb:set package 'talos_description' build argument 'cmake_target' from command line to 'None'
[0.096s] Level 5:colcon.colcon_core.verb:set package 'talos_description' build argument 'cmake_target_skip_unavailable' from command line to 'False'
[0.096s] Level 5:colcon.colcon_core.verb:set package 'talos_description' build argument 'cmake_clean_cache' from command line to 'False'
[0.096s] Level 5:colcon.colcon_core.verb:set package 'talos_description' build argument 'cmake_clean_first' from command line to 'False'
[0.096s] Level 5:colcon.colcon_core.verb:set package 'talos_description' build argument 'cmake_force_configure' from command line to 'False'
[0.096s] Level 5:colcon.colcon_core.verb:set package 'talos_description' build argument 'ament_cmake_args' from command line to 'None'
[0.096s] Level 5:colcon.colcon_core.verb:set package 'talos_description' build argument 'catkin_cmake_args' from command line to 'None'
[0.096s] Level 5:colcon.colcon_core.verb:set package 'talos_description' build argument 'catkin_skip_building_tests' from command line to 'False'
[0.096s] DEBUG:colcon.colcon_core.verb:Building package 'talos_description' with the following arguments: {'ament_cmake_args': None, 'build_base': '/workspaces/workspaces/legged-robots/my_workspace/build/talos_description', 'catkin_cmake_args': None, 'catkin_skip_building_tests': False, 'cmake_args': None, 'cmake_clean_cache': False, 'cmake_clean_first': False, 'cmake_force_configure': False, 'cmake_target': None, 'cmake_target_skip_unavailable': False, 'install_base': '/workspaces/workspaces/legged-robots/my_workspace/install/talos_description', 'merge_install': False, 'path': '/workspaces/workspaces/legged-robots/my_workspace/src/talos_description', 'symlink_install': True, 'test_result_base': None}
[0.096s] Level 5:colcon.colcon_core.verb:set package 'bullet_sims' build argument 'cmake_args' from command line to 'None'
[0.096s] Level 5:colcon.colcon_core.verb:set package 'bullet_sims' build argument 'cmake_target' from command line to 'None'
[0.096s] Level 5:colcon.colcon_core.verb:set package 'bullet_sims' build argument 'cmake_target_skip_unavailable' from command line to 'False'
[0.096s] Level 5:colcon.colcon_core.verb:set package 'bullet_sims' build argument 'cmake_clean_cache' from command line to 'False'
[0.096s] Level 5:colcon.colcon_core.verb:set package 'bullet_sims' build argument 'cmake_clean_first' from command line to 'False'
[0.096s] Level 5:colcon.colcon_core.verb:set package 'bullet_sims' build argument 'cmake_force_configure' from command line to 'False'
[0.096s] Level 5:colcon.colcon_core.verb:set package 'bullet_sims' build argument 'ament_cmake_args' from command line to 'None'
[0.096s] Level 5:colcon.colcon_core.verb:set package 'bullet_sims' build argument 'catkin_cmake_args' from command line to 'None'
[0.096s] Level 5:colcon.colcon_core.verb:set package 'bullet_sims' build argument 'catkin_skip_building_tests' from command line to 'False'
[0.096s] DEBUG:colcon.colcon_core.verb:Building package 'bullet_sims' with the following arguments: {'ament_cmake_args': None, 'build_base': '/workspaces/workspaces/legged-robots/my_workspace/build/bullet_sims', 'catkin_cmake_args': None, 'catkin_skip_building_tests': False, 'cmake_args': None, 'cmake_clean_cache': False, 'cmake_clean_first': False, 'cmake_force_configure': False, 'cmake_target': None, 'cmake_target_skip_unavailable': False, 'install_base': '/workspaces/workspaces/legged-robots/my_workspace/install/bullet_sims', 'merge_install': False, 'path': '/workspaces/workspaces/legged-robots/my_workspace/src/bullet_sims', 'symlink_install': True, 'test_result_base': None}
[0.096s] Level 5:colcon.colcon_core.verb:set package 'whole_body_control' build argument 'cmake_args' from command line to 'None'
[0.097s] Level 5:colcon.colcon_core.verb:set package 'whole_body_control' build argument 'cmake_target' from command line to 'None'
[0.097s] Level 5:colcon.colcon_core.verb:set package 'whole_body_control' build argument 'cmake_target_skip_unavailable' from command line to 'False'
[0.097s] Level 5:colcon.colcon_core.verb:set package 'whole_body_control' build argument 'cmake_clean_cache' from command line to 'False'
[0.097s] Level 5:colcon.colcon_core.verb:set package 'whole_body_control' build argument 'cmake_clean_first' from command line to 'False'
[0.097s] Level 5:colcon.colcon_core.verb:set package 'whole_body_control' build argument 'cmake_force_configure' from command line to 'False'
[0.097s] Level 5:colcon.colcon_core.verb:set package 'whole_body_control' build argument 'ament_cmake_args' from command line to 'None'
[0.097s] Level 5:colcon.colcon_core.verb:set package 'whole_body_control' build argument 'catkin_cmake_args' from command line to 'None'
[0.097s] Level 5:colcon.colcon_core.verb:set package 'whole_body_control' build argument 'catkin_skip_building_tests' from command line to 'False'
[0.097s] DEBUG:colcon.colcon_core.verb:Building package 'whole_body_control' with the following arguments: {'ament_cmake_args': None, 'build_base': '/workspaces/workspaces/legged-robots/my_workspace/build/whole_body_control', 'catkin_cmake_args': None, 'catkin_skip_building_tests': False, 'cmake_args': None, 'cmake_clean_cache': False, 'cmake_clean_first': False, 'cmake_force_configure': False, 'cmake_target': None, 'cmake_target_skip_unavailable': False, 'install_base': '/workspaces/workspaces/legged-robots/my_workspace/install/whole_body_control', 'merge_install': False, 'path': '/workspaces/workspaces/legged-robots/my_workspace/src/whole_body_control', 'symlink_install': True, 'test_result_base': None}
[0.097s] INFO:colcon.colcon_core.executor:Executing jobs using 'parallel' executor
[0.097s] DEBUG:colcon.colcon_parallel_executor.executor.parallel:run_until_complete
[0.097s] INFO:colcon.colcon_ros.task.ament_cmake.build:Building ROS package in '/workspaces/workspaces/legged-robots/my_workspace/src/reemc_description' with build type 'ament_cmake'
[0.097s] INFO:colcon.colcon_cmake.task.cmake.build:Building CMake package in '/workspaces/workspaces/legged-robots/my_workspace/src/reemc_description'
[0.098s] INFO:colcon.colcon_core.plugin_system:Skipping extension 'colcon_core.shell.bat': Not used on non-Windows systems
[0.099s] INFO:colcon.colcon_core.shell:Skip shell extension 'powershell' for command environment: Not usable outside of PowerShell
[0.099s] DEBUG:colcon.colcon_core.shell:Skip shell extension 'dsv' for command environment
[0.101s] INFO:colcon.colcon_ros.task.ament_python.build:Building ROS package in '/workspaces/workspaces/legged-robots/my_workspace/src/simulator' with build type 'ament_python'
[0.101s] Level 1:colcon.colcon_core.shell:create_environment_hook('simulator', 'ament_prefix_path')
[0.101s] INFO:colcon.colcon_core.shell:Creating environment hook '/workspaces/workspaces/legged-robots/my_workspace/install/simulator/share/simulator/hook/ament_prefix_path.ps1'
[0.101s] INFO:colcon.colcon_core.shell:Creating environment descriptor '/workspaces/workspaces/legged-robots/my_workspace/install/simulator/share/simulator/hook/ament_prefix_path.dsv'
[0.102s] INFO:colcon.colcon_core.shell:Creating environment hook '/workspaces/workspaces/legged-robots/my_workspace/install/simulator/share/simulator/hook/ament_prefix_path.sh'
[0.102s] INFO:colcon.colcon_core.shell:Skip shell extension 'powershell' for command environment: Not usable outside of PowerShell
[0.103s] DEBUG:colcon.colcon_core.shell:Skip shell extension 'dsv' for command environment
[0.104s] INFO:colcon.colcon_ros.task.ament_cmake.build:Building ROS package in '/workspaces/workspaces/legged-robots/my_workspace/src/talos_description' with build type 'ament_cmake'
[0.104s] INFO:colcon.colcon_cmake.task.cmake.build:Building CMake package in '/workspaces/workspaces/legged-robots/my_workspace/src/talos_description'
[0.104s] INFO:colcon.colcon_core.shell:Skip shell extension 'powershell' for command environment: Not usable outside of PowerShell
[0.104s] DEBUG:colcon.colcon_core.shell:Skip shell extension 'dsv' for command environment
[0.107s] INFO:colcon.colcon_ros.task.ament_python.build:Building ROS package in '/workspaces/workspaces/legged-robots/my_workspace/src/ros_visuals' with build type 'ament_python'
[0.107s] Level 1:colcon.colcon_core.shell:create_environment_hook('ros_visuals', 'ament_prefix_path')
[0.107s] INFO:colcon.colcon_core.shell:Creating environment hook '/workspaces/workspaces/legged-robots/my_workspace/install/ros_visuals/share/ros_visuals/hook/ament_prefix_path.ps1'
[0.107s] INFO:colcon.colcon_core.shell:Creating environment descriptor '/workspaces/workspaces/legged-robots/my_workspace/install/ros_visuals/share/ros_visuals/hook/ament_prefix_path.dsv'
[0.107s] INFO:colcon.colcon_core.shell:Creating environment hook '/workspaces/workspaces/legged-robots/my_workspace/install/ros_visuals/share/ros_visuals/hook/ament_prefix_path.sh'
[0.108s] INFO:colcon.colcon_core.shell:Skip shell extension 'powershell' for command environment: Not usable outside of PowerShell
[0.108s] DEBUG:colcon.colcon_core.shell:Skip shell extension 'dsv' for command environment
[0.112s] DEBUG:colcon.colcon_core.event_handler.log_command:Invoking command in '/workspaces/workspaces/legged-robots/my_workspace/build/reemc_description': CMAKE_PREFIX_PATH=${CMAKE_PREFIX_PATH}:/workspaces/workspaces/legged-robots/my_workspace/install/whole_body_control:/workspaces/workspaces/legged-robots/my_workspace/install/bullet_sims:/workspaces/workspaces/legged-robots/my_workspace/install/simulator:/workspaces/workspaces/legged-robots/my_workspace/install/ros_visuals:/opt/ros/rolling /usr/bin/cmake --build /workspaces/workspaces/legged-robots/my_workspace/build/reemc_description -- -j24 -l24
[0.226s] INFO:colcon.colcon_core.task.python.build:Building Python package in '/workspaces/workspaces/legged-robots/my_workspace/src/simulator'
[0.226s] INFO:colcon.colcon_core.shell:Skip shell extension 'powershell' for command environment: Not usable outside of PowerShell
[0.226s] DEBUG:colcon.colcon_core.shell:Skip shell extension 'dsv' for command environment
[0.230s] DEBUG:colcon.colcon_core.event_handler.log_command:Invoking command in '/workspaces/workspaces/legged-robots/my_workspace/build/talos_description': CMAKE_PREFIX_PATH=${CMAKE_PREFIX_PATH}:/workspaces/workspaces/legged-robots/my_workspace/install/whole_body_control:/workspaces/workspaces/legged-robots/my_workspace/install/bullet_sims:/workspaces/workspaces/legged-robots/my_workspace/install/simulator:/workspaces/workspaces/legged-robots/my_workspace/install/ros_visuals:/opt/ros/rolling /usr/bin/cmake --build /workspaces/workspaces/legged-robots/my_workspace/build/talos_description -- -j24 -l24
[0.232s] DEBUG:colcon.colcon_core.event_handler.log_command:Invoked command in '/workspaces/workspaces/legged-robots/my_workspace/build/reemc_description' returned '0': CMAKE_PREFIX_PATH=${CMAKE_PREFIX_PATH}:/workspaces/workspaces/legged-robots/my_workspace/install/whole_body_control:/workspaces/workspaces/legged-robots/my_workspace/install/bullet_sims:/workspaces/workspaces/legged-robots/my_workspace/install/simulator:/workspaces/workspaces/legged-robots/my_workspace/install/ros_visuals:/opt/ros/rolling /usr/bin/cmake --build /workspaces/workspaces/legged-robots/my_workspace/build/reemc_description -- -j24 -l24
[0.238s] DEBUG:colcon.colcon_core.event_handler.log_command:Invoking command in '/workspaces/workspaces/legged-robots/my_workspace/build/reemc_description': CMAKE_PREFIX_PATH=${CMAKE_PREFIX_PATH}:/workspaces/workspaces/legged-robots/my_workspace/install/whole_body_control:/workspaces/workspaces/legged-robots/my_workspace/install/bullet_sims:/workspaces/workspaces/legged-robots/my_workspace/install/simulator:/workspaces/workspaces/legged-robots/my_workspace/install/ros_visuals:/opt/ros/rolling /usr/bin/cmake --install /workspaces/workspaces/legged-robots/my_workspace/build/reemc_description
[0.348s] WARNING:colcon.colcon_ros.task.ament_python.build:Package 'ros_visuals' doesn't explicitly install a marker in the package index (colcon-ros currently does it implicitly but that fallback will be removed in the future)
[0.349s] WARNING:colcon.colcon_ros.task.ament_python.build:Package 'ros_visuals' doesn't explicitly install the 'package.xml' file (colcon-ros currently does it implicitly but that fallback will be removed in the future)
[0.349s] INFO:colcon.colcon_core.task.python.build:Building Python package in '/workspaces/workspaces/legged-robots/my_workspace/src/ros_visuals'
[0.349s] INFO:colcon.colcon_core.shell:Skip shell extension 'powershell' for command environment: Not usable outside of PowerShell
[0.349s] DEBUG:colcon.colcon_core.shell:Skip shell extension 'dsv' for command environment
[0.361s] Level 1:colcon.colcon_core.environment:create_environment_scripts_only(reemc_description)
[0.362s] Level 1:colcon.colcon_core.environment:checking '/workspaces/workspaces/legged-robots/my_workspace/install/reemc_description' for CMake module files
[0.363s] Level 1:colcon.colcon_core.environment:checking '/workspaces/workspaces/legged-robots/my_workspace/install/reemc_description' for CMake config files
[0.363s] Level 1:colcon.colcon_core.shell:create_environment_hook('reemc_description', 'cmake_prefix_path')
[0.363s] INFO:colcon.colcon_core.shell:Creating environment hook '/workspaces/workspaces/legged-robots/my_workspace/install/reemc_description/share/reemc_description/hook/cmake_prefix_path.ps1'
[0.364s] INFO:colcon.colcon_core.shell:Creating environment descriptor '/workspaces/workspaces/legged-robots/my_workspace/install/reemc_description/share/reemc_description/hook/cmake_prefix_path.dsv'
[0.364s] DEBUG:colcon.colcon_core.event_handler.log_command:Invoked command in '/workspaces/workspaces/legged-robots/my_workspace/build/talos_description' returned '0': CMAKE_PREFIX_PATH=${CMAKE_PREFIX_PATH}:/workspaces/workspaces/legged-robots/my_workspace/install/whole_body_control:/workspaces/workspaces/legged-robots/my_workspace/install/bullet_sims:/workspaces/workspaces/legged-robots/my_workspace/install/simulator:/workspaces/workspaces/legged-robots/my_workspace/install/ros_visuals:/opt/ros/rolling /usr/bin/cmake --build /workspaces/workspaces/legged-robots/my_workspace/build/talos_description -- -j24 -l24
[0.364s] DEBUG:colcon.colcon_core.event_handler.log_command:Invoking command in '/workspaces/workspaces/legged-robots/my_workspace/build/talos_description': CMAKE_PREFIX_PATH=${CMAKE_PREFIX_PATH}:/workspaces/workspaces/legged-robots/my_workspace/install/whole_body_control:/workspaces/workspaces/legged-robots/my_workspace/install/bullet_sims:/workspaces/workspaces/legged-robots/my_workspace/install/simulator:/workspaces/workspaces/legged-robots/my_workspace/install/ros_visuals:/opt/ros/rolling /usr/bin/cmake --install /workspaces/workspaces/legged-robots/my_workspace/build/talos_description
[0.364s] DEBUG:colcon.colcon_core.event_handler.log_command:Invoked command in '/workspaces/workspaces/legged-robots/my_workspace/build/reemc_description' returned '0': CMAKE_PREFIX_PATH=${CMAKE_PREFIX_PATH}:/workspaces/workspaces/legged-robots/my_workspace/install/whole_body_control:/workspaces/workspaces/legged-robots/my_workspace/install/bullet_sims:/workspaces/workspaces/legged-robots/my_workspace/install/simulator:/workspaces/workspaces/legged-robots/my_workspace/install/ros_visuals:/opt/ros/rolling /usr/bin/cmake --install /workspaces/workspaces/legged-robots/my_workspace/build/reemc_description
[0.365s] INFO:colcon.colcon_core.shell:Creating environment hook '/workspaces/workspaces/legged-robots/my_workspace/install/reemc_description/share/reemc_description/hook/cmake_prefix_path.sh'
[0.365s] Level 1:colcon.colcon_core.environment:checking '/workspaces/workspaces/legged-robots/my_workspace/install/reemc_description/bin'
[0.365s] Level 1:colcon.colcon_core.environment:checking '/workspaces/workspaces/legged-robots/my_workspace/install/reemc_description/lib/pkgconfig/reemc_description.pc'
[0.365s] Level 1:colcon.colcon_core.environment:checking '/workspaces/workspaces/legged-robots/my_workspace/install/reemc_description/lib/python3.12/site-packages'
[0.365s] Level 1:colcon.colcon_core.environment:checking '/workspaces/workspaces/legged-robots/my_workspace/install/reemc_description/bin'
[0.365s] INFO:colcon.colcon_core.shell:Creating package script '/workspaces/workspaces/legged-robots/my_workspace/install/reemc_description/share/reemc_description/package.ps1'
[0.366s] INFO:colcon.colcon_core.shell:Creating package descriptor '/workspaces/workspaces/legged-robots/my_workspace/install/reemc_description/share/reemc_description/package.dsv'
[0.366s] INFO:colcon.colcon_core.shell:Creating package script '/workspaces/workspaces/legged-robots/my_workspace/install/reemc_description/share/reemc_description/package.sh'
[0.366s] INFO:colcon.colcon_core.shell:Creating package script '/workspaces/workspaces/legged-robots/my_workspace/install/reemc_description/share/reemc_description/package.bash'
[0.367s] INFO:colcon.colcon_core.shell:Creating package script '/workspaces/workspaces/legged-robots/my_workspace/install/reemc_description/share/reemc_description/package.zsh'
[0.367s] Level 1:colcon.colcon_core.environment:create_file_with_runtime_dependencies(/workspaces/workspaces/legged-robots/my_workspace/install/reemc_description/share/colcon-core/packages/reemc_description)
[0.367s] Level 1:colcon.colcon_core.environment:create_environment_scripts_only(reemc_description)
[0.367s] Level 1:colcon.colcon_core.environment:checking '/workspaces/workspaces/legged-robots/my_workspace/install/reemc_description' for CMake module files
[0.367s] Level 1:colcon.colcon_core.environment:checking '/workspaces/workspaces/legged-robots/my_workspace/install/reemc_description' for CMake config files
[0.367s] Level 1:colcon.colcon_core.shell:create_environment_hook('reemc_description', 'cmake_prefix_path')
[0.367s] INFO:colcon.colcon_core.shell:Creating environment hook '/workspaces/workspaces/legged-robots/my_workspace/install/reemc_description/share/reemc_description/hook/cmake_prefix_path.ps1'
[0.368s] INFO:colcon.colcon_core.shell:Creating environment descriptor '/workspaces/workspaces/legged-robots/my_workspace/install/reemc_description/share/reemc_description/hook/cmake_prefix_path.dsv'
[0.368s] INFO:colcon.colcon_core.shell:Creating environment hook '/workspaces/workspaces/legged-robots/my_workspace/install/reemc_description/share/reemc_description/hook/cmake_prefix_path.sh'
[0.369s] Level 1:colcon.colcon_core.environment:checking '/workspaces/workspaces/legged-robots/my_workspace/install/reemc_description/bin'
[0.369s] Level 1:colcon.colcon_core.environment:checking '/workspaces/workspaces/legged-robots/my_workspace/install/reemc_description/lib/pkgconfig/reemc_description.pc'
[0.369s] Level 1:colcon.colcon_core.environment:checking '/workspaces/workspaces/legged-robots/my_workspace/install/reemc_description/lib/python3.12/site-packages'
[0.369s] Level 1:colcon.colcon_core.environment:checking '/workspaces/workspaces/legged-robots/my_workspace/install/reemc_description/bin'
[0.369s] INFO:colcon.colcon_core.shell:Creating package script '/workspaces/workspaces/legged-robots/my_workspace/install/reemc_description/share/reemc_description/package.ps1'
[0.369s] INFO:colcon.colcon_core.shell:Creating package descriptor '/workspaces/workspaces/legged-robots/my_workspace/install/reemc_description/share/reemc_description/package.dsv'
[0.370s] INFO:colcon.colcon_core.shell:Creating package script '/workspaces/workspaces/legged-robots/my_workspace/install/reemc_description/share/reemc_description/package.sh'
[0.370s] INFO:colcon.colcon_core.shell:Creating package script '/workspaces/workspaces/legged-robots/my_workspace/install/reemc_description/share/reemc_description/package.bash'
[0.370s] INFO:colcon.colcon_core.shell:Creating package script '/workspaces/workspaces/legged-robots/my_workspace/install/reemc_description/share/reemc_description/package.zsh'
[0.370s] Level 1:colcon.colcon_core.environment:create_file_with_runtime_dependencies(/workspaces/workspaces/legged-robots/my_workspace/install/reemc_description/share/colcon-core/packages/reemc_description)
[0.385s] Level 1:colcon.colcon_core.environment:create_environment_scripts_only(talos_description)
[0.385s] DEBUG:colcon.colcon_core.event_handler.log_command:Invoked command in '/workspaces/workspaces/legged-robots/my_workspace/build/talos_description' returned '0': CMAKE_PREFIX_PATH=${CMAKE_PREFIX_PATH}:/workspaces/workspaces/legged-robots/my_workspace/install/whole_body_control:/workspaces/workspaces/legged-robots/my_workspace/install/bullet_sims:/workspaces/workspaces/legged-robots/my_workspace/install/simulator:/workspaces/workspaces/legged-robots/my_workspace/install/ros_visuals:/opt/ros/rolling /usr/bin/cmake --install /workspaces/workspaces/legged-robots/my_workspace/build/talos_description
[0.386s] Level 1:colcon.colcon_core.environment:checking '/workspaces/workspaces/legged-robots/my_workspace/install/talos_description' for CMake module files
[0.386s] Level 1:colcon.colcon_core.environment:checking '/workspaces/workspaces/legged-robots/my_workspace/install/talos_description' for CMake config files
[0.386s] Level 1:colcon.colcon_core.shell:create_environment_hook('talos_description', 'cmake_prefix_path')
[0.386s] INFO:colcon.colcon_core.shell:Creating environment hook '/workspaces/workspaces/legged-robots/my_workspace/install/talos_description/share/talos_description/hook/cmake_prefix_path.ps1'
[0.386s] INFO:colcon.colcon_core.shell:Creating environment descriptor '/workspaces/workspaces/legged-robots/my_workspace/install/talos_description/share/talos_description/hook/cmake_prefix_path.dsv'
[0.387s] INFO:colcon.colcon_core.shell:Creating environment hook '/workspaces/workspaces/legged-robots/my_workspace/install/talos_description/share/talos_description/hook/cmake_prefix_path.sh'
[0.387s] Level 1:colcon.colcon_core.environment:checking '/workspaces/workspaces/legged-robots/my_workspace/install/talos_description/bin'
[0.387s] Level 1:colcon.colcon_core.environment:checking '/workspaces/workspaces/legged-robots/my_workspace/install/talos_description/lib/pkgconfig/talos_description.pc'
[0.387s] Level 1:colcon.colcon_core.environment:checking '/workspaces/workspaces/legged-robots/my_workspace/install/talos_description/lib/python3.12/site-packages'
[0.387s] Level 1:colcon.colcon_core.environment:checking '/workspaces/workspaces/legged-robots/my_workspace/install/talos_description/bin'
[0.387s] INFO:colcon.colcon_core.shell:Creating package script '/workspaces/workspaces/legged-robots/my_workspace/install/talos_description/share/talos_description/package.ps1'
[0.387s] INFO:colcon.colcon_core.shell:Creating package descriptor '/workspaces/workspaces/legged-robots/my_workspace/install/talos_description/share/talos_description/package.dsv'
[0.388s] INFO:colcon.colcon_core.shell:Creating package script '/workspaces/workspaces/legged-robots/my_workspace/install/talos_description/share/talos_description/package.sh'
[0.388s] INFO:colcon.colcon_core.shell:Creating package script '/workspaces/workspaces/legged-robots/my_workspace/install/talos_description/share/talos_description/package.bash'
[0.388s] INFO:colcon.colcon_core.shell:Creating package script '/workspaces/workspaces/legged-robots/my_workspace/install/talos_description/share/talos_description/package.zsh'
[0.388s] Level 1:colcon.colcon_core.environment:create_file_with_runtime_dependencies(/workspaces/workspaces/legged-robots/my_workspace/install/talos_description/share/colcon-core/packages/talos_description)
[0.388s] Level 1:colcon.colcon_core.environment:create_environment_scripts_only(talos_description)
[0.388s] Level 1:colcon.colcon_core.environment:checking '/workspaces/workspaces/legged-robots/my_workspace/install/talos_description' for CMake module files
[0.389s] Level 1:colcon.colcon_core.environment:checking '/workspaces/workspaces/legged-robots/my_workspace/install/talos_description' for CMake config files
[0.389s] Level 1:colcon.colcon_core.shell:create_environment_hook('talos_description', 'cmake_prefix_path')
[0.389s] INFO:colcon.colcon_core.shell:Creating environment hook '/workspaces/workspaces/legged-robots/my_workspace/install/talos_description/share/talos_description/hook/cmake_prefix_path.ps1'
[0.389s] INFO:colcon.colcon_core.shell:Creating environment descriptor '/workspaces/workspaces/legged-robots/my_workspace/install/talos_description/share/talos_description/hook/cmake_prefix_path.dsv'
[0.389s] INFO:colcon.colcon_core.shell:Creating environment hook '/workspaces/workspaces/legged-robots/my_workspace/install/talos_description/share/talos_description/hook/cmake_prefix_path.sh'
[0.389s] Level 1:colcon.colcon_core.environment:checking '/workspaces/workspaces/legged-robots/my_workspace/install/talos_description/bin'
[0.389s] Level 1:colcon.colcon_core.environment:checking '/workspaces/workspaces/legged-robots/my_workspace/install/talos_description/lib/pkgconfig/talos_description.pc'
[0.389s] Level 1:colcon.colcon_core.environment:checking '/workspaces/workspaces/legged-robots/my_workspace/install/talos_description/lib/python3.12/site-packages'
[0.390s] Level 1:colcon.colcon_core.environment:checking '/workspaces/workspaces/legged-robots/my_workspace/install/talos_description/bin'
[0.390s] INFO:colcon.colcon_core.shell:Creating package script '/workspaces/workspaces/legged-robots/my_workspace/install/talos_description/share/talos_description/package.ps1'
[0.390s] INFO:colcon.colcon_core.shell:Creating package descriptor '/workspaces/workspaces/legged-robots/my_workspace/install/talos_description/share/talos_description/package.dsv'
[0.390s] INFO:colcon.colcon_core.shell:Creating package script '/workspaces/workspaces/legged-robots/my_workspace/install/talos_description/share/talos_description/package.sh'
[0.390s] INFO:colcon.colcon_core.shell:Creating package script '/workspaces/workspaces/legged-robots/my_workspace/install/talos_description/share/talos_description/package.bash'
[0.390s] INFO:colcon.colcon_core.shell:Creating package script '/workspaces/workspaces/legged-robots/my_workspace/install/talos_description/share/talos_description/package.zsh'
[0.391s] Level 1:colcon.colcon_core.environment:create_file_with_runtime_dependencies(/workspaces/workspaces/legged-robots/my_workspace/install/talos_description/share/colcon-core/packages/talos_description)
[0.629s] DEBUG:colcon.colcon_core.event_handler.log_command:Invoking command in '/workspaces/workspaces/legged-robots/my_workspace/build/simulator': PYTHONPATH=/workspaces/workspaces/legged-robots/my_workspace/build/simulator/prefix_override:/usr/lib/python3/dist-packages/colcon_core/task/python/colcon_distutils_commands:/workspaces/workspaces/legged-robots/my_workspace/install/simulator/lib/python3.12/site-packages:${PYTHONPATH} /usr/bin/python3 -W ignore:setup.py install is deprecated -W ignore:easy_install command is deprecated setup.py develop --editable --build-directory /workspaces/workspaces/legged-robots/my_workspace/build/simulator/build --no-deps symlink_data
[0.636s] DEBUG:colcon.colcon_core.event_handler.log_command:Invoking command in '/workspaces/workspaces/legged-robots/my_workspace/build/ros_visuals': PYTHONPATH=/workspaces/workspaces/legged-robots/my_workspace/build/ros_visuals/prefix_override:/usr/lib/python3/dist-packages/colcon_core/task/python/colcon_distutils_commands:/workspaces/workspaces/legged-robots/my_workspace/install/ros_visuals/lib/python3.12/site-packages:${PYTHONPATH} /usr/bin/python3 -W ignore:setup.py install is deprecated -W ignore:easy_install command is deprecated setup.py develop --editable --build-directory /workspaces/workspaces/legged-robots/my_workspace/build/ros_visuals/build --no-deps symlink_data
[1.057s] Level 1:colcon.colcon_core.shell:create_environment_hook('simulator', 'pythonpath_develop')
[1.057s] INFO:colcon.colcon_core.shell:Creating environment hook '/workspaces/workspaces/legged-robots/my_workspace/build/simulator/share/simulator/hook/pythonpath_develop.ps1'
[1.058s] INFO:colcon.colcon_core.shell:Creating environment descriptor '/workspaces/workspaces/legged-robots/my_workspace/build/simulator/share/simulator/hook/pythonpath_develop.dsv'
[1.058s] INFO:colcon.colcon_core.shell:Creating environment hook '/workspaces/workspaces/legged-robots/my_workspace/build/simulator/share/simulator/hook/pythonpath_develop.sh'
[1.058s] Level 1:colcon.colcon_core.environment:checking '/workspaces/workspaces/legged-robots/my_workspace/install/simulator' for CMake module files
[1.058s] Level 1:colcon.colcon_core.environment:checking '/workspaces/workspaces/legged-robots/my_workspace/install/simulator' for CMake config files
[1.058s] Level 1:colcon.colcon_core.environment:checking '/workspaces/workspaces/legged-robots/my_workspace/install/simulator/lib'
[1.059s] Level 1:colcon.colcon_core.environment:checking '/workspaces/workspaces/legged-robots/my_workspace/install/simulator/bin'
[1.059s] Level 1:colcon.colcon_core.environment:checking '/workspaces/workspaces/legged-robots/my_workspace/install/simulator/lib/pkgconfig/simulator.pc'
[1.059s] Level 1:colcon.colcon_core.environment:checking '/workspaces/workspaces/legged-robots/my_workspace/install/simulator/lib/python3.12/site-packages'
[1.059s] Level 1:colcon.colcon_core.shell:create_environment_hook('simulator', 'pythonpath')
[1.059s] INFO:colcon.colcon_core.shell:Creating environment hook '/workspaces/workspaces/legged-robots/my_workspace/install/simulator/share/simulator/hook/pythonpath.ps1'
[1.059s] INFO:colcon.colcon_core.shell:Creating environment descriptor '/workspaces/workspaces/legged-robots/my_workspace/install/simulator/share/simulator/hook/pythonpath.dsv'
[1.059s] INFO:colcon.colcon_core.shell:Creating environment hook '/workspaces/workspaces/legged-robots/my_workspace/install/simulator/share/simulator/hook/pythonpath.sh'
[1.059s] Level 1:colcon.colcon_core.environment:checking '/workspaces/workspaces/legged-robots/my_workspace/install/simulator/bin'
[1.059s] Level 1:colcon.colcon_core.environment:create_environment_scripts_only(simulator)
[1.060s] INFO:colcon.colcon_core.shell:Creating package script '/workspaces/workspaces/legged-robots/my_workspace/install/simulator/share/simulator/package.ps1'
[1.060s] INFO:colcon.colcon_core.shell:Creating package descriptor '/workspaces/workspaces/legged-robots/my_workspace/install/simulator/share/simulator/package.dsv'
[1.060s] INFO:colcon.colcon_core.shell:Creating package script '/workspaces/workspaces/legged-robots/my_workspace/install/simulator/share/simulator/package.sh'
[1.060s] INFO:colcon.colcon_core.shell:Creating package script '/workspaces/workspaces/legged-robots/my_workspace/install/simulator/share/simulator/package.bash'
[1.060s] INFO:colcon.colcon_core.shell:Creating package script '/workspaces/workspaces/legged-robots/my_workspace/install/simulator/share/simulator/package.zsh'
[1.061s] Level 1:colcon.colcon_core.environment:create_file_with_runtime_dependencies(/workspaces/workspaces/legged-robots/my_workspace/install/simulator/share/colcon-core/packages/simulator)
[1.061s] INFO:colcon.colcon_ros.task.ament_python.build:Building ROS package in '/workspaces/workspaces/legged-robots/my_workspace/src/bullet_sims' with build type 'ament_python'
[1.061s] Level 1:colcon.colcon_core.shell:create_environment_hook('bullet_sims', 'ament_prefix_path')
[1.061s] INFO:colcon.colcon_core.shell:Creating environment hook '/workspaces/workspaces/legged-robots/my_workspace/install/bullet_sims/share/bullet_sims/hook/ament_prefix_path.ps1'
[1.057s] DEBUG:colcon.colcon_core.event_handler.log_command:Invoked command in '/workspaces/workspaces/legged-robots/my_workspace/build/simulator' returned '0': PYTHONPATH=/workspaces/workspaces/legged-robots/my_workspace/build/simulator/prefix_override:/usr/lib/python3/dist-packages/colcon_core/task/python/colcon_distutils_commands:/workspaces/workspaces/legged-robots/my_workspace/install/simulator/lib/python3.12/site-packages:${PYTHONPATH} /usr/bin/python3 -W ignore:setup.py install is deprecated -W ignore:easy_install command is deprecated setup.py develop --editable --build-directory /workspaces/workspaces/legged-robots/my_workspace/build/simulator/build --no-deps symlink_data
[1.061s] INFO:colcon.colcon_core.shell:Creating environment descriptor '/workspaces/workspaces/legged-robots/my_workspace/install/bullet_sims/share/bullet_sims/hook/ament_prefix_path.dsv'
[1.062s] INFO:colcon.colcon_core.shell:Creating environment hook '/workspaces/workspaces/legged-robots/my_workspace/install/bullet_sims/share/bullet_sims/hook/ament_prefix_path.sh'
[1.062s] INFO:colcon.colcon_core.shell:Skip shell extension 'powershell' for command environment: Not usable outside of PowerShell
[1.062s] DEBUG:colcon.colcon_core.shell:Skip shell extension 'dsv' for command environment
[1.064s] INFO:colcon.colcon_ros.task.ament_python.build:Building ROS package in '/workspaces/workspaces/legged-robots/my_workspace/src/whole_body_control' with build type 'ament_python'
[1.064s] Level 1:colcon.colcon_core.shell:create_environment_hook('whole_body_control', 'ament_prefix_path')
[1.064s] INFO:colcon.colcon_core.shell:Creating environment hook '/workspaces/workspaces/legged-robots/my_workspace/install/whole_body_control/share/whole_body_control/hook/ament_prefix_path.ps1'
[1.064s] INFO:colcon.colcon_core.shell:Creating environment descriptor '/workspaces/workspaces/legged-robots/my_workspace/install/whole_body_control/share/whole_body_control/hook/ament_prefix_path.dsv'
[1.064s] INFO:colcon.colcon_core.shell:Creating environment hook '/workspaces/workspaces/legged-robots/my_workspace/install/whole_body_control/share/whole_body_control/hook/ament_prefix_path.sh'
[1.064s] INFO:colcon.colcon_core.shell:Skip shell extension 'powershell' for command environment: Not usable outside of PowerShell
[1.064s] DEBUG:colcon.colcon_core.shell:Skip shell extension 'dsv' for command environment
[1.067s] Level 1:colcon.colcon_core.shell:create_environment_hook('ros_visuals', 'pythonpath_develop')
[1.067s] DEBUG:colcon.colcon_core.event_handler.log_command:Invoked command in '/workspaces/workspaces/legged-robots/my_workspace/build/ros_visuals' returned '0': PYTHONPATH=/workspaces/workspaces/legged-robots/my_workspace/build/ros_visuals/prefix_override:/usr/lib/python3/dist-packages/colcon_core/task/python/colcon_distutils_commands:/workspaces/workspaces/legged-robots/my_workspace/install/ros_visuals/lib/python3.12/site-packages:${PYTHONPATH} /usr/bin/python3 -W ignore:setup.py install is deprecated -W ignore:easy_install command is deprecated setup.py develop --editable --build-directory /workspaces/workspaces/legged-robots/my_workspace/build/ros_visuals/build --no-deps symlink_data
[1.068s] INFO:colcon.colcon_core.shell:Creating environment hook '/workspaces/workspaces/legged-robots/my_workspace/build/ros_visuals/share/ros_visuals/hook/pythonpath_develop.ps1'
[1.068s] INFO:colcon.colcon_core.shell:Creating environment descriptor '/workspaces/workspaces/legged-robots/my_workspace/build/ros_visuals/share/ros_visuals/hook/pythonpath_develop.dsv'
[1.068s] INFO:colcon.colcon_core.shell:Creating environment hook '/workspaces/workspaces/legged-robots/my_workspace/build/ros_visuals/share/ros_visuals/hook/pythonpath_develop.sh'
[1.069s] Level 1:colcon.colcon_core.environment:checking '/workspaces/workspaces/legged-robots/my_workspace/install/ros_visuals' for CMake module files
[1.069s] Level 1:colcon.colcon_core.environment:checking '/workspaces/workspaces/legged-robots/my_workspace/install/ros_visuals' for CMake config files
[1.069s] Level 1:colcon.colcon_core.environment:checking '/workspaces/workspaces/legged-robots/my_workspace/install/ros_visuals/lib'
[1.069s] Level 1:colcon.colcon_core.environment:checking '/workspaces/workspaces/legged-robots/my_workspace/install/ros_visuals/bin'
[1.069s] Level 1:colcon.colcon_core.environment:checking '/workspaces/workspaces/legged-robots/my_workspace/install/ros_visuals/lib/pkgconfig/ros_visuals.pc'
[1.069s] Level 1:colcon.colcon_core.environment:checking '/workspaces/workspaces/legged-robots/my_workspace/install/ros_visuals/lib/python3.12/site-packages'
[1.069s] Level 1:colcon.colcon_core.shell:create_environment_hook('ros_visuals', 'pythonpath')
[1.070s] INFO:colcon.colcon_core.shell:Creating environment hook '/workspaces/workspaces/legged-robots/my_workspace/install/ros_visuals/share/ros_visuals/hook/pythonpath.ps1'
[1.070s] INFO:colcon.colcon_core.shell:Creating environment descriptor '/workspaces/workspaces/legged-robots/my_workspace/install/ros_visuals/share/ros_visuals/hook/pythonpath.dsv'
[1.070s] INFO:colcon.colcon_core.shell:Creating environment hook '/workspaces/workspaces/legged-robots/my_workspace/install/ros_visuals/share/ros_visuals/hook/pythonpath.sh'
[1.070s] Level 1:colcon.colcon_core.environment:checking '/workspaces/workspaces/legged-robots/my_workspace/install/ros_visuals/bin'
[1.070s] Level 1:colcon.colcon_core.environment:create_environment_scripts_only(ros_visuals)
[1.070s] INFO:colcon.colcon_core.shell:Creating package script '/workspaces/workspaces/legged-robots/my_workspace/install/ros_visuals/share/ros_visuals/package.ps1'
[1.070s] INFO:colcon.colcon_core.shell:Creating package descriptor '/workspaces/workspaces/legged-robots/my_workspace/install/ros_visuals/share/ros_visuals/package.dsv'
[1.071s] INFO:colcon.colcon_core.shell:Creating package script '/workspaces/workspaces/legged-robots/my_workspace/install/ros_visuals/share/ros_visuals/package.sh'
[1.071s] INFO:colcon.colcon_core.shell:Creating package script '/workspaces/workspaces/legged-robots/my_workspace/install/ros_visuals/share/ros_visuals/package.bash'
[1.071s] INFO:colcon.colcon_core.shell:Creating package script '/workspaces/workspaces/legged-robots/my_workspace/install/ros_visuals/share/ros_visuals/package.zsh'
[1.071s] Level 1:colcon.colcon_core.environment:create_file_with_runtime_dependencies(/workspaces/workspaces/legged-robots/my_workspace/install/ros_visuals/share/colcon-core/packages/ros_visuals)
[1.176s] INFO:colcon.colcon_core.task.python.build:Building Python package in '/workspaces/workspaces/legged-robots/my_workspace/src/bullet_sims'
[1.176s] INFO:colcon.colcon_core.shell:Skip shell extension 'powershell' for command environment: Not usable outside of PowerShell
[1.176s] DEBUG:colcon.colcon_core.shell:Skip shell extension 'dsv' for command environment
[1.287s] INFO:colcon.colcon_core.task.python.build:Building Python package in '/workspaces/workspaces/legged-robots/my_workspace/src/whole_body_control'
[1.287s] INFO:colcon.colcon_core.shell:Skip shell extension 'powershell' for command environment: Not usable outside of PowerShell
[1.287s] DEBUG:colcon.colcon_core.shell:Skip shell extension 'dsv' for command environment
[1.552s] DEBUG:colcon.colcon_core.event_handler.log_command:Invoking command in '/workspaces/workspaces/legged-robots/my_workspace/build/bullet_sims': AMENT_PREFIX_PATH=/workspaces/workspaces/legged-robots/my_workspace/install/simulator:/workspaces/workspaces/legged-robots/my_workspace/install/whole_body_control:/workspaces/workspaces/legged-robots/my_workspace/install/bullet_sims:/workspaces/workspaces/legged-robots/my_workspace/install/talos_description:/workspaces/workspaces/legged-robots/my_workspace/install/ros_visuals:/workspaces/workspaces/legged-robots/my_workspace/install/reemc_description:/opt/ros/rolling PYTHONPATH=/workspaces/workspaces/legged-robots/my_workspace/build/bullet_sims/prefix_override:/usr/lib/python3/dist-packages/colcon_core/task/python/colcon_distutils_commands:/workspaces/workspaces/legged-robots/my_workspace/install/bullet_sims/lib/python3.12/site-packages:/workspaces/workspaces/legged-robots/my_workspace/build/simulator:/workspaces/workspaces/legged-robots/my_workspace/install/simulator/lib/python3.12/site-packages:/workspaces/workspaces/legged-robots/my_workspace/install/whole_body_control/lib/python3.12/site-packages:/workspaces/workspaces/legged-robots/my_workspace/build/bullet_sims:/workspaces/workspaces/legged-robots/my_workspace/install/bullet_sims/lib/python3.12/site-packages:/workspaces/workspaces/legged-robots/my_workspace/build/ros_visuals:/workspaces/workspaces/legged-robots/my_workspace/install/ros_visuals/lib/python3.12/site-packages:/opt/openrobots/lib/python3.12/site-packages:/opt/openrobots/lib/python3.12/site-packages:/opt/ros/rolling/lib/python3.12/site-packages /usr/bin/python3 -W ignore:setup.py install is deprecated -W ignore:easy_install command is deprecated setup.py develop --editable --build-directory /workspaces/workspaces/legged-robots/my_workspace/build/bullet_sims/build --no-deps symlink_data
[1.553s] DEBUG:colcon.colcon_core.task.python.build:While undoing a previous installation files outside the Python library path are being ignored: /workspaces/workspaces/legged-robots/my_workspace/install/whole_body_control/share/ament_index/resource_index/packages/whole_body_control
[1.553s] DEBUG:colcon.colcon_core.task.python.build:While undoing a previous installation files outside the Python library path are being ignored: /workspaces/workspaces/legged-robots/my_workspace/install/whole_body_control/share/whole_body_control/package.xml
[1.553s] DEBUG:colcon.colcon_core.task.python.build:While undoing a previous installation files outside the Python library path are being ignored: /workspaces/workspaces/legged-robots/my_workspace/install/whole_body_control/share/whole_body_control/launch/launch.py
[1.553s] DEBUG:colcon.colcon_core.task.python.build:While undoing a previous installation files outside the Python library path are being ignored: /workspaces/workspaces/legged-robots/my_workspace/install/whole_body_control/lib/whole_body_control/02_one_leg_stand
[1.553s] DEBUG:colcon.colcon_core.task.python.build:While undoing a previous installation files outside the Python library path are being ignored: /workspaces/workspaces/legged-robots/my_workspace/install/whole_body_control/lib/whole_body_control/03_squating
[1.553s] DEBUG:colcon.colcon_core.task.python.build:While undoing a previous installation files outside the Python library path are being ignored: /workspaces/workspaces/legged-robots/my_workspace/install/whole_body_control/lib/whole_body_control/t4_standing
[1.553s] DEBUG:colcon.colcon_core.task.python.build:While undoing a previous installation files outside the Python library path are being ignored: /workspaces/workspaces/legged-robots/my_workspace/install/whole_body_control/lib/whole_body_control/t51
[1.553s] DEBUG:colcon.colcon_core.task.python.build:While undoing a previous installation files outside the Python library path are being ignored: /workspaces/workspaces/legged-robots/my_workspace/install/whole_body_control/lib/whole_body_control/t52
[1.555s] DEBUG:colcon.colcon_core.event_handler.log_command:Invoking command in '/workspaces/workspaces/legged-robots/my_workspace/build/whole_body_control': AMENT_PREFIX_PATH=/workspaces/workspaces/legged-robots/my_workspace/install/simulator:/workspaces/workspaces/legged-robots/my_workspace/install/whole_body_control:/workspaces/workspaces/legged-robots/my_workspace/install/bullet_sims:/workspaces/workspaces/legged-robots/my_workspace/install/talos_description:/workspaces/workspaces/legged-robots/my_workspace/install/ros_visuals:/workspaces/workspaces/legged-robots/my_workspace/install/reemc_description:/opt/ros/rolling PYTHONPATH=/workspaces/workspaces/legged-robots/my_workspace/build/whole_body_control/prefix_override:/usr/lib/python3/dist-packages/colcon_core/task/python/colcon_distutils_commands:/workspaces/workspaces/legged-robots/my_workspace/install/whole_body_control/lib/python3.12/site-packages:/workspaces/workspaces/legged-robots/my_workspace/build/simulator:/workspaces/workspaces/legged-robots/my_workspace/install/simulator/lib/python3.12/site-packages:/workspaces/workspaces/legged-robots/my_workspace/install/whole_body_control/lib/python3.12/site-packages:/workspaces/workspaces/legged-robots/my_workspace/build/bullet_sims:/workspaces/workspaces/legged-robots/my_workspace/install/bullet_sims/lib/python3.12/site-packages:/workspaces/workspaces/legged-robots/my_workspace/build/ros_visuals:/workspaces/workspaces/legged-robots/my_workspace/install/ros_visuals/lib/python3.12/site-packages:/opt/openrobots/lib/python3.12/site-packages:/opt/openrobots/lib/python3.12/site-packages:/opt/ros/rolling/lib/python3.12/site-packages /usr/bin/python3 -W ignore:setup.py install is deprecated -W ignore:easy_install command is deprecated setup.py develop --editable --build-directory /workspaces/workspaces/legged-robots/my_workspace/build/whole_body_control/build --no-deps symlink_data --force
[1.973s] Level 1:colcon.colcon_core.shell:create_environment_hook('bullet_sims', 'pythonpath_develop')
[1.973s] INFO:colcon.colcon_core.shell:Creating environment hook '/workspaces/workspaces/legged-robots/my_workspace/build/bullet_sims/share/bullet_sims/hook/pythonpath_develop.ps1'
[1.974s] DEBUG:colcon.colcon_core.event_handler.log_command:Invoked command in '/workspaces/workspaces/legged-robots/my_workspace/build/bullet_sims' returned '0': AMENT_PREFIX_PATH=/workspaces/workspaces/legged-robots/my_workspace/install/simulator:/workspaces/workspaces/legged-robots/my_workspace/install/whole_body_control:/workspaces/workspaces/legged-robots/my_workspace/install/bullet_sims:/workspaces/workspaces/legged-robots/my_workspace/install/talos_description:/workspaces/workspaces/legged-robots/my_workspace/install/ros_visuals:/workspaces/workspaces/legged-robots/my_workspace/install/reemc_description:/opt/ros/rolling PYTHONPATH=/workspaces/workspaces/legged-robots/my_workspace/build/bullet_sims/prefix_override:/usr/lib/python3/dist-packages/colcon_core/task/python/colcon_distutils_commands:/workspaces/workspaces/legged-robots/my_workspace/install/bullet_sims/lib/python3.12/site-packages:/workspaces/workspaces/legged-robots/my_workspace/build/simulator:/workspaces/workspaces/legged-robots/my_workspace/install/simulator/lib/python3.12/site-packages:/workspaces/workspaces/legged-robots/my_workspace/install/whole_body_control/lib/python3.12/site-packages:/workspaces/workspaces/legged-robots/my_workspace/build/bullet_sims:/workspaces/workspaces/legged-robots/my_workspace/install/bullet_sims/lib/python3.12/site-packages:/workspaces/workspaces/legged-robots/my_workspace/build/ros_visuals:/workspaces/workspaces/legged-robots/my_workspace/install/ros_visuals/lib/python3.12/site-packages:/opt/openrobots/lib/python3.12/site-packages:/opt/openrobots/lib/python3.12/site-packages:/opt/ros/rolling/lib/python3.12/site-packages /usr/bin/python3 -W ignore:setup.py install is deprecated -W ignore:easy_install command is deprecated setup.py develop --editable --build-directory /workspaces/workspaces/legged-robots/my_workspace/build/bullet_sims/build --no-deps symlink_data
[1.974s] INFO:colcon.colcon_core.shell:Creating environment descriptor '/workspaces/workspaces/legged-robots/my_workspace/build/bullet_sims/share/bullet_sims/hook/pythonpath_develop.dsv'
[1.974s] INFO:colcon.colcon_core.shell:Creating environment hook '/workspaces/workspaces/legged-robots/my_workspace/build/bullet_sims/share/bullet_sims/hook/pythonpath_develop.sh'
[1.975s] Level 1:colcon.colcon_core.environment:checking '/workspaces/workspaces/legged-robots/my_workspace/install/bullet_sims' for CMake module files
[1.975s] Level 1:colcon.colcon_core.environment:checking '/workspaces/workspaces/legged-robots/my_workspace/install/bullet_sims' for CMake config files
[1.975s] Level 1:colcon.colcon_core.environment:checking '/workspaces/workspaces/legged-robots/my_workspace/install/bullet_sims/lib'
[1.975s] Level 1:colcon.colcon_core.environment:checking '/workspaces/workspaces/legged-robots/my_workspace/install/bullet_sims/bin'
[1.975s] Level 1:colcon.colcon_core.environment:checking '/workspaces/workspaces/legged-robots/my_workspace/install/bullet_sims/lib/pkgconfig/bullet_sims.pc'
[1.975s] Level 1:colcon.colcon_core.environment:checking '/workspaces/workspaces/legged-robots/my_workspace/install/bullet_sims/lib/python3.12/site-packages'
[1.975s] Level 1:colcon.colcon_core.shell:create_environment_hook('bullet_sims', 'pythonpath')
[1.975s] INFO:colcon.colcon_core.shell:Creating environment hook '/workspaces/workspaces/legged-robots/my_workspace/install/bullet_sims/share/bullet_sims/hook/pythonpath.ps1'
[1.976s] INFO:colcon.colcon_core.shell:Creating environment descriptor '/workspaces/workspaces/legged-robots/my_workspace/install/bullet_sims/share/bullet_sims/hook/pythonpath.dsv'
[1.976s] INFO:colcon.colcon_core.shell:Creating environment hook '/workspaces/workspaces/legged-robots/my_workspace/install/bullet_sims/share/bullet_sims/hook/pythonpath.sh'
[1.976s] Level 1:colcon.colcon_core.environment:checking '/workspaces/workspaces/legged-robots/my_workspace/install/bullet_sims/bin'
[1.976s] Level 1:colcon.colcon_core.environment:create_environment_scripts_only(bullet_sims)
[1.976s] INFO:colcon.colcon_core.shell:Creating package script '/workspaces/workspaces/legged-robots/my_workspace/install/bullet_sims/share/bullet_sims/package.ps1'
[1.976s] INFO:colcon.colcon_core.shell:Creating package descriptor '/workspaces/workspaces/legged-robots/my_workspace/install/bullet_sims/share/bullet_sims/package.dsv'
[1.977s] INFO:colcon.colcon_core.shell:Creating package script '/workspaces/workspaces/legged-robots/my_workspace/install/bullet_sims/share/bullet_sims/package.sh'
[1.977s] INFO:colcon.colcon_core.shell:Creating package script '/workspaces/workspaces/legged-robots/my_workspace/install/bullet_sims/share/bullet_sims/package.bash'
[1.977s] INFO:colcon.colcon_core.shell:Creating package script '/workspaces/workspaces/legged-robots/my_workspace/install/bullet_sims/share/bullet_sims/package.zsh'
[1.977s] Level 1:colcon.colcon_core.environment:create_file_with_runtime_dependencies(/workspaces/workspaces/legged-robots/my_workspace/install/bullet_sims/share/colcon-core/packages/bullet_sims)
[1.978s] Level 1:colcon.colcon_core.shell:create_environment_hook('whole_body_control', 'pythonpath_develop')
[1.978s] INFO:colcon.colcon_core.shell:Creating environment hook '/workspaces/workspaces/legged-robots/my_workspace/build/whole_body_control/share/whole_body_control/hook/pythonpath_develop.ps1'
[1.979s] DEBUG:colcon.colcon_core.event_handler.log_command:Invoked command in '/workspaces/workspaces/legged-robots/my_workspace/build/whole_body_control' returned '0': AMENT_PREFIX_PATH=/workspaces/workspaces/legged-robots/my_workspace/install/simulator:/workspaces/workspaces/legged-robots/my_workspace/install/whole_body_control:/workspaces/workspaces/legged-robots/my_workspace/install/bullet_sims:/workspaces/workspaces/legged-robots/my_workspace/install/talos_description:/workspaces/workspaces/legged-robots/my_workspace/install/ros_visuals:/workspaces/workspaces/legged-robots/my_workspace/install/reemc_description:/opt/ros/rolling PYTHONPATH=/workspaces/workspaces/legged-robots/my_workspace/build/whole_body_control/prefix_override:/usr/lib/python3/dist-packages/colcon_core/task/python/colcon_distutils_commands:/workspaces/workspaces/legged-robots/my_workspace/install/whole_body_control/lib/python3.12/site-packages:/workspaces/workspaces/legged-robots/my_workspace/build/simulator:/workspaces/workspaces/legged-robots/my_workspace/install/simulator/lib/python3.12/site-packages:/workspaces/workspaces/legged-robots/my_workspace/install/whole_body_control/lib/python3.12/site-packages:/workspaces/workspaces/legged-robots/my_workspace/build/bullet_sims:/workspaces/workspaces/legged-robots/my_workspace/install/bullet_sims/lib/python3.12/site-packages:/workspaces/workspaces/legged-robots/my_workspace/build/ros_visuals:/workspaces/workspaces/legged-robots/my_workspace/install/ros_visuals/lib/python3.12/site-packages:/opt/openrobots/lib/python3.12/site-packages:/opt/openrobots/lib/python3.12/site-packages:/opt/ros/rolling/lib/python3.12/site-packages /usr/bin/python3 -W ignore:setup.py install is deprecated -W ignore:easy_install command is deprecated setup.py develop --editable --build-directory /workspaces/workspaces/legged-robots/my_workspace/build/whole_body_control/build --no-deps symlink_data --force
[1.979s] INFO:colcon.colcon_core.shell:Creating environment descriptor '/workspaces/workspaces/legged-robots/my_workspace/build/whole_body_control/share/whole_body_control/hook/pythonpath_develop.dsv'
[1.979s] INFO:colcon.colcon_core.shell:Creating environment hook '/workspaces/workspaces/legged-robots/my_workspace/build/whole_body_control/share/whole_body_control/hook/pythonpath_develop.sh'
[1.979s] Level 1:colcon.colcon_core.environment:checking '/workspaces/workspaces/legged-robots/my_workspace/install/whole_body_control' for CMake module files
[1.979s] Level 1:colcon.colcon_core.environment:checking '/workspaces/workspaces/legged-robots/my_workspace/install/whole_body_control' for CMake config files
[1.980s] Level 1:colcon.colcon_core.environment:checking '/workspaces/workspaces/legged-robots/my_workspace/install/whole_body_control/lib'
[1.980s] Level 1:colcon.colcon_core.environment:checking '/workspaces/workspaces/legged-robots/my_workspace/install/whole_body_control/bin'
[1.980s] Level 1:colcon.colcon_core.environment:checking '/workspaces/workspaces/legged-robots/my_workspace/install/whole_body_control/lib/pkgconfig/whole_body_control.pc'
[1.980s] Level 1:colcon.colcon_core.environment:checking '/workspaces/workspaces/legged-robots/my_workspace/install/whole_body_control/lib/python3.12/site-packages'
[1.980s] Level 1:colcon.colcon_core.shell:create_environment_hook('whole_body_control', 'pythonpath')
[1.980s] INFO:colcon.colcon_core.shell:Creating environment hook '/workspaces/workspaces/legged-robots/my_workspace/install/whole_body_control/share/whole_body_control/hook/pythonpath.ps1'
[1.980s] INFO:colcon.colcon_core.shell:Creating environment descriptor '/workspaces/workspaces/legged-robots/my_workspace/install/whole_body_control/share/whole_body_control/hook/pythonpath.dsv'
[1.980s] INFO:colcon.colcon_core.shell:Creating environment hook '/workspaces/workspaces/legged-robots/my_workspace/install/whole_body_control/share/whole_body_control/hook/pythonpath.sh'
[1.980s] Level 1:colcon.colcon_core.environment:checking '/workspaces/workspaces/legged-robots/my_workspace/install/whole_body_control/bin'
[1.980s] Level 1:colcon.colcon_core.environment:create_environment_scripts_only(whole_body_control)
[1.981s] INFO:colcon.colcon_core.shell:Creating package script '/workspaces/workspaces/legged-robots/my_workspace/install/whole_body_control/share/whole_body_control/package.ps1'
[1.981s] INFO:colcon.colcon_core.shell:Creating package descriptor '/workspaces/workspaces/legged-robots/my_workspace/install/whole_body_control/share/whole_body_control/package.dsv'
[1.981s] INFO:colcon.colcon_core.shell:Creating package script '/workspaces/workspaces/legged-robots/my_workspace/install/whole_body_control/share/whole_body_control/package.sh'
[1.981s] INFO:colcon.colcon_core.shell:Creating package script '/workspaces/workspaces/legged-robots/my_workspace/install/whole_body_control/share/whole_body_control/package.bash'
[1.981s] INFO:colcon.colcon_core.shell:Creating package script '/workspaces/workspaces/legged-robots/my_workspace/install/whole_body_control/share/whole_body_control/package.zsh'
[1.981s] Level 1:colcon.colcon_core.environment:create_file_with_runtime_dependencies(/workspaces/workspaces/legged-robots/my_workspace/install/whole_body_control/share/colcon-core/packages/whole_body_control)
[1.982s] DEBUG:colcon.colcon_parallel_executor.executor.parallel:closing loop
[1.982s] DEBUG:colcon.colcon_parallel_executor.executor.parallel:loop closed
[1.982s] DEBUG:colcon.colcon_parallel_executor.executor.parallel:run_until_complete finished with '0'
[1.982s] DEBUG:colcon.colcon_core.event_reactor:joining thread
[1.985s] INFO:colcon.colcon_core.plugin_system:Skipping extension 'colcon_notification.desktop_notification.notify_send': Could not find 'notify-send'
[1.985s] INFO:colcon.colcon_core.plugin_system:Skipping extension 'colcon_notification.desktop_notification.terminal_notifier': Not used on non-Darwin systems
[1.985s] INFO:colcon.colcon_core.plugin_system:Skipping extension 'colcon_notification.desktop_notification.win32': Not used on non-Windows systems
[1.985s] INFO:colcon.colcon_notification.desktop_notification:Sending desktop notification using 'notify2'
[1.985s] DEBUG:colcon.colcon_notification.desktop_notification.notify2:Failed to initialize notify2: org.freedesktop.DBus.Error.InvalidFileContent: D-Bus library appears to be incorrectly set up: see the manual page for dbus-uuidgen to correct this issue. (Failed to open "/var/lib/dbus/machine-id": No such file or directory; UUID file '/etc/machine-id' should contain a hex string of length 32, not length 0, with no other text)
[1.985s] DEBUG:colcon.colcon_core.event_reactor:joined thread
[1.985s] INFO:colcon.colcon_core.shell:Creating prefix script '/workspaces/workspaces/legged-robots/my_workspace/install/local_setup.ps1'
[1.986s] INFO:colcon.colcon_core.shell:Creating prefix util module '/workspaces/workspaces/legged-robots/my_workspace/install/_local_setup_util_ps1.py'
[1.986s] INFO:colcon.colcon_core.shell:Creating prefix chain script '/workspaces/workspaces/legged-robots/my_workspace/install/setup.ps1'
[1.987s] INFO:colcon.colcon_core.shell:Creating prefix script '/workspaces/workspaces/legged-robots/my_workspace/install/local_setup.sh'
[1.987s] INFO:colcon.colcon_core.shell:Creating prefix util module '/workspaces/workspaces/legged-robots/my_workspace/install/_local_setup_util_sh.py'
[1.987s] INFO:colcon.colcon_core.shell:Creating prefix chain script '/workspaces/workspaces/legged-robots/my_workspace/install/setup.sh'
[1.988s] INFO:colcon.colcon_core.shell:Creating prefix script '/workspaces/workspaces/legged-robots/my_workspace/install/local_setup.bash'
[1.988s] INFO:colcon.colcon_core.shell:Creating prefix chain script '/workspaces/workspaces/legged-robots/my_workspace/install/setup.bash'
[1.989s] INFO:colcon.colcon_core.shell:Creating prefix script '/workspaces/workspaces/legged-robots/my_workspace/install/local_setup.zsh'
[1.989s] INFO:colcon.colcon_core.shell:Creating prefix chain script '/workspaces/workspaces/legged-robots/my_workspace/install/setup.zsh'
