[0.197s] DEBUG:colcon:Command line arguments: ['/usr/bin/colcon', 'build', '--symlink-install']
[0.197s] DEBUG:colcon:Parsed command line arguments: Namespace(log_base=None, log_level=None, verb_name='build', build_base='build', install_base='install', merge_install=False, symlink_install=True, test_result_base=None, continue_on_error=False, executor='parallel', parallel_workers=8, event_handlers=None, ignore_user_meta=False, metas=['./colcon.meta'], base_paths=['.'], packages_ignore=None, packages_ignore_regex=None, paths=None, packages_up_to=None, packages_up_to_regex=None, packages_above=None, packages_above_and_dependencies=None, packages_above_depth=None, packages_select_by_dep=None, packages_skip_by_dep=None, packages_skip_up_to=None, packages_select_build_failed=False, packages_skip_build_finished=False, packages_select_test_failures=False, packages_skip_test_passed=False, packages_select=None, packages_skip=None, packages_select_regex=None, packages_skip_regex=None, packages_start=None, packages_end=None, cmake_args=None, cmake_target=None, cmake_target_skip_unavailable=False, cmake_clean_cache=False, cmake_clean_first=False, cmake_force_configure=False, ament_cmake_args=None, catkin_cmake_args=None, catkin_skip_building_tests=False, mixin_files=None, mixin=None, verb_parser=<colcon_mixin.mixin.mixin_argument.MixinArgumentDecorator object at 0x77a1e4b66cc0>, verb_extension=<colcon_core.verb.build.BuildVerb object at 0x77a1e4b669f0>, main=<bound method BuildVerb.main of <colcon_core.verb.build.BuildVerb object at 0x77a1e4b669f0>>, mixin_verb=('build',))
[0.267s] Level 1:colcon.colcon_core.package_discovery:discover_packages(colcon_meta) check parameters
[0.267s] Level 1:colcon.colcon_core.package_discovery:discover_packages(recursive) check parameters
[0.267s] Level 1:colcon.colcon_core.package_discovery:discover_packages(ignore) check parameters
[0.267s] Level 1:colcon.colcon_core.package_discovery:discover_packages(path) check parameters
[0.267s] Level 1:colcon.colcon_core.package_discovery:discover_packages(colcon_meta) discover
[0.267s] Level 1:colcon.colcon_core.package_discovery:discover_packages(recursive) discover
[0.267s] INFO:colcon.colcon_core.package_discovery:Crawling recursively for packages in '/workspaces/workspaces'
[0.268s] Level 1:colcon.colcon_core.package_identification:_identify(.) by extensions ['ignore', 'ignore_ament_install']
[0.268s] Level 1:colcon.colcon_core.package_identification:_identify(.) by extension 'ignore'
[0.268s] Level 1:colcon.colcon_core.package_identification:_identify(.) by extension 'ignore_ament_install'
[0.268s] Level 1:colcon.colcon_core.package_identification:_identify(.) by extensions ['colcon_pkg']
[0.268s] Level 1:colcon.colcon_core.package_identification:_identify(.) by extension 'colcon_pkg'
[0.268s] Level 1:colcon.colcon_core.package_identification:_identify(.) by extensions ['colcon_meta']
[0.268s] Level 1:colcon.colcon_core.package_identification:_identify(.) by extension 'colcon_meta'
[0.268s] Level 1:colcon.colcon_core.package_identification:_identify(.) by extensions ['ros']
[0.268s] Level 1:colcon.colcon_core.package_identification:_identify(.) by extension 'ros'
[0.307s] Level 1:colcon.colcon_core.package_identification:_identify(.) by extensions ['cmake', 'python']
[0.307s] Level 1:colcon.colcon_core.package_identification:_identify(.) by extension 'cmake'
[0.307s] Level 1:colcon.colcon_core.package_identification:_identify(.) by extension 'python'
[0.307s] Level 1:colcon.colcon_core.package_identification:_identify(.) by extensions ['python_setup_py']
[0.307s] Level 1:colcon.colcon_core.package_identification:_identify(.) by extension 'python_setup_py'
[0.307s] Level 1:colcon.colcon_core.package_identification:_identify(build) by extensions ['ignore', 'ignore_ament_install']
[0.307s] Level 1:colcon.colcon_core.package_identification:_identify(build) by extension 'ignore'
[0.307s] Level 1:colcon.colcon_core.package_identification:_identify(build) ignored
[0.308s] Level 1:colcon.colcon_core.package_identification:_identify(install) by extensions ['ignore', 'ignore_ament_install']
[0.308s] Level 1:colcon.colcon_core.package_identification:_identify(install) by extension 'ignore'
[0.308s] Level 1:colcon.colcon_core.package_identification:_identify(install) ignored
[0.308s] Level 1:colcon.colcon_core.package_identification:_identify(log) by extensions ['ignore', 'ignore_ament_install']
[0.308s] Level 1:colcon.colcon_core.package_identification:_identify(log) by extension 'ignore'
[0.308s] Level 1:colcon.colcon_core.package_identification:_identify(log) ignored
[0.308s] Level 1:colcon.colcon_core.package_identification:_identify(my_workspace) by extensions ['ignore', 'ignore_ament_install']
[0.308s] Level 1:colcon.colcon_core.package_identification:_identify(my_workspace) by extension 'ignore'
[0.308s] Level 1:colcon.colcon_core.package_identification:_identify(my_workspace) by extension 'ignore_ament_install'
[0.308s] Level 1:colcon.colcon_core.package_identification:_identify(my_workspace) by extensions ['colcon_pkg']
[0.308s] Level 1:colcon.colcon_core.package_identification:_identify(my_workspace) by extension 'colcon_pkg'
[0.308s] Level 1:colcon.colcon_core.package_identification:_identify(my_workspace) by extensions ['colcon_meta']
[0.308s] Level 1:colcon.colcon_core.package_identification:_identify(my_workspace) by extension 'colcon_meta'
[0.309s] Level 1:colcon.colcon_core.package_identification:_identify(my_workspace) by extensions ['ros']
[0.309s] Level 1:colcon.colcon_core.package_identification:_identify(my_workspace) by extension 'ros'
[0.309s] Level 1:colcon.colcon_core.package_identification:_identify(my_workspace) by extensions ['cmake', 'python']
[0.309s] Level 1:colcon.colcon_core.package_identification:_identify(my_workspace) by extension 'cmake'
[0.309s] Level 1:colcon.colcon_core.package_identification:_identify(my_workspace) by extension 'python'
[0.309s] Level 1:colcon.colcon_core.package_identification:_identify(my_workspace) by extensions ['python_setup_py']
[0.309s] Level 1:colcon.colcon_core.package_identification:_identify(my_workspace) by extension 'python_setup_py'
[0.309s] Level 1:colcon.colcon_core.package_identification:_identify(my_workspace/build) by extensions ['ignore', 'ignore_ament_install']
[0.309s] Level 1:colcon.colcon_core.package_identification:_identify(my_workspace/build) by extension 'ignore'
[0.309s] Level 1:colcon.colcon_core.package_identification:_identify(my_workspace/build) ignored
[0.309s] Level 1:colcon.colcon_core.package_identification:_identify(my_workspace/install) by extensions ['ignore', 'ignore_ament_install']
[0.309s] Level 1:colcon.colcon_core.package_identification:_identify(my_workspace/install) by extension 'ignore'
[0.309s] Level 1:colcon.colcon_core.package_identification:_identify(my_workspace/install) ignored
[0.310s] Level 1:colcon.colcon_core.package_identification:_identify(my_workspace/log) by extensions ['ignore', 'ignore_ament_install']
[0.310s] Level 1:colcon.colcon_core.package_identification:_identify(my_workspace/log) by extension 'ignore'
[0.310s] Level 1:colcon.colcon_core.package_identification:_identify(my_workspace/log) ignored
[0.310s] Level 1:colcon.colcon_core.package_identification:_identify(my_workspace/src) by extensions ['ignore', 'ignore_ament_install']
[0.310s] Level 1:colcon.colcon_core.package_identification:_identify(my_workspace/src) by extension 'ignore'
[0.310s] Level 1:colcon.colcon_core.package_identification:_identify(my_workspace/src) by extension 'ignore_ament_install'
[0.310s] Level 1:colcon.colcon_core.package_identification:_identify(my_workspace/src) by extensions ['colcon_pkg']
[0.310s] Level 1:colcon.colcon_core.package_identification:_identify(my_workspace/src) by extension 'colcon_pkg'
[0.310s] Level 1:colcon.colcon_core.package_identification:_identify(my_workspace/src) by extensions ['colcon_meta']
[0.310s] Level 1:colcon.colcon_core.package_identification:_identify(my_workspace/src) by extension 'colcon_meta'
[0.310s] Level 1:colcon.colcon_core.package_identification:_identify(my_workspace/src) by extensions ['ros']
[0.310s] Level 1:colcon.colcon_core.package_identification:_identify(my_workspace/src) by extension 'ros'
[0.310s] Level 1:colcon.colcon_core.package_identification:_identify(my_workspace/src) by extensions ['cmake', 'python']
[0.310s] Level 1:colcon.colcon_core.package_identification:_identify(my_workspace/src) by extension 'cmake'
[0.311s] Level 1:colcon.colcon_core.package_identification:_identify(my_workspace/src) by extension 'python'
[0.311s] Level 1:colcon.colcon_core.package_identification:_identify(my_workspace/src) by extensions ['python_setup_py']
[0.311s] Level 1:colcon.colcon_core.package_identification:_identify(my_workspace/src) by extension 'python_setup_py'
[0.311s] Level 1:colcon.colcon_core.package_identification:_identify(my_workspace/src/bullet_sims) by extensions ['ignore', 'ignore_ament_install']
[0.311s] Level 1:colcon.colcon_core.package_identification:_identify(my_workspace/src/bullet_sims) by extension 'ignore'
[0.311s] Level 1:colcon.colcon_core.package_identification:_identify(my_workspace/src/bullet_sims) by extension 'ignore_ament_install'
[0.311s] Level 1:colcon.colcon_core.package_identification:_identify(my_workspace/src/bullet_sims) by extensions ['colcon_pkg']
[0.311s] Level 1:colcon.colcon_core.package_identification:_identify(my_workspace/src/bullet_sims) by extension 'colcon_pkg'
[0.311s] Level 1:colcon.colcon_core.package_identification:_identify(my_workspace/src/bullet_sims) by extensions ['colcon_meta']
[0.311s] Level 1:colcon.colcon_core.package_identification:_identify(my_workspace/src/bullet_sims) by extension 'colcon_meta'
[0.311s] Level 1:colcon.colcon_core.package_identification:_identify(my_workspace/src/bullet_sims) by extensions ['ros']
[0.311s] Level 1:colcon.colcon_core.package_identification:_identify(my_workspace/src/bullet_sims) by extension 'ros'
[0.316s] DEBUG:colcon.colcon_core.package_identification:Package 'my_workspace/src/bullet_sims' with type 'ros.ament_python' and name 'bullet_sims'
[0.316s] Level 1:colcon.colcon_core.package_identification:_identify(my_workspace/src/reemc_description) by extensions ['ignore', 'ignore_ament_install']
[0.316s] Level 1:colcon.colcon_core.package_identification:_identify(my_workspace/src/reemc_description) by extension 'ignore'
[0.316s] Level 1:colcon.colcon_core.package_identification:_identify(my_workspace/src/reemc_description) by extension 'ignore_ament_install'
[0.316s] Level 1:colcon.colcon_core.package_identification:_identify(my_workspace/src/reemc_description) by extensions ['colcon_pkg']
[0.316s] Level 1:colcon.colcon_core.package_identification:_identify(my_workspace/src/reemc_description) by extension 'colcon_pkg'
[0.316s] Level 1:colcon.colcon_core.package_identification:_identify(my_workspace/src/reemc_description) by extensions ['colcon_meta']
[0.316s] Level 1:colcon.colcon_core.package_identification:_identify(my_workspace/src/reemc_description) by extension 'colcon_meta'
[0.316s] Level 1:colcon.colcon_core.package_identification:_identify(my_workspace/src/reemc_description) by extensions ['ros']
[0.316s] Level 1:colcon.colcon_core.package_identification:_identify(my_workspace/src/reemc_description) by extension 'ros'
[0.317s] DEBUG:colcon.colcon_core.package_identification:Package 'my_workspace/src/reemc_description' with type 'ros.ament_cmake' and name 'reemc_description'
[0.317s] Level 1:colcon.colcon_core.package_identification:_identify(my_workspace/src/ros_visuals) by extensions ['ignore', 'ignore_ament_install']
[0.318s] Level 1:colcon.colcon_core.package_identification:_identify(my_workspace/src/ros_visuals) by extension 'ignore'
[0.318s] Level 1:colcon.colcon_core.package_identification:_identify(my_workspace/src/ros_visuals) by extension 'ignore_ament_install'
[0.318s] Level 1:colcon.colcon_core.package_identification:_identify(my_workspace/src/ros_visuals) by extensions ['colcon_pkg']
[0.318s] Level 1:colcon.colcon_core.package_identification:_identify(my_workspace/src/ros_visuals) by extension 'colcon_pkg'
[0.318s] Level 1:colcon.colcon_core.package_identification:_identify(my_workspace/src/ros_visuals) by extensions ['colcon_meta']
[0.318s] Level 1:colcon.colcon_core.package_identification:_identify(my_workspace/src/ros_visuals) by extension 'colcon_meta'
[0.318s] Level 1:colcon.colcon_core.package_identification:_identify(my_workspace/src/ros_visuals) by extensions ['ros']
[0.318s] Level 1:colcon.colcon_core.package_identification:_identify(my_workspace/src/ros_visuals) by extension 'ros'
[0.319s] DEBUG:colcon.colcon_core.package_identification:Package 'my_workspace/src/ros_visuals' with type 'ros.ament_python' and name 'ros_visuals'
[0.319s] Level 1:colcon.colcon_core.package_identification:_identify(my_workspace/src/simulator) by extensions ['ignore', 'ignore_ament_install']
[0.319s] Level 1:colcon.colcon_core.package_identification:_identify(my_workspace/src/simulator) by extension 'ignore'
[0.319s] Level 1:colcon.colcon_core.package_identification:_identify(my_workspace/src/simulator) by extension 'ignore_ament_install'
[0.319s] Level 1:colcon.colcon_core.package_identification:_identify(my_workspace/src/simulator) by extensions ['colcon_pkg']
[0.319s] Level 1:colcon.colcon_core.package_identification:_identify(my_workspace/src/simulator) by extension 'colcon_pkg'
[0.320s] Level 1:colcon.colcon_core.package_identification:_identify(my_workspace/src/simulator) by extensions ['colcon_meta']
[0.320s] Level 1:colcon.colcon_core.package_identification:_identify(my_workspace/src/simulator) by extension 'colcon_meta'
[0.320s] Level 1:colcon.colcon_core.package_identification:_identify(my_workspace/src/simulator) by extensions ['ros']
[0.320s] Level 1:colcon.colcon_core.package_identification:_identify(my_workspace/src/simulator) by extension 'ros'
[0.321s] DEBUG:colcon.colcon_core.package_identification:Package 'my_workspace/src/simulator' with type 'ros.ament_python' and name 'simulator'
[0.321s] Level 1:colcon.colcon_core.package_identification:_identify(my_workspace/src/talos_description) by extensions ['ignore', 'ignore_ament_install']
[0.321s] Level 1:colcon.colcon_core.package_identification:_identify(my_workspace/src/talos_description) by extension 'ignore'
[0.321s] Level 1:colcon.colcon_core.package_identification:_identify(my_workspace/src/talos_description) by extension 'ignore_ament_install'
[0.321s] Level 1:colcon.colcon_core.package_identification:_identify(my_workspace/src/talos_description) by extensions ['colcon_pkg']
[0.321s] Level 1:colcon.colcon_core.package_identification:_identify(my_workspace/src/talos_description) by extension 'colcon_pkg'
[0.321s] Level 1:colcon.colcon_core.package_identification:_identify(my_workspace/src/talos_description) by extensions ['colcon_meta']
[0.321s] Level 1:colcon.colcon_core.package_identification:_identify(my_workspace/src/talos_description) by extension 'colcon_meta'
[0.321s] Level 1:colcon.colcon_core.package_identification:_identify(my_workspace/src/talos_description) by extensions ['ros']
[0.321s] Level 1:colcon.colcon_core.package_identification:_identify(my_workspace/src/talos_description) by extension 'ros'
[0.322s] DEBUG:colcon.colcon_core.package_identification:Package 'my_workspace/src/talos_description' with type 'ros.ament_cmake' and name 'talos_description'
[0.322s] Level 1:colcon.colcon_core.package_identification:_identify(my_workspace/src/whole_body_control) by extensions ['ignore', 'ignore_ament_install']
[0.322s] Level 1:colcon.colcon_core.package_identification:_identify(my_workspace/src/whole_body_control) by extension 'ignore'
[0.322s] Level 1:colcon.colcon_core.package_identification:_identify(my_workspace/src/whole_body_control) by extension 'ignore_ament_install'
[0.323s] Level 1:colcon.colcon_core.package_identification:_identify(my_workspace/src/whole_body_control) by extensions ['colcon_pkg']
[0.323s] Level 1:colcon.colcon_core.package_identification:_identify(my_workspace/src/whole_body_control) by extension 'colcon_pkg'
[0.323s] Level 1:colcon.colcon_core.package_identification:_identify(my_workspace/src/whole_body_control) by extensions ['colcon_meta']
[0.323s] Level 1:colcon.colcon_core.package_identification:_identify(my_workspace/src/whole_body_control) by extension 'colcon_meta'
[0.323s] Level 1:colcon.colcon_core.package_identification:_identify(my_workspace/src/whole_body_control) by extensions ['ros']
[0.323s] Level 1:colcon.colcon_core.package_identification:_identify(my_workspace/src/whole_body_control) by extension 'ros'
[0.324s] DEBUG:colcon.colcon_core.package_identification:Package 'my_workspace/src/whole_body_control' with type 'ros.ament_python' and name 'whole_body_control'
[0.324s] Level 1:colcon.colcon_core.package_discovery:discover_packages(recursive) using defaults
[0.324s] Level 1:colcon.colcon_core.package_discovery:discover_packages(ignore) discover
[0.324s] Level 1:colcon.colcon_core.package_discovery:discover_packages(ignore) using defaults
[0.324s] Level 1:colcon.colcon_core.package_discovery:discover_packages(path) discover
[0.325s] Level 1:colcon.colcon_core.package_discovery:discover_packages(path) using defaults
[0.352s] Level 5:colcon.colcon_core.verb:set package 'reemc_description' build argument 'cmake_args' from command line to 'None'
[0.352s] Level 5:colcon.colcon_core.verb:set package 'reemc_description' build argument 'cmake_target' from command line to 'None'
[0.352s] Level 5:colcon.colcon_core.verb:set package 'reemc_description' build argument 'cmake_target_skip_unavailable' from command line to 'False'
[0.352s] Level 5:colcon.colcon_core.verb:set package 'reemc_description' build argument 'cmake_clean_cache' from command line to 'False'
[0.352s] Level 5:colcon.colcon_core.verb:set package 'reemc_description' build argument 'cmake_clean_first' from command line to 'False'
[0.352s] Level 5:colcon.colcon_core.verb:set package 'reemc_description' build argument 'cmake_force_configure' from command line to 'False'
[0.352s] Level 5:colcon.colcon_core.verb:set package 'reemc_description' build argument 'ament_cmake_args' from command line to 'None'
[0.352s] Level 5:colcon.colcon_core.verb:set package 'reemc_description' build argument 'catkin_cmake_args' from command line to 'None'
[0.352s] Level 5:colcon.colcon_core.verb:set package 'reemc_description' build argument 'catkin_skip_building_tests' from command line to 'False'
[0.352s] DEBUG:colcon.colcon_core.verb:Building package 'reemc_description' with the following arguments: {'ament_cmake_args': None, 'build_base': '/workspaces/workspaces/build/reemc_description', 'catkin_cmake_args': None, 'catkin_skip_building_tests': False, 'cmake_args': None, 'cmake_clean_cache': False, 'cmake_clean_first': False, 'cmake_force_configure': False, 'cmake_target': None, 'cmake_target_skip_unavailable': False, 'install_base': '/workspaces/workspaces/install/reemc_description', 'merge_install': False, 'path': '/workspaces/workspaces/my_workspace/src/reemc_description', 'symlink_install': True, 'test_result_base': None}
[0.352s] Level 5:colcon.colcon_core.verb:set package 'ros_visuals' build argument 'cmake_args' from command line to 'None'
[0.352s] Level 5:colcon.colcon_core.verb:set package 'ros_visuals' build argument 'cmake_target' from command line to 'None'
[0.352s] Level 5:colcon.colcon_core.verb:set package 'ros_visuals' build argument 'cmake_target_skip_unavailable' from command line to 'False'
[0.352s] Level 5:colcon.colcon_core.verb:set package 'ros_visuals' build argument 'cmake_clean_cache' from command line to 'False'
[0.352s] Level 5:colcon.colcon_core.verb:set package 'ros_visuals' build argument 'cmake_clean_first' from command line to 'False'
[0.352s] Level 5:colcon.colcon_core.verb:set package 'ros_visuals' build argument 'cmake_force_configure' from command line to 'False'
[0.352s] Level 5:colcon.colcon_core.verb:set package 'ros_visuals' build argument 'ament_cmake_args' from command line to 'None'
[0.353s] Level 5:colcon.colcon_core.verb:set package 'ros_visuals' build argument 'catkin_cmake_args' from command line to 'None'
[0.353s] Level 5:colcon.colcon_core.verb:set package 'ros_visuals' build argument 'catkin_skip_building_tests' from command line to 'False'
[0.353s] DEBUG:colcon.colcon_core.verb:Building package 'ros_visuals' with the following arguments: {'ament_cmake_args': None, 'build_base': '/workspaces/workspaces/build/ros_visuals', 'catkin_cmake_args': None, 'catkin_skip_building_tests': False, 'cmake_args': None, 'cmake_clean_cache': False, 'cmake_clean_first': False, 'cmake_force_configure': False, 'cmake_target': None, 'cmake_target_skip_unavailable': False, 'install_base': '/workspaces/workspaces/install/ros_visuals', 'merge_install': False, 'path': '/workspaces/workspaces/my_workspace/src/ros_visuals', 'symlink_install': True, 'test_result_base': None}
[0.353s] Level 5:colcon.colcon_core.verb:set package 'simulator' build argument 'cmake_args' from command line to 'None'
[0.353s] Level 5:colcon.colcon_core.verb:set package 'simulator' build argument 'cmake_target' from command line to 'None'
[0.353s] Level 5:colcon.colcon_core.verb:set package 'simulator' build argument 'cmake_target_skip_unavailable' from command line to 'False'
[0.353s] Level 5:colcon.colcon_core.verb:set package 'simulator' build argument 'cmake_clean_cache' from command line to 'False'
[0.353s] Level 5:colcon.colcon_core.verb:set package 'simulator' build argument 'cmake_clean_first' from command line to 'False'
[0.353s] Level 5:colcon.colcon_core.verb:set package 'simulator' build argument 'cmake_force_configure' from command line to 'False'
[0.353s] Level 5:colcon.colcon_core.verb:set package 'simulator' build argument 'ament_cmake_args' from command line to 'None'
[0.353s] Level 5:colcon.colcon_core.verb:set package 'simulator' build argument 'catkin_cmake_args' from command line to 'None'
[0.353s] Level 5:colcon.colcon_core.verb:set package 'simulator' build argument 'catkin_skip_building_tests' from command line to 'False'
[0.353s] DEBUG:colcon.colcon_core.verb:Building package 'simulator' with the following arguments: {'ament_cmake_args': None, 'build_base': '/workspaces/workspaces/build/simulator', 'catkin_cmake_args': None, 'catkin_skip_building_tests': False, 'cmake_args': None, 'cmake_clean_cache': False, 'cmake_clean_first': False, 'cmake_force_configure': False, 'cmake_target': None, 'cmake_target_skip_unavailable': False, 'install_base': '/workspaces/workspaces/install/simulator', 'merge_install': False, 'path': '/workspaces/workspaces/my_workspace/src/simulator', 'symlink_install': True, 'test_result_base': None}
[0.353s] Level 5:colcon.colcon_core.verb:set package 'talos_description' build argument 'cmake_args' from command line to 'None'
[0.354s] Level 5:colcon.colcon_core.verb:set package 'talos_description' build argument 'cmake_target' from command line to 'None'
[0.354s] Level 5:colcon.colcon_core.verb:set package 'talos_description' build argument 'cmake_target_skip_unavailable' from command line to 'False'
[0.354s] Level 5:colcon.colcon_core.verb:set package 'talos_description' build argument 'cmake_clean_cache' from command line to 'False'
[0.354s] Level 5:colcon.colcon_core.verb:set package 'talos_description' build argument 'cmake_clean_first' from command line to 'False'
[0.354s] Level 5:colcon.colcon_core.verb:set package 'talos_description' build argument 'cmake_force_configure' from command line to 'False'
[0.354s] Level 5:colcon.colcon_core.verb:set package 'talos_description' build argument 'ament_cmake_args' from command line to 'None'
[0.354s] Level 5:colcon.colcon_core.verb:set package 'talos_description' build argument 'catkin_cmake_args' from command line to 'None'
[0.354s] Level 5:colcon.colcon_core.verb:set package 'talos_description' build argument 'catkin_skip_building_tests' from command line to 'False'
[0.354s] DEBUG:colcon.colcon_core.verb:Building package 'talos_description' with the following arguments: {'ament_cmake_args': None, 'build_base': '/workspaces/workspaces/build/talos_description', 'catkin_cmake_args': None, 'catkin_skip_building_tests': False, 'cmake_args': None, 'cmake_clean_cache': False, 'cmake_clean_first': False, 'cmake_force_configure': False, 'cmake_target': None, 'cmake_target_skip_unavailable': False, 'install_base': '/workspaces/workspaces/install/talos_description', 'merge_install': False, 'path': '/workspaces/workspaces/my_workspace/src/talos_description', 'symlink_install': True, 'test_result_base': None}
[0.354s] Level 5:colcon.colcon_core.verb:set package 'bullet_sims' build argument 'cmake_args' from command line to 'None'
[0.354s] Level 5:colcon.colcon_core.verb:set package 'bullet_sims' build argument 'cmake_target' from command line to 'None'
[0.354s] Level 5:colcon.colcon_core.verb:set package 'bullet_sims' build argument 'cmake_target_skip_unavailable' from command line to 'False'
[0.354s] Level 5:colcon.colcon_core.verb:set package 'bullet_sims' build argument 'cmake_clean_cache' from command line to 'False'
[0.354s] Level 5:colcon.colcon_core.verb:set package 'bullet_sims' build argument 'cmake_clean_first' from command line to 'False'
[0.354s] Level 5:colcon.colcon_core.verb:set package 'bullet_sims' build argument 'cmake_force_configure' from command line to 'False'
[0.354s] Level 5:colcon.colcon_core.verb:set package 'bullet_sims' build argument 'ament_cmake_args' from command line to 'None'
[0.354s] Level 5:colcon.colcon_core.verb:set package 'bullet_sims' build argument 'catkin_cmake_args' from command line to 'None'
[0.354s] Level 5:colcon.colcon_core.verb:set package 'bullet_sims' build argument 'catkin_skip_building_tests' from command line to 'False'
[0.354s] DEBUG:colcon.colcon_core.verb:Building package 'bullet_sims' with the following arguments: {'ament_cmake_args': None, 'build_base': '/workspaces/workspaces/build/bullet_sims', 'catkin_cmake_args': None, 'catkin_skip_building_tests': False, 'cmake_args': None, 'cmake_clean_cache': False, 'cmake_clean_first': False, 'cmake_force_configure': False, 'cmake_target': None, 'cmake_target_skip_unavailable': False, 'install_base': '/workspaces/workspaces/install/bullet_sims', 'merge_install': False, 'path': '/workspaces/workspaces/my_workspace/src/bullet_sims', 'symlink_install': True, 'test_result_base': None}
[0.355s] Level 5:colcon.colcon_core.verb:set package 'whole_body_control' build argument 'cmake_args' from command line to 'None'
[0.355s] Level 5:colcon.colcon_core.verb:set package 'whole_body_control' build argument 'cmake_target' from command line to 'None'
[0.355s] Level 5:colcon.colcon_core.verb:set package 'whole_body_control' build argument 'cmake_target_skip_unavailable' from command line to 'False'
[0.355s] Level 5:colcon.colcon_core.verb:set package 'whole_body_control' build argument 'cmake_clean_cache' from command line to 'False'
[0.355s] Level 5:colcon.colcon_core.verb:set package 'whole_body_control' build argument 'cmake_clean_first' from command line to 'False'
[0.355s] Level 5:colcon.colcon_core.verb:set package 'whole_body_control' build argument 'cmake_force_configure' from command line to 'False'
[0.355s] Level 5:colcon.colcon_core.verb:set package 'whole_body_control' build argument 'ament_cmake_args' from command line to 'None'
[0.355s] Level 5:colcon.colcon_core.verb:set package 'whole_body_control' build argument 'catkin_cmake_args' from command line to 'None'
[0.355s] Level 5:colcon.colcon_core.verb:set package 'whole_body_control' build argument 'catkin_skip_building_tests' from command line to 'False'
[0.355s] DEBUG:colcon.colcon_core.verb:Building package 'whole_body_control' with the following arguments: {'ament_cmake_args': None, 'build_base': '/workspaces/workspaces/build/whole_body_control', 'catkin_cmake_args': None, 'catkin_skip_building_tests': False, 'cmake_args': None, 'cmake_clean_cache': False, 'cmake_clean_first': False, 'cmake_force_configure': False, 'cmake_target': None, 'cmake_target_skip_unavailable': False, 'install_base': '/workspaces/workspaces/install/whole_body_control', 'merge_install': False, 'path': '/workspaces/workspaces/my_workspace/src/whole_body_control', 'symlink_install': True, 'test_result_base': None}
[0.355s] INFO:colcon.colcon_core.executor:Executing jobs using 'parallel' executor
[0.356s] DEBUG:colcon.colcon_parallel_executor.executor.parallel:run_until_complete
[0.357s] INFO:colcon.colcon_ros.task.ament_cmake.build:Building ROS package in '/workspaces/workspaces/my_workspace/src/reemc_description' with build type 'ament_cmake'
[0.357s] INFO:colcon.colcon_cmake.task.cmake.build:Building CMake package in '/workspaces/workspaces/my_workspace/src/reemc_description'
[0.362s] INFO:colcon.colcon_core.plugin_system:Skipping extension 'colcon_core.shell.bat': Not used on non-Windows systems
[0.362s] INFO:colcon.colcon_core.shell:Skip shell extension 'powershell' for command environment: Not usable outside of PowerShell
[0.362s] DEBUG:colcon.colcon_core.shell:Skip shell extension 'dsv' for command environment
[0.370s] INFO:colcon.colcon_ros.task.ament_python.build:Building ROS package in '/workspaces/workspaces/my_workspace/src/simulator' with build type 'ament_python'
[0.370s] Level 1:colcon.colcon_core.shell:create_environment_hook('simulator', 'ament_prefix_path')
[0.370s] INFO:colcon.colcon_core.shell:Creating environment hook '/workspaces/workspaces/install/simulator/share/simulator/hook/ament_prefix_path.ps1'
[0.372s] INFO:colcon.colcon_core.shell:Creating environment descriptor '/workspaces/workspaces/install/simulator/share/simulator/hook/ament_prefix_path.dsv'
[0.372s] INFO:colcon.colcon_core.shell:Creating environment hook '/workspaces/workspaces/install/simulator/share/simulator/hook/ament_prefix_path.sh'
[0.374s] INFO:colcon.colcon_core.shell:Skip shell extension 'powershell' for command environment: Not usable outside of PowerShell
[0.374s] DEBUG:colcon.colcon_core.shell:Skip shell extension 'dsv' for command environment
[0.379s] INFO:colcon.colcon_ros.task.ament_cmake.build:Building ROS package in '/workspaces/workspaces/my_workspace/src/talos_description' with build type 'ament_cmake'
[0.379s] INFO:colcon.colcon_cmake.task.cmake.build:Building CMake package in '/workspaces/workspaces/my_workspace/src/talos_description'
[0.379s] INFO:colcon.colcon_core.shell:Skip shell extension 'powershell' for command environment: Not usable outside of PowerShell
[0.379s] DEBUG:colcon.colcon_core.shell:Skip shell extension 'dsv' for command environment
[0.384s] INFO:colcon.colcon_ros.task.ament_python.build:Building ROS package in '/workspaces/workspaces/my_workspace/src/ros_visuals' with build type 'ament_python'
[0.384s] Level 1:colcon.colcon_core.shell:create_environment_hook('ros_visuals', 'ament_prefix_path')
[0.385s] INFO:colcon.colcon_core.shell:Creating environment hook '/workspaces/workspaces/install/ros_visuals/share/ros_visuals/hook/ament_prefix_path.ps1'
[0.387s] INFO:colcon.colcon_core.shell:Creating environment descriptor '/workspaces/workspaces/install/ros_visuals/share/ros_visuals/hook/ament_prefix_path.dsv'
[0.388s] INFO:colcon.colcon_core.shell:Creating environment hook '/workspaces/workspaces/install/ros_visuals/share/ros_visuals/hook/ament_prefix_path.sh'
[0.390s] INFO:colcon.colcon_core.shell:Skip shell extension 'powershell' for command environment: Not usable outside of PowerShell
[0.390s] DEBUG:colcon.colcon_core.shell:Skip shell extension 'dsv' for command environment
[0.409s] DEBUG:colcon.colcon_core.event_handler.log_command:Invoking command in '/workspaces/workspaces/build/reemc_description': CMAKE_PREFIX_PATH=${CMAKE_PREFIX_PATH}:/opt/ros/rolling /usr/bin/cmake /workspaces/workspaces/my_workspace/src/reemc_description -DAMENT_CMAKE_SYMLINK_INSTALL=1 -DCMAKE_INSTALL_PREFIX=/workspaces/workspaces/install/reemc_description
[0.843s] INFO:colcon.colcon_core.task.python.build:Building Python package in '/workspaces/workspaces/my_workspace/src/simulator'
[0.844s] INFO:colcon.colcon_core.shell:Skip shell extension 'powershell' for command environment: Not usable outside of PowerShell
[0.844s] DEBUG:colcon.colcon_core.shell:Skip shell extension 'dsv' for command environment
[0.855s] DEBUG:colcon.colcon_core.event_handler.log_command:Invoking command in '/workspaces/workspaces/build/talos_description': CMAKE_PREFIX_PATH=${CMAKE_PREFIX_PATH}:/opt/ros/rolling /usr/bin/cmake /workspaces/workspaces/my_workspace/src/talos_description -DAMENT_CMAKE_SYMLINK_INSTALL=1 -DCMAKE_INSTALL_PREFIX=/workspaces/workspaces/install/talos_description
[1.350s] WARNING:colcon.colcon_ros.task.ament_python.build:Package 'ros_visuals' doesn't explicitly install a marker in the package index (colcon-ros currently does it implicitly but that fallback will be removed in the future)
[1.351s] WARNING:colcon.colcon_ros.task.ament_python.build:Package 'ros_visuals' doesn't explicitly install the 'package.xml' file (colcon-ros currently does it implicitly but that fallback will be removed in the future)
[1.351s] INFO:colcon.colcon_core.task.python.build:Building Python package in '/workspaces/workspaces/my_workspace/src/ros_visuals'
[1.351s] INFO:colcon.colcon_core.shell:Skip shell extension 'powershell' for command environment: Not usable outside of PowerShell
[1.351s] DEBUG:colcon.colcon_core.shell:Skip shell extension 'dsv' for command environment
[2.719s] DEBUG:colcon.colcon_core.event_handler.log_command:Invoked command in '/workspaces/workspaces/build/reemc_description' returned '0': CMAKE_PREFIX_PATH=${CMAKE_PREFIX_PATH}:/opt/ros/rolling /usr/bin/cmake /workspaces/workspaces/my_workspace/src/reemc_description -DAMENT_CMAKE_SYMLINK_INSTALL=1 -DCMAKE_INSTALL_PREFIX=/workspaces/workspaces/install/reemc_description
[2.722s] DEBUG:colcon.colcon_core.event_handler.log_command:Invoking command in '/workspaces/workspaces/build/reemc_description': CMAKE_PREFIX_PATH=${CMAKE_PREFIX_PATH}:/opt/ros/rolling /usr/bin/cmake --build /workspaces/workspaces/build/reemc_description -- -j8 -l8
[2.836s] DEBUG:colcon.colcon_core.event_handler.log_command:Invoked command in '/workspaces/workspaces/build/reemc_description' returned '0': CMAKE_PREFIX_PATH=${CMAKE_PREFIX_PATH}:/opt/ros/rolling /usr/bin/cmake --build /workspaces/workspaces/build/reemc_description -- -j8 -l8
[2.861s] DEBUG:colcon.colcon_core.event_handler.log_command:Invoking command in '/workspaces/workspaces/build/reemc_description': CMAKE_PREFIX_PATH=${CMAKE_PREFIX_PATH}:/opt/ros/rolling /usr/bin/cmake --install /workspaces/workspaces/build/reemc_description
[2.941s] DEBUG:colcon.colcon_core.event_handler.log_command:Invoking command in '/workspaces/workspaces/build/simulator': PYTHONPATH=/workspaces/workspaces/build/simulator/prefix_override:/usr/lib/python3/dist-packages/colcon_core/task/python/colcon_distutils_commands:/workspaces/workspaces/install/simulator/lib/python3.12/site-packages:${PYTHONPATH} /usr/bin/python3 -W ignore:setup.py install is deprecated -W ignore:easy_install command is deprecated setup.py develop --editable --build-directory /workspaces/workspaces/build/simulator/build --no-deps symlink_data
[2.950s] DEBUG:colcon.colcon_core.event_handler.log_command:Invoking command in '/workspaces/workspaces/build/ros_visuals': PYTHONPATH=/workspaces/workspaces/build/ros_visuals/prefix_override:/usr/lib/python3/dist-packages/colcon_core/task/python/colcon_distutils_commands:/workspaces/workspaces/install/ros_visuals/lib/python3.12/site-packages:${PYTHONPATH} /usr/bin/python3 -W ignore:setup.py install is deprecated -W ignore:easy_install command is deprecated setup.py develop --editable --build-directory /workspaces/workspaces/build/ros_visuals/build --no-deps symlink_data
[2.983s] DEBUG:colcon.colcon_core.event_handler.log_command:Invoked command in '/workspaces/workspaces/build/talos_description' returned '0': CMAKE_PREFIX_PATH=${CMAKE_PREFIX_PATH}:/opt/ros/rolling /usr/bin/cmake /workspaces/workspaces/my_workspace/src/talos_description -DAMENT_CMAKE_SYMLINK_INSTALL=1 -DCMAKE_INSTALL_PREFIX=/workspaces/workspaces/install/talos_description
[2.986s] DEBUG:colcon.colcon_core.event_handler.log_command:Invoking command in '/workspaces/workspaces/build/talos_description': CMAKE_PREFIX_PATH=${CMAKE_PREFIX_PATH}:/opt/ros/rolling /usr/bin/cmake --build /workspaces/workspaces/build/talos_description -- -j8 -l8
[3.087s] DEBUG:colcon.colcon_core.event_handler.log_command:Invoked command in '/workspaces/workspaces/build/talos_description' returned '0': CMAKE_PREFIX_PATH=${CMAKE_PREFIX_PATH}:/opt/ros/rolling /usr/bin/cmake --build /workspaces/workspaces/build/talos_description -- -j8 -l8
[3.090s] DEBUG:colcon.colcon_core.event_handler.log_command:Invoking command in '/workspaces/workspaces/build/talos_description': CMAKE_PREFIX_PATH=${CMAKE_PREFIX_PATH}:/opt/ros/rolling /usr/bin/cmake --install /workspaces/workspaces/build/talos_description
[6.514s] Level 1:colcon.colcon_core.environment:create_environment_scripts_only(reemc_description)
[6.515s] DEBUG:colcon.colcon_core.event_handler.log_command:Invoked command in '/workspaces/workspaces/build/reemc_description' returned '0': CMAKE_PREFIX_PATH=${CMAKE_PREFIX_PATH}:/opt/ros/rolling /usr/bin/cmake --install /workspaces/workspaces/build/reemc_description
[6.530s] Level 1:colcon.colcon_core.environment:checking '/workspaces/workspaces/install/reemc_description' for CMake module files
[6.532s] Level 1:colcon.colcon_core.environment:checking '/workspaces/workspaces/install/reemc_description' for CMake config files
[6.535s] Level 1:colcon.colcon_core.shell:create_environment_hook('reemc_description', 'cmake_prefix_path')
[6.536s] INFO:colcon.colcon_core.shell:Creating environment hook '/workspaces/workspaces/install/reemc_description/share/reemc_description/hook/cmake_prefix_path.ps1'
[6.538s] INFO:colcon.colcon_core.shell:Creating environment descriptor '/workspaces/workspaces/install/reemc_description/share/reemc_description/hook/cmake_prefix_path.dsv'
[6.538s] INFO:colcon.colcon_core.shell:Creating environment hook '/workspaces/workspaces/install/reemc_description/share/reemc_description/hook/cmake_prefix_path.sh'
[6.541s] Level 1:colcon.colcon_core.environment:checking '/workspaces/workspaces/install/reemc_description/bin'
[6.541s] Level 1:colcon.colcon_core.environment:checking '/workspaces/workspaces/install/reemc_description/lib/pkgconfig/reemc_description.pc'
[6.542s] Level 1:colcon.colcon_core.environment:checking '/workspaces/workspaces/install/reemc_description/lib/python3.12/site-packages'
[6.543s] Level 1:colcon.colcon_core.environment:checking '/workspaces/workspaces/install/reemc_description/bin'
[6.544s] INFO:colcon.colcon_core.shell:Creating package script '/workspaces/workspaces/install/reemc_description/share/reemc_description/package.ps1'
[6.547s] INFO:colcon.colcon_core.shell:Creating package descriptor '/workspaces/workspaces/install/reemc_description/share/reemc_description/package.dsv'
[6.549s] INFO:colcon.colcon_core.shell:Creating package script '/workspaces/workspaces/install/reemc_description/share/reemc_description/package.sh'
[6.555s] INFO:colcon.colcon_core.shell:Creating package script '/workspaces/workspaces/install/reemc_description/share/reemc_description/package.bash'
[6.559s] INFO:colcon.colcon_core.shell:Creating package script '/workspaces/workspaces/install/reemc_description/share/reemc_description/package.zsh'
[6.562s] Level 1:colcon.colcon_core.environment:create_file_with_runtime_dependencies(/workspaces/workspaces/install/reemc_description/share/colcon-core/packages/reemc_description)
[6.569s] Level 1:colcon.colcon_core.environment:create_environment_scripts_only(reemc_description)
[6.570s] Level 1:colcon.colcon_core.environment:checking '/workspaces/workspaces/install/reemc_description' for CMake module files
[6.573s] Level 1:colcon.colcon_core.environment:checking '/workspaces/workspaces/install/reemc_description' for CMake config files
[6.578s] Level 1:colcon.colcon_core.shell:create_environment_hook('reemc_description', 'cmake_prefix_path')
[6.580s] INFO:colcon.colcon_core.shell:Creating environment hook '/workspaces/workspaces/install/reemc_description/share/reemc_description/hook/cmake_prefix_path.ps1'
[6.582s] INFO:colcon.colcon_core.shell:Creating environment descriptor '/workspaces/workspaces/install/reemc_description/share/reemc_description/hook/cmake_prefix_path.dsv'
[6.584s] INFO:colcon.colcon_core.shell:Creating environment hook '/workspaces/workspaces/install/reemc_description/share/reemc_description/hook/cmake_prefix_path.sh'
[6.587s] Level 1:colcon.colcon_core.environment:checking '/workspaces/workspaces/install/reemc_description/bin'
[6.588s] Level 1:colcon.colcon_core.environment:checking '/workspaces/workspaces/install/reemc_description/lib/pkgconfig/reemc_description.pc'
[6.588s] Level 1:colcon.colcon_core.environment:checking '/workspaces/workspaces/install/reemc_description/lib/python3.12/site-packages'
[6.589s] Level 1:colcon.colcon_core.environment:checking '/workspaces/workspaces/install/reemc_description/bin'
[6.590s] INFO:colcon.colcon_core.shell:Creating package script '/workspaces/workspaces/install/reemc_description/share/reemc_description/package.ps1'
[6.592s] INFO:colcon.colcon_core.shell:Creating package descriptor '/workspaces/workspaces/install/reemc_description/share/reemc_description/package.dsv'
[6.593s] INFO:colcon.colcon_core.shell:Creating package script '/workspaces/workspaces/install/reemc_description/share/reemc_description/package.sh'
[6.595s] INFO:colcon.colcon_core.shell:Creating package script '/workspaces/workspaces/install/reemc_description/share/reemc_description/package.bash'
[6.597s] INFO:colcon.colcon_core.shell:Creating package script '/workspaces/workspaces/install/reemc_description/share/reemc_description/package.zsh'
[6.598s] Level 1:colcon.colcon_core.environment:create_file_with_runtime_dependencies(/workspaces/workspaces/install/reemc_description/share/colcon-core/packages/reemc_description)
[6.611s] Level 1:colcon.colcon_core.environment:create_environment_scripts_only(talos_description)
[6.611s] Level 1:colcon.colcon_core.environment:checking '/workspaces/workspaces/install/talos_description' for CMake module files
[6.613s] DEBUG:colcon.colcon_core.event_handler.log_command:Invoked command in '/workspaces/workspaces/build/talos_description' returned '0': CMAKE_PREFIX_PATH=${CMAKE_PREFIX_PATH}:/opt/ros/rolling /usr/bin/cmake --install /workspaces/workspaces/build/talos_description
[6.615s] Level 1:colcon.colcon_core.environment:checking '/workspaces/workspaces/install/talos_description' for CMake config files
[6.618s] Level 1:colcon.colcon_core.shell:create_environment_hook('talos_description', 'cmake_prefix_path')
[6.619s] INFO:colcon.colcon_core.shell:Creating environment hook '/workspaces/workspaces/install/talos_description/share/talos_description/hook/cmake_prefix_path.ps1'
[6.620s] INFO:colcon.colcon_core.shell:Creating environment descriptor '/workspaces/workspaces/install/talos_description/share/talos_description/hook/cmake_prefix_path.dsv'
[6.621s] INFO:colcon.colcon_core.shell:Creating environment hook '/workspaces/workspaces/install/talos_description/share/talos_description/hook/cmake_prefix_path.sh'
[6.623s] Level 1:colcon.colcon_core.environment:checking '/workspaces/workspaces/install/talos_description/bin'
[6.623s] Level 1:colcon.colcon_core.environment:checking '/workspaces/workspaces/install/talos_description/lib/pkgconfig/talos_description.pc'
[6.624s] Level 1:colcon.colcon_core.environment:checking '/workspaces/workspaces/install/talos_description/lib/python3.12/site-packages'
[6.625s] Level 1:colcon.colcon_core.environment:checking '/workspaces/workspaces/install/talos_description/bin'
[6.626s] INFO:colcon.colcon_core.shell:Creating package script '/workspaces/workspaces/install/talos_description/share/talos_description/package.ps1'
[6.627s] INFO:colcon.colcon_core.shell:Creating package descriptor '/workspaces/workspaces/install/talos_description/share/talos_description/package.dsv'
[6.629s] INFO:colcon.colcon_core.shell:Creating package script '/workspaces/workspaces/install/talos_description/share/talos_description/package.sh'
[6.630s] INFO:colcon.colcon_core.shell:Creating package script '/workspaces/workspaces/install/talos_description/share/talos_description/package.bash'
[6.631s] INFO:colcon.colcon_core.shell:Creating package script '/workspaces/workspaces/install/talos_description/share/talos_description/package.zsh'
[6.632s] Level 1:colcon.colcon_core.environment:create_file_with_runtime_dependencies(/workspaces/workspaces/install/talos_description/share/colcon-core/packages/talos_description)
[6.634s] Level 1:colcon.colcon_core.environment:create_environment_scripts_only(talos_description)
[6.635s] Level 1:colcon.colcon_core.environment:checking '/workspaces/workspaces/install/talos_description' for CMake module files
[6.636s] Level 1:colcon.colcon_core.environment:checking '/workspaces/workspaces/install/talos_description' for CMake config files
[6.640s] Level 1:colcon.colcon_core.shell:create_environment_hook('talos_description', 'cmake_prefix_path')
[6.640s] INFO:colcon.colcon_core.shell:Creating environment hook '/workspaces/workspaces/install/talos_description/share/talos_description/hook/cmake_prefix_path.ps1'
[6.642s] INFO:colcon.colcon_core.shell:Creating environment descriptor '/workspaces/workspaces/install/talos_description/share/talos_description/hook/cmake_prefix_path.dsv'
[6.643s] INFO:colcon.colcon_core.shell:Creating environment hook '/workspaces/workspaces/install/talos_description/share/talos_description/hook/cmake_prefix_path.sh'
[6.645s] Level 1:colcon.colcon_core.environment:checking '/workspaces/workspaces/install/talos_description/bin'
[6.645s] Level 1:colcon.colcon_core.environment:checking '/workspaces/workspaces/install/talos_description/lib/pkgconfig/talos_description.pc'
[6.646s] Level 1:colcon.colcon_core.environment:checking '/workspaces/workspaces/install/talos_description/lib/python3.12/site-packages'
[6.646s] Level 1:colcon.colcon_core.environment:checking '/workspaces/workspaces/install/talos_description/bin'
[6.647s] INFO:colcon.colcon_core.shell:Creating package script '/workspaces/workspaces/install/talos_description/share/talos_description/package.ps1'
[6.649s] INFO:colcon.colcon_core.shell:Creating package descriptor '/workspaces/workspaces/install/talos_description/share/talos_description/package.dsv'
[6.650s] INFO:colcon.colcon_core.shell:Creating package script '/workspaces/workspaces/install/talos_description/share/talos_description/package.sh'
[6.651s] INFO:colcon.colcon_core.shell:Creating package script '/workspaces/workspaces/install/talos_description/share/talos_description/package.bash'
[6.653s] INFO:colcon.colcon_core.shell:Creating package script '/workspaces/workspaces/install/talos_description/share/talos_description/package.zsh'
[6.654s] Level 1:colcon.colcon_core.environment:create_file_with_runtime_dependencies(/workspaces/workspaces/install/talos_description/share/colcon-core/packages/talos_description)
[6.796s] Level 1:colcon.colcon_core.shell:create_environment_hook('ros_visuals', 'pythonpath_develop')
[6.797s] INFO:colcon.colcon_core.shell:Creating environment hook '/workspaces/workspaces/build/ros_visuals/share/ros_visuals/hook/pythonpath_develop.ps1'
[6.798s] DEBUG:colcon.colcon_core.event_handler.log_command:Invoked command in '/workspaces/workspaces/build/ros_visuals' returned '0': PYTHONPATH=/workspaces/workspaces/build/ros_visuals/prefix_override:/usr/lib/python3/dist-packages/colcon_core/task/python/colcon_distutils_commands:/workspaces/workspaces/install/ros_visuals/lib/python3.12/site-packages:${PYTHONPATH} /usr/bin/python3 -W ignore:setup.py install is deprecated -W ignore:easy_install command is deprecated setup.py develop --editable --build-directory /workspaces/workspaces/build/ros_visuals/build --no-deps symlink_data
[6.799s] INFO:colcon.colcon_core.shell:Creating environment descriptor '/workspaces/workspaces/build/ros_visuals/share/ros_visuals/hook/pythonpath_develop.dsv'
[6.800s] INFO:colcon.colcon_core.shell:Creating environment hook '/workspaces/workspaces/build/ros_visuals/share/ros_visuals/hook/pythonpath_develop.sh'
[6.801s] Level 1:colcon.colcon_core.environment:checking '/workspaces/workspaces/install/ros_visuals' for CMake module files
[6.803s] Level 1:colcon.colcon_core.environment:checking '/workspaces/workspaces/install/ros_visuals' for CMake config files
[6.805s] Level 1:colcon.colcon_core.environment:checking '/workspaces/workspaces/install/ros_visuals/lib'
[6.806s] Level 1:colcon.colcon_core.environment:checking '/workspaces/workspaces/install/ros_visuals/bin'
[6.806s] Level 1:colcon.colcon_core.environment:checking '/workspaces/workspaces/install/ros_visuals/lib/pkgconfig/ros_visuals.pc'
[6.807s] Level 1:colcon.colcon_core.environment:checking '/workspaces/workspaces/install/ros_visuals/lib/python3.12/site-packages'
[6.807s] Level 1:colcon.colcon_core.shell:create_environment_hook('ros_visuals', 'pythonpath')
[6.807s] INFO:colcon.colcon_core.shell:Creating environment hook '/workspaces/workspaces/install/ros_visuals/share/ros_visuals/hook/pythonpath.ps1'
[6.809s] INFO:colcon.colcon_core.shell:Creating environment descriptor '/workspaces/workspaces/install/ros_visuals/share/ros_visuals/hook/pythonpath.dsv'
[6.810s] INFO:colcon.colcon_core.shell:Creating environment hook '/workspaces/workspaces/install/ros_visuals/share/ros_visuals/hook/pythonpath.sh'
[6.811s] Level 1:colcon.colcon_core.environment:checking '/workspaces/workspaces/install/ros_visuals/bin'
[6.811s] Level 1:colcon.colcon_core.environment:create_environment_scripts_only(ros_visuals)
[6.812s] INFO:colcon.colcon_core.shell:Creating package script '/workspaces/workspaces/install/ros_visuals/share/ros_visuals/package.ps1'
[6.813s] INFO:colcon.colcon_core.shell:Creating package descriptor '/workspaces/workspaces/install/ros_visuals/share/ros_visuals/package.dsv'
[6.814s] INFO:colcon.colcon_core.shell:Creating package script '/workspaces/workspaces/install/ros_visuals/share/ros_visuals/package.sh'
[6.815s] INFO:colcon.colcon_core.shell:Creating package script '/workspaces/workspaces/install/ros_visuals/share/ros_visuals/package.bash'
[6.816s] INFO:colcon.colcon_core.shell:Creating package script '/workspaces/workspaces/install/ros_visuals/share/ros_visuals/package.zsh'
[6.817s] Level 1:colcon.colcon_core.environment:create_file_with_runtime_dependencies(/workspaces/workspaces/install/ros_visuals/share/colcon-core/packages/ros_visuals)
[6.819s] Level 1:colcon.colcon_core.shell:create_environment_hook('simulator', 'pythonpath_develop')
[6.820s] INFO:colcon.colcon_core.shell:Creating environment hook '/workspaces/workspaces/build/simulator/share/simulator/hook/pythonpath_develop.ps1'
[6.822s] DEBUG:colcon.colcon_core.event_handler.log_command:Invoked command in '/workspaces/workspaces/build/simulator' returned '0': PYTHONPATH=/workspaces/workspaces/build/simulator/prefix_override:/usr/lib/python3/dist-packages/colcon_core/task/python/colcon_distutils_commands:/workspaces/workspaces/install/simulator/lib/python3.12/site-packages:${PYTHONPATH} /usr/bin/python3 -W ignore:setup.py install is deprecated -W ignore:easy_install command is deprecated setup.py develop --editable --build-directory /workspaces/workspaces/build/simulator/build --no-deps symlink_data
[6.823s] INFO:colcon.colcon_core.shell:Creating environment descriptor '/workspaces/workspaces/build/simulator/share/simulator/hook/pythonpath_develop.dsv'
[6.824s] INFO:colcon.colcon_core.shell:Creating environment hook '/workspaces/workspaces/build/simulator/share/simulator/hook/pythonpath_develop.sh'
[6.826s] Level 1:colcon.colcon_core.environment:checking '/workspaces/workspaces/install/simulator' for CMake module files
[6.827s] Level 1:colcon.colcon_core.environment:checking '/workspaces/workspaces/install/simulator' for CMake config files
[6.828s] Level 1:colcon.colcon_core.environment:checking '/workspaces/workspaces/install/simulator/lib'
[6.829s] Level 1:colcon.colcon_core.environment:checking '/workspaces/workspaces/install/simulator/bin'
[6.829s] Level 1:colcon.colcon_core.environment:checking '/workspaces/workspaces/install/simulator/lib/pkgconfig/simulator.pc'
[6.829s] Level 1:colcon.colcon_core.environment:checking '/workspaces/workspaces/install/simulator/lib/python3.12/site-packages'
[6.830s] Level 1:colcon.colcon_core.shell:create_environment_hook('simulator', 'pythonpath')
[6.830s] INFO:colcon.colcon_core.shell:Creating environment hook '/workspaces/workspaces/install/simulator/share/simulator/hook/pythonpath.ps1'
[6.831s] INFO:colcon.colcon_core.shell:Creating environment descriptor '/workspaces/workspaces/install/simulator/share/simulator/hook/pythonpath.dsv'
[6.831s] INFO:colcon.colcon_core.shell:Creating environment hook '/workspaces/workspaces/install/simulator/share/simulator/hook/pythonpath.sh'
[6.832s] Level 1:colcon.colcon_core.environment:checking '/workspaces/workspaces/install/simulator/bin'
[6.833s] Level 1:colcon.colcon_core.environment:create_environment_scripts_only(simulator)
[6.833s] INFO:colcon.colcon_core.shell:Creating package script '/workspaces/workspaces/install/simulator/share/simulator/package.ps1'
[6.834s] INFO:colcon.colcon_core.shell:Creating package descriptor '/workspaces/workspaces/install/simulator/share/simulator/package.dsv'
[6.835s] INFO:colcon.colcon_core.shell:Creating package script '/workspaces/workspaces/install/simulator/share/simulator/package.sh'
[6.836s] INFO:colcon.colcon_core.shell:Creating package script '/workspaces/workspaces/install/simulator/share/simulator/package.bash'
[6.837s] INFO:colcon.colcon_core.shell:Creating package script '/workspaces/workspaces/install/simulator/share/simulator/package.zsh'
[6.838s] Level 1:colcon.colcon_core.environment:create_file_with_runtime_dependencies(/workspaces/workspaces/install/simulator/share/colcon-core/packages/simulator)
[6.839s] INFO:colcon.colcon_ros.task.ament_python.build:Building ROS package in '/workspaces/workspaces/my_workspace/src/bullet_sims' with build type 'ament_python'
[6.839s] Level 1:colcon.colcon_core.shell:create_environment_hook('bullet_sims', 'ament_prefix_path')
[6.839s] INFO:colcon.colcon_core.shell:Creating environment hook '/workspaces/workspaces/install/bullet_sims/share/bullet_sims/hook/ament_prefix_path.ps1'
[6.841s] INFO:colcon.colcon_core.shell:Creating environment descriptor '/workspaces/workspaces/install/bullet_sims/share/bullet_sims/hook/ament_prefix_path.dsv'
[6.842s] INFO:colcon.colcon_core.shell:Creating environment hook '/workspaces/workspaces/install/bullet_sims/share/bullet_sims/hook/ament_prefix_path.sh'
[6.843s] INFO:colcon.colcon_core.shell:Skip shell extension 'powershell' for command environment: Not usable outside of PowerShell
[6.843s] DEBUG:colcon.colcon_core.shell:Skip shell extension 'dsv' for command environment
[6.850s] INFO:colcon.colcon_ros.task.ament_python.build:Building ROS package in '/workspaces/workspaces/my_workspace/src/whole_body_control' with build type 'ament_python'
[6.850s] Level 1:colcon.colcon_core.shell:create_environment_hook('whole_body_control', 'ament_prefix_path')
[6.850s] INFO:colcon.colcon_core.shell:Creating environment hook '/workspaces/workspaces/install/whole_body_control/share/whole_body_control/hook/ament_prefix_path.ps1'
[6.852s] INFO:colcon.colcon_core.shell:Creating environment descriptor '/workspaces/workspaces/install/whole_body_control/share/whole_body_control/hook/ament_prefix_path.dsv'
[6.853s] INFO:colcon.colcon_core.shell:Creating environment hook '/workspaces/workspaces/install/whole_body_control/share/whole_body_control/hook/ament_prefix_path.sh'
[6.855s] INFO:colcon.colcon_core.shell:Skip shell extension 'powershell' for command environment: Not usable outside of PowerShell
[6.855s] DEBUG:colcon.colcon_core.shell:Skip shell extension 'dsv' for command environment
[7.524s] INFO:colcon.colcon_core.task.python.build:Building Python package in '/workspaces/workspaces/my_workspace/src/bullet_sims'
[7.525s] INFO:colcon.colcon_core.shell:Skip shell extension 'powershell' for command environment: Not usable outside of PowerShell
[7.525s] DEBUG:colcon.colcon_core.shell:Skip shell extension 'dsv' for command environment
[8.250s] INFO:colcon.colcon_core.task.python.build:Building Python package in '/workspaces/workspaces/my_workspace/src/whole_body_control'
[8.251s] INFO:colcon.colcon_core.shell:Skip shell extension 'powershell' for command environment: Not usable outside of PowerShell
[8.251s] DEBUG:colcon.colcon_core.shell:Skip shell extension 'dsv' for command environment
[9.767s] DEBUG:colcon.colcon_core.event_handler.log_command:Invoking command in '/workspaces/workspaces/build/whole_body_control': AMENT_PREFIX_PATH=/workspaces/workspaces/install/talos_description:/workspaces/workspaces/install/simulator:/workspaces/workspaces/install/reemc_description:${AMENT_PREFIX_PATH} CMAKE_PREFIX_PATH=/workspaces/workspaces/install/talos_description:/workspaces/workspaces/install/reemc_description:${CMAKE_PREFIX_PATH} PYTHONPATH=/workspaces/workspaces/build/whole_body_control/prefix_override:/usr/lib/python3/dist-packages/colcon_core/task/python/colcon_distutils_commands:/workspaces/workspaces/install/whole_body_control/lib/python3.12/site-packages:/workspaces/workspaces/build/simulator:/workspaces/workspaces/install/simulator/lib/python3.12/site-packages:${PYTHONPATH} /usr/bin/python3 -W ignore:setup.py install is deprecated -W ignore:easy_install command is deprecated setup.py develop --editable --build-directory /workspaces/workspaces/build/whole_body_control/build --no-deps symlink_data
[9.895s] DEBUG:colcon.colcon_core.event_handler.log_command:Invoking command in '/workspaces/workspaces/build/bullet_sims': AMENT_PREFIX_PATH=/workspaces/workspaces/install/talos_description:/workspaces/workspaces/install/simulator:/workspaces/workspaces/install/reemc_description:${AMENT_PREFIX_PATH} CMAKE_PREFIX_PATH=/workspaces/workspaces/install/talos_description:/workspaces/workspaces/install/reemc_description:${CMAKE_PREFIX_PATH} PYTHONPATH=/workspaces/workspaces/build/bullet_sims/prefix_override:/usr/lib/python3/dist-packages/colcon_core/task/python/colcon_distutils_commands:/workspaces/workspaces/install/bullet_sims/lib/python3.12/site-packages:/workspaces/workspaces/build/simulator:/workspaces/workspaces/install/simulator/lib/python3.12/site-packages:${PYTHONPATH} /usr/bin/python3 -W ignore:setup.py install is deprecated -W ignore:easy_install command is deprecated setup.py develop --editable --build-directory /workspaces/workspaces/build/bullet_sims/build --no-deps symlink_data
[12.370s] Level 1:colcon.colcon_core.shell:create_environment_hook('whole_body_control', 'pythonpath_develop')
[12.371s] INFO:colcon.colcon_core.shell:Creating environment hook '/workspaces/workspaces/build/whole_body_control/share/whole_body_control/hook/pythonpath_develop.ps1'
[12.373s] DEBUG:colcon.colcon_core.event_handler.log_command:Invoked command in '/workspaces/workspaces/build/whole_body_control' returned '0': AMENT_PREFIX_PATH=/workspaces/workspaces/install/talos_description:/workspaces/workspaces/install/simulator:/workspaces/workspaces/install/reemc_description:${AMENT_PREFIX_PATH} CMAKE_PREFIX_PATH=/workspaces/workspaces/install/talos_description:/workspaces/workspaces/install/reemc_description:${CMAKE_PREFIX_PATH} PYTHONPATH=/workspaces/workspaces/build/whole_body_control/prefix_override:/usr/lib/python3/dist-packages/colcon_core/task/python/colcon_distutils_commands:/workspaces/workspaces/install/whole_body_control/lib/python3.12/site-packages:/workspaces/workspaces/build/simulator:/workspaces/workspaces/install/simulator/lib/python3.12/site-packages:${PYTHONPATH} /usr/bin/python3 -W ignore:setup.py install is deprecated -W ignore:easy_install command is deprecated setup.py develop --editable --build-directory /workspaces/workspaces/build/whole_body_control/build --no-deps symlink_data
[12.374s] INFO:colcon.colcon_core.shell:Creating environment descriptor '/workspaces/workspaces/build/whole_body_control/share/whole_body_control/hook/pythonpath_develop.dsv'
[12.375s] INFO:colcon.colcon_core.shell:Creating environment hook '/workspaces/workspaces/build/whole_body_control/share/whole_body_control/hook/pythonpath_develop.sh'
[12.377s] Level 1:colcon.colcon_core.environment:checking '/workspaces/workspaces/install/whole_body_control' for CMake module files
[12.379s] Level 1:colcon.colcon_core.environment:checking '/workspaces/workspaces/install/whole_body_control' for CMake config files
[12.381s] Level 1:colcon.colcon_core.environment:checking '/workspaces/workspaces/install/whole_body_control/lib'
[12.381s] Level 1:colcon.colcon_core.environment:checking '/workspaces/workspaces/install/whole_body_control/bin'
[12.382s] Level 1:colcon.colcon_core.environment:checking '/workspaces/workspaces/install/whole_body_control/lib/pkgconfig/whole_body_control.pc'
[12.382s] Level 1:colcon.colcon_core.environment:checking '/workspaces/workspaces/install/whole_body_control/lib/python3.12/site-packages'
[12.383s] Level 1:colcon.colcon_core.shell:create_environment_hook('whole_body_control', 'pythonpath')
[12.383s] INFO:colcon.colcon_core.shell:Creating environment hook '/workspaces/workspaces/install/whole_body_control/share/whole_body_control/hook/pythonpath.ps1'
[12.385s] INFO:colcon.colcon_core.shell:Creating environment descriptor '/workspaces/workspaces/install/whole_body_control/share/whole_body_control/hook/pythonpath.dsv'
[12.386s] INFO:colcon.colcon_core.shell:Creating environment hook '/workspaces/workspaces/install/whole_body_control/share/whole_body_control/hook/pythonpath.sh'
[12.389s] Level 1:colcon.colcon_core.environment:checking '/workspaces/workspaces/install/whole_body_control/bin'
[12.389s] Level 1:colcon.colcon_core.environment:create_environment_scripts_only(whole_body_control)
[12.390s] INFO:colcon.colcon_core.shell:Creating package script '/workspaces/workspaces/install/whole_body_control/share/whole_body_control/package.ps1'
[12.392s] INFO:colcon.colcon_core.shell:Creating package descriptor '/workspaces/workspaces/install/whole_body_control/share/whole_body_control/package.dsv'
[12.394s] INFO:colcon.colcon_core.shell:Creating package script '/workspaces/workspaces/install/whole_body_control/share/whole_body_control/package.sh'
[12.396s] INFO:colcon.colcon_core.shell:Creating package script '/workspaces/workspaces/install/whole_body_control/share/whole_body_control/package.bash'
[12.397s] INFO:colcon.colcon_core.shell:Creating package script '/workspaces/workspaces/install/whole_body_control/share/whole_body_control/package.zsh'
[12.398s] Level 1:colcon.colcon_core.environment:create_file_with_runtime_dependencies(/workspaces/workspaces/install/whole_body_control/share/colcon-core/packages/whole_body_control)
[12.510s] Level 1:colcon.colcon_core.shell:create_environment_hook('bullet_sims', 'pythonpath_develop')
[12.511s] DEBUG:colcon.colcon_core.event_handler.log_command:Invoked command in '/workspaces/workspaces/build/bullet_sims' returned '0': AMENT_PREFIX_PATH=/workspaces/workspaces/install/talos_description:/workspaces/workspaces/install/simulator:/workspaces/workspaces/install/reemc_description:${AMENT_PREFIX_PATH} CMAKE_PREFIX_PATH=/workspaces/workspaces/install/talos_description:/workspaces/workspaces/install/reemc_description:${CMAKE_PREFIX_PATH} PYTHONPATH=/workspaces/workspaces/build/bullet_sims/prefix_override:/usr/lib/python3/dist-packages/colcon_core/task/python/colcon_distutils_commands:/workspaces/workspaces/install/bullet_sims/lib/python3.12/site-packages:/workspaces/workspaces/build/simulator:/workspaces/workspaces/install/simulator/lib/python3.12/site-packages:${PYTHONPATH} /usr/bin/python3 -W ignore:setup.py install is deprecated -W ignore:easy_install command is deprecated setup.py develop --editable --build-directory /workspaces/workspaces/build/bullet_sims/build --no-deps symlink_data
[12.511s] INFO:colcon.colcon_core.shell:Creating environment hook '/workspaces/workspaces/build/bullet_sims/share/bullet_sims/hook/pythonpath_develop.ps1'
[12.513s] INFO:colcon.colcon_core.shell:Creating environment descriptor '/workspaces/workspaces/build/bullet_sims/share/bullet_sims/hook/pythonpath_develop.dsv'
[12.513s] INFO:colcon.colcon_core.shell:Creating environment hook '/workspaces/workspaces/build/bullet_sims/share/bullet_sims/hook/pythonpath_develop.sh'
[12.515s] Level 1:colcon.colcon_core.environment:checking '/workspaces/workspaces/install/bullet_sims' for CMake module files
[12.516s] Level 1:colcon.colcon_core.environment:checking '/workspaces/workspaces/install/bullet_sims' for CMake config files
[12.516s] Level 1:colcon.colcon_core.environment:checking '/workspaces/workspaces/install/bullet_sims/lib'
[12.517s] Level 1:colcon.colcon_core.environment:checking '/workspaces/workspaces/install/bullet_sims/bin'
[12.517s] Level 1:colcon.colcon_core.environment:checking '/workspaces/workspaces/install/bullet_sims/lib/pkgconfig/bullet_sims.pc'
[12.517s] Level 1:colcon.colcon_core.environment:checking '/workspaces/workspaces/install/bullet_sims/lib/python3.12/site-packages'
[12.517s] Level 1:colcon.colcon_core.shell:create_environment_hook('bullet_sims', 'pythonpath')
[12.518s] INFO:colcon.colcon_core.shell:Creating environment hook '/workspaces/workspaces/install/bullet_sims/share/bullet_sims/hook/pythonpath.ps1'
[12.518s] INFO:colcon.colcon_core.shell:Creating environment descriptor '/workspaces/workspaces/install/bullet_sims/share/bullet_sims/hook/pythonpath.dsv'
[12.519s] INFO:colcon.colcon_core.shell:Creating environment hook '/workspaces/workspaces/install/bullet_sims/share/bullet_sims/hook/pythonpath.sh'
[12.520s] Level 1:colcon.colcon_core.environment:checking '/workspaces/workspaces/install/bullet_sims/bin'
[12.520s] Level 1:colcon.colcon_core.environment:create_environment_scripts_only(bullet_sims)
[12.521s] INFO:colcon.colcon_core.shell:Creating package script '/workspaces/workspaces/install/bullet_sims/share/bullet_sims/package.ps1'
[12.523s] INFO:colcon.colcon_core.shell:Creating package descriptor '/workspaces/workspaces/install/bullet_sims/share/bullet_sims/package.dsv'
[12.524s] INFO:colcon.colcon_core.shell:Creating package script '/workspaces/workspaces/install/bullet_sims/share/bullet_sims/package.sh'
[12.525s] INFO:colcon.colcon_core.shell:Creating package script '/workspaces/workspaces/install/bullet_sims/share/bullet_sims/package.bash'
[12.526s] INFO:colcon.colcon_core.shell:Creating package script '/workspaces/workspaces/install/bullet_sims/share/bullet_sims/package.zsh'
[12.527s] Level 1:colcon.colcon_core.environment:create_file_with_runtime_dependencies(/workspaces/workspaces/install/bullet_sims/share/colcon-core/packages/bullet_sims)
[12.527s] DEBUG:colcon.colcon_parallel_executor.executor.parallel:closing loop
[12.528s] DEBUG:colcon.colcon_parallel_executor.executor.parallel:loop closed
[12.529s] DEBUG:colcon.colcon_parallel_executor.executor.parallel:run_until_complete finished with '0'
[12.529s] DEBUG:colcon.colcon_core.event_reactor:joining thread
[12.556s] INFO:colcon.colcon_core.plugin_system:Skipping extension 'colcon_notification.desktop_notification.notify_send': Could not find 'notify-send'
[12.556s] INFO:colcon.colcon_core.plugin_system:Skipping extension 'colcon_notification.desktop_notification.terminal_notifier': Not used on non-Darwin systems
[12.557s] INFO:colcon.colcon_core.plugin_system:Skipping extension 'colcon_notification.desktop_notification.win32': Not used on non-Windows systems
[12.557s] INFO:colcon.colcon_notification.desktop_notification:Sending desktop notification using 'notify2'
[12.560s] DEBUG:colcon.colcon_notification.desktop_notification.notify2:Failed to initialize notify2: org.freedesktop.DBus.Error.InvalidFileContent: D-Bus library appears to be incorrectly set up: see the manual page for dbus-uuidgen to correct this issue. (Failed to open "/var/lib/dbus/machine-id": No such file or directory; UUID file '/etc/machine-id' should contain a hex string of length 32, not length 0, with no other text)
[12.561s] DEBUG:colcon.colcon_core.event_reactor:joined thread
[12.561s] INFO:colcon.colcon_core.shell:Creating prefix script '/workspaces/workspaces/install/local_setup.ps1'
[12.565s] INFO:colcon.colcon_core.shell:Creating prefix util module '/workspaces/workspaces/install/_local_setup_util_ps1.py'
[12.571s] INFO:colcon.colcon_core.shell:Creating prefix chain script '/workspaces/workspaces/install/setup.ps1'
[12.576s] INFO:colcon.colcon_core.shell:Creating prefix script '/workspaces/workspaces/install/local_setup.sh'
[12.578s] INFO:colcon.colcon_core.shell:Creating prefix util module '/workspaces/workspaces/install/_local_setup_util_sh.py'
[12.580s] INFO:colcon.colcon_core.shell:Creating prefix chain script '/workspaces/workspaces/install/setup.sh'
[12.583s] INFO:colcon.colcon_core.shell:Creating prefix script '/workspaces/workspaces/install/local_setup.bash'
[12.584s] INFO:colcon.colcon_core.shell:Creating prefix chain script '/workspaces/workspaces/install/setup.bash'
[12.588s] INFO:colcon.colcon_core.shell:Creating prefix script '/workspaces/workspaces/install/local_setup.zsh'
[12.589s] INFO:colcon.colcon_core.shell:Creating prefix chain script '/workspaces/workspaces/install/setup.zsh'
