[0.402s] Invoking command in '/workspaces/workspaces/my_workspace/build/talos_description': CMAKE_PREFIX_PATH=${CMAKE_PREFIX_PATH}:/workspaces/workspaces/my_workspace/install/bullet_sims:/workspaces/workspaces/my_workspace/install/simulator:/workspaces/workspaces/my_workspace/install/ros_visuals:/opt/ros/rolling /usr/bin/cmake /workspaces/workspaces/my_workspace/src/talos_description -DAMENT_CMAKE_SYMLINK_INSTALL=1 -DCMAKE_INSTALL_PREFIX=/workspaces/workspaces/my_workspace/install/talos_description
[0.429s] -- Found ament_cmake: 2.7.2 (/opt/ros/rolling/share/ament_cmake/cmake)
[0.831s] -- Override CMake install command with custom implementation using symlinks instead of copying resources
[0.852s] -- Found ament_lint_auto: 0.19.1 (/opt/ros/rolling/share/ament_lint_auto/cmake)
[1.055s] -- Configuring done (0.6s)
[1.066s] -- Generating done (0.0s)
[1.070s] -- Build files have been written to: /workspaces/workspaces/my_workspace/build/talos_description
[1.076s] Invoked command in '/workspaces/workspaces/my_workspace/build/talos_description' returned '0': CMAKE_PREFIX_PATH=${CMAKE_PREFIX_PATH}:/workspaces/workspaces/my_workspace/install/bullet_sims:/workspaces/workspaces/my_workspace/install/simulator:/workspaces/workspaces/my_workspace/install/ros_visuals:/opt/ros/rolling /usr/bin/cmake /workspaces/workspaces/my_workspace/src/talos_description -DAMENT_CMAKE_SYMLINK_INSTALL=1 -DCMAKE_INSTALL_PREFIX=/workspaces/workspaces/my_workspace/install/talos_description
[1.077s] Invoking command in '/workspaces/workspaces/my_workspace/build/talos_description': CMAKE_PREFIX_PATH=${CMAKE_PREFIX_PATH}:/workspaces/workspaces/my_workspace/install/bullet_sims:/workspaces/workspaces/my_workspace/install/simulator:/workspaces/workspaces/my_workspace/install/ros_visuals:/opt/ros/rolling /usr/bin/cmake --build /workspaces/workspaces/my_workspace/build/talos_description -- -j8 -l8
[1.185s] Invoked command in '/workspaces/workspaces/my_workspace/build/talos_description' returned '0': CMAKE_PREFIX_PATH=${CMAKE_PREFIX_PATH}:/workspaces/workspaces/my_workspace/install/bullet_sims:/workspaces/workspaces/my_workspace/install/simulator:/workspaces/workspaces/my_workspace/install/ros_visuals:/opt/ros/rolling /usr/bin/cmake --build /workspaces/workspaces/my_workspace/build/talos_description -- -j8 -l8
[1.187s] Invoking command in '/workspaces/workspaces/my_workspace/build/talos_description': CMAKE_PREFIX_PATH=${CMAKE_PREFIX_PATH}:/workspaces/workspaces/my_workspace/install/bullet_sims:/workspaces/workspaces/my_workspace/install/simulator:/workspaces/workspaces/my_workspace/install/ros_visuals:/opt/ros/rolling /usr/bin/cmake --install /workspaces/workspaces/my_workspace/build/talos_description
[1.207s] -- Install configuration: ""
[1.207s] -- Execute custom install script
[1.209s] -- Symlinking: /workspaces/workspaces/my_workspace/install/talos_description/share/talos_description/meshes/arm/arm_1.STL
[1.230s] -- Symlinking: /workspaces/workspaces/my_workspace/install/talos_description/share/talos_description/meshes/arm/arm_1_collision.STL
[1.251s] -- Symlinking: /workspaces/workspaces/my_workspace/install/talos_description/share/talos_description/meshes/arm/arm_2.STL
[1.271s] -- Symlinking: /workspaces/workspaces/my_workspace/install/talos_description/share/talos_description/meshes/arm/arm_2_collision.STL
[1.292s] -- Symlinking: /workspaces/workspaces/my_workspace/install/talos_description/share/talos_description/meshes/arm/arm_3.STL
[1.316s] -- Symlinking: /workspaces/workspaces/my_workspace/install/talos_description/share/talos_description/meshes/arm/arm_3_collision.STL
[1.335s] -- Symlinking: /workspaces/workspaces/my_workspace/install/talos_description/share/talos_description/meshes/arm/arm_4.STL
[1.362s] -- Symlinking: /workspaces/workspaces/my_workspace/install/talos_description/share/talos_description/meshes/arm/arm_4_collision.STL
[1.385s] -- Symlinking: /workspaces/workspaces/my_workspace/install/talos_description/share/talos_description/meshes/arm/arm_5.STL
[1.408s] -- Symlinking: /workspaces/workspaces/my_workspace/install/talos_description/share/talos_description/meshes/arm/arm_5_collision.STL
[1.429s] -- Symlinking: /workspaces/workspaces/my_workspace/install/talos_description/share/talos_description/meshes/arm/arm_6.STL
[1.450s] -- Symlinking: /workspaces/workspaces/my_workspace/install/talos_description/share/talos_description/meshes/arm/arm_6_collision.STL
[1.468s] -- Symlinking: /workspaces/workspaces/my_workspace/install/talos_description/share/talos_description/meshes/arm/arm_7.STL
[1.488s] -- Symlinking: /workspaces/workspaces/my_workspace/install/talos_description/share/talos_description/meshes/arm/arm_7_collision.STL
[1.516s] -- Symlinking: /workspaces/workspaces/my_workspace/install/talos_description/share/talos_description/meshes/bart.STL
[1.537s] -- Symlinking: /workspaces/workspaces/my_workspace/install/talos_description/share/talos_description/meshes/bart_light.STL
[1.560s] -- Symlinking: /workspaces/workspaces/my_workspace/install/talos_description/share/talos_description/meshes/dummy_hand.STL
[1.582s] -- Symlinking: /workspaces/workspaces/my_workspace/install/talos_description/share/talos_description/meshes/femur.STL
[1.606s] -- Symlinking: /workspaces/workspaces/my_workspace/install/talos_description/share/talos_description/meshes/femur_light.STL
[1.631s] -- Symlinking: /workspaces/workspaces/my_workspace/install/talos_description/share/talos_description/meshes/foot.STL
[1.652s] -- Symlinking: /workspaces/workspaces/my_workspace/install/talos_description/share/talos_description/meshes/gripper/base_link.STL
[1.676s] -- Symlinking: /workspaces/workspaces/my_workspace/install/talos_description/share/talos_description/meshes/gripper/base_link_collision.STL
[1.698s] -- Symlinking: /workspaces/workspaces/my_workspace/install/talos_description/share/talos_description/meshes/gripper/fingertip.STL
[1.725s] -- Symlinking: /workspaces/workspaces/my_workspace/install/talos_description/share/talos_description/meshes/gripper/fingertip_collision.STL
[1.747s] -- Symlinking: /workspaces/workspaces/my_workspace/install/talos_description/share/talos_description/meshes/gripper/gripper_motor_double.STL
[1.767s] -- Symlinking: /workspaces/workspaces/my_workspace/install/talos_description/share/talos_description/meshes/gripper/gripper_motor_double_collision.STL
[1.786s] -- Symlinking: /workspaces/workspaces/my_workspace/install/talos_description/share/talos_description/meshes/gripper/gripper_motor_single.STL
[1.809s] -- Symlinking: /workspaces/workspaces/my_workspace/install/talos_description/share/talos_description/meshes/gripper/gripper_motor_single_collision.STL
[1.830s] -- Symlinking: /workspaces/workspaces/my_workspace/install/talos_description/share/talos_description/meshes/gripper/gripper_simple.STL
[1.851s] -- Symlinking: /workspaces/workspaces/my_workspace/install/talos_description/share/talos_description/meshes/gripper/gripper_simple_collision.STL
[1.870s] -- Symlinking: /workspaces/workspaces/my_workspace/install/talos_description/share/talos_description/meshes/gripper/gripper_tweezers.STL
[1.889s] -- Symlinking: /workspaces/workspaces/my_workspace/install/talos_description/share/talos_description/meshes/gripper/gripper_tweezers_collision.STL
[1.911s] -- Symlinking: /workspaces/workspaces/my_workspace/install/talos_description/share/talos_description/meshes/gripper/inner_double.STL
[1.939s] -- Symlinking: /workspaces/workspaces/my_workspace/install/talos_description/share/talos_description/meshes/gripper/inner_double_collision.STL
[1.962s] -- Symlinking: /workspaces/workspaces/my_workspace/install/talos_description/share/talos_description/meshes/gripper/inner_single.STL
[1.985s] -- Symlinking: /workspaces/workspaces/my_workspace/install/talos_description/share/talos_description/meshes/gripper/inner_single_collision.STL
[2.008s] -- Symlinking: /workspaces/workspaces/my_workspace/install/talos_description/share/talos_description/meshes/head/head_1.stl
[2.029s] -- Symlinking: /workspaces/workspaces/my_workspace/install/talos_description/share/talos_description/meshes/head/head_1_collision.stl
[2.049s] -- Symlinking: /workspaces/workspaces/my_workspace/install/talos_description/share/talos_description/meshes/head/head_2.stl
[2.072s] -- Symlinking: /workspaces/workspaces/my_workspace/install/talos_description/share/talos_description/meshes/head/head_2_collision.stl
[2.092s] -- Symlinking: /workspaces/workspaces/my_workspace/install/talos_description/share/talos_description/meshes/head/head_2_default.stl
[2.114s] -- Symlinking: /workspaces/workspaces/my_workspace/install/talos_description/share/talos_description/meshes/head/head_2_default_collision.stl
[2.135s] -- Symlinking: /workspaces/workspaces/my_workspace/install/talos_description/share/talos_description/meshes/head/head_2_lidar.stl
[2.156s] -- Symlinking: /workspaces/workspaces/my_workspace/install/talos_description/share/talos_description/meshes/head/head_2_lidar_collision.stl
[2.176s] -- Symlinking: /workspaces/workspaces/my_workspace/install/talos_description/share/talos_description/meshes/hipZ.STL
[2.195s] -- Symlinking: /workspaces/workspaces/my_workspace/install/talos_description/share/talos_description/meshes/hipZ_light.STL
[2.217s] -- Symlinking: /workspaces/workspaces/my_workspace/install/talos_description/share/talos_description/meshes/marker.STL
[2.241s] -- Symlinking: /workspaces/workspaces/my_workspace/install/talos_description/share/talos_description/meshes/marker_head.STL
[2.262s] -- Symlinking: /workspaces/workspaces/my_workspace/install/talos_description/share/talos_description/meshes/sensors/orbbec/orbbec.STL
[2.282s] -- Symlinking: /workspaces/workspaces/my_workspace/install/talos_description/share/talos_description/meshes/sensors/ouster/os1_64.dae
[2.304s] -- Symlinking: /workspaces/workspaces/my_workspace/install/talos_description/share/talos_description/meshes/sensors/xtion_pro_live/xtion_pro_live.dae
[2.327s] -- Symlinking: /workspaces/workspaces/my_workspace/install/talos_description/share/talos_description/meshes/sensors/xtion_pro_live/xtion_pro_live.png
[2.347s] -- Symlinking: /workspaces/workspaces/my_workspace/install/talos_description/share/talos_description/meshes/super-simple-bart.STL
[2.367s] -- Symlinking: /workspaces/workspaces/my_workspace/install/talos_description/share/talos_description/meshes/super-simple-femur.STL
[2.387s] -- Symlinking: /workspaces/workspaces/my_workspace/install/talos_description/share/talos_description/meshes/super-simple-tibia.STL
[2.411s] -- Symlinking: /workspaces/workspaces/my_workspace/install/talos_description/share/talos_description/meshes/talos_dummy.stl
[2.432s] -- Symlinking: /workspaces/workspaces/my_workspace/install/talos_description/share/talos_description/meshes/tibia.STL
[2.454s] -- Symlinking: /workspaces/workspaces/my_workspace/install/talos_description/share/talos_description/meshes/tibia_light.STL
[2.475s] -- Symlinking: /workspaces/workspaces/my_workspace/install/talos_description/share/talos_description/meshes/torso/base_link.STL
[2.495s] -- Symlinking: /workspaces/workspaces/my_workspace/install/talos_description/share/talos_description/meshes/torso/base_link_collision.STL
[2.517s] -- Symlinking: /workspaces/workspaces/my_workspace/install/talos_description/share/talos_description/meshes/torso/torso_1.STL
[2.541s] -- Symlinking: /workspaces/workspaces/my_workspace/install/talos_description/share/talos_description/meshes/torso/torso_2.STL
[2.562s] -- Symlinking: /workspaces/workspaces/my_workspace/install/talos_description/share/talos_description/meshes/torso/torso_2_collision.STL
[2.588s] -- Symlinking: /workspaces/workspaces/my_workspace/install/talos_description/share/talos_description/meshes/v2/ankle_X_collision.stl
[2.615s] -- Symlinking: /workspaces/workspaces/my_workspace/install/talos_description/share/talos_description/meshes/v2/ankle_X_lo_res.stl
[2.636s] -- Symlinking: /workspaces/workspaces/my_workspace/install/talos_description/share/talos_description/meshes/v2/ankle_Y_collision.stl
[2.657s] -- Symlinking: /workspaces/workspaces/my_workspace/install/talos_description/share/talos_description/meshes/v2/ankle_Y_lo_res.stl
[2.678s] -- Symlinking: /workspaces/workspaces/my_workspace/install/talos_description/share/talos_description/meshes/v2/base_link_collision.stl
[2.703s] -- Symlinking: /workspaces/workspaces/my_workspace/install/talos_description/share/talos_description/meshes/v2/base_link_lo_res.stl
[2.725s] -- Symlinking: /workspaces/workspaces/my_workspace/install/talos_description/share/talos_description/meshes/v2/hip_x_collision.stl
[2.745s] -- Symlinking: /workspaces/workspaces/my_workspace/install/talos_description/share/talos_description/meshes/v2/hip_x_lo_res.stl
[2.766s] -- Symlinking: /workspaces/workspaces/my_workspace/install/talos_description/share/talos_description/meshes/v2/hip_y_collision.stl
[2.786s] -- Symlinking: /workspaces/workspaces/my_workspace/install/talos_description/share/talos_description/meshes/v2/hip_y_lo_res.stl
[2.809s] -- Symlinking: /workspaces/workspaces/my_workspace/install/talos_description/share/talos_description/meshes/v2/hip_z_collision.stl
[2.831s] -- Symlinking: /workspaces/workspaces/my_workspace/install/talos_description/share/talos_description/meshes/v2/hip_z_lo_res.stl
[2.859s] -- Symlinking: /workspaces/workspaces/my_workspace/install/talos_description/share/talos_description/meshes/v2/knee_collision.stl
[2.879s] -- Symlinking: /workspaces/workspaces/my_workspace/install/talos_description/share/talos_description/meshes/v2/knee_lo_res.stl
[2.907s] -- Symlinking: /workspaces/workspaces/my_workspace/install/talos_description/share/talos_description/robots/talos.urdf
[2.933s] -- Symlinking: /workspaces/workspaces/my_workspace/install/talos_description/share/talos_description/robots/talos_reduced.urdf
[2.958s] -- Symlinking: /workspaces/workspaces/my_workspace/install/talos_description/share/talos_description/robots/talos_reduced_no_hands.urdf
[2.987s] -- Symlinking: /workspaces/workspaces/my_workspace/install/talos_description/share/ament_index/resource_index/package_run_dependencies/talos_description
[3.013s] -- Symlinking: /workspaces/workspaces/my_workspace/install/talos_description/share/ament_index/resource_index/parent_prefix_path/talos_description
[3.041s] -- Symlinking: /workspaces/workspaces/my_workspace/install/talos_description/share/talos_description/environment/ament_prefix_path.sh
[3.063s] -- Symlinking: /workspaces/workspaces/my_workspace/install/talos_description/share/talos_description/environment/ament_prefix_path.dsv
[3.089s] -- Symlinking: /workspaces/workspaces/my_workspace/install/talos_description/share/talos_description/environment/path.sh
[3.132s] -- Symlinking: /workspaces/workspaces/my_workspace/install/talos_description/share/talos_description/environment/path.dsv
[3.162s] -- Symlinking: /workspaces/workspaces/my_workspace/install/talos_description/share/talos_description/local_setup.bash
[3.187s] -- Symlinking: /workspaces/workspaces/my_workspace/install/talos_description/share/talos_description/local_setup.sh
[3.215s] -- Symlinking: /workspaces/workspaces/my_workspace/install/talos_description/share/talos_description/local_setup.zsh
[3.237s] -- Symlinking: /workspaces/workspaces/my_workspace/install/talos_description/share/talos_description/local_setup.dsv
[3.265s] -- Symlinking: /workspaces/workspaces/my_workspace/install/talos_description/share/talos_description/package.dsv
[3.292s] -- Symlinking: /workspaces/workspaces/my_workspace/install/talos_description/share/ament_index/resource_index/packages/talos_description
[3.321s] -- Symlinking: /workspaces/workspaces/my_workspace/install/talos_description/share/talos_description/cmake/talos_descriptionConfig.cmake
[3.347s] -- Symlinking: /workspaces/workspaces/my_workspace/install/talos_description/share/talos_description/cmake/talos_descriptionConfig-version.cmake
[3.368s] -- Symlinking: /workspaces/workspaces/my_workspace/install/talos_description/share/talos_description/package.xml
[3.421s] Invoked command in '/workspaces/workspaces/my_workspace/build/talos_description' returned '0': CMAKE_PREFIX_PATH=${CMAKE_PREFIX_PATH}:/workspaces/workspaces/my_workspace/install/bullet_sims:/workspaces/workspaces/my_workspace/install/simulator:/workspaces/workspaces/my_workspace/install/ros_visuals:/opt/ros/rolling /usr/bin/cmake --install /workspaces/workspaces/my_workspace/build/talos_description
