[1.418s] Invoking command in '/workspaces/workspaces/my_workspace/build/bullet_sims': AMENT_PREFIX_PATH=/workspaces/workspaces/my_workspace/install/simulator:/workspaces/workspaces/my_workspace/install/bullet_sims:/workspaces/workspaces/my_workspace/install/talos_description:/workspaces/workspaces/my_workspace/install/ros_visuals:/workspaces/workspaces/my_workspace/install/reemc_description:/opt/ros/rolling PYTHONPATH=/workspaces/workspaces/my_workspace/build/bullet_sims/prefix_override:/usr/lib/python3/dist-packages/colcon_core/task/python/colcon_distutils_commands:/workspaces/workspaces/my_workspace/install/bullet_sims/lib/python3.12/site-packages:/workspaces/workspaces/my_workspace/build/simulator:/workspaces/workspaces/my_workspace/install/simulator/lib/python3.12/site-packages:/workspaces/workspaces/my_workspace/build/bullet_sims:/workspaces/workspaces/my_workspace/install/bullet_sims/lib/python3.12/site-packages:/workspaces/workspaces/my_workspace/build/ros_visuals:/workspaces/workspaces/my_workspace/install/ros_visuals/lib/python3.12/site-packages:/opt/openrobots/lib/python3.12/site-packages:/opt/openrobots/lib/python3.12/site-packages:/opt/ros/rolling/lib/python3.12/site-packages /usr/bin/python3 -W ignore:setup.py install is deprecated -W ignore:easy_install command is deprecated setup.py develop --editable --build-directory /workspaces/workspaces/my_workspace/build/bullet_sims/build --no-deps symlink_data
[1.985s] running develop
[2.334s] running egg_info
[2.371s] writing bullet_sims.egg-info/PKG-INFO
[2.372s] writing dependency_links to bullet_sims.egg-info/dependency_links.txt
[2.372s] writing entry points to bullet_sims.egg-info/entry_points.txt
[2.373s] writing requirements to bullet_sims.egg-info/requires.txt
[2.373s] writing top-level names to bullet_sims.egg-info/top_level.txt
[2.853s] writing manifest file 'bullet_sims.egg-info/SOURCES.txt'
[2.898s] running build_ext
[2.898s] Creating /workspaces/workspaces/my_workspace/install/bullet_sims/lib/python3.12/site-packages/bullet-sims.egg-link (link to .)
[2.899s] Installing t21 script to /workspaces/workspaces/my_workspace/install/bullet_sims/lib/bullet_sims
[2.900s] Installing t22 script to /workspaces/workspaces/my_workspace/install/bullet_sims/lib/bullet_sims
[2.900s] Installing t23 script to /workspaces/workspaces/my_workspace/install/bullet_sims/lib/bullet_sims
[2.901s] Installing t2_temp script to /workspaces/workspaces/my_workspace/install/bullet_sims/lib/bullet_sims
[2.901s] Installing t3_main script to /workspaces/workspaces/my_workspace/install/bullet_sims/lib/bullet_sims
[2.902s] 
[2.902s] Installed /workspaces/workspaces/my_workspace/build/bullet_sims
[2.903s] running symlink_data
[2.958s] Invoked command in '/workspaces/workspaces/my_workspace/build/bullet_sims' returned '0': AMENT_PREFIX_PATH=/workspaces/workspaces/my_workspace/install/simulator:/workspaces/workspaces/my_workspace/install/bullet_sims:/workspaces/workspaces/my_workspace/install/talos_description:/workspaces/workspaces/my_workspace/install/ros_visuals:/workspaces/workspaces/my_workspace/install/reemc_description:/opt/ros/rolling PYTHONPATH=/workspaces/workspaces/my_workspace/build/bullet_sims/prefix_override:/usr/lib/python3/dist-packages/colcon_core/task/python/colcon_distutils_commands:/workspaces/workspaces/my_workspace/install/bullet_sims/lib/python3.12/site-packages:/workspaces/workspaces/my_workspace/build/simulator:/workspaces/workspaces/my_workspace/install/simulator/lib/python3.12/site-packages:/workspaces/workspaces/my_workspace/build/bullet_sims:/workspaces/workspaces/my_workspace/install/bullet_sims/lib/python3.12/site-packages:/workspaces/workspaces/my_workspace/build/ros_visuals:/workspaces/workspaces/my_workspace/install/ros_visuals/lib/python3.12/site-packages:/opt/openrobots/lib/python3.12/site-packages:/opt/openrobots/lib/python3.12/site-packages:/opt/ros/rolling/lib/python3.12/site-packages /usr/bin/python3 -W ignore:setup.py install is deprecated -W ignore:easy_install command is deprecated setup.py develop --editable --build-directory /workspaces/workspaces/my_workspace/build/bullet_sims/build --no-deps symlink_data
