[0.612s] Invoking command in '/workspaces/legged-robots/my_workspace/build/bullet_sims': AMENT_PREFIX_PATH=/workspaces/legged-robots/my_workspace/install/talos_description:/workspaces/legged-robots/my_workspace/install/simulator:/workspaces/legged-robots/my_workspace/install/reemc_description:${AMENT_PREFIX_PATH} CMAKE_PREFIX_PATH=/workspaces/legged-robots/my_workspace/install/talos_description:/workspaces/legged-robots/my_workspace/install/reemc_description:${CMAKE_PREFIX_PATH} PYTHONPATH=/workspaces/legged-robots/my_workspace/build/bullet_sims/prefix_override:/usr/lib/python3/dist-packages/colcon_core/task/python/colcon_distutils_commands:/workspaces/legged-robots/my_workspace/install/bullet_sims/lib/python3.12/site-packages:/workspaces/legged-robots/my_workspace/build/simulator:/workspaces/legged-robots/my_workspace/install/simulator/lib/python3.12/site-packages:${PYTHONPATH} /usr/bin/python3 -W ignore:setup.py install is deprecated -W ignore:easy_install command is deprecated setup.py develop --editable --build-directory /workspaces/legged-robots/my_workspace/build/bullet_sims/build --no-deps symlink_data
[0.767s] running develop
[0.847s] running egg_info
[0.847s] creating bullet_sims.egg-info
[0.857s] writing bullet_sims.egg-info/PKG-INFO
[0.857s] writing dependency_links to bullet_sims.egg-info/dependency_links.txt
[0.857s] writing entry points to bullet_sims.egg-info/entry_points.txt
[0.857s] writing requirements to bullet_sims.egg-info/requires.txt
[0.857s] writing top-level names to bullet_sims.egg-info/top_level.txt
[0.857s] writing manifest file 'bullet_sims.egg-info/SOURCES.txt'
[1.040s] writing manifest file 'bullet_sims.egg-info/SOURCES.txt'
[1.050s] running build_ext
[1.050s] Creating /workspaces/legged-robots/my_workspace/install/bullet_sims/lib/python3.12/site-packages/bullet-sims.egg-link (link to .)
[1.050s] Installing interactive_marker_hand script to /workspaces/legged-robots/my_workspace/install/bullet_sims/lib/bullet_sims
[1.050s] Installing t21 script to /workspaces/legged-robots/my_workspace/install/bullet_sims/lib/bullet_sims
[1.051s] Installing t22 script to /workspaces/legged-robots/my_workspace/install/bullet_sims/lib/bullet_sims
[1.051s] Installing t23 script to /workspaces/legged-robots/my_workspace/install/bullet_sims/lib/bullet_sims
[1.051s] Installing t2_temp script to /workspaces/legged-robots/my_workspace/install/bullet_sims/lib/bullet_sims
[1.051s] Installing t3_main script to /workspaces/legged-robots/my_workspace/install/bullet_sims/lib/bullet_sims
[1.051s] 
[1.051s] Installed /workspaces/legged-robots/my_workspace/build/bullet_sims
[1.051s] running symlink_data
[1.051s] creating /workspaces/legged-robots/my_workspace/install/bullet_sims/share/ament_index
[1.051s] creating /workspaces/legged-robots/my_workspace/install/bullet_sims/share/ament_index/resource_index
[1.051s] creating /workspaces/legged-robots/my_workspace/install/bullet_sims/share/ament_index/resource_index/packages
[1.051s] symbolically linking /workspaces/legged-robots/my_workspace/build/bullet_sims/resource/bullet_sims -> /workspaces/legged-robots/my_workspace/install/bullet_sims/share/ament_index/resource_index/packages
[1.051s] symbolically linking /workspaces/legged-robots/my_workspace/build/bullet_sims/package.xml -> /workspaces/legged-robots/my_workspace/install/bullet_sims/share/bullet_sims
[1.070s] Invoked command in '/workspaces/legged-robots/my_workspace/build/bullet_sims' returned '0': AMENT_PREFIX_PATH=/workspaces/legged-robots/my_workspace/install/talos_description:/workspaces/legged-robots/my_workspace/install/simulator:/workspaces/legged-robots/my_workspace/install/reemc_description:${AMENT_PREFIX_PATH} CMAKE_PREFIX_PATH=/workspaces/legged-robots/my_workspace/install/talos_description:/workspaces/legged-robots/my_workspace/install/reemc_description:${CMAKE_PREFIX_PATH} PYTHONPATH=/workspaces/legged-robots/my_workspace/build/bullet_sims/prefix_override:/usr/lib/python3/dist-packages/colcon_core/task/python/colcon_distutils_commands:/workspaces/legged-robots/my_workspace/install/bullet_sims/lib/python3.12/site-packages:/workspaces/legged-robots/my_workspace/build/simulator:/workspaces/legged-robots/my_workspace/install/simulator/lib/python3.12/site-packages:${PYTHONPATH} /usr/bin/python3 -W ignore:setup.py install is deprecated -W ignore:easy_install command is deprecated setup.py develop --editable --build-directory /workspaces/legged-robots/my_workspace/build/bullet_sims/build --no-deps symlink_data
