[1.534s] Invoking command in '/workspaces/workspaces/my_workspace/build/bullet_sims': AMENT_PREFIX_PATH=/workspaces/workspaces/my_workspace/install/simulator:/workspaces/workspaces/my_workspace/install/bullet_sims:/workspaces/workspaces/my_workspace/install/talos_description:/workspaces/workspaces/my_workspace/install/reemc_description:/workspaces/workspaces/my_workspace/install/ros_visuals:/opt/ros/rolling PYTHONPATH=/workspaces/workspaces/my_workspace/build/bullet_sims/prefix_override:/usr/lib/python3/dist-packages/colcon_core/task/python/colcon_distutils_commands:/workspaces/workspaces/my_workspace/install/bullet_sims/lib/python3.12/site-packages:/workspaces/workspaces/my_workspace/install/simulator/lib/python3.12/site-packages:/workspaces/workspaces/my_workspace/build/bullet_sims:/workspaces/workspaces/my_workspace/build/simulator:/workspaces/workspaces/my_workspace/install/bullet_sims/lib/python3.12/site-packages:/workspaces/workspaces/my_workspace/build/ros_visuals:/workspaces/tutorial_1/build/ros_visuals:/workspaces/workspaces/my_workspace/install/ros_visuals/lib/python3.12/site-packages:/opt/openrobots/lib/python3.12/site-packages:/opt/openrobots/lib/python3.12/site-packages:/opt/ros/rolling/lib/python3.12/site-packages /usr/bin/python3 -W ignore:setup.py install is deprecated -W ignore:easy_install command is deprecated setup.py develop --uninstall --editable --build-directory /workspaces/workspaces/my_workspace/build/bullet_sims/build
[1.997s] running develop
[2.296s] Removing /workspaces/workspaces/my_workspace/install/bullet_sims/lib/python3.12/site-packages/bullet-sims.egg-link (link to .)
[2.355s] Invoked command in '/workspaces/workspaces/my_workspace/build/bullet_sims' returned '0': AMENT_PREFIX_PATH=/workspaces/workspaces/my_workspace/install/simulator:/workspaces/workspaces/my_workspace/install/bullet_sims:/workspaces/workspaces/my_workspace/install/talos_description:/workspaces/workspaces/my_workspace/install/reemc_description:/workspaces/workspaces/my_workspace/install/ros_visuals:/opt/ros/rolling PYTHONPATH=/workspaces/workspaces/my_workspace/build/bullet_sims/prefix_override:/usr/lib/python3/dist-packages/colcon_core/task/python/colcon_distutils_commands:/workspaces/workspaces/my_workspace/install/bullet_sims/lib/python3.12/site-packages:/workspaces/workspaces/my_workspace/install/simulator/lib/python3.12/site-packages:/workspaces/workspaces/my_workspace/build/bullet_sims:/workspaces/workspaces/my_workspace/build/simulator:/workspaces/workspaces/my_workspace/install/bullet_sims/lib/python3.12/site-packages:/workspaces/workspaces/my_workspace/build/ros_visuals:/workspaces/tutorial_1/build/ros_visuals:/workspaces/workspaces/my_workspace/install/ros_visuals/lib/python3.12/site-packages:/opt/openrobots/lib/python3.12/site-packages:/opt/openrobots/lib/python3.12/site-packages:/opt/ros/rolling/lib/python3.12/site-packages /usr/bin/python3 -W ignore:setup.py install is deprecated -W ignore:easy_install command is deprecated setup.py develop --uninstall --editable --build-directory /workspaces/workspaces/my_workspace/build/bullet_sims/build
[2.358s] Invoking command in '/workspaces/workspaces/my_workspace/src/bullet_sims': AMENT_PREFIX_PATH=/workspaces/workspaces/my_workspace/install/simulator:/workspaces/workspaces/my_workspace/install/bullet_sims:/workspaces/workspaces/my_workspace/install/talos_description:/workspaces/workspaces/my_workspace/install/reemc_description:/workspaces/workspaces/my_workspace/install/ros_visuals:/opt/ros/rolling PYTHONPATH=/workspaces/workspaces/my_workspace/build/bullet_sims/prefix_override:/usr/lib/python3/dist-packages/colcon_core/task/python/colcon_distutils_commands:/workspaces/workspaces/my_workspace/install/bullet_sims/lib/python3.12/site-packages:/workspaces/workspaces/my_workspace/install/simulator/lib/python3.12/site-packages:/workspaces/workspaces/my_workspace/build/bullet_sims:/workspaces/workspaces/my_workspace/build/simulator:/workspaces/workspaces/my_workspace/install/bullet_sims/lib/python3.12/site-packages:/workspaces/workspaces/my_workspace/build/ros_visuals:/workspaces/tutorial_1/build/ros_visuals:/workspaces/workspaces/my_workspace/install/ros_visuals/lib/python3.12/site-packages:/opt/openrobots/lib/python3.12/site-packages:/opt/openrobots/lib/python3.12/site-packages:/opt/ros/rolling/lib/python3.12/site-packages /usr/bin/python3 -W ignore:setup.py install is deprecated -W ignore:easy_install command is deprecated setup.py egg_info --egg-base ../../build/bullet_sims build --build-base /workspaces/workspaces/my_workspace/build/bullet_sims/build install --record /workspaces/workspaces/my_workspace/build/bullet_sims/install.log --single-version-externally-managed install_data --force
[2.741s] running egg_info
[2.766s] writing ../../build/bullet_sims/bullet_sims.egg-info/PKG-INFO
[2.767s] writing dependency_links to ../../build/bullet_sims/bullet_sims.egg-info/dependency_links.txt
[2.767s] writing entry points to ../../build/bullet_sims/bullet_sims.egg-info/entry_points.txt
[2.767s] writing requirements to ../../build/bullet_sims/bullet_sims.egg-info/requires.txt
[2.768s] writing top-level names to ../../build/bullet_sims/bullet_sims.egg-info/top_level.txt
[3.170s] writing manifest file '../../build/bullet_sims/bullet_sims.egg-info/SOURCES.txt'
[3.171s] running build
[3.171s] running build_py
[3.171s] copying bullet_sims/t22.py -> /workspaces/workspaces/my_workspace/build/bullet_sims/build/lib/bullet_sims
[3.172s] copying bullet_sims/t2_temp.py -> /workspaces/workspaces/my_workspace/build/bullet_sims/build/lib/bullet_sims
[3.173s] copying bullet_sims/t21.py -> /workspaces/workspaces/my_workspace/build/bullet_sims/build/lib/bullet_sims
[3.173s] copying bullet_sims/t23.py -> /workspaces/workspaces/my_workspace/build/bullet_sims/build/lib/bullet_sims
[3.174s] running install
[3.193s] running install_lib
[3.224s] creating /workspaces/workspaces/my_workspace/install/bullet_sims/lib/python3.12/site-packages/bullet_sims
[3.224s] copying /workspaces/workspaces/my_workspace/build/bullet_sims/build/lib/bullet_sims/t22.py -> /workspaces/workspaces/my_workspace/install/bullet_sims/lib/python3.12/site-packages/bullet_sims
[3.224s] copying /workspaces/workspaces/my_workspace/build/bullet_sims/build/lib/bullet_sims/t2_temp.py -> /workspaces/workspaces/my_workspace/install/bullet_sims/lib/python3.12/site-packages/bullet_sims
[3.224s] copying /workspaces/workspaces/my_workspace/build/bullet_sims/build/lib/bullet_sims/__init__.py -> /workspaces/workspaces/my_workspace/install/bullet_sims/lib/python3.12/site-packages/bullet_sims
[3.225s] copying /workspaces/workspaces/my_workspace/build/bullet_sims/build/lib/bullet_sims/t21.py -> /workspaces/workspaces/my_workspace/install/bullet_sims/lib/python3.12/site-packages/bullet_sims
[3.225s] copying /workspaces/workspaces/my_workspace/build/bullet_sims/build/lib/bullet_sims/t23.py -> /workspaces/workspaces/my_workspace/install/bullet_sims/lib/python3.12/site-packages/bullet_sims
[3.225s] byte-compiling /workspaces/workspaces/my_workspace/install/bullet_sims/lib/python3.12/site-packages/bullet_sims/t22.py to t22.cpython-312.pyc
[3.226s] byte-compiling /workspaces/workspaces/my_workspace/install/bullet_sims/lib/python3.12/site-packages/bullet_sims/t2_temp.py to t2_temp.cpython-312.pyc
[3.227s] byte-compiling /workspaces/workspaces/my_workspace/install/bullet_sims/lib/python3.12/site-packages/bullet_sims/__init__.py to __init__.cpython-312.pyc
[3.227s] byte-compiling /workspaces/workspaces/my_workspace/install/bullet_sims/lib/python3.12/site-packages/bullet_sims/t21.py to t21.cpython-312.pyc
[3.228s] byte-compiling /workspaces/workspaces/my_workspace/install/bullet_sims/lib/python3.12/site-packages/bullet_sims/t23.py to t23.cpython-312.pyc
[3.229s] running install_data
[3.229s] copying resource/bullet_sims -> /workspaces/workspaces/my_workspace/install/bullet_sims/share/ament_index/resource_index/packages
[3.229s] copying package.xml -> /workspaces/workspaces/my_workspace/install/bullet_sims/share/bullet_sims
[3.229s] running install_egg_info
[3.257s] Copying ../../build/bullet_sims/bullet_sims.egg-info to /workspaces/workspaces/my_workspace/install/bullet_sims/lib/python3.12/site-packages/bullet_sims-0.0.0-py3.12.egg-info
[3.258s] running install_scripts
[3.452s] Installing t21 script to /workspaces/workspaces/my_workspace/install/bullet_sims/lib/bullet_sims
[3.453s] Installing t22 script to /workspaces/workspaces/my_workspace/install/bullet_sims/lib/bullet_sims
[3.453s] Installing t2_temp script to /workspaces/workspaces/my_workspace/install/bullet_sims/lib/bullet_sims
[3.453s] writing list of installed files to '/workspaces/workspaces/my_workspace/build/bullet_sims/install.log'
[3.517s] Invoked command in '/workspaces/workspaces/my_workspace/src/bullet_sims' returned '0': AMENT_PREFIX_PATH=/workspaces/workspaces/my_workspace/install/simulator:/workspaces/workspaces/my_workspace/install/bullet_sims:/workspaces/workspaces/my_workspace/install/talos_description:/workspaces/workspaces/my_workspace/install/reemc_description:/workspaces/workspaces/my_workspace/install/ros_visuals:/opt/ros/rolling PYTHONPATH=/workspaces/workspaces/my_workspace/build/bullet_sims/prefix_override:/usr/lib/python3/dist-packages/colcon_core/task/python/colcon_distutils_commands:/workspaces/workspaces/my_workspace/install/bullet_sims/lib/python3.12/site-packages:/workspaces/workspaces/my_workspace/install/simulator/lib/python3.12/site-packages:/workspaces/workspaces/my_workspace/build/bullet_sims:/workspaces/workspaces/my_workspace/build/simulator:/workspaces/workspaces/my_workspace/install/bullet_sims/lib/python3.12/site-packages:/workspaces/workspaces/my_workspace/build/ros_visuals:/workspaces/tutorial_1/build/ros_visuals:/workspaces/workspaces/my_workspace/install/ros_visuals/lib/python3.12/site-packages:/opt/openrobots/lib/python3.12/site-packages:/opt/openrobots/lib/python3.12/site-packages:/opt/ros/rolling/lib/python3.12/site-packages /usr/bin/python3 -W ignore:setup.py install is deprecated -W ignore:easy_install command is deprecated setup.py egg_info --egg-base ../../build/bullet_sims build --build-base /workspaces/workspaces/my_workspace/build/bullet_sims/build install --record /workspaces/workspaces/my_workspace/build/bullet_sims/install.log --single-version-externally-managed install_data --force
