[2.395s] Invoking command in '/workspaces/workspaces/my_workspace/build/simulator': PYTHONPATH=/workspaces/workspaces/my_workspace/build/simulator/prefix_override:/usr/lib/python3/dist-packages/colcon_core/task/python/colcon_distutils_commands:/workspaces/workspaces/my_workspace/install/simulator/lib/python3.12/site-packages:${PYTHONPATH} /usr/bin/python3 -W ignore:setup.py install is deprecated -W ignore:easy_install command is deprecated setup.py develop --uninstall --editable --build-directory /workspaces/workspaces/my_workspace/build/simulator/build
[2.995s] running develop
[3.445s] Removing /workspaces/workspaces/my_workspace/install/simulator/lib/python3.12/site-packages/simulator.egg-link (link to .)
[3.535s] Invoked command in '/workspaces/workspaces/my_workspace/build/simulator' returned '0': PYTHONPATH=/workspaces/workspaces/my_workspace/build/simulator/prefix_override:/usr/lib/python3/dist-packages/colcon_core/task/python/colcon_distutils_commands:/workspaces/workspaces/my_workspace/install/simulator/lib/python3.12/site-packages:${PYTHONPATH} /usr/bin/python3 -W ignore:setup.py install is deprecated -W ignore:easy_install command is deprecated setup.py develop --uninstall --editable --build-directory /workspaces/workspaces/my_workspace/build/simulator/build
[3.535s] Invoking command in '/workspaces/workspaces/my_workspace/src/simulator': PYTHONPATH=/workspaces/workspaces/my_workspace/build/simulator/prefix_override:/usr/lib/python3/dist-packages/colcon_core/task/python/colcon_distutils_commands:/workspaces/workspaces/my_workspace/install/simulator/lib/python3.12/site-packages:${PYTHONPATH} /usr/bin/python3 -W ignore:setup.py install is deprecated -W ignore:easy_install command is deprecated setup.py egg_info --egg-base ../../build/simulator build --build-base /workspaces/workspaces/my_workspace/build/simulator/build install --record /workspaces/workspaces/my_workspace/build/simulator/install.log --single-version-externally-managed install_data --force
[4.465s] running egg_info
[4.505s] writing ../../build/simulator/simulator.egg-info/PKG-INFO
[4.506s] writing dependency_links to ../../build/simulator/simulator.egg-info/dependency_links.txt
[4.507s] writing requirements to ../../build/simulator/simulator.egg-info/requires.txt
[4.507s] writing top-level names to ../../build/simulator/simulator.egg-info/top_level.txt
[5.078s] writing manifest file '../../build/simulator/simulator.egg-info/SOURCES.txt'
[5.079s] running build
[5.079s] running build_py
[5.079s] running install
[5.097s] running install_lib
[5.157s] creating /workspaces/workspaces/my_workspace/install/simulator/lib/python3.12/site-packages/simulator
[5.157s] copying /workspaces/workspaces/my_workspace/build/simulator/build/lib/simulator/__init__.py -> /workspaces/workspaces/my_workspace/install/simulator/lib/python3.12/site-packages/simulator
[5.158s] copying /workspaces/workspaces/my_workspace/build/simulator/build/lib/simulator/utilities.py -> /workspaces/workspaces/my_workspace/install/simulator/lib/python3.12/site-packages/simulator
[5.158s] copying /workspaces/workspaces/my_workspace/build/simulator/build/lib/simulator/robot.py -> /workspaces/workspaces/my_workspace/install/simulator/lib/python3.12/site-packages/simulator
[5.158s] copying /workspaces/workspaces/my_workspace/build/simulator/build/lib/simulator/pybullet_wrapper.py -> /workspaces/workspaces/my_workspace/install/simulator/lib/python3.12/site-packages/simulator
[5.158s] copying /workspaces/workspaces/my_workspace/build/simulator/build/lib/simulator/body.py -> /workspaces/workspaces/my_workspace/install/simulator/lib/python3.12/site-packages/simulator
[5.159s] copying /workspaces/workspaces/my_workspace/build/simulator/build/lib/simulator/objects.py -> /workspaces/workspaces/my_workspace/install/simulator/lib/python3.12/site-packages/simulator
[5.160s] byte-compiling /workspaces/workspaces/my_workspace/install/simulator/lib/python3.12/site-packages/simulator/__init__.py to __init__.cpython-312.pyc
[5.160s] byte-compiling /workspaces/workspaces/my_workspace/install/simulator/lib/python3.12/site-packages/simulator/utilities.py to utilities.cpython-312.pyc
[5.163s] byte-compiling /workspaces/workspaces/my_workspace/install/simulator/lib/python3.12/site-packages/simulator/robot.py to robot.cpython-312.pyc
[5.169s] byte-compiling /workspaces/workspaces/my_workspace/install/simulator/lib/python3.12/site-packages/simulator/pybullet_wrapper.py to pybullet_wrapper.cpython-312.pyc
[5.181s] byte-compiling /workspaces/workspaces/my_workspace/install/simulator/lib/python3.12/site-packages/simulator/body.py to body.cpython-312.pyc
[5.186s] byte-compiling /workspaces/workspaces/my_workspace/install/simulator/lib/python3.12/site-packages/simulator/objects.py to objects.cpython-312.pyc
[5.187s] running install_data
[5.187s] copying resource/simulator -> /workspaces/workspaces/my_workspace/install/simulator/share/ament_index/resource_index/packages
[5.187s] copying package.xml -> /workspaces/workspaces/my_workspace/install/simulator/share/simulator
[5.188s] running install_egg_info
[5.217s] Copying ../../build/simulator/simulator.egg-info to /workspaces/workspaces/my_workspace/install/simulator/lib/python3.12/site-packages/simulator-0.0.0-py3.12.egg-info
[5.218s] running install_scripts
[5.510s] writing list of installed files to '/workspaces/workspaces/my_workspace/build/simulator/install.log'
[5.608s] Invoked command in '/workspaces/workspaces/my_workspace/src/simulator' returned '0': PYTHONPATH=/workspaces/workspaces/my_workspace/build/simulator/prefix_override:/usr/lib/python3/dist-packages/colcon_core/task/python/colcon_distutils_commands:/workspaces/workspaces/my_workspace/install/simulator/lib/python3.12/site-packages:${PYTHONPATH} /usr/bin/python3 -W ignore:setup.py install is deprecated -W ignore:easy_install command is deprecated setup.py egg_info --egg-base ../../build/simulator build --build-base /workspaces/workspaces/my_workspace/build/simulator/build install --record /workspaces/workspaces/my_workspace/build/simulator/install.log --single-version-externally-managed install_data --force
