[3.716s] Invoking command in '/workspaces/workspaces/my_workspace/build/simulator': PYTHONPATH=/workspaces/workspaces/my_workspace/build/simulator/prefix_override:/usr/lib/python3/dist-packages/colcon_core/task/python/colcon_distutils_commands:/workspaces/workspaces/my_workspace/install/simulator/lib/python3.12/site-packages:${PYTHONPATH} /usr/bin/python3 -W ignore:setup.py install is deprecated -W ignore:easy_install command is deprecated setup.py develop --editable --build-directory /workspaces/workspaces/my_workspace/build/simulator/build --no-deps symlink_data
[5.067s] running develop
[5.805s] running egg_info
[5.805s] creating simulator.egg-info
[5.879s] writing simulator.egg-info/PKG-INFO
[5.879s] writing dependency_links to simulator.egg-info/dependency_links.txt
[5.880s] writing requirements to simulator.egg-info/requires.txt
[5.880s] writing top-level names to simulator.egg-info/top_level.txt
[5.881s] writing manifest file 'simulator.egg-info/SOURCES.txt'
[6.925s] writing manifest file 'simulator.egg-info/SOURCES.txt'
[7.017s] running build_ext
[7.017s] Creating /workspaces/workspaces/my_workspace/install/simulator/lib/python3.12/site-packages/simulator.egg-link (link to .)
[7.018s] 
[7.018s] Installed /workspaces/workspaces/my_workspace/build/simulator
[7.018s] running symlink_data
[7.019s] creating /workspaces/workspaces/my_workspace/install/simulator/share/ament_index
[7.019s] creating /workspaces/workspaces/my_workspace/install/simulator/share/ament_index/resource_index
[7.019s] creating /workspaces/workspaces/my_workspace/install/simulator/share/ament_index/resource_index/packages
[7.019s] symbolically linking /workspaces/workspaces/my_workspace/build/simulator/resource/simulator -> /workspaces/workspaces/my_workspace/install/simulator/share/ament_index/resource_index/packages
[7.020s] symbolically linking /workspaces/workspaces/my_workspace/build/simulator/package.xml -> /workspaces/workspaces/my_workspace/install/simulator/share/simulator
[7.130s] Invoked command in '/workspaces/workspaces/my_workspace/build/simulator' returned '0': PYTHONPATH=/workspaces/workspaces/my_workspace/build/simulator/prefix_override:/usr/lib/python3/dist-packages/colcon_core/task/python/colcon_distutils_commands:/workspaces/workspaces/my_workspace/install/simulator/lib/python3.12/site-packages:${PYTHONPATH} /usr/bin/python3 -W ignore:setup.py install is deprecated -W ignore:easy_install command is deprecated setup.py develop --editable --build-directory /workspaces/workspaces/my_workspace/build/simulator/build --no-deps symlink_data
