[1.049s] Invoking command in '/workspaces/workspaces/legged-robots/build/bullet_sims': AMENT_PREFIX_PATH=/workspaces/workspaces/legged-robots/install/talos_description:/workspaces/workspaces/legged-robots/install/simulator:/workspaces/workspaces/legged-robots/install/reemc_description:${AMENT_PREFIX_PATH} CMAKE_PREFIX_PATH=/workspaces/workspaces/legged-robots/install/talos_description:/workspaces/workspaces/legged-robots/install/reemc_description:${CMAKE_PREFIX_PATH} PYTHONPATH=/workspaces/workspaces/legged-robots/build/bullet_sims/prefix_override:/usr/lib/python3/dist-packages/colcon_core/task/python/colcon_distutils_commands:/workspaces/workspaces/legged-robots/install/bullet_sims/lib/python3.12/site-packages:/workspaces/workspaces/legged-robots/build/simulator:/workspaces/workspaces/legged-robots/install/simulator/lib/python3.12/site-packages:${PYTHONPATH} /usr/bin/python3 -W ignore:setup.py install is deprecated -W ignore:easy_install command is deprecated setup.py develop --editable --build-directory /workspaces/workspaces/legged-robots/build/bullet_sims/build --no-deps symlink_data
[1.448s] running develop
[1.660s] running egg_info
[1.661s] creating bullet_sims.egg-info
[1.687s] writing bullet_sims.egg-info/PKG-INFO
[1.687s] writing dependency_links to bullet_sims.egg-info/dependency_links.txt
[1.687s] writing entry points to bullet_sims.egg-info/entry_points.txt
[1.689s] writing requirements to bullet_sims.egg-info/requires.txt
[1.689s] writing top-level names to bullet_sims.egg-info/top_level.txt
[1.689s] writing manifest file 'bullet_sims.egg-info/SOURCES.txt'
[2.220s] reading manifest file 'bullet_sims.egg-info/SOURCES.txt'
[2.224s] writing manifest file 'bullet_sims.egg-info/SOURCES.txt'
[2.251s] running build_ext
[2.251s] Creating /workspaces/workspaces/legged-robots/install/bullet_sims/lib/python3.12/site-packages/bullet-sims.egg-link (link to .)
[2.252s] Installing interactive_marker_hand script to /workspaces/workspaces/legged-robots/install/bullet_sims/lib/bullet_sims
[2.252s] Installing t21 script to /workspaces/workspaces/legged-robots/install/bullet_sims/lib/bullet_sims
[2.252s] Installing t22 script to /workspaces/workspaces/legged-robots/install/bullet_sims/lib/bullet_sims
[2.252s] Installing t23 script to /workspaces/workspaces/legged-robots/install/bullet_sims/lib/bullet_sims
[2.252s] Installing t2_temp script to /workspaces/workspaces/legged-robots/install/bullet_sims/lib/bullet_sims
[2.252s] Installing t3_main script to /workspaces/workspaces/legged-robots/install/bullet_sims/lib/bullet_sims
[2.252s] 
[2.252s] Installed /workspaces/workspaces/legged-robots/build/bullet_sims
[2.253s] running symlink_data
[2.253s] creating /workspaces/workspaces/legged-robots/install/bullet_sims/share/ament_index
[2.253s] creating /workspaces/workspaces/legged-robots/install/bullet_sims/share/ament_index/resource_index
[2.253s] creating /workspaces/workspaces/legged-robots/install/bullet_sims/share/ament_index/resource_index/packages
[2.253s] symbolically linking /workspaces/workspaces/legged-robots/build/bullet_sims/resource/bullet_sims -> /workspaces/workspaces/legged-robots/install/bullet_sims/share/ament_index/resource_index/packages
[2.253s] symbolically linking /workspaces/workspaces/legged-robots/build/bullet_sims/package.xml -> /workspaces/workspaces/legged-robots/install/bullet_sims/share/bullet_sims
[2.293s] Invoked command in '/workspaces/workspaces/legged-robots/build/bullet_sims' returned '0': AMENT_PREFIX_PATH=/workspaces/workspaces/legged-robots/install/talos_description:/workspaces/workspaces/legged-robots/install/simulator:/workspaces/workspaces/legged-robots/install/reemc_description:${AMENT_PREFIX_PATH} CMAKE_PREFIX_PATH=/workspaces/workspaces/legged-robots/install/talos_description:/workspaces/workspaces/legged-robots/install/reemc_description:${CMAKE_PREFIX_PATH} PYTHONPATH=/workspaces/workspaces/legged-robots/build/bullet_sims/prefix_override:/usr/lib/python3/dist-packages/colcon_core/task/python/colcon_distutils_commands:/workspaces/workspaces/legged-robots/install/bullet_sims/lib/python3.12/site-packages:/workspaces/workspaces/legged-robots/build/simulator:/workspaces/workspaces/legged-robots/install/simulator/lib/python3.12/site-packages:${PYTHONPATH} /usr/bin/python3 -W ignore:setup.py install is deprecated -W ignore:easy_install command is deprecated setup.py develop --editable --build-directory /workspaces/workspaces/legged-robots/build/bullet_sims/build --no-deps symlink_data
