[1.210s] Invoking command in '/workspaces/workspaces/my_workspace/src/ros_visuals': PYTHONPATH=/workspaces/workspaces/my_workspace/build/ros_visuals/prefix_override:/usr/lib/python3/dist-packages/colcon_core/task/python/colcon_distutils_commands:/workspaces/workspaces/my_workspace/install/ros_visuals/lib/python3.12/site-packages:${PYTHONPATH} /usr/bin/python3 -W ignore:setup.py install is deprecated -W ignore:easy_install command is deprecated setup.py egg_info --egg-base ../../build/ros_visuals build --build-base /workspaces/workspaces/my_workspace/build/ros_visuals/build install --record /workspaces/workspaces/my_workspace/build/ros_visuals/install.log --single-version-externally-managed install_data
[1.610s] running egg_info
[1.611s] creating ../../build/ros_visuals/ros_visuals.egg-info
[1.640s] writing ../../build/ros_visuals/ros_visuals.egg-info/PKG-INFO
[1.640s] writing dependency_links to ../../build/ros_visuals/ros_visuals.egg-info/dependency_links.txt
[1.640s] writing entry points to ../../build/ros_visuals/ros_visuals.egg-info/entry_points.txt
[1.641s] writing requirements to ../../build/ros_visuals/ros_visuals.egg-info/requires.txt
[1.641s] writing top-level names to ../../build/ros_visuals/ros_visuals.egg-info/top_level.txt
[1.641s] writing manifest file '../../build/ros_visuals/ros_visuals.egg-info/SOURCES.txt'
[2.041s] reading manifest file '../../build/ros_visuals/ros_visuals.egg-info/SOURCES.txt'
[2.042s] writing manifest file '../../build/ros_visuals/ros_visuals.egg-info/SOURCES.txt'
[2.042s] running build
[2.043s] running build_py
[2.043s] creating /workspaces/workspaces/my_workspace/build/ros_visuals/build
[2.044s] creating /workspaces/workspaces/my_workspace/build/ros_visuals/build/lib
[2.044s] creating /workspaces/workspaces/my_workspace/build/ros_visuals/build/lib/ros_visuals
[2.044s] copying ros_visuals/t12.py -> /workspaces/workspaces/my_workspace/build/ros_visuals/build/lib/ros_visuals
[2.045s] copying ros_visuals/t13.py -> /workspaces/workspaces/my_workspace/build/ros_visuals/build/lib/ros_visuals
[2.045s] copying ros_visuals/__init__.py -> /workspaces/workspaces/my_workspace/build/ros_visuals/build/lib/ros_visuals
[2.046s] copying ros_visuals/t11.py -> /workspaces/workspaces/my_workspace/build/ros_visuals/build/lib/ros_visuals
[2.046s] copying ros_visuals/pinocchio_test.py -> /workspaces/workspaces/my_workspace/build/ros_visuals/build/lib/ros_visuals
[2.046s] running install
[2.055s] running install_lib
[2.108s] creating /workspaces/workspaces/my_workspace/install/ros_visuals/lib/python3.12/site-packages/ros_visuals
[2.108s] copying /workspaces/workspaces/my_workspace/build/ros_visuals/build/lib/ros_visuals/t12.py -> /workspaces/workspaces/my_workspace/install/ros_visuals/lib/python3.12/site-packages/ros_visuals
[2.109s] copying /workspaces/workspaces/my_workspace/build/ros_visuals/build/lib/ros_visuals/t13.py -> /workspaces/workspaces/my_workspace/install/ros_visuals/lib/python3.12/site-packages/ros_visuals
[2.109s] copying /workspaces/workspaces/my_workspace/build/ros_visuals/build/lib/ros_visuals/__init__.py -> /workspaces/workspaces/my_workspace/install/ros_visuals/lib/python3.12/site-packages/ros_visuals
[2.109s] copying /workspaces/workspaces/my_workspace/build/ros_visuals/build/lib/ros_visuals/t11.py -> /workspaces/workspaces/my_workspace/install/ros_visuals/lib/python3.12/site-packages/ros_visuals
[2.109s] copying /workspaces/workspaces/my_workspace/build/ros_visuals/build/lib/ros_visuals/pinocchio_test.py -> /workspaces/workspaces/my_workspace/install/ros_visuals/lib/python3.12/site-packages/ros_visuals
[2.110s] byte-compiling /workspaces/workspaces/my_workspace/install/ros_visuals/lib/python3.12/site-packages/ros_visuals/t12.py to t12.cpython-312.pyc
[2.113s] byte-compiling /workspaces/workspaces/my_workspace/install/ros_visuals/lib/python3.12/site-packages/ros_visuals/t13.py to t13.cpython-312.pyc
[2.117s] byte-compiling /workspaces/workspaces/my_workspace/install/ros_visuals/lib/python3.12/site-packages/ros_visuals/__init__.py to __init__.cpython-312.pyc
[2.117s] byte-compiling /workspaces/workspaces/my_workspace/install/ros_visuals/lib/python3.12/site-packages/ros_visuals/t11.py to t11.cpython-312.pyc
[2.120s] byte-compiling /workspaces/workspaces/my_workspace/install/ros_visuals/lib/python3.12/site-packages/ros_visuals/pinocchio_test.py to pinocchio_test.cpython-312.pyc
[2.121s] running install_data
[2.121s] copying package.xml -> /workspaces/workspaces/my_workspace/install/ros_visuals/share/ament_index/resource_index/packages
[2.122s] creating /workspaces/workspaces/my_workspace/install/ros_visuals/share/ros_visuals/config
[2.122s] copying config/compare_cage.rviz -> /workspaces/workspaces/my_workspace/install/ros_visuals/share/ros_visuals/config
[2.125s] copying config/rviz_config.rviz -> /workspaces/workspaces/my_workspace/install/ros_visuals/share/ros_visuals/config
[2.125s] creating /workspaces/workspaces/my_workspace/install/ros_visuals/share/ros_visuals/launch
[2.126s] copying launch/launch.py -> /workspaces/workspaces/my_workspace/install/ros_visuals/share/ros_visuals/launch
[2.126s] copying launch/compare_methods.launch.py -> /workspaces/workspaces/my_workspace/install/ros_visuals/share/ros_visuals/launch
[2.126s] running install_egg_info
[2.153s] Copying ../../build/ros_visuals/ros_visuals.egg-info to /workspaces/workspaces/my_workspace/install/ros_visuals/lib/python3.12/site-packages/ros_visuals-0.0.0-py3.12.egg-info
[2.154s] running install_scripts
[2.340s] Installing t11 script to /workspaces/workspaces/my_workspace/install/ros_visuals/lib/ros_visuals
[2.340s] Installing t12 script to /workspaces/workspaces/my_workspace/install/ros_visuals/lib/ros_visuals
[2.340s] Installing t13 script to /workspaces/workspaces/my_workspace/install/ros_visuals/lib/ros_visuals
[2.341s] writing list of installed files to '/workspaces/workspaces/my_workspace/build/ros_visuals/install.log'
[2.389s] Invoked command in '/workspaces/workspaces/my_workspace/src/ros_visuals' returned '0': PYTHONPATH=/workspaces/workspaces/my_workspace/build/ros_visuals/prefix_override:/usr/lib/python3/dist-packages/colcon_core/task/python/colcon_distutils_commands:/workspaces/workspaces/my_workspace/install/ros_visuals/lib/python3.12/site-packages:${PYTHONPATH} /usr/bin/python3 -W ignore:setup.py install is deprecated -W ignore:easy_install command is deprecated setup.py egg_info --egg-base ../../build/ros_visuals build --build-base /workspaces/workspaces/my_workspace/build/ros_visuals/build install --record /workspaces/workspaces/my_workspace/build/ros_visuals/install.log --single-version-externally-managed install_data
