[0.641s] Invoking command in '/workspaces/workspaces/legged-robots/build/ros_visuals': PYTHONPATH=/workspaces/workspaces/legged-robots/build/ros_visuals/prefix_override:/usr/lib/python3/dist-packages/colcon_core/task/python/colcon_distutils_commands:/workspaces/workspaces/legged-robots/install/ros_visuals/lib/python3.12/site-packages:${PYTHONPATH} /usr/bin/python3 -W ignore:setup.py install is deprecated -W ignore:easy_install command is deprecated setup.py develop --editable --build-directory /workspaces/workspaces/legged-robots/build/ros_visuals/build --no-deps symlink_data
[0.888s] running develop
[1.084s] running egg_info
[1.084s] creating ros_visuals.egg-info
[1.114s] writing ros_visuals.egg-info/PKG-INFO
[1.114s] writing dependency_links to ros_visuals.egg-info/dependency_links.txt
[1.114s] writing entry points to ros_visuals.egg-info/entry_points.txt
[1.114s] writing requirements to ros_visuals.egg-info/requires.txt
[1.114s] writing top-level names to ros_visuals.egg-info/top_level.txt
[1.114s] writing manifest file 'ros_visuals.egg-info/SOURCES.txt'
[1.640s] reading manifest file 'ros_visuals.egg-info/SOURCES.txt'
[1.642s] writing manifest file 'ros_visuals.egg-info/SOURCES.txt'
[1.673s] running build_ext
[1.673s] Creating /workspaces/workspaces/legged-robots/install/ros_visuals/lib/python3.12/site-packages/ros-visuals.egg-link (link to .)
[1.673s] Installing t11 script to /workspaces/workspaces/legged-robots/install/ros_visuals/lib/ros_visuals
[1.674s] Installing t12 script to /workspaces/workspaces/legged-robots/install/ros_visuals/lib/ros_visuals
[1.674s] Installing t13 script to /workspaces/workspaces/legged-robots/install/ros_visuals/lib/ros_visuals
[1.674s] 
[1.674s] Installed /workspaces/workspaces/legged-robots/build/ros_visuals
[1.675s] running symlink_data
[1.675s] symbolically linking /workspaces/workspaces/legged-robots/build/ros_visuals/package.xml -> /workspaces/workspaces/legged-robots/install/ros_visuals/share/ament_index/resource_index/packages
[1.675s] creating /workspaces/workspaces/legged-robots/install/ros_visuals/share/ros_visuals/config
[1.675s] symbolically linking /workspaces/workspaces/legged-robots/build/ros_visuals/config/compare_cage.rviz -> /workspaces/workspaces/legged-robots/install/ros_visuals/share/ros_visuals/config
[1.675s] symbolically linking /workspaces/workspaces/legged-robots/build/ros_visuals/config/talos.rviz -> /workspaces/workspaces/legged-robots/install/ros_visuals/share/ros_visuals/config
[1.675s] symbolically linking /workspaces/workspaces/legged-robots/build/ros_visuals/config/rviz_config.rviz -> /workspaces/workspaces/legged-robots/install/ros_visuals/share/ros_visuals/config
[1.675s] symbolically linking /workspaces/workspaces/legged-robots/build/ros_visuals/config/talos_new.rviz -> /workspaces/workspaces/legged-robots/install/ros_visuals/share/ros_visuals/config
[1.675s] creating /workspaces/workspaces/legged-robots/install/ros_visuals/share/ros_visuals/launch
[1.675s] symbolically linking /workspaces/workspaces/legged-robots/build/ros_visuals/launch/launch.py -> /workspaces/workspaces/legged-robots/install/ros_visuals/share/ros_visuals/launch
[1.675s] symbolically linking /workspaces/workspaces/legged-robots/build/ros_visuals/launch/talos_control_launch.py -> /workspaces/workspaces/legged-robots/install/ros_visuals/share/ros_visuals/launch
[1.675s] symbolically linking /workspaces/workspaces/legged-robots/build/ros_visuals/launch/talos_rviz_launch.py -> /workspaces/workspaces/legged-robots/install/ros_visuals/share/ros_visuals/launch
[1.675s] symbolically linking /workspaces/workspaces/legged-robots/build/ros_visuals/launch/compare_methods.launch.py -> /workspaces/workspaces/legged-robots/install/ros_visuals/share/ros_visuals/launch
[1.718s] Invoked command in '/workspaces/workspaces/legged-robots/build/ros_visuals' returned '0': PYTHONPATH=/workspaces/workspaces/legged-robots/build/ros_visuals/prefix_override:/usr/lib/python3/dist-packages/colcon_core/task/python/colcon_distutils_commands:/workspaces/workspaces/legged-robots/install/ros_visuals/lib/python3.12/site-packages:${PYTHONPATH} /usr/bin/python3 -W ignore:setup.py install is deprecated -W ignore:easy_install command is deprecated setup.py develop --editable --build-directory /workspaces/workspaces/legged-robots/build/ros_visuals/build --no-deps symlink_data
