[2.071s] Invoking command in '/workspaces/workspaces/my_workspace/build/simulator': PYTHONPATH=/workspaces/workspaces/my_workspace/build/simulator/prefix_override:/usr/lib/python3/dist-packages/colcon_core/task/python/colcon_distutils_commands:/workspaces/workspaces/my_workspace/install/simulator/lib/python3.12/site-packages:${PYTHONPATH} /usr/bin/python3 -W ignore:setup.py install is deprecated -W ignore:easy_install command is deprecated setup.py develop --uninstall --editable --build-directory /workspaces/workspaces/my_workspace/build/simulator/build
[2.586s] running develop
[2.894s] Removing /workspaces/workspaces/my_workspace/install/simulator/lib/python3.12/site-packages/simulator.egg-link (link to .)
[2.973s] Invoked command in '/workspaces/workspaces/my_workspace/build/simulator' returned '0': PYTHONPATH=/workspaces/workspaces/my_workspace/build/simulator/prefix_override:/usr/lib/python3/dist-packages/colcon_core/task/python/colcon_distutils_commands:/workspaces/workspaces/my_workspace/install/simulator/lib/python3.12/site-packages:${PYTHONPATH} /usr/bin/python3 -W ignore:setup.py install is deprecated -W ignore:easy_install command is deprecated setup.py develop --uninstall --editable --build-directory /workspaces/workspaces/my_workspace/build/simulator/build
[2.979s] Invoking command in '/workspaces/workspaces/my_workspace/src/simulator': PYTHONPATH=/workspaces/workspaces/my_workspace/build/simulator/prefix_override:/usr/lib/python3/dist-packages/colcon_core/task/python/colcon_distutils_commands:/workspaces/workspaces/my_workspace/install/simulator/lib/python3.12/site-packages:${PYTHONPATH} /usr/bin/python3 -W ignore:setup.py install is deprecated -W ignore:easy_install command is deprecated setup.py egg_info --egg-base ../../build/simulator build --build-base /workspaces/workspaces/my_workspace/build/simulator/build install --record /workspaces/workspaces/my_workspace/build/simulator/install.log --single-version-externally-managed install_data --force
[3.411s] running egg_info
[3.442s] writing ../../build/simulator/simulator.egg-info/PKG-INFO
[3.442s] writing dependency_links to ../../build/simulator/simulator.egg-info/dependency_links.txt
[3.444s] writing requirements to ../../build/simulator/simulator.egg-info/requires.txt
[3.445s] writing top-level names to ../../build/simulator/simulator.egg-info/top_level.txt
[3.900s] writing manifest file '../../build/simulator/simulator.egg-info/SOURCES.txt'
[3.900s] running build
[3.901s] running build_py
[3.903s] running install
[3.915s] running install_lib
[3.952s] creating /workspaces/workspaces/my_workspace/install/simulator/lib/python3.12/site-packages/simulator
[3.952s] copying /workspaces/workspaces/my_workspace/build/simulator/build/lib/simulator/__init__.py -> /workspaces/workspaces/my_workspace/install/simulator/lib/python3.12/site-packages/simulator
[3.952s] copying /workspaces/workspaces/my_workspace/build/simulator/build/lib/simulator/utilities.py -> /workspaces/workspaces/my_workspace/install/simulator/lib/python3.12/site-packages/simulator
[3.953s] copying /workspaces/workspaces/my_workspace/build/simulator/build/lib/simulator/robot.py -> /workspaces/workspaces/my_workspace/install/simulator/lib/python3.12/site-packages/simulator
[3.953s] copying /workspaces/workspaces/my_workspace/build/simulator/build/lib/simulator/pybullet_wrapper.py -> /workspaces/workspaces/my_workspace/install/simulator/lib/python3.12/site-packages/simulator
[3.953s] copying /workspaces/workspaces/my_workspace/build/simulator/build/lib/simulator/body.py -> /workspaces/workspaces/my_workspace/install/simulator/lib/python3.12/site-packages/simulator
[3.953s] copying /workspaces/workspaces/my_workspace/build/simulator/build/lib/simulator/objects.py -> /workspaces/workspaces/my_workspace/install/simulator/lib/python3.12/site-packages/simulator
[3.954s] byte-compiling /workspaces/workspaces/my_workspace/install/simulator/lib/python3.12/site-packages/simulator/__init__.py to __init__.cpython-312.pyc
[3.954s] byte-compiling /workspaces/workspaces/my_workspace/install/simulator/lib/python3.12/site-packages/simulator/utilities.py to utilities.cpython-312.pyc
[3.956s] byte-compiling /workspaces/workspaces/my_workspace/install/simulator/lib/python3.12/site-packages/simulator/robot.py to robot.cpython-312.pyc
[3.961s] byte-compiling /workspaces/workspaces/my_workspace/install/simulator/lib/python3.12/site-packages/simulator/pybullet_wrapper.py to pybullet_wrapper.cpython-312.pyc
[3.970s] byte-compiling /workspaces/workspaces/my_workspace/install/simulator/lib/python3.12/site-packages/simulator/body.py to body.cpython-312.pyc
[3.974s] byte-compiling /workspaces/workspaces/my_workspace/install/simulator/lib/python3.12/site-packages/simulator/objects.py to objects.cpython-312.pyc
[3.975s] running install_data
[3.975s] copying resource/simulator -> /workspaces/workspaces/my_workspace/install/simulator/share/ament_index/resource_index/packages
[3.975s] copying package.xml -> /workspaces/workspaces/my_workspace/install/simulator/share/simulator
[3.975s] running install_egg_info
[4.003s] Copying ../../build/simulator/simulator.egg-info to /workspaces/workspaces/my_workspace/install/simulator/lib/python3.12/site-packages/simulator-0.0.0-py3.12.egg-info
[4.004s] running install_scripts
[4.224s] writing list of installed files to '/workspaces/workspaces/my_workspace/build/simulator/install.log'
[4.297s] Invoked command in '/workspaces/workspaces/my_workspace/src/simulator' returned '0': PYTHONPATH=/workspaces/workspaces/my_workspace/build/simulator/prefix_override:/usr/lib/python3/dist-packages/colcon_core/task/python/colcon_distutils_commands:/workspaces/workspaces/my_workspace/install/simulator/lib/python3.12/site-packages:${PYTHONPATH} /usr/bin/python3 -W ignore:setup.py install is deprecated -W ignore:easy_install command is deprecated setup.py egg_info --egg-base ../../build/simulator build --build-base /workspaces/workspaces/my_workspace/build/simulator/build install --record /workspaces/workspaces/my_workspace/build/simulator/install.log --single-version-externally-managed install_data --force
