[2.028s] Invoking command in '/workspaces/workspaces/my_workspace/build/ros_visuals': PYTHONPATH=/workspaces/workspaces/my_workspace/build/ros_visuals/prefix_override:/usr/lib/python3/dist-packages/colcon_core/task/python/colcon_distutils_commands:/workspaces/workspaces/my_workspace/install/ros_visuals/lib/python3.12/site-packages:${PYTHONPATH} /usr/bin/python3 -W ignore:setup.py install is deprecated -W ignore:easy_install command is deprecated setup.py develop --uninstall --editable --build-directory /workspaces/workspaces/my_workspace/build/ros_visuals/build
[2.527s] running develop
[2.869s] Removing /workspaces/workspaces/my_workspace/install/ros_visuals/lib/python3.12/site-packages/ros-visuals.egg-link (link to .)
[2.940s] Invoked command in '/workspaces/workspaces/my_workspace/build/ros_visuals' returned '0': PYTHONPATH=/workspaces/workspaces/my_workspace/build/ros_visuals/prefix_override:/usr/lib/python3/dist-packages/colcon_core/task/python/colcon_distutils_commands:/workspaces/workspaces/my_workspace/install/ros_visuals/lib/python3.12/site-packages:${PYTHONPATH} /usr/bin/python3 -W ignore:setup.py install is deprecated -W ignore:easy_install command is deprecated setup.py develop --uninstall --editable --build-directory /workspaces/workspaces/my_workspace/build/ros_visuals/build
[2.942s] Invoking command in '/workspaces/workspaces/my_workspace/src/ros_visuals': PYTHONPATH=/workspaces/workspaces/my_workspace/build/ros_visuals/prefix_override:/usr/lib/python3/dist-packages/colcon_core/task/python/colcon_distutils_commands:/workspaces/workspaces/my_workspace/install/ros_visuals/lib/python3.12/site-packages:${PYTHONPATH} /usr/bin/python3 -W ignore:setup.py install is deprecated -W ignore:easy_install command is deprecated setup.py egg_info --egg-base ../../build/ros_visuals build --build-base /workspaces/workspaces/my_workspace/build/ros_visuals/build install --record /workspaces/workspaces/my_workspace/build/ros_visuals/install.log --single-version-externally-managed install_data --force
[3.409s] running egg_info
[3.441s] writing ../../build/ros_visuals/ros_visuals.egg-info/PKG-INFO
[3.442s] writing dependency_links to ../../build/ros_visuals/ros_visuals.egg-info/dependency_links.txt
[3.442s] writing entry points to ../../build/ros_visuals/ros_visuals.egg-info/entry_points.txt
[3.442s] writing requirements to ../../build/ros_visuals/ros_visuals.egg-info/requires.txt
[3.443s] writing top-level names to ../../build/ros_visuals/ros_visuals.egg-info/top_level.txt
[3.890s] writing manifest file '../../build/ros_visuals/ros_visuals.egg-info/SOURCES.txt'
[3.890s] running build
[3.890s] running build_py
[3.890s] creating /workspaces/workspaces/my_workspace/build/ros_visuals/build
[3.890s] creating /workspaces/workspaces/my_workspace/build/ros_visuals/build/lib
[3.891s] creating /workspaces/workspaces/my_workspace/build/ros_visuals/build/lib/ros_visuals
[3.891s] copying ros_visuals/t12.py -> /workspaces/workspaces/my_workspace/build/ros_visuals/build/lib/ros_visuals
[3.891s] copying ros_visuals/t13.py -> /workspaces/workspaces/my_workspace/build/ros_visuals/build/lib/ros_visuals
[3.891s] copying ros_visuals/__init__.py -> /workspaces/workspaces/my_workspace/build/ros_visuals/build/lib/ros_visuals
[3.891s] copying ros_visuals/t11.py -> /workspaces/workspaces/my_workspace/build/ros_visuals/build/lib/ros_visuals
[3.892s] copying ros_visuals/pinocchio_test.py -> /workspaces/workspaces/my_workspace/build/ros_visuals/build/lib/ros_visuals
[3.892s] running install
[3.911s] running install_lib
[3.950s] creating /workspaces/workspaces/my_workspace/install/ros_visuals/lib/python3.12/site-packages/ros_visuals
[3.950s] copying /workspaces/workspaces/my_workspace/build/ros_visuals/build/lib/ros_visuals/t12.py -> /workspaces/workspaces/my_workspace/install/ros_visuals/lib/python3.12/site-packages/ros_visuals
[3.950s] copying /workspaces/workspaces/my_workspace/build/ros_visuals/build/lib/ros_visuals/t13.py -> /workspaces/workspaces/my_workspace/install/ros_visuals/lib/python3.12/site-packages/ros_visuals
[3.951s] copying /workspaces/workspaces/my_workspace/build/ros_visuals/build/lib/ros_visuals/__init__.py -> /workspaces/workspaces/my_workspace/install/ros_visuals/lib/python3.12/site-packages/ros_visuals
[3.951s] copying /workspaces/workspaces/my_workspace/build/ros_visuals/build/lib/ros_visuals/t11.py -> /workspaces/workspaces/my_workspace/install/ros_visuals/lib/python3.12/site-packages/ros_visuals
[3.951s] copying /workspaces/workspaces/my_workspace/build/ros_visuals/build/lib/ros_visuals/pinocchio_test.py -> /workspaces/workspaces/my_workspace/install/ros_visuals/lib/python3.12/site-packages/ros_visuals
[3.952s] byte-compiling /workspaces/workspaces/my_workspace/install/ros_visuals/lib/python3.12/site-packages/ros_visuals/t12.py to t12.cpython-312.pyc
[3.956s] byte-compiling /workspaces/workspaces/my_workspace/install/ros_visuals/lib/python3.12/site-packages/ros_visuals/t13.py to t13.cpython-312.pyc
[3.961s] byte-compiling /workspaces/workspaces/my_workspace/install/ros_visuals/lib/python3.12/site-packages/ros_visuals/__init__.py to __init__.cpython-312.pyc
[3.961s] byte-compiling /workspaces/workspaces/my_workspace/install/ros_visuals/lib/python3.12/site-packages/ros_visuals/t11.py to t11.cpython-312.pyc
[3.964s] byte-compiling /workspaces/workspaces/my_workspace/install/ros_visuals/lib/python3.12/site-packages/ros_visuals/pinocchio_test.py to pinocchio_test.cpython-312.pyc
[3.965s] running install_data
[3.965s] copying package.xml -> /workspaces/workspaces/my_workspace/install/ros_visuals/share/ament_index/resource_index/packages
[3.965s] copying config/compare_cage.rviz -> /workspaces/workspaces/my_workspace/install/ros_visuals/share/ros_visuals/config
[3.966s] copying config/talos_new.rviz -> /workspaces/workspaces/my_workspace/install/ros_visuals/share/ros_visuals/config
[3.966s] copying config/rviz_config.rviz -> /workspaces/workspaces/my_workspace/install/ros_visuals/share/ros_visuals/config
[3.966s] copying config/talos.rviz -> /workspaces/workspaces/my_workspace/install/ros_visuals/share/ros_visuals/config
[3.966s] copying launch/launch.py -> /workspaces/workspaces/my_workspace/install/ros_visuals/share/ros_visuals/launch
[3.967s] copying launch/talos_rviz_launch.py -> /workspaces/workspaces/my_workspace/install/ros_visuals/share/ros_visuals/launch
[3.967s] copying launch/compare_methods.launch.py -> /workspaces/workspaces/my_workspace/install/ros_visuals/share/ros_visuals/launch
[3.967s] running install_egg_info
[4.000s] Copying ../../build/ros_visuals/ros_visuals.egg-info to /workspaces/workspaces/my_workspace/install/ros_visuals/lib/python3.12/site-packages/ros_visuals-0.0.0-py3.12.egg-info
[4.004s] running install_scripts
[4.315s] Installing t11 script to /workspaces/workspaces/my_workspace/install/ros_visuals/lib/ros_visuals
[4.316s] Installing t12 script to /workspaces/workspaces/my_workspace/install/ros_visuals/lib/ros_visuals
[4.316s] Installing t13 script to /workspaces/workspaces/my_workspace/install/ros_visuals/lib/ros_visuals
[4.317s] writing list of installed files to '/workspaces/workspaces/my_workspace/build/ros_visuals/install.log'
[4.675s] Invoked command in '/workspaces/workspaces/my_workspace/src/ros_visuals' returned '0': PYTHONPATH=/workspaces/workspaces/my_workspace/build/ros_visuals/prefix_override:/usr/lib/python3/dist-packages/colcon_core/task/python/colcon_distutils_commands:/workspaces/workspaces/my_workspace/install/ros_visuals/lib/python3.12/site-packages:${PYTHONPATH} /usr/bin/python3 -W ignore:setup.py install is deprecated -W ignore:easy_install command is deprecated setup.py egg_info --egg-base ../../build/ros_visuals build --build-base /workspaces/workspaces/my_workspace/build/ros_visuals/build install --record /workspaces/workspaces/my_workspace/build/ros_visuals/install.log --single-version-externally-managed install_data --force
