[0.229s] DEBUG:colcon:Command line arguments: ['/usr/bin/colcon', 'build', '--symlink-install']
[0.229s] DEBUG:colcon:Parsed command line arguments: Namespace(log_base=None, log_level=None, verb_name='build', build_base='build', install_base='install', merge_install=False, symlink_install=True, test_result_base=None, continue_on_error=False, executor='parallel', parallel_workers=8, event_handlers=None, ignore_user_meta=False, metas=['./colcon.meta'], base_paths=['.'], packages_ignore=None, packages_ignore_regex=None, paths=None, packages_up_to=None, packages_up_to_regex=None, packages_above=None, packages_above_and_dependencies=None, packages_above_depth=None, packages_select_by_dep=None, packages_skip_by_dep=None, packages_skip_up_to=None, packages_select_build_failed=False, packages_skip_build_finished=False, packages_select_test_failures=False, packages_skip_test_passed=False, packages_select=None, packages_skip=None, packages_select_regex=None, packages_skip_regex=None, packages_start=None, packages_end=None, cmake_args=None, cmake_target=None, cmake_target_skip_unavailable=False, cmake_clean_cache=False, cmake_clean_first=False, cmake_force_configure=False, ament_cmake_args=None, catkin_cmake_args=None, catkin_skip_building_tests=False, mixin_files=None, mixin=None, verb_parser=<colcon_mixin.mixin.mixin_argument.MixinArgumentDecorator object at 0x70f7a5ff7050>, verb_extension=<colcon_core.verb.build.BuildVerb object at 0x70f7a5ff6cf0>, main=<bound method BuildVerb.main of <colcon_core.verb.build.BuildVerb object at 0x70f7a5ff6cf0>>, mixin_verb=('build',))
[0.302s] Level 1:colcon.colcon_core.package_discovery:discover_packages(colcon_meta) check parameters
[0.303s] Level 1:colcon.colcon_core.package_discovery:discover_packages(recursive) check parameters
[0.303s] Level 1:colcon.colcon_core.package_discovery:discover_packages(ignore) check parameters
[0.303s] Level 1:colcon.colcon_core.package_discovery:discover_packages(path) check parameters
[0.303s] Level 1:colcon.colcon_core.package_discovery:discover_packages(colcon_meta) discover
[0.303s] Level 1:colcon.colcon_core.package_discovery:discover_packages(recursive) discover
[0.303s] INFO:colcon.colcon_core.package_discovery:Crawling recursively for packages in '/workspaces/workspaces/my_workspace'
[0.303s] Level 1:colcon.colcon_core.package_identification:_identify(.) by extensions ['ignore', 'ignore_ament_install']
[0.303s] Level 1:colcon.colcon_core.package_identification:_identify(.) by extension 'ignore'
[0.303s] Level 1:colcon.colcon_core.package_identification:_identify(.) by extension 'ignore_ament_install'
[0.303s] Level 1:colcon.colcon_core.package_identification:_identify(.) by extensions ['colcon_pkg']
[0.304s] Level 1:colcon.colcon_core.package_identification:_identify(.) by extension 'colcon_pkg'
[0.304s] Level 1:colcon.colcon_core.package_identification:_identify(.) by extensions ['colcon_meta']
[0.304s] Level 1:colcon.colcon_core.package_identification:_identify(.) by extension 'colcon_meta'
[0.304s] Level 1:colcon.colcon_core.package_identification:_identify(.) by extensions ['ros']
[0.304s] Level 1:colcon.colcon_core.package_identification:_identify(.) by extension 'ros'
[0.356s] Level 1:colcon.colcon_core.package_identification:_identify(.) by extensions ['cmake', 'python']
[0.356s] Level 1:colcon.colcon_core.package_identification:_identify(.) by extension 'cmake'
[0.356s] Level 1:colcon.colcon_core.package_identification:_identify(.) by extension 'python'
[0.356s] Level 1:colcon.colcon_core.package_identification:_identify(.) by extensions ['python_setup_py']
[0.356s] Level 1:colcon.colcon_core.package_identification:_identify(.) by extension 'python_setup_py'
[0.357s] Level 1:colcon.colcon_core.package_identification:_identify(build) by extensions ['ignore', 'ignore_ament_install']
[0.357s] Level 1:colcon.colcon_core.package_identification:_identify(build) by extension 'ignore'
[0.357s] Level 1:colcon.colcon_core.package_identification:_identify(build) ignored
[0.357s] Level 1:colcon.colcon_core.package_identification:_identify(install) by extensions ['ignore', 'ignore_ament_install']
[0.357s] Level 1:colcon.colcon_core.package_identification:_identify(install) by extension 'ignore'
[0.357s] Level 1:colcon.colcon_core.package_identification:_identify(install) ignored
[0.357s] Level 1:colcon.colcon_core.package_identification:_identify(log) by extensions ['ignore', 'ignore_ament_install']
[0.358s] Level 1:colcon.colcon_core.package_identification:_identify(log) by extension 'ignore'
[0.358s] Level 1:colcon.colcon_core.package_identification:_identify(log) ignored
[0.358s] Level 1:colcon.colcon_core.package_identification:_identify(src) by extensions ['ignore', 'ignore_ament_install']
[0.358s] Level 1:colcon.colcon_core.package_identification:_identify(src) by extension 'ignore'
[0.358s] Level 1:colcon.colcon_core.package_identification:_identify(src) by extension 'ignore_ament_install'
[0.358s] Level 1:colcon.colcon_core.package_identification:_identify(src) by extensions ['colcon_pkg']
[0.358s] Level 1:colcon.colcon_core.package_identification:_identify(src) by extension 'colcon_pkg'
[0.358s] Level 1:colcon.colcon_core.package_identification:_identify(src) by extensions ['colcon_meta']
[0.358s] Level 1:colcon.colcon_core.package_identification:_identify(src) by extension 'colcon_meta'
[0.358s] Level 1:colcon.colcon_core.package_identification:_identify(src) by extensions ['ros']
[0.358s] Level 1:colcon.colcon_core.package_identification:_identify(src) by extension 'ros'
[0.359s] Level 1:colcon.colcon_core.package_identification:_identify(src) by extensions ['cmake', 'python']
[0.359s] Level 1:colcon.colcon_core.package_identification:_identify(src) by extension 'cmake'
[0.359s] Level 1:colcon.colcon_core.package_identification:_identify(src) by extension 'python'
[0.359s] Level 1:colcon.colcon_core.package_identification:_identify(src) by extensions ['python_setup_py']
[0.359s] Level 1:colcon.colcon_core.package_identification:_identify(src) by extension 'python_setup_py'
[0.359s] Level 1:colcon.colcon_core.package_identification:_identify(src/bullet_sims) by extensions ['ignore', 'ignore_ament_install']
[0.359s] Level 1:colcon.colcon_core.package_identification:_identify(src/bullet_sims) by extension 'ignore'
[0.359s] Level 1:colcon.colcon_core.package_identification:_identify(src/bullet_sims) by extension 'ignore_ament_install'
[0.359s] Level 1:colcon.colcon_core.package_identification:_identify(src/bullet_sims) by extensions ['colcon_pkg']
[0.359s] Level 1:colcon.colcon_core.package_identification:_identify(src/bullet_sims) by extension 'colcon_pkg'
[0.359s] Level 1:colcon.colcon_core.package_identification:_identify(src/bullet_sims) by extensions ['colcon_meta']
[0.359s] Level 1:colcon.colcon_core.package_identification:_identify(src/bullet_sims) by extension 'colcon_meta'
[0.360s] Level 1:colcon.colcon_core.package_identification:_identify(src/bullet_sims) by extensions ['ros']
[0.360s] Level 1:colcon.colcon_core.package_identification:_identify(src/bullet_sims) by extension 'ros'
[0.364s] DEBUG:colcon.colcon_core.package_identification:Package 'src/bullet_sims' with type 'ros.ament_python' and name 'bullet_sims'
[0.364s] Level 1:colcon.colcon_core.package_identification:_identify(src/reemc_description) by extensions ['ignore', 'ignore_ament_install']
[0.364s] Level 1:colcon.colcon_core.package_identification:_identify(src/reemc_description) by extension 'ignore'
[0.365s] Level 1:colcon.colcon_core.package_identification:_identify(src/reemc_description) by extension 'ignore_ament_install'
[0.365s] Level 1:colcon.colcon_core.package_identification:_identify(src/reemc_description) by extensions ['colcon_pkg']
[0.365s] Level 1:colcon.colcon_core.package_identification:_identify(src/reemc_description) by extension 'colcon_pkg'
[0.365s] Level 1:colcon.colcon_core.package_identification:_identify(src/reemc_description) by extensions ['colcon_meta']
[0.365s] Level 1:colcon.colcon_core.package_identification:_identify(src/reemc_description) by extension 'colcon_meta'
[0.365s] Level 1:colcon.colcon_core.package_identification:_identify(src/reemc_description) by extensions ['ros']
[0.365s] Level 1:colcon.colcon_core.package_identification:_identify(src/reemc_description) by extension 'ros'
[0.366s] DEBUG:colcon.colcon_core.package_identification:Package 'src/reemc_description' with type 'ros.ament_cmake' and name 'reemc_description'
[0.366s] Level 1:colcon.colcon_core.package_identification:_identify(src/ros_visuals) by extensions ['ignore', 'ignore_ament_install']
[0.366s] Level 1:colcon.colcon_core.package_identification:_identify(src/ros_visuals) by extension 'ignore'
[0.366s] Level 1:colcon.colcon_core.package_identification:_identify(src/ros_visuals) by extension 'ignore_ament_install'
[0.366s] Level 1:colcon.colcon_core.package_identification:_identify(src/ros_visuals) by extensions ['colcon_pkg']
[0.366s] Level 1:colcon.colcon_core.package_identification:_identify(src/ros_visuals) by extension 'colcon_pkg'
[0.367s] Level 1:colcon.colcon_core.package_identification:_identify(src/ros_visuals) by extensions ['colcon_meta']
[0.367s] Level 1:colcon.colcon_core.package_identification:_identify(src/ros_visuals) by extension 'colcon_meta'
[0.367s] Level 1:colcon.colcon_core.package_identification:_identify(src/ros_visuals) by extensions ['ros']
[0.367s] Level 1:colcon.colcon_core.package_identification:_identify(src/ros_visuals) by extension 'ros'
[0.368s] DEBUG:colcon.colcon_core.package_identification:Package 'src/ros_visuals' with type 'ros.ament_python' and name 'ros_visuals'
[0.368s] Level 1:colcon.colcon_core.package_identification:_identify(src/simulator) by extensions ['ignore', 'ignore_ament_install']
[0.368s] Level 1:colcon.colcon_core.package_identification:_identify(src/simulator) by extension 'ignore'
[0.368s] Level 1:colcon.colcon_core.package_identification:_identify(src/simulator) by extension 'ignore_ament_install'
[0.368s] Level 1:colcon.colcon_core.package_identification:_identify(src/simulator) by extensions ['colcon_pkg']
[0.369s] Level 1:colcon.colcon_core.package_identification:_identify(src/simulator) by extension 'colcon_pkg'
[0.369s] Level 1:colcon.colcon_core.package_identification:_identify(src/simulator) by extensions ['colcon_meta']
[0.369s] Level 1:colcon.colcon_core.package_identification:_identify(src/simulator) by extension 'colcon_meta'
[0.369s] Level 1:colcon.colcon_core.package_identification:_identify(src/simulator) by extensions ['ros']
[0.369s] Level 1:colcon.colcon_core.package_identification:_identify(src/simulator) by extension 'ros'
[0.370s] DEBUG:colcon.colcon_core.package_identification:Package 'src/simulator' with type 'ros.ament_python' and name 'simulator'
[0.370s] Level 1:colcon.colcon_core.package_identification:_identify(src/talos_description) by extensions ['ignore', 'ignore_ament_install']
[0.370s] Level 1:colcon.colcon_core.package_identification:_identify(src/talos_description) by extension 'ignore'
[0.370s] Level 1:colcon.colcon_core.package_identification:_identify(src/talos_description) by extension 'ignore_ament_install'
[0.370s] Level 1:colcon.colcon_core.package_identification:_identify(src/talos_description) by extensions ['colcon_pkg']
[0.370s] Level 1:colcon.colcon_core.package_identification:_identify(src/talos_description) by extension 'colcon_pkg'
[0.370s] Level 1:colcon.colcon_core.package_identification:_identify(src/talos_description) by extensions ['colcon_meta']
[0.370s] Level 1:colcon.colcon_core.package_identification:_identify(src/talos_description) by extension 'colcon_meta'
[0.370s] Level 1:colcon.colcon_core.package_identification:_identify(src/talos_description) by extensions ['ros']
[0.370s] Level 1:colcon.colcon_core.package_identification:_identify(src/talos_description) by extension 'ros'
[0.371s] DEBUG:colcon.colcon_core.package_identification:Package 'src/talos_description' with type 'ros.ament_cmake' and name 'talos_description'
[0.371s] Level 1:colcon.colcon_core.package_discovery:discover_packages(recursive) using defaults
[0.372s] Level 1:colcon.colcon_core.package_discovery:discover_packages(ignore) discover
[0.372s] Level 1:colcon.colcon_core.package_discovery:discover_packages(ignore) using defaults
[0.372s] Level 1:colcon.colcon_core.package_discovery:discover_packages(path) discover
[0.372s] Level 1:colcon.colcon_core.package_discovery:discover_packages(path) using defaults
[0.402s] Level 5:colcon.colcon_core.verb:set package 'reemc_description' build argument 'cmake_args' from command line to 'None'
[0.402s] Level 5:colcon.colcon_core.verb:set package 'reemc_description' build argument 'cmake_target' from command line to 'None'
[0.402s] Level 5:colcon.colcon_core.verb:set package 'reemc_description' build argument 'cmake_target_skip_unavailable' from command line to 'False'
[0.402s] Level 5:colcon.colcon_core.verb:set package 'reemc_description' build argument 'cmake_clean_cache' from command line to 'False'
[0.402s] Level 5:colcon.colcon_core.verb:set package 'reemc_description' build argument 'cmake_clean_first' from command line to 'False'
[0.402s] Level 5:colcon.colcon_core.verb:set package 'reemc_description' build argument 'cmake_force_configure' from command line to 'False'
[0.402s] Level 5:colcon.colcon_core.verb:set package 'reemc_description' build argument 'ament_cmake_args' from command line to 'None'
[0.402s] Level 5:colcon.colcon_core.verb:set package 'reemc_description' build argument 'catkin_cmake_args' from command line to 'None'
[0.402s] Level 5:colcon.colcon_core.verb:set package 'reemc_description' build argument 'catkin_skip_building_tests' from command line to 'False'
[0.402s] DEBUG:colcon.colcon_core.verb:Building package 'reemc_description' with the following arguments: {'ament_cmake_args': None, 'build_base': '/workspaces/workspaces/my_workspace/build/reemc_description', 'catkin_cmake_args': None, 'catkin_skip_building_tests': False, 'cmake_args': None, 'cmake_clean_cache': False, 'cmake_clean_first': False, 'cmake_force_configure': False, 'cmake_target': None, 'cmake_target_skip_unavailable': False, 'install_base': '/workspaces/workspaces/my_workspace/install/reemc_description', 'merge_install': False, 'path': '/workspaces/workspaces/my_workspace/src/reemc_description', 'symlink_install': True, 'test_result_base': None}
[0.403s] Level 5:colcon.colcon_core.verb:set package 'ros_visuals' build argument 'cmake_args' from command line to 'None'
[0.403s] Level 5:colcon.colcon_core.verb:set package 'ros_visuals' build argument 'cmake_target' from command line to 'None'
[0.403s] Level 5:colcon.colcon_core.verb:set package 'ros_visuals' build argument 'cmake_target_skip_unavailable' from command line to 'False'
[0.403s] Level 5:colcon.colcon_core.verb:set package 'ros_visuals' build argument 'cmake_clean_cache' from command line to 'False'
[0.403s] Level 5:colcon.colcon_core.verb:set package 'ros_visuals' build argument 'cmake_clean_first' from command line to 'False'
[0.403s] Level 5:colcon.colcon_core.verb:set package 'ros_visuals' build argument 'cmake_force_configure' from command line to 'False'
[0.403s] Level 5:colcon.colcon_core.verb:set package 'ros_visuals' build argument 'ament_cmake_args' from command line to 'None'
[0.403s] Level 5:colcon.colcon_core.verb:set package 'ros_visuals' build argument 'catkin_cmake_args' from command line to 'None'
[0.403s] Level 5:colcon.colcon_core.verb:set package 'ros_visuals' build argument 'catkin_skip_building_tests' from command line to 'False'
[0.403s] DEBUG:colcon.colcon_core.verb:Building package 'ros_visuals' with the following arguments: {'ament_cmake_args': None, 'build_base': '/workspaces/workspaces/my_workspace/build/ros_visuals', 'catkin_cmake_args': None, 'catkin_skip_building_tests': False, 'cmake_args': None, 'cmake_clean_cache': False, 'cmake_clean_first': False, 'cmake_force_configure': False, 'cmake_target': None, 'cmake_target_skip_unavailable': False, 'install_base': '/workspaces/workspaces/my_workspace/install/ros_visuals', 'merge_install': False, 'path': '/workspaces/workspaces/my_workspace/src/ros_visuals', 'symlink_install': True, 'test_result_base': None}
[0.404s] Level 5:colcon.colcon_core.verb:set package 'simulator' build argument 'cmake_args' from command line to 'None'
[0.404s] Level 5:colcon.colcon_core.verb:set package 'simulator' build argument 'cmake_target' from command line to 'None'
[0.404s] Level 5:colcon.colcon_core.verb:set package 'simulator' build argument 'cmake_target_skip_unavailable' from command line to 'False'
[0.404s] Level 5:colcon.colcon_core.verb:set package 'simulator' build argument 'cmake_clean_cache' from command line to 'False'
[0.404s] Level 5:colcon.colcon_core.verb:set package 'simulator' build argument 'cmake_clean_first' from command line to 'False'
[0.404s] Level 5:colcon.colcon_core.verb:set package 'simulator' build argument 'cmake_force_configure' from command line to 'False'
[0.404s] Level 5:colcon.colcon_core.verb:set package 'simulator' build argument 'ament_cmake_args' from command line to 'None'
[0.404s] Level 5:colcon.colcon_core.verb:set package 'simulator' build argument 'catkin_cmake_args' from command line to 'None'
[0.404s] Level 5:colcon.colcon_core.verb:set package 'simulator' build argument 'catkin_skip_building_tests' from command line to 'False'
[0.405s] DEBUG:colcon.colcon_core.verb:Building package 'simulator' with the following arguments: {'ament_cmake_args': None, 'build_base': '/workspaces/workspaces/my_workspace/build/simulator', 'catkin_cmake_args': None, 'catkin_skip_building_tests': False, 'cmake_args': None, 'cmake_clean_cache': False, 'cmake_clean_first': False, 'cmake_force_configure': False, 'cmake_target': None, 'cmake_target_skip_unavailable': False, 'install_base': '/workspaces/workspaces/my_workspace/install/simulator', 'merge_install': False, 'path': '/workspaces/workspaces/my_workspace/src/simulator', 'symlink_install': True, 'test_result_base': None}
[0.405s] Level 5:colcon.colcon_core.verb:set package 'talos_description' build argument 'cmake_args' from command line to 'None'
[0.405s] Level 5:colcon.colcon_core.verb:set package 'talos_description' build argument 'cmake_target' from command line to 'None'
[0.405s] Level 5:colcon.colcon_core.verb:set package 'talos_description' build argument 'cmake_target_skip_unavailable' from command line to 'False'
[0.405s] Level 5:colcon.colcon_core.verb:set package 'talos_description' build argument 'cmake_clean_cache' from command line to 'False'
[0.405s] Level 5:colcon.colcon_core.verb:set package 'talos_description' build argument 'cmake_clean_first' from command line to 'False'
[0.405s] Level 5:colcon.colcon_core.verb:set package 'talos_description' build argument 'cmake_force_configure' from command line to 'False'
[0.405s] Level 5:colcon.colcon_core.verb:set package 'talos_description' build argument 'ament_cmake_args' from command line to 'None'
[0.405s] Level 5:colcon.colcon_core.verb:set package 'talos_description' build argument 'catkin_cmake_args' from command line to 'None'
[0.405s] Level 5:colcon.colcon_core.verb:set package 'talos_description' build argument 'catkin_skip_building_tests' from command line to 'False'
[0.406s] DEBUG:colcon.colcon_core.verb:Building package 'talos_description' with the following arguments: {'ament_cmake_args': None, 'build_base': '/workspaces/workspaces/my_workspace/build/talos_description', 'catkin_cmake_args': None, 'catkin_skip_building_tests': False, 'cmake_args': None, 'cmake_clean_cache': False, 'cmake_clean_first': False, 'cmake_force_configure': False, 'cmake_target': None, 'cmake_target_skip_unavailable': False, 'install_base': '/workspaces/workspaces/my_workspace/install/talos_description', 'merge_install': False, 'path': '/workspaces/workspaces/my_workspace/src/talos_description', 'symlink_install': True, 'test_result_base': None}
[0.406s] Level 5:colcon.colcon_core.verb:set package 'bullet_sims' build argument 'cmake_args' from command line to 'None'
[0.406s] Level 5:colcon.colcon_core.verb:set package 'bullet_sims' build argument 'cmake_target' from command line to 'None'
[0.406s] Level 5:colcon.colcon_core.verb:set package 'bullet_sims' build argument 'cmake_target_skip_unavailable' from command line to 'False'
[0.406s] Level 5:colcon.colcon_core.verb:set package 'bullet_sims' build argument 'cmake_clean_cache' from command line to 'False'
[0.406s] Level 5:colcon.colcon_core.verb:set package 'bullet_sims' build argument 'cmake_clean_first' from command line to 'False'
[0.406s] Level 5:colcon.colcon_core.verb:set package 'bullet_sims' build argument 'cmake_force_configure' from command line to 'False'
[0.406s] Level 5:colcon.colcon_core.verb:set package 'bullet_sims' build argument 'ament_cmake_args' from command line to 'None'
[0.406s] Level 5:colcon.colcon_core.verb:set package 'bullet_sims' build argument 'catkin_cmake_args' from command line to 'None'
[0.406s] Level 5:colcon.colcon_core.verb:set package 'bullet_sims' build argument 'catkin_skip_building_tests' from command line to 'False'
[0.406s] DEBUG:colcon.colcon_core.verb:Building package 'bullet_sims' with the following arguments: {'ament_cmake_args': None, 'build_base': '/workspaces/workspaces/my_workspace/build/bullet_sims', 'catkin_cmake_args': None, 'catkin_skip_building_tests': False, 'cmake_args': None, 'cmake_clean_cache': False, 'cmake_clean_first': False, 'cmake_force_configure': False, 'cmake_target': None, 'cmake_target_skip_unavailable': False, 'install_base': '/workspaces/workspaces/my_workspace/install/bullet_sims', 'merge_install': False, 'path': '/workspaces/workspaces/my_workspace/src/bullet_sims', 'symlink_install': True, 'test_result_base': None}
[0.407s] INFO:colcon.colcon_core.executor:Executing jobs using 'parallel' executor
[0.408s] DEBUG:colcon.colcon_parallel_executor.executor.parallel:run_until_complete
[0.409s] INFO:colcon.colcon_ros.task.ament_cmake.build:Building ROS package in '/workspaces/workspaces/my_workspace/src/reemc_description' with build type 'ament_cmake'
[0.409s] INFO:colcon.colcon_cmake.task.cmake.build:Building CMake package in '/workspaces/workspaces/my_workspace/src/reemc_description'
[0.414s] INFO:colcon.colcon_core.plugin_system:Skipping extension 'colcon_core.shell.bat': Not used on non-Windows systems
[0.414s] INFO:colcon.colcon_core.shell:Skip shell extension 'powershell' for command environment: Not usable outside of PowerShell
[0.414s] DEBUG:colcon.colcon_core.shell:Skip shell extension 'dsv' for command environment
[0.426s] INFO:colcon.colcon_ros.task.ament_python.build:Building ROS package in '/workspaces/workspaces/my_workspace/src/simulator' with build type 'ament_python'
[0.426s] Level 1:colcon.colcon_core.shell:create_environment_hook('simulator', 'ament_prefix_path')
[0.426s] INFO:colcon.colcon_core.shell:Creating environment hook '/workspaces/workspaces/my_workspace/install/simulator/share/simulator/hook/ament_prefix_path.ps1'
[0.428s] INFO:colcon.colcon_core.shell:Creating environment descriptor '/workspaces/workspaces/my_workspace/install/simulator/share/simulator/hook/ament_prefix_path.dsv'
[0.429s] INFO:colcon.colcon_core.shell:Creating environment hook '/workspaces/workspaces/my_workspace/install/simulator/share/simulator/hook/ament_prefix_path.sh'
[0.431s] INFO:colcon.colcon_core.shell:Skip shell extension 'powershell' for command environment: Not usable outside of PowerShell
[0.431s] DEBUG:colcon.colcon_core.shell:Skip shell extension 'dsv' for command environment
[0.440s] INFO:colcon.colcon_ros.task.ament_cmake.build:Building ROS package in '/workspaces/workspaces/my_workspace/src/talos_description' with build type 'ament_cmake'
[0.441s] INFO:colcon.colcon_cmake.task.cmake.build:Building CMake package in '/workspaces/workspaces/my_workspace/src/talos_description'
[0.441s] INFO:colcon.colcon_core.shell:Skip shell extension 'powershell' for command environment: Not usable outside of PowerShell
[0.441s] DEBUG:colcon.colcon_core.shell:Skip shell extension 'dsv' for command environment
[0.451s] INFO:colcon.colcon_ros.task.ament_python.build:Building ROS package in '/workspaces/workspaces/my_workspace/src/ros_visuals' with build type 'ament_python'
[0.451s] Level 1:colcon.colcon_core.shell:create_environment_hook('ros_visuals', 'ament_prefix_path')
[0.452s] INFO:colcon.colcon_core.shell:Creating environment hook '/workspaces/workspaces/my_workspace/install/ros_visuals/share/ros_visuals/hook/ament_prefix_path.ps1'
[0.454s] INFO:colcon.colcon_core.shell:Creating environment descriptor '/workspaces/workspaces/my_workspace/install/ros_visuals/share/ros_visuals/hook/ament_prefix_path.dsv'
[0.455s] INFO:colcon.colcon_core.shell:Creating environment hook '/workspaces/workspaces/my_workspace/install/ros_visuals/share/ros_visuals/hook/ament_prefix_path.sh'
[0.457s] INFO:colcon.colcon_core.shell:Skip shell extension 'powershell' for command environment: Not usable outside of PowerShell
[0.457s] DEBUG:colcon.colcon_core.shell:Skip shell extension 'dsv' for command environment
[0.480s] DEBUG:colcon.colcon_core.event_handler.log_command:Invoking command in '/workspaces/workspaces/my_workspace/build/reemc_description': CMAKE_PREFIX_PATH=${CMAKE_PREFIX_PATH}:/opt/ros/rolling /usr/bin/cmake /workspaces/workspaces/my_workspace/src/reemc_description -DAMENT_CMAKE_SYMLINK_INSTALL=1 -DCMAKE_INSTALL_PREFIX=/workspaces/workspaces/my_workspace/install/reemc_description
[1.239s] INFO:colcon.colcon_core.task.python.build:Building Python package in '/workspaces/workspaces/my_workspace/src/simulator'
[1.239s] INFO:colcon.colcon_core.shell:Skip shell extension 'powershell' for command environment: Not usable outside of PowerShell
[1.240s] DEBUG:colcon.colcon_core.shell:Skip shell extension 'dsv' for command environment
[1.263s] DEBUG:colcon.colcon_core.event_handler.log_command:Invoking command in '/workspaces/workspaces/my_workspace/build/talos_description': CMAKE_PREFIX_PATH=${CMAKE_PREFIX_PATH}:/opt/ros/rolling /usr/bin/cmake /workspaces/workspaces/my_workspace/src/talos_description -DAMENT_CMAKE_SYMLINK_INSTALL=1 -DCMAKE_INSTALL_PREFIX=/workspaces/workspaces/my_workspace/install/talos_description
[2.022s] WARNING:colcon.colcon_ros.task.ament_python.build:Package 'ros_visuals' doesn't explicitly install a marker in the package index (colcon-ros currently does it implicitly but that fallback will be removed in the future)
[2.024s] WARNING:colcon.colcon_ros.task.ament_python.build:Package 'ros_visuals' doesn't explicitly install the 'package.xml' file (colcon-ros currently does it implicitly but that fallback will be removed in the future)
[2.026s] INFO:colcon.colcon_core.task.python.build:Building Python package in '/workspaces/workspaces/my_workspace/src/ros_visuals'
[2.027s] INFO:colcon.colcon_core.shell:Skip shell extension 'powershell' for command environment: Not usable outside of PowerShell
[2.027s] DEBUG:colcon.colcon_core.shell:Skip shell extension 'dsv' for command environment
[2.051s] DEBUG:colcon.colcon_core.event_handler.log_command:Invoked command in '/workspaces/workspaces/my_workspace/build/reemc_description' returned '0': CMAKE_PREFIX_PATH=${CMAKE_PREFIX_PATH}:/opt/ros/rolling /usr/bin/cmake /workspaces/workspaces/my_workspace/src/reemc_description -DAMENT_CMAKE_SYMLINK_INSTALL=1 -DCMAKE_INSTALL_PREFIX=/workspaces/workspaces/my_workspace/install/reemc_description
[2.056s] DEBUG:colcon.colcon_core.event_handler.log_command:Invoking command in '/workspaces/workspaces/my_workspace/build/reemc_description': CMAKE_PREFIX_PATH=${CMAKE_PREFIX_PATH}:/opt/ros/rolling /usr/bin/cmake --build /workspaces/workspaces/my_workspace/build/reemc_description -- -j8 -l8
[2.241s] DEBUG:colcon.colcon_core.event_handler.log_command:Invoked command in '/workspaces/workspaces/my_workspace/build/reemc_description' returned '0': CMAKE_PREFIX_PATH=${CMAKE_PREFIX_PATH}:/opt/ros/rolling /usr/bin/cmake --build /workspaces/workspaces/my_workspace/build/reemc_description -- -j8 -l8
[2.283s] DEBUG:colcon.colcon_core.event_handler.log_command:Invoking command in '/workspaces/workspaces/my_workspace/build/reemc_description': CMAKE_PREFIX_PATH=${CMAKE_PREFIX_PATH}:/opt/ros/rolling /usr/bin/cmake --install /workspaces/workspaces/my_workspace/build/reemc_description
[2.422s] DEBUG:colcon.colcon_core.event_handler.log_command:Invoked command in '/workspaces/workspaces/my_workspace/build/talos_description' returned '0': CMAKE_PREFIX_PATH=${CMAKE_PREFIX_PATH}:/opt/ros/rolling /usr/bin/cmake /workspaces/workspaces/my_workspace/src/talos_description -DAMENT_CMAKE_SYMLINK_INSTALL=1 -DCMAKE_INSTALL_PREFIX=/workspaces/workspaces/my_workspace/install/talos_description
[2.429s] DEBUG:colcon.colcon_core.event_handler.log_command:Invoking command in '/workspaces/workspaces/my_workspace/build/talos_description': CMAKE_PREFIX_PATH=${CMAKE_PREFIX_PATH}:/opt/ros/rolling /usr/bin/cmake --build /workspaces/workspaces/my_workspace/build/talos_description -- -j8 -l8
[2.432s] Level 1:colcon.colcon_core.environment:create_environment_scripts_only(reemc_description)
[2.435s] DEBUG:colcon.colcon_core.event_handler.log_command:Invoked command in '/workspaces/workspaces/my_workspace/build/reemc_description' returned '0': CMAKE_PREFIX_PATH=${CMAKE_PREFIX_PATH}:/opt/ros/rolling /usr/bin/cmake --install /workspaces/workspaces/my_workspace/build/reemc_description
[2.445s] Level 1:colcon.colcon_core.environment:checking '/workspaces/workspaces/my_workspace/install/reemc_description' for CMake module files
[2.447s] Level 1:colcon.colcon_core.environment:checking '/workspaces/workspaces/my_workspace/install/reemc_description' for CMake config files
[2.451s] Level 1:colcon.colcon_core.shell:create_environment_hook('reemc_description', 'cmake_prefix_path')
[2.452s] INFO:colcon.colcon_core.shell:Creating environment hook '/workspaces/workspaces/my_workspace/install/reemc_description/share/reemc_description/hook/cmake_prefix_path.ps1'
[2.453s] INFO:colcon.colcon_core.shell:Creating environment descriptor '/workspaces/workspaces/my_workspace/install/reemc_description/share/reemc_description/hook/cmake_prefix_path.dsv'
[2.454s] INFO:colcon.colcon_core.shell:Creating environment hook '/workspaces/workspaces/my_workspace/install/reemc_description/share/reemc_description/hook/cmake_prefix_path.sh'
[2.457s] Level 1:colcon.colcon_core.environment:checking '/workspaces/workspaces/my_workspace/install/reemc_description/bin'
[2.457s] Level 1:colcon.colcon_core.environment:checking '/workspaces/workspaces/my_workspace/install/reemc_description/lib/pkgconfig/reemc_description.pc'
[2.458s] Level 1:colcon.colcon_core.environment:checking '/workspaces/workspaces/my_workspace/install/reemc_description/lib/python3.12/site-packages'
[2.459s] Level 1:colcon.colcon_core.environment:checking '/workspaces/workspaces/my_workspace/install/reemc_description/bin'
[2.460s] INFO:colcon.colcon_core.shell:Creating package script '/workspaces/workspaces/my_workspace/install/reemc_description/share/reemc_description/package.ps1'
[2.462s] INFO:colcon.colcon_core.shell:Creating package descriptor '/workspaces/workspaces/my_workspace/install/reemc_description/share/reemc_description/package.dsv'
[2.464s] INFO:colcon.colcon_core.shell:Creating package script '/workspaces/workspaces/my_workspace/install/reemc_description/share/reemc_description/package.sh'
[2.467s] INFO:colcon.colcon_core.shell:Creating package script '/workspaces/workspaces/my_workspace/install/reemc_description/share/reemc_description/package.bash'
[2.469s] INFO:colcon.colcon_core.shell:Creating package script '/workspaces/workspaces/my_workspace/install/reemc_description/share/reemc_description/package.zsh'
[2.472s] Level 1:colcon.colcon_core.environment:create_file_with_runtime_dependencies(/workspaces/workspaces/my_workspace/install/reemc_description/share/colcon-core/packages/reemc_description)
[2.474s] Level 1:colcon.colcon_core.environment:create_environment_scripts_only(reemc_description)
[2.475s] Level 1:colcon.colcon_core.environment:checking '/workspaces/workspaces/my_workspace/install/reemc_description' for CMake module files
[2.478s] Level 1:colcon.colcon_core.environment:checking '/workspaces/workspaces/my_workspace/install/reemc_description' for CMake config files
[2.482s] Level 1:colcon.colcon_core.shell:create_environment_hook('reemc_description', 'cmake_prefix_path')
[2.484s] INFO:colcon.colcon_core.shell:Creating environment hook '/workspaces/workspaces/my_workspace/install/reemc_description/share/reemc_description/hook/cmake_prefix_path.ps1'
[2.486s] INFO:colcon.colcon_core.shell:Creating environment descriptor '/workspaces/workspaces/my_workspace/install/reemc_description/share/reemc_description/hook/cmake_prefix_path.dsv'
[2.488s] INFO:colcon.colcon_core.shell:Creating environment hook '/workspaces/workspaces/my_workspace/install/reemc_description/share/reemc_description/hook/cmake_prefix_path.sh'
[2.490s] Level 1:colcon.colcon_core.environment:checking '/workspaces/workspaces/my_workspace/install/reemc_description/bin'
[2.491s] Level 1:colcon.colcon_core.environment:checking '/workspaces/workspaces/my_workspace/install/reemc_description/lib/pkgconfig/reemc_description.pc'
[2.493s] Level 1:colcon.colcon_core.environment:checking '/workspaces/workspaces/my_workspace/install/reemc_description/lib/python3.12/site-packages'
[2.494s] Level 1:colcon.colcon_core.environment:checking '/workspaces/workspaces/my_workspace/install/reemc_description/bin'
[2.495s] INFO:colcon.colcon_core.shell:Creating package script '/workspaces/workspaces/my_workspace/install/reemc_description/share/reemc_description/package.ps1'
[2.499s] INFO:colcon.colcon_core.shell:Creating package descriptor '/workspaces/workspaces/my_workspace/install/reemc_description/share/reemc_description/package.dsv'
[2.501s] INFO:colcon.colcon_core.shell:Creating package script '/workspaces/workspaces/my_workspace/install/reemc_description/share/reemc_description/package.sh'
[2.503s] INFO:colcon.colcon_core.shell:Creating package script '/workspaces/workspaces/my_workspace/install/reemc_description/share/reemc_description/package.bash'
[2.506s] INFO:colcon.colcon_core.shell:Creating package script '/workspaces/workspaces/my_workspace/install/reemc_description/share/reemc_description/package.zsh'
[2.508s] Level 1:colcon.colcon_core.environment:create_file_with_runtime_dependencies(/workspaces/workspaces/my_workspace/install/reemc_description/share/colcon-core/packages/reemc_description)
[2.613s] DEBUG:colcon.colcon_core.event_handler.log_command:Invoked command in '/workspaces/workspaces/my_workspace/build/talos_description' returned '0': CMAKE_PREFIX_PATH=${CMAKE_PREFIX_PATH}:/opt/ros/rolling /usr/bin/cmake --build /workspaces/workspaces/my_workspace/build/talos_description -- -j8 -l8
[2.616s] DEBUG:colcon.colcon_core.event_handler.log_command:Invoking command in '/workspaces/workspaces/my_workspace/build/talos_description': CMAKE_PREFIX_PATH=${CMAKE_PREFIX_PATH}:/opt/ros/rolling /usr/bin/cmake --install /workspaces/workspaces/my_workspace/build/talos_description
[2.795s] Level 1:colcon.colcon_core.environment:create_environment_scripts_only(talos_description)
[2.797s] Level 1:colcon.colcon_core.environment:checking '/workspaces/workspaces/my_workspace/install/talos_description' for CMake module files
[2.796s] DEBUG:colcon.colcon_core.event_handler.log_command:Invoked command in '/workspaces/workspaces/my_workspace/build/talos_description' returned '0': CMAKE_PREFIX_PATH=${CMAKE_PREFIX_PATH}:/opt/ros/rolling /usr/bin/cmake --install /workspaces/workspaces/my_workspace/build/talos_description
[2.800s] Level 1:colcon.colcon_core.environment:checking '/workspaces/workspaces/my_workspace/install/talos_description' for CMake config files
[2.805s] Level 1:colcon.colcon_core.shell:create_environment_hook('talos_description', 'cmake_prefix_path')
[2.806s] INFO:colcon.colcon_core.shell:Creating environment hook '/workspaces/workspaces/my_workspace/install/talos_description/share/talos_description/hook/cmake_prefix_path.ps1'
[2.807s] INFO:colcon.colcon_core.shell:Creating environment descriptor '/workspaces/workspaces/my_workspace/install/talos_description/share/talos_description/hook/cmake_prefix_path.dsv'
[2.809s] INFO:colcon.colcon_core.shell:Creating environment hook '/workspaces/workspaces/my_workspace/install/talos_description/share/talos_description/hook/cmake_prefix_path.sh'
[2.810s] Level 1:colcon.colcon_core.environment:checking '/workspaces/workspaces/my_workspace/install/talos_description/bin'
[2.811s] Level 1:colcon.colcon_core.environment:checking '/workspaces/workspaces/my_workspace/install/talos_description/lib/pkgconfig/talos_description.pc'
[2.811s] Level 1:colcon.colcon_core.environment:checking '/workspaces/workspaces/my_workspace/install/talos_description/lib/python3.12/site-packages'
[2.812s] Level 1:colcon.colcon_core.environment:checking '/workspaces/workspaces/my_workspace/install/talos_description/bin'
[2.813s] INFO:colcon.colcon_core.shell:Creating package script '/workspaces/workspaces/my_workspace/install/talos_description/share/talos_description/package.ps1'
[2.814s] INFO:colcon.colcon_core.shell:Creating package descriptor '/workspaces/workspaces/my_workspace/install/talos_description/share/talos_description/package.dsv'
[2.816s] INFO:colcon.colcon_core.shell:Creating package script '/workspaces/workspaces/my_workspace/install/talos_description/share/talos_description/package.sh'
[2.818s] INFO:colcon.colcon_core.shell:Creating package script '/workspaces/workspaces/my_workspace/install/talos_description/share/talos_description/package.bash'
[2.819s] INFO:colcon.colcon_core.shell:Creating package script '/workspaces/workspaces/my_workspace/install/talos_description/share/talos_description/package.zsh'
[2.821s] Level 1:colcon.colcon_core.environment:create_file_with_runtime_dependencies(/workspaces/workspaces/my_workspace/install/talos_description/share/colcon-core/packages/talos_description)
[2.822s] Level 1:colcon.colcon_core.environment:create_environment_scripts_only(talos_description)
[2.823s] Level 1:colcon.colcon_core.environment:checking '/workspaces/workspaces/my_workspace/install/talos_description' for CMake module files
[2.825s] Level 1:colcon.colcon_core.environment:checking '/workspaces/workspaces/my_workspace/install/talos_description' for CMake config files
[2.829s] Level 1:colcon.colcon_core.shell:create_environment_hook('talos_description', 'cmake_prefix_path')
[2.829s] INFO:colcon.colcon_core.shell:Creating environment hook '/workspaces/workspaces/my_workspace/install/talos_description/share/talos_description/hook/cmake_prefix_path.ps1'
[2.831s] INFO:colcon.colcon_core.shell:Creating environment descriptor '/workspaces/workspaces/my_workspace/install/talos_description/share/talos_description/hook/cmake_prefix_path.dsv'
[2.833s] INFO:colcon.colcon_core.shell:Creating environment hook '/workspaces/workspaces/my_workspace/install/talos_description/share/talos_description/hook/cmake_prefix_path.sh'
[2.835s] Level 1:colcon.colcon_core.environment:checking '/workspaces/workspaces/my_workspace/install/talos_description/bin'
[2.835s] Level 1:colcon.colcon_core.environment:checking '/workspaces/workspaces/my_workspace/install/talos_description/lib/pkgconfig/talos_description.pc'
[2.836s] Level 1:colcon.colcon_core.environment:checking '/workspaces/workspaces/my_workspace/install/talos_description/lib/python3.12/site-packages'
[2.838s] Level 1:colcon.colcon_core.environment:checking '/workspaces/workspaces/my_workspace/install/talos_description/bin'
[2.840s] INFO:colcon.colcon_core.shell:Creating package script '/workspaces/workspaces/my_workspace/install/talos_description/share/talos_description/package.ps1'
[2.843s] INFO:colcon.colcon_core.shell:Creating package descriptor '/workspaces/workspaces/my_workspace/install/talos_description/share/talos_description/package.dsv'
[2.845s] INFO:colcon.colcon_core.shell:Creating package script '/workspaces/workspaces/my_workspace/install/talos_description/share/talos_description/package.sh'
[2.847s] INFO:colcon.colcon_core.shell:Creating package script '/workspaces/workspaces/my_workspace/install/talos_description/share/talos_description/package.bash'
[2.848s] INFO:colcon.colcon_core.shell:Creating package script '/workspaces/workspaces/my_workspace/install/talos_description/share/talos_description/package.zsh'
[2.850s] Level 1:colcon.colcon_core.environment:create_file_with_runtime_dependencies(/workspaces/workspaces/my_workspace/install/talos_description/share/colcon-core/packages/talos_description)
[3.998s] DEBUG:colcon.colcon_core.task.python.build:While undoing a previous installation files outside the Python library path are being ignored: /workspaces/workspaces/my_workspace/install/simulator/share/ament_index/resource_index/packages/simulator
[3.998s] DEBUG:colcon.colcon_core.task.python.build:While undoing a previous installation files outside the Python library path are being ignored: /workspaces/workspaces/my_workspace/install/simulator/share/simulator/package.xml
[4.002s] DEBUG:colcon.colcon_core.event_handler.log_command:Invoking command in '/workspaces/workspaces/my_workspace/build/simulator': PYTHONPATH=/workspaces/workspaces/my_workspace/build/simulator/prefix_override:/usr/lib/python3/dist-packages/colcon_core/task/python/colcon_distutils_commands:/workspaces/workspaces/my_workspace/install/simulator/lib/python3.12/site-packages:${PYTHONPATH} /usr/bin/python3 -W ignore:setup.py install is deprecated -W ignore:easy_install command is deprecated setup.py develop --editable --build-directory /workspaces/workspaces/my_workspace/build/simulator/build --no-deps symlink_data --force
[4.052s] DEBUG:colcon.colcon_core.task.python.build:While undoing a previous installation files outside the Python library path are being ignored: /workspaces/workspaces/my_workspace/install/ros_visuals/share/ament_index/resource_index/packages/package.xml
[4.052s] DEBUG:colcon.colcon_core.task.python.build:While undoing a previous installation files outside the Python library path are being ignored: /workspaces/workspaces/my_workspace/install/ros_visuals/share/ros_visuals/config/compare_cage.rviz
[4.052s] DEBUG:colcon.colcon_core.task.python.build:While undoing a previous installation files outside the Python library path are being ignored: /workspaces/workspaces/my_workspace/install/ros_visuals/share/ros_visuals/config/talos_new.rviz
[4.052s] DEBUG:colcon.colcon_core.task.python.build:While undoing a previous installation files outside the Python library path are being ignored: /workspaces/workspaces/my_workspace/install/ros_visuals/share/ros_visuals/config/rviz_config.rviz
[4.052s] DEBUG:colcon.colcon_core.task.python.build:While undoing a previous installation files outside the Python library path are being ignored: /workspaces/workspaces/my_workspace/install/ros_visuals/share/ros_visuals/config/talos.rviz
[4.052s] DEBUG:colcon.colcon_core.task.python.build:While undoing a previous installation files outside the Python library path are being ignored: /workspaces/workspaces/my_workspace/install/ros_visuals/share/ros_visuals/launch/talos_control_launch.py
[4.052s] DEBUG:colcon.colcon_core.task.python.build:While undoing a previous installation files outside the Python library path are being ignored: /workspaces/workspaces/my_workspace/install/ros_visuals/share/ros_visuals/launch/launch.py
[4.052s] DEBUG:colcon.colcon_core.task.python.build:While undoing a previous installation files outside the Python library path are being ignored: /workspaces/workspaces/my_workspace/install/ros_visuals/share/ros_visuals/launch/talos_rviz_launch.py
[4.052s] DEBUG:colcon.colcon_core.task.python.build:While undoing a previous installation files outside the Python library path are being ignored: /workspaces/workspaces/my_workspace/install/ros_visuals/share/ros_visuals/launch/compare_methods.launch.py
[4.054s] DEBUG:colcon.colcon_core.task.python.build:While undoing a previous installation files outside the Python library path are being ignored: /workspaces/workspaces/my_workspace/install/ros_visuals/lib/ros_visuals/t11
[4.054s] DEBUG:colcon.colcon_core.task.python.build:While undoing a previous installation files outside the Python library path are being ignored: /workspaces/workspaces/my_workspace/install/ros_visuals/lib/ros_visuals/t12
[4.054s] DEBUG:colcon.colcon_core.task.python.build:While undoing a previous installation files outside the Python library path are being ignored: /workspaces/workspaces/my_workspace/install/ros_visuals/lib/ros_visuals/t13
[4.058s] DEBUG:colcon.colcon_core.event_handler.log_command:Invoking command in '/workspaces/workspaces/my_workspace/build/ros_visuals': PYTHONPATH=/workspaces/workspaces/my_workspace/build/ros_visuals/prefix_override:/usr/lib/python3/dist-packages/colcon_core/task/python/colcon_distutils_commands:/workspaces/workspaces/my_workspace/install/ros_visuals/lib/python3.12/site-packages:${PYTHONPATH} /usr/bin/python3 -W ignore:setup.py install is deprecated -W ignore:easy_install command is deprecated setup.py develop --editable --build-directory /workspaces/workspaces/my_workspace/build/ros_visuals/build --no-deps symlink_data --force
[6.592s] Level 1:colcon.colcon_core.shell:create_environment_hook('simulator', 'pythonpath_develop')
[6.593s] INFO:colcon.colcon_core.shell:Creating environment hook '/workspaces/workspaces/my_workspace/build/simulator/share/simulator/hook/pythonpath_develop.ps1'
[6.594s] DEBUG:colcon.colcon_core.event_handler.log_command:Invoked command in '/workspaces/workspaces/my_workspace/build/simulator' returned '0': PYTHONPATH=/workspaces/workspaces/my_workspace/build/simulator/prefix_override:/usr/lib/python3/dist-packages/colcon_core/task/python/colcon_distutils_commands:/workspaces/workspaces/my_workspace/install/simulator/lib/python3.12/site-packages:${PYTHONPATH} /usr/bin/python3 -W ignore:setup.py install is deprecated -W ignore:easy_install command is deprecated setup.py develop --editable --build-directory /workspaces/workspaces/my_workspace/build/simulator/build --no-deps symlink_data --force
[6.595s] INFO:colcon.colcon_core.shell:Creating environment descriptor '/workspaces/workspaces/my_workspace/build/simulator/share/simulator/hook/pythonpath_develop.dsv'
[6.596s] INFO:colcon.colcon_core.shell:Creating environment hook '/workspaces/workspaces/my_workspace/build/simulator/share/simulator/hook/pythonpath_develop.sh'
[6.597s] Level 1:colcon.colcon_core.environment:checking '/workspaces/workspaces/my_workspace/install/simulator' for CMake module files
[6.599s] Level 1:colcon.colcon_core.environment:checking '/workspaces/workspaces/my_workspace/install/simulator' for CMake config files
[6.600s] Level 1:colcon.colcon_core.environment:checking '/workspaces/workspaces/my_workspace/install/simulator/lib'
[6.600s] Level 1:colcon.colcon_core.environment:checking '/workspaces/workspaces/my_workspace/install/simulator/bin'
[6.600s] Level 1:colcon.colcon_core.environment:checking '/workspaces/workspaces/my_workspace/install/simulator/lib/pkgconfig/simulator.pc'
[6.601s] Level 1:colcon.colcon_core.environment:checking '/workspaces/workspaces/my_workspace/install/simulator/lib/python3.12/site-packages'
[6.602s] Level 1:colcon.colcon_core.shell:create_environment_hook('simulator', 'pythonpath')
[6.602s] INFO:colcon.colcon_core.shell:Creating environment hook '/workspaces/workspaces/my_workspace/install/simulator/share/simulator/hook/pythonpath.ps1'
[6.603s] INFO:colcon.colcon_core.shell:Creating environment descriptor '/workspaces/workspaces/my_workspace/install/simulator/share/simulator/hook/pythonpath.dsv'
[6.604s] INFO:colcon.colcon_core.shell:Creating environment hook '/workspaces/workspaces/my_workspace/install/simulator/share/simulator/hook/pythonpath.sh'
[6.606s] Level 1:colcon.colcon_core.environment:checking '/workspaces/workspaces/my_workspace/install/simulator/bin'
[6.606s] Level 1:colcon.colcon_core.environment:create_environment_scripts_only(simulator)
[6.607s] INFO:colcon.colcon_core.shell:Creating package script '/workspaces/workspaces/my_workspace/install/simulator/share/simulator/package.ps1'
[6.609s] INFO:colcon.colcon_core.shell:Creating package descriptor '/workspaces/workspaces/my_workspace/install/simulator/share/simulator/package.dsv'
[6.610s] INFO:colcon.colcon_core.shell:Creating package script '/workspaces/workspaces/my_workspace/install/simulator/share/simulator/package.sh'
[6.611s] INFO:colcon.colcon_core.shell:Creating package script '/workspaces/workspaces/my_workspace/install/simulator/share/simulator/package.bash'
[6.612s] INFO:colcon.colcon_core.shell:Creating package script '/workspaces/workspaces/my_workspace/install/simulator/share/simulator/package.zsh'
[6.613s] Level 1:colcon.colcon_core.environment:create_file_with_runtime_dependencies(/workspaces/workspaces/my_workspace/install/simulator/share/colcon-core/packages/simulator)
[6.613s] INFO:colcon.colcon_ros.task.ament_python.build:Building ROS package in '/workspaces/workspaces/my_workspace/src/bullet_sims' with build type 'ament_python'
[6.613s] Level 1:colcon.colcon_core.shell:create_environment_hook('bullet_sims', 'ament_prefix_path')
[6.614s] INFO:colcon.colcon_core.shell:Creating environment hook '/workspaces/workspaces/my_workspace/install/bullet_sims/share/bullet_sims/hook/ament_prefix_path.ps1'
[6.616s] INFO:colcon.colcon_core.shell:Creating environment descriptor '/workspaces/workspaces/my_workspace/install/bullet_sims/share/bullet_sims/hook/ament_prefix_path.dsv'
[6.617s] INFO:colcon.colcon_core.shell:Creating environment hook '/workspaces/workspaces/my_workspace/install/bullet_sims/share/bullet_sims/hook/ament_prefix_path.sh'
[6.620s] INFO:colcon.colcon_core.shell:Skip shell extension 'powershell' for command environment: Not usable outside of PowerShell
[6.620s] DEBUG:colcon.colcon_core.shell:Skip shell extension 'dsv' for command environment
[7.369s] INFO:colcon.colcon_core.task.python.build:Building Python package in '/workspaces/workspaces/my_workspace/src/bullet_sims'
[7.370s] INFO:colcon.colcon_core.shell:Skip shell extension 'powershell' for command environment: Not usable outside of PowerShell
[7.370s] DEBUG:colcon.colcon_core.shell:Skip shell extension 'dsv' for command environment
[7.387s] Level 1:colcon.colcon_core.shell:create_environment_hook('ros_visuals', 'pythonpath_develop')
[7.388s] INFO:colcon.colcon_core.shell:Creating environment hook '/workspaces/workspaces/my_workspace/build/ros_visuals/share/ros_visuals/hook/pythonpath_develop.ps1'
[7.389s] INFO:colcon.colcon_core.shell:Creating environment descriptor '/workspaces/workspaces/my_workspace/build/ros_visuals/share/ros_visuals/hook/pythonpath_develop.dsv'
[7.395s] DEBUG:colcon.colcon_core.event_handler.log_command:Invoked command in '/workspaces/workspaces/my_workspace/build/ros_visuals' returned '0': PYTHONPATH=/workspaces/workspaces/my_workspace/build/ros_visuals/prefix_override:/usr/lib/python3/dist-packages/colcon_core/task/python/colcon_distutils_commands:/workspaces/workspaces/my_workspace/install/ros_visuals/lib/python3.12/site-packages:${PYTHONPATH} /usr/bin/python3 -W ignore:setup.py install is deprecated -W ignore:easy_install command is deprecated setup.py develop --editable --build-directory /workspaces/workspaces/my_workspace/build/ros_visuals/build --no-deps symlink_data --force
[7.395s] INFO:colcon.colcon_core.shell:Creating environment hook '/workspaces/workspaces/my_workspace/build/ros_visuals/share/ros_visuals/hook/pythonpath_develop.sh'
[7.397s] Level 1:colcon.colcon_core.environment:checking '/workspaces/workspaces/my_workspace/install/ros_visuals' for CMake module files
[7.404s] Level 1:colcon.colcon_core.environment:checking '/workspaces/workspaces/my_workspace/install/ros_visuals' for CMake config files
[7.407s] Level 1:colcon.colcon_core.environment:checking '/workspaces/workspaces/my_workspace/install/ros_visuals/lib'
[7.408s] Level 1:colcon.colcon_core.environment:checking '/workspaces/workspaces/my_workspace/install/ros_visuals/bin'
[7.411s] Level 1:colcon.colcon_core.environment:checking '/workspaces/workspaces/my_workspace/install/ros_visuals/lib/pkgconfig/ros_visuals.pc'
[7.412s] Level 1:colcon.colcon_core.environment:checking '/workspaces/workspaces/my_workspace/install/ros_visuals/lib/python3.12/site-packages'
[7.412s] Level 1:colcon.colcon_core.shell:create_environment_hook('ros_visuals', 'pythonpath')
[7.413s] INFO:colcon.colcon_core.shell:Creating environment hook '/workspaces/workspaces/my_workspace/install/ros_visuals/share/ros_visuals/hook/pythonpath.ps1'
[7.418s] INFO:colcon.colcon_core.shell:Creating environment descriptor '/workspaces/workspaces/my_workspace/install/ros_visuals/share/ros_visuals/hook/pythonpath.dsv'
[7.420s] INFO:colcon.colcon_core.shell:Creating environment hook '/workspaces/workspaces/my_workspace/install/ros_visuals/share/ros_visuals/hook/pythonpath.sh'
[7.425s] Level 1:colcon.colcon_core.environment:checking '/workspaces/workspaces/my_workspace/install/ros_visuals/bin'
[7.426s] Level 1:colcon.colcon_core.environment:create_environment_scripts_only(ros_visuals)
[7.426s] INFO:colcon.colcon_core.shell:Creating package script '/workspaces/workspaces/my_workspace/install/ros_visuals/share/ros_visuals/package.ps1'
[7.429s] INFO:colcon.colcon_core.shell:Creating package descriptor '/workspaces/workspaces/my_workspace/install/ros_visuals/share/ros_visuals/package.dsv'
[7.431s] INFO:colcon.colcon_core.shell:Creating package script '/workspaces/workspaces/my_workspace/install/ros_visuals/share/ros_visuals/package.sh'
[7.433s] INFO:colcon.colcon_core.shell:Creating package script '/workspaces/workspaces/my_workspace/install/ros_visuals/share/ros_visuals/package.bash'
[7.434s] INFO:colcon.colcon_core.shell:Creating package script '/workspaces/workspaces/my_workspace/install/ros_visuals/share/ros_visuals/package.zsh'
[7.435s] Level 1:colcon.colcon_core.environment:create_file_with_runtime_dependencies(/workspaces/workspaces/my_workspace/install/ros_visuals/share/colcon-core/packages/ros_visuals)
[9.902s] DEBUG:colcon.colcon_core.task.python.build:While undoing a previous installation files outside the Python library path are being ignored: /workspaces/workspaces/my_workspace/install/bullet_sims/share/ament_index/resource_index/packages/bullet_sims
[9.905s] DEBUG:colcon.colcon_core.task.python.build:While undoing a previous installation files outside the Python library path are being ignored: /workspaces/workspaces/my_workspace/install/bullet_sims/share/bullet_sims/package.xml
[9.906s] DEBUG:colcon.colcon_core.task.python.build:While undoing a previous installation files outside the Python library path are being ignored: /workspaces/workspaces/my_workspace/install/bullet_sims/lib/bullet_sims/t21
[9.907s] DEBUG:colcon.colcon_core.task.python.build:While undoing a previous installation files outside the Python library path are being ignored: /workspaces/workspaces/my_workspace/install/bullet_sims/lib/bullet_sims/t22
[9.907s] DEBUG:colcon.colcon_core.task.python.build:While undoing a previous installation files outside the Python library path are being ignored: /workspaces/workspaces/my_workspace/install/bullet_sims/lib/bullet_sims/t23
[9.907s] DEBUG:colcon.colcon_core.task.python.build:While undoing a previous installation files outside the Python library path are being ignored: /workspaces/workspaces/my_workspace/install/bullet_sims/lib/bullet_sims/t2_temp
[9.907s] DEBUG:colcon.colcon_core.task.python.build:While undoing a previous installation files outside the Python library path are being ignored: /workspaces/workspaces/my_workspace/install/bullet_sims/lib/bullet_sims/t3_main
[9.915s] DEBUG:colcon.colcon_core.event_handler.log_command:Invoking command in '/workspaces/workspaces/my_workspace/build/bullet_sims': AMENT_PREFIX_PATH=/workspaces/workspaces/my_workspace/install/talos_description:/workspaces/workspaces/my_workspace/install/simulator:/workspaces/workspaces/my_workspace/install/reemc_description:${AMENT_PREFIX_PATH} CMAKE_PREFIX_PATH=/workspaces/workspaces/my_workspace/install/talos_description:/workspaces/workspaces/my_workspace/install/reemc_description:${CMAKE_PREFIX_PATH} PYTHONPATH=/workspaces/workspaces/my_workspace/build/bullet_sims/prefix_override:/usr/lib/python3/dist-packages/colcon_core/task/python/colcon_distutils_commands:/workspaces/workspaces/my_workspace/install/bullet_sims/lib/python3.12/site-packages:/workspaces/workspaces/my_workspace/build/simulator:/workspaces/workspaces/my_workspace/install/simulator/lib/python3.12/site-packages:${PYTHONPATH} /usr/bin/python3 -W ignore:setup.py install is deprecated -W ignore:easy_install command is deprecated setup.py develop --editable --build-directory /workspaces/workspaces/my_workspace/build/bullet_sims/build --no-deps symlink_data --force
[13.313s] Level 1:colcon.colcon_core.shell:create_environment_hook('bullet_sims', 'pythonpath_develop')
[13.314s] INFO:colcon.colcon_core.shell:Creating environment hook '/workspaces/workspaces/my_workspace/build/bullet_sims/share/bullet_sims/hook/pythonpath_develop.ps1'
[13.315s] DEBUG:colcon.colcon_core.event_handler.log_command:Invoked command in '/workspaces/workspaces/my_workspace/build/bullet_sims' returned '0': AMENT_PREFIX_PATH=/workspaces/workspaces/my_workspace/install/talos_description:/workspaces/workspaces/my_workspace/install/simulator:/workspaces/workspaces/my_workspace/install/reemc_description:${AMENT_PREFIX_PATH} CMAKE_PREFIX_PATH=/workspaces/workspaces/my_workspace/install/talos_description:/workspaces/workspaces/my_workspace/install/reemc_description:${CMAKE_PREFIX_PATH} PYTHONPATH=/workspaces/workspaces/my_workspace/build/bullet_sims/prefix_override:/usr/lib/python3/dist-packages/colcon_core/task/python/colcon_distutils_commands:/workspaces/workspaces/my_workspace/install/bullet_sims/lib/python3.12/site-packages:/workspaces/workspaces/my_workspace/build/simulator:/workspaces/workspaces/my_workspace/install/simulator/lib/python3.12/site-packages:${PYTHONPATH} /usr/bin/python3 -W ignore:setup.py install is deprecated -W ignore:easy_install command is deprecated setup.py develop --editable --build-directory /workspaces/workspaces/my_workspace/build/bullet_sims/build --no-deps symlink_data --force
[13.317s] INFO:colcon.colcon_core.shell:Creating environment descriptor '/workspaces/workspaces/my_workspace/build/bullet_sims/share/bullet_sims/hook/pythonpath_develop.dsv'
[13.318s] INFO:colcon.colcon_core.shell:Creating environment hook '/workspaces/workspaces/my_workspace/build/bullet_sims/share/bullet_sims/hook/pythonpath_develop.sh'
[13.319s] Level 1:colcon.colcon_core.environment:checking '/workspaces/workspaces/my_workspace/install/bullet_sims' for CMake module files
[13.321s] Level 1:colcon.colcon_core.environment:checking '/workspaces/workspaces/my_workspace/install/bullet_sims' for CMake config files
[13.323s] Level 1:colcon.colcon_core.environment:checking '/workspaces/workspaces/my_workspace/install/bullet_sims/lib'
[13.323s] Level 1:colcon.colcon_core.environment:checking '/workspaces/workspaces/my_workspace/install/bullet_sims/bin'
[13.323s] Level 1:colcon.colcon_core.environment:checking '/workspaces/workspaces/my_workspace/install/bullet_sims/lib/pkgconfig/bullet_sims.pc'
[13.324s] Level 1:colcon.colcon_core.environment:checking '/workspaces/workspaces/my_workspace/install/bullet_sims/lib/python3.12/site-packages'
[13.324s] Level 1:colcon.colcon_core.shell:create_environment_hook('bullet_sims', 'pythonpath')
[13.325s] INFO:colcon.colcon_core.shell:Creating environment hook '/workspaces/workspaces/my_workspace/install/bullet_sims/share/bullet_sims/hook/pythonpath.ps1'
[13.326s] INFO:colcon.colcon_core.shell:Creating environment descriptor '/workspaces/workspaces/my_workspace/install/bullet_sims/share/bullet_sims/hook/pythonpath.dsv'
[13.327s] INFO:colcon.colcon_core.shell:Creating environment hook '/workspaces/workspaces/my_workspace/install/bullet_sims/share/bullet_sims/hook/pythonpath.sh'
[13.328s] Level 1:colcon.colcon_core.environment:checking '/workspaces/workspaces/my_workspace/install/bullet_sims/bin'
[13.328s] Level 1:colcon.colcon_core.environment:create_environment_scripts_only(bullet_sims)
[13.329s] INFO:colcon.colcon_core.shell:Creating package script '/workspaces/workspaces/my_workspace/install/bullet_sims/share/bullet_sims/package.ps1'
[13.331s] INFO:colcon.colcon_core.shell:Creating package descriptor '/workspaces/workspaces/my_workspace/install/bullet_sims/share/bullet_sims/package.dsv'
[13.332s] INFO:colcon.colcon_core.shell:Creating package script '/workspaces/workspaces/my_workspace/install/bullet_sims/share/bullet_sims/package.sh'
[13.334s] INFO:colcon.colcon_core.shell:Creating package script '/workspaces/workspaces/my_workspace/install/bullet_sims/share/bullet_sims/package.bash'
[13.335s] INFO:colcon.colcon_core.shell:Creating package script '/workspaces/workspaces/my_workspace/install/bullet_sims/share/bullet_sims/package.zsh'
[13.336s] Level 1:colcon.colcon_core.environment:create_file_with_runtime_dependencies(/workspaces/workspaces/my_workspace/install/bullet_sims/share/colcon-core/packages/bullet_sims)
[13.337s] DEBUG:colcon.colcon_parallel_executor.executor.parallel:closing loop
[13.338s] DEBUG:colcon.colcon_parallel_executor.executor.parallel:loop closed
[13.338s] DEBUG:colcon.colcon_parallel_executor.executor.parallel:run_until_complete finished with '0'
[13.338s] DEBUG:colcon.colcon_core.event_reactor:joining thread
[13.350s] INFO:colcon.colcon_core.plugin_system:Skipping extension 'colcon_notification.desktop_notification.notify_send': Could not find 'notify-send'
[13.351s] INFO:colcon.colcon_core.plugin_system:Skipping extension 'colcon_notification.desktop_notification.terminal_notifier': Not used on non-Darwin systems
[13.351s] INFO:colcon.colcon_core.plugin_system:Skipping extension 'colcon_notification.desktop_notification.win32': Not used on non-Windows systems
[13.351s] INFO:colcon.colcon_notification.desktop_notification:Sending desktop notification using 'notify2'
[13.351s] DEBUG:colcon.colcon_notification.desktop_notification.notify2:Failed to initialize notify2: org.freedesktop.DBus.Error.InvalidFileContent: D-Bus library appears to be incorrectly set up: see the manual page for dbus-uuidgen to correct this issue. (Failed to open "/var/lib/dbus/machine-id": No such file or directory; UUID file '/etc/machine-id' should contain a hex string of length 32, not length 0, with no other text)
[13.351s] DEBUG:colcon.colcon_core.event_reactor:joined thread
[13.352s] INFO:colcon.colcon_core.shell:Creating prefix script '/workspaces/workspaces/my_workspace/install/local_setup.ps1'
[13.354s] INFO:colcon.colcon_core.shell:Creating prefix util module '/workspaces/workspaces/my_workspace/install/_local_setup_util_ps1.py'
[13.358s] INFO:colcon.colcon_core.shell:Creating prefix chain script '/workspaces/workspaces/my_workspace/install/setup.ps1'
[13.361s] INFO:colcon.colcon_core.shell:Creating prefix script '/workspaces/workspaces/my_workspace/install/local_setup.sh'
[13.363s] INFO:colcon.colcon_core.shell:Creating prefix util module '/workspaces/workspaces/my_workspace/install/_local_setup_util_sh.py'
[13.365s] INFO:colcon.colcon_core.shell:Creating prefix chain script '/workspaces/workspaces/my_workspace/install/setup.sh'
[13.369s] INFO:colcon.colcon_core.shell:Creating prefix script '/workspaces/workspaces/my_workspace/install/local_setup.bash'
[13.370s] INFO:colcon.colcon_core.shell:Creating prefix chain script '/workspaces/workspaces/my_workspace/install/setup.bash'
[13.374s] INFO:colcon.colcon_core.shell:Creating prefix script '/workspaces/workspaces/my_workspace/install/local_setup.zsh'
[13.376s] INFO:colcon.colcon_core.shell:Creating prefix chain script '/workspaces/workspaces/my_workspace/install/setup.zsh'
