[1.989s] Invoking command in '/workspaces/workspaces/my_workspace/build/simulator': PYTHONPATH=/workspaces/workspaces/my_workspace/build/simulator/prefix_override:/usr/lib/python3/dist-packages/colcon_core/task/python/colcon_distutils_commands:/workspaces/workspaces/my_workspace/install/simulator/lib/python3.12/site-packages:${PYTHONPATH} /usr/bin/python3 -W ignore:setup.py install is deprecated -W ignore:easy_install command is deprecated setup.py develop --uninstall --editable --build-directory /workspaces/workspaces/my_workspace/build/simulator/build
[2.507s] running develop
[2.850s] Removing /workspaces/workspaces/my_workspace/install/simulator/lib/python3.12/site-packages/simulator.egg-link (link to .)
[2.919s] Invoked command in '/workspaces/workspaces/my_workspace/build/simulator' returned '0': PYTHONPATH=/workspaces/workspaces/my_workspace/build/simulator/prefix_override:/usr/lib/python3/dist-packages/colcon_core/task/python/colcon_distutils_commands:/workspaces/workspaces/my_workspace/install/simulator/lib/python3.12/site-packages:${PYTHONPATH} /usr/bin/python3 -W ignore:setup.py install is deprecated -W ignore:easy_install command is deprecated setup.py develop --uninstall --editable --build-directory /workspaces/workspaces/my_workspace/build/simulator/build
[2.923s] Invoking command in '/workspaces/workspaces/my_workspace/src/simulator': PYTHONPATH=/workspaces/workspaces/my_workspace/build/simulator/prefix_override:/usr/lib/python3/dist-packages/colcon_core/task/python/colcon_distutils_commands:/workspaces/workspaces/my_workspace/install/simulator/lib/python3.12/site-packages:${PYTHONPATH} /usr/bin/python3 -W ignore:setup.py install is deprecated -W ignore:easy_install command is deprecated setup.py egg_info --egg-base ../../build/simulator build --build-base /workspaces/workspaces/my_workspace/build/simulator/build install --record /workspaces/workspaces/my_workspace/build/simulator/install.log --single-version-externally-managed install_data --force
[3.352s] running egg_info
[3.382s] writing ../../build/simulator/simulator.egg-info/PKG-INFO
[3.382s] writing dependency_links to ../../build/simulator/simulator.egg-info/dependency_links.txt
[3.383s] writing requirements to ../../build/simulator/simulator.egg-info/requires.txt
[3.383s] writing top-level names to ../../build/simulator/simulator.egg-info/top_level.txt
[3.811s] writing manifest file '../../build/simulator/simulator.egg-info/SOURCES.txt'
[3.811s] running build
[3.812s] running build_py
[3.812s] creating /workspaces/workspaces/my_workspace/build/simulator/build
[3.812s] creating /workspaces/workspaces/my_workspace/build/simulator/build/lib
[3.812s] creating /workspaces/workspaces/my_workspace/build/simulator/build/lib/simulator
[3.812s] copying simulator/__init__.py -> /workspaces/workspaces/my_workspace/build/simulator/build/lib/simulator
[3.813s] copying simulator/utilities.py -> /workspaces/workspaces/my_workspace/build/simulator/build/lib/simulator
[3.813s] copying simulator/robot.py -> /workspaces/workspaces/my_workspace/build/simulator/build/lib/simulator
[3.813s] copying simulator/pybullet_wrapper.py -> /workspaces/workspaces/my_workspace/build/simulator/build/lib/simulator
[3.814s] copying simulator/body.py -> /workspaces/workspaces/my_workspace/build/simulator/build/lib/simulator
[3.814s] copying simulator/objects.py -> /workspaces/workspaces/my_workspace/build/simulator/build/lib/simulator
[3.814s] running install
[3.825s] running install_lib
[3.855s] creating /workspaces/workspaces/my_workspace/install/simulator/lib/python3.12/site-packages/simulator
[3.855s] copying /workspaces/workspaces/my_workspace/build/simulator/build/lib/simulator/__init__.py -> /workspaces/workspaces/my_workspace/install/simulator/lib/python3.12/site-packages/simulator
[3.856s] copying /workspaces/workspaces/my_workspace/build/simulator/build/lib/simulator/utilities.py -> /workspaces/workspaces/my_workspace/install/simulator/lib/python3.12/site-packages/simulator
[3.856s] copying /workspaces/workspaces/my_workspace/build/simulator/build/lib/simulator/robot.py -> /workspaces/workspaces/my_workspace/install/simulator/lib/python3.12/site-packages/simulator
[3.856s] copying /workspaces/workspaces/my_workspace/build/simulator/build/lib/simulator/pybullet_wrapper.py -> /workspaces/workspaces/my_workspace/install/simulator/lib/python3.12/site-packages/simulator
[3.856s] copying /workspaces/workspaces/my_workspace/build/simulator/build/lib/simulator/body.py -> /workspaces/workspaces/my_workspace/install/simulator/lib/python3.12/site-packages/simulator
[3.857s] copying /workspaces/workspaces/my_workspace/build/simulator/build/lib/simulator/objects.py -> /workspaces/workspaces/my_workspace/install/simulator/lib/python3.12/site-packages/simulator
[3.857s] byte-compiling /workspaces/workspaces/my_workspace/install/simulator/lib/python3.12/site-packages/simulator/__init__.py to __init__.cpython-312.pyc
[3.857s] byte-compiling /workspaces/workspaces/my_workspace/install/simulator/lib/python3.12/site-packages/simulator/utilities.py to utilities.cpython-312.pyc
[3.859s] byte-compiling /workspaces/workspaces/my_workspace/install/simulator/lib/python3.12/site-packages/simulator/robot.py to robot.cpython-312.pyc
[3.863s] byte-compiling /workspaces/workspaces/my_workspace/install/simulator/lib/python3.12/site-packages/simulator/pybullet_wrapper.py to pybullet_wrapper.cpython-312.pyc
[3.873s] byte-compiling /workspaces/workspaces/my_workspace/install/simulator/lib/python3.12/site-packages/simulator/body.py to body.cpython-312.pyc
[3.876s] byte-compiling /workspaces/workspaces/my_workspace/install/simulator/lib/python3.12/site-packages/simulator/objects.py to objects.cpython-312.pyc
[3.878s] running install_data
[3.878s] copying resource/simulator -> /workspaces/workspaces/my_workspace/install/simulator/share/ament_index/resource_index/packages
[3.878s] copying package.xml -> /workspaces/workspaces/my_workspace/install/simulator/share/simulator
[3.878s] running install_egg_info
[3.908s] Copying ../../build/simulator/simulator.egg-info to /workspaces/workspaces/my_workspace/install/simulator/lib/python3.12/site-packages/simulator-0.0.0-py3.12.egg-info
[3.910s] running install_scripts
[4.110s] writing list of installed files to '/workspaces/workspaces/my_workspace/build/simulator/install.log'
[4.201s] Invoked command in '/workspaces/workspaces/my_workspace/src/simulator' returned '0': PYTHONPATH=/workspaces/workspaces/my_workspace/build/simulator/prefix_override:/usr/lib/python3/dist-packages/colcon_core/task/python/colcon_distutils_commands:/workspaces/workspaces/my_workspace/install/simulator/lib/python3.12/site-packages:${PYTHONPATH} /usr/bin/python3 -W ignore:setup.py install is deprecated -W ignore:easy_install command is deprecated setup.py egg_info --egg-base ../../build/simulator build --build-base /workspaces/workspaces/my_workspace/build/simulator/build install --record /workspaces/workspaces/my_workspace/build/simulator/install.log --single-version-externally-managed install_data --force
