[0.049s] Invoking command in '/workspaces/workspaces/my_workspace/build/reemc_description': CMAKE_PREFIX_PATH=${CMAKE_PREFIX_PATH}:/workspaces/workspaces/my_workspace/install/whole_body_control:/workspaces/workspaces/my_workspace/install/bullet_sims:/workspaces/workspaces/my_workspace/install/simulator:/workspaces/workspaces/my_workspace/install/ros_visuals:/opt/ros/rolling /usr/bin/cmake --build /workspaces/workspaces/my_workspace/build/reemc_description -- -j8 -l8
[0.503s] Invoked command in '/workspaces/workspaces/my_workspace/build/reemc_description' returned '0': CMAKE_PREFIX_PATH=${CMAKE_PREFIX_PATH}:/workspaces/workspaces/my_workspace/install/whole_body_control:/workspaces/workspaces/my_workspace/install/bullet_sims:/workspaces/workspaces/my_workspace/install/simulator:/workspaces/workspaces/my_workspace/install/ros_visuals:/opt/ros/rolling /usr/bin/cmake --build /workspaces/workspaces/my_workspace/build/reemc_description -- -j8 -l8
[0.528s] Invoking command in '/workspaces/workspaces/my_workspace/build/reemc_description': CMAKE_PREFIX_PATH=${CMAKE_PREFIX_PATH}:/workspaces/workspaces/my_workspace/install/whole_body_control:/workspaces/workspaces/my_workspace/install/bullet_sims:/workspaces/workspaces/my_workspace/install/simulator:/workspaces/workspaces/my_workspace/install/ros_visuals:/opt/ros/rolling /usr/bin/cmake --install /workspaces/workspaces/my_workspace/build/reemc_description
[1.072s] -- Install configuration: ""
[1.072s] -- Execute custom install script
[1.072s] -- Up-to-date symlink: /workspaces/workspaces/my_workspace/install/reemc_description/share/reemc_description/meshes/arm/arm_1.dae
[1.073s] -- Up-to-date symlink: /workspaces/workspaces/my_workspace/install/reemc_description/share/reemc_description/meshes/arm/arm_1_collision.stl
[1.073s] -- Up-to-date symlink: /workspaces/workspaces/my_workspace/install/reemc_description/share/reemc_description/meshes/arm/arm_1_color.png
[1.074s] -- Up-to-date symlink: /workspaces/workspaces/my_workspace/install/reemc_description/share/reemc_description/meshes/arm/arm_1_normals.png
[1.076s] -- Up-to-date symlink: /workspaces/workspaces/my_workspace/install/reemc_description/share/reemc_description/meshes/arm/arm_1_specular.png
[1.076s] -- Up-to-date symlink: /workspaces/workspaces/my_workspace/install/reemc_description/share/reemc_description/meshes/arm/arm_2.dae
[1.077s] -- Up-to-date symlink: /workspaces/workspaces/my_workspace/install/reemc_description/share/reemc_description/meshes/arm/arm_2_collision.stl
[1.077s] -- Up-to-date symlink: /workspaces/workspaces/my_workspace/install/reemc_description/share/reemc_description/meshes/arm/arm_2_color.png
[1.077s] -- Up-to-date symlink: /workspaces/workspaces/my_workspace/install/reemc_description/share/reemc_description/meshes/arm/arm_2_normals.png
[1.077s] -- Up-to-date symlink: /workspaces/workspaces/my_workspace/install/reemc_description/share/reemc_description/meshes/arm/arm_2_specular.png
[1.078s] -- Up-to-date symlink: /workspaces/workspaces/my_workspace/install/reemc_description/share/reemc_description/meshes/arm/arm_3.dae
[1.079s] -- Up-to-date symlink: /workspaces/workspaces/my_workspace/install/reemc_description/share/reemc_description/meshes/arm/arm_3_collision.stl
[1.079s] -- Up-to-date symlink: /workspaces/workspaces/my_workspace/install/reemc_description/share/reemc_description/meshes/arm/arm_3_color.png
[1.079s] -- Up-to-date symlink: /workspaces/workspaces/my_workspace/install/reemc_description/share/reemc_description/meshes/arm/arm_3_normals.png
[1.079s] -- Up-to-date symlink: /workspaces/workspaces/my_workspace/install/reemc_description/share/reemc_description/meshes/arm/arm_3_specular.png
[1.080s] -- Up-to-date symlink: /workspaces/workspaces/my_workspace/install/reemc_description/share/reemc_description/meshes/arm/arm_4.dae
[1.080s] -- Up-to-date symlink: /workspaces/workspaces/my_workspace/install/reemc_description/share/reemc_description/meshes/arm/arm_4_collision.stl
[1.080s] -- Up-to-date symlink: /workspaces/workspaces/my_workspace/install/reemc_description/share/reemc_description/meshes/arm/arm_4_color.png
[1.080s] -- Up-to-date symlink: /workspaces/workspaces/my_workspace/install/reemc_description/share/reemc_description/meshes/arm/arm_4_normals.png
[1.080s] -- Up-to-date symlink: /workspaces/workspaces/my_workspace/install/reemc_description/share/reemc_description/meshes/arm/arm_4_specular.png
[1.080s] -- Up-to-date symlink: /workspaces/workspaces/my_workspace/install/reemc_description/share/reemc_description/meshes/arm/arm_5.dae
[1.083s] -- Up-to-date symlink: /workspaces/workspaces/my_workspace/install/reemc_description/share/reemc_description/meshes/arm/arm_5_collision.stl
[1.084s] -- Up-to-date symlink: /workspaces/workspaces/my_workspace/install/reemc_description/share/reemc_description/meshes/arm/arm_6.dae
[1.085s] -- Up-to-date symlink: /workspaces/workspaces/my_workspace/install/reemc_description/share/reemc_description/meshes/arm/arm_6_collision.stl
[1.085s] -- Up-to-date symlink: /workspaces/workspaces/my_workspace/install/reemc_description/share/reemc_description/meshes/arm/arm_6_color.png
[1.085s] -- Up-to-date symlink: /workspaces/workspaces/my_workspace/install/reemc_description/share/reemc_description/meshes/arm/arm_6_normals.png
[1.085s] -- Up-to-date symlink: /workspaces/workspaces/my_workspace/install/reemc_description/share/reemc_description/meshes/arm/arm_6_specular.png
[1.086s] -- Up-to-date symlink: /workspaces/workspaces/my_workspace/install/reemc_description/share/reemc_description/meshes/base/base.dae
[1.086s] -- Up-to-date symlink: /workspaces/workspaces/my_workspace/install/reemc_description/share/reemc_description/meshes/base/base_collision.stl
[1.087s] -- Up-to-date symlink: /workspaces/workspaces/my_workspace/install/reemc_description/share/reemc_description/meshes/chessboard/chessboard.dae
[1.088s] -- Up-to-date symlink: /workspaces/workspaces/my_workspace/install/reemc_description/share/reemc_description/meshes/chessboard/chessboard.png
[1.089s] -- Up-to-date symlink: /workspaces/workspaces/my_workspace/install/reemc_description/share/reemc_description/meshes/hand/hand_finger_1.dae
[1.090s] -- Up-to-date symlink: /workspaces/workspaces/my_workspace/install/reemc_description/share/reemc_description/meshes/hand/hand_finger_1_collision.stl
[1.090s] -- Up-to-date symlink: /workspaces/workspaces/my_workspace/install/reemc_description/share/reemc_description/meshes/hand/hand_finger_1_color.png
[1.091s] -- Up-to-date symlink: /workspaces/workspaces/my_workspace/install/reemc_description/share/reemc_description/meshes/hand/hand_finger_1_normals.png
[1.091s] -- Up-to-date symlink: /workspaces/workspaces/my_workspace/install/reemc_description/share/reemc_description/meshes/hand/hand_finger_1_specular.png
[1.091s] -- Up-to-date symlink: /workspaces/workspaces/my_workspace/install/reemc_description/share/reemc_description/meshes/hand/hand_finger_2.dae
[1.092s] -- Up-to-date symlink: /workspaces/workspaces/my_workspace/install/reemc_description/share/reemc_description/meshes/hand/hand_finger_2_collision.stl
[1.092s] -- Up-to-date symlink: /workspaces/workspaces/my_workspace/install/reemc_description/share/reemc_description/meshes/hand/hand_finger_2_color.png
[1.092s] -- Up-to-date symlink: /workspaces/workspaces/my_workspace/install/reemc_description/share/reemc_description/meshes/hand/hand_finger_2_normals.png
[1.093s] -- Up-to-date symlink: /workspaces/workspaces/my_workspace/install/reemc_description/share/reemc_description/meshes/hand/hand_finger_2_specular.png
[1.093s] -- Up-to-date symlink: /workspaces/workspaces/my_workspace/install/reemc_description/share/reemc_description/meshes/hand/hand_finger_3.dae
[1.093s] -- Up-to-date symlink: /workspaces/workspaces/my_workspace/install/reemc_description/share/reemc_description/meshes/hand/hand_finger_3_collision.stl
[1.093s] -- Up-to-date symlink: /workspaces/workspaces/my_workspace/install/reemc_description/share/reemc_description/meshes/hand/hand_finger_3_color.png
[1.094s] -- Up-to-date symlink: /workspaces/workspaces/my_workspace/install/reemc_description/share/reemc_description/meshes/hand/hand_finger_3_normals.png
[1.094s] -- Up-to-date symlink: /workspaces/workspaces/my_workspace/install/reemc_description/share/reemc_description/meshes/hand/hand_finger_3_specular.png
[1.094s] -- Up-to-date symlink: /workspaces/workspaces/my_workspace/install/reemc_description/share/reemc_description/meshes/hand/hand_palm.dae
[1.094s] -- Up-to-date symlink: /workspaces/workspaces/my_workspace/install/reemc_description/share/reemc_description/meshes/hand/hand_palm_collision.stl
[1.095s] -- Up-to-date symlink: /workspaces/workspaces/my_workspace/install/reemc_description/share/reemc_description/meshes/hand/hand_palm_color.png
[1.095s] -- Up-to-date symlink: /workspaces/workspaces/my_workspace/install/reemc_description/share/reemc_description/meshes/hand/hand_palm_normals.png
[1.095s] -- Up-to-date symlink: /workspaces/workspaces/my_workspace/install/reemc_description/share/reemc_description/meshes/hand/hand_palm_specular.png
[1.095s] -- Up-to-date symlink: /workspaces/workspaces/my_workspace/install/reemc_description/share/reemc_description/meshes/hand/hand_thumb.dae
[1.095s] -- Up-to-date symlink: /workspaces/workspaces/my_workspace/install/reemc_description/share/reemc_description/meshes/hand/hand_thumb_collision.stl
[1.095s] -- Up-to-date symlink: /workspaces/workspaces/my_workspace/install/reemc_description/share/reemc_description/meshes/hand/hand_thumb_color.png
[1.096s] -- Up-to-date symlink: /workspaces/workspaces/my_workspace/install/reemc_description/share/reemc_description/meshes/hand/hand_thumb_normals.png
[1.096s] -- Up-to-date symlink: /workspaces/workspaces/my_workspace/install/reemc_description/share/reemc_description/meshes/hand/hand_thumb_specular.png
[1.096s] -- Up-to-date symlink: /workspaces/workspaces/my_workspace/install/reemc_description/share/reemc_description/meshes/head/head_1.dae
[1.096s] -- Up-to-date symlink: /workspaces/workspaces/my_workspace/install/reemc_description/share/reemc_description/meshes/head/head_1_collision.stl
[1.096s] -- Up-to-date symlink: /workspaces/workspaces/my_workspace/install/reemc_description/share/reemc_description/meshes/head/head_2_collision.stl
[1.097s] -- Up-to-date symlink: /workspaces/workspaces/my_workspace/install/reemc_description/share/reemc_description/meshes/head/head_2_v0.dae
[1.097s] -- Up-to-date symlink: /workspaces/workspaces/my_workspace/install/reemc_description/share/reemc_description/meshes/head/head_2_v1.stl
[1.097s] -- Up-to-date symlink: /workspaces/workspaces/my_workspace/install/reemc_description/share/reemc_description/meshes/hey5/finger_abd_collision.stl
[1.097s] -- Up-to-date symlink: /workspaces/workspaces/my_workspace/install/reemc_description/share/reemc_description/meshes/hey5/finger_flex_collision.stl
[1.097s] -- Up-to-date symlink: /workspaces/workspaces/my_workspace/install/reemc_description/share/reemc_description/meshes/hey5/finger_flex_tip_collision.stl
[1.098s] -- Up-to-date symlink: /workspaces/workspaces/my_workspace/install/reemc_description/share/reemc_description/meshes/hey5/palm.stl
[1.098s] -- Up-to-date symlink: /workspaces/workspaces/my_workspace/install/reemc_description/share/reemc_description/meshes/hey5/palm_collision.stl
[1.098s] -- Up-to-date symlink: /workspaces/workspaces/my_workspace/install/reemc_description/share/reemc_description/meshes/hey5/thumb_abd_collision.stl
[1.098s] -- Up-to-date symlink: /workspaces/workspaces/my_workspace/install/reemc_description/share/reemc_description/meshes/kinect.dae
[1.099s] -- Up-to-date symlink: /workspaces/workspaces/my_workspace/install/reemc_description/share/reemc_description/meshes/kinect.tga
[1.099s] -- Up-to-date symlink: /workspaces/workspaces/my_workspace/install/reemc_description/share/reemc_description/meshes/leg/leg_1.dae
[1.099s] -- Up-to-date symlink: /workspaces/workspaces/my_workspace/install/reemc_description/share/reemc_description/meshes/leg/leg_1_collision.stl
[1.099s] -- Up-to-date symlink: /workspaces/workspaces/my_workspace/install/reemc_description/share/reemc_description/meshes/leg/leg_3.dae
[1.099s] -- Up-to-date symlink: /workspaces/workspaces/my_workspace/install/reemc_description/share/reemc_description/meshes/leg/leg_3_collision.stl
[1.099s] -- Up-to-date symlink: /workspaces/workspaces/my_workspace/install/reemc_description/share/reemc_description/meshes/leg/leg_4.dae
[1.100s] -- Up-to-date symlink: /workspaces/workspaces/my_workspace/install/reemc_description/share/reemc_description/meshes/leg/leg_4_collision.stl
[1.100s] -- Up-to-date symlink: /workspaces/workspaces/my_workspace/install/reemc_description/share/reemc_description/meshes/leg/leg_6.dae
[1.100s] -- Up-to-date symlink: /workspaces/workspaces/my_workspace/install/reemc_description/share/reemc_description/meshes/leg/r_foot.dae
[1.100s] -- Up-to-date symlink: /workspaces/workspaces/my_workspace/install/reemc_description/share/reemc_description/meshes/sensors/urg-04lx-ug01.stl
[1.100s] -- Up-to-date symlink: /workspaces/workspaces/my_workspace/install/reemc_description/share/reemc_description/meshes/sensors/xtion_pro_live/xtion_pro_live.dae
[1.100s] -- Up-to-date symlink: /workspaces/workspaces/my_workspace/install/reemc_description/share/reemc_description/meshes/sensors/xtion_pro_live/xtion_pro_live.png
[1.101s] -- Up-to-date symlink: /workspaces/workspaces/my_workspace/install/reemc_description/share/reemc_description/meshes/torso/torso_2.dae
[1.101s] -- Up-to-date symlink: /workspaces/workspaces/my_workspace/install/reemc_description/share/reemc_description/meshes/torso/torso_2_collision.stl
[1.101s] -- Up-to-date symlink: /workspaces/workspaces/my_workspace/install/reemc_description/share/reemc_description/robots/reemc.urdf
[1.101s] -- Up-to-date symlink: /workspaces/workspaces/my_workspace/install/reemc_description/share/ament_index/resource_index/package_run_dependencies/reemc_description
[1.101s] -- Up-to-date symlink: /workspaces/workspaces/my_workspace/install/reemc_description/share/ament_index/resource_index/parent_prefix_path/reemc_description
[1.101s] -- Up-to-date symlink: /workspaces/workspaces/my_workspace/install/reemc_description/share/reemc_description/environment/ament_prefix_path.sh
[1.102s] -- Up-to-date symlink: /workspaces/workspaces/my_workspace/install/reemc_description/share/reemc_description/environment/ament_prefix_path.dsv
[1.102s] -- Up-to-date symlink: /workspaces/workspaces/my_workspace/install/reemc_description/share/reemc_description/environment/path.sh
[1.102s] -- Up-to-date symlink: /workspaces/workspaces/my_workspace/install/reemc_description/share/reemc_description/environment/path.dsv
[1.103s] -- Up-to-date symlink: /workspaces/workspaces/my_workspace/install/reemc_description/share/reemc_description/local_setup.bash
[1.103s] -- Up-to-date symlink: /workspaces/workspaces/my_workspace/install/reemc_description/share/reemc_description/local_setup.sh
[1.103s] -- Up-to-date symlink: /workspaces/workspaces/my_workspace/install/reemc_description/share/reemc_description/local_setup.zsh
[1.103s] -- Up-to-date symlink: /workspaces/workspaces/my_workspace/install/reemc_description/share/reemc_description/local_setup.dsv
[1.103s] -- Symlinking: /workspaces/workspaces/my_workspace/install/reemc_description/share/reemc_description/package.dsv
[1.104s] -- Up-to-date symlink: /workspaces/workspaces/my_workspace/install/reemc_description/share/ament_index/resource_index/packages/reemc_description
[1.104s] -- Up-to-date symlink: /workspaces/workspaces/my_workspace/install/reemc_description/share/reemc_description/cmake/reemc_descriptionConfig.cmake
[1.104s] -- Up-to-date symlink: /workspaces/workspaces/my_workspace/install/reemc_description/share/reemc_description/cmake/reemc_descriptionConfig-version.cmake
[1.104s] -- Up-to-date symlink: /workspaces/workspaces/my_workspace/install/reemc_description/share/reemc_description/package.xml
[1.105s] Invoked command in '/workspaces/workspaces/my_workspace/build/reemc_description' returned '0': CMAKE_PREFIX_PATH=${CMAKE_PREFIX_PATH}:/workspaces/workspaces/my_workspace/install/whole_body_control:/workspaces/workspaces/my_workspace/install/bullet_sims:/workspaces/workspaces/my_workspace/install/simulator:/workspaces/workspaces/my_workspace/install/ros_visuals:/opt/ros/rolling /usr/bin/cmake --install /workspaces/workspaces/my_workspace/build/reemc_description
