[2.162s] Invoking command in '/workspaces/workspaces/my_workspace/build/simulator': PYTHONPATH=/workspaces/workspaces/my_workspace/build/simulator/prefix_override:/usr/lib/python3/dist-packages/colcon_core/task/python/colcon_distutils_commands:/workspaces/workspaces/my_workspace/install/simulator/lib/python3.12/site-packages:${PYTHONPATH} /usr/bin/python3 -W ignore:setup.py install is deprecated -W ignore:easy_install command is deprecated setup.py develop --editable --build-directory /workspaces/workspaces/my_workspace/build/simulator/build --no-deps symlink_data
[2.805s] running develop
[3.289s] running egg_info
[3.289s] creating simulator.egg-info
[3.352s] writing simulator.egg-info/PKG-INFO
[3.352s] writing dependency_links to simulator.egg-info/dependency_links.txt
[3.352s] writing requirements to simulator.egg-info/requires.txt
[3.353s] writing top-level names to simulator.egg-info/top_level.txt
[3.353s] writing manifest file 'simulator.egg-info/SOURCES.txt'
[4.042s] writing manifest file 'simulator.egg-info/SOURCES.txt'
[4.104s] running build_ext
[4.105s] Creating /workspaces/workspaces/my_workspace/install/simulator/lib/python3.12/site-packages/simulator.egg-link (link to .)
[4.106s] 
[4.106s] Installed /workspaces/workspaces/my_workspace/build/simulator
[4.106s] running symlink_data
[4.107s] creating /workspaces/workspaces/my_workspace/install/simulator/share/ament_index
[4.107s] creating /workspaces/workspaces/my_workspace/install/simulator/share/ament_index/resource_index
[4.107s] creating /workspaces/workspaces/my_workspace/install/simulator/share/ament_index/resource_index/packages
[4.107s] symbolically linking /workspaces/workspaces/my_workspace/build/simulator/resource/simulator -> /workspaces/workspaces/my_workspace/install/simulator/share/ament_index/resource_index/packages
[4.108s] symbolically linking /workspaces/workspaces/my_workspace/build/simulator/package.xml -> /workspaces/workspaces/my_workspace/install/simulator/share/simulator
[4.220s] Invoked command in '/workspaces/workspaces/my_workspace/build/simulator' returned '0': PYTHONPATH=/workspaces/workspaces/my_workspace/build/simulator/prefix_override:/usr/lib/python3/dist-packages/colcon_core/task/python/colcon_distutils_commands:/workspaces/workspaces/my_workspace/install/simulator/lib/python3.12/site-packages:${PYTHONPATH} /usr/bin/python3 -W ignore:setup.py install is deprecated -W ignore:easy_install command is deprecated setup.py develop --editable --build-directory /workspaces/workspaces/my_workspace/build/simulator/build --no-deps symlink_data
