-- The C compiler identification is GNU 13.3.0
-- The CXX compiler identification is GNU 13.3.0
-- Detecting C compiler ABI info
-- Detecting C compiler ABI info - done
-- Check for working C compiler: /usr/bin/cc - skipped
-- Detecting C compile features
-- Detecting C compile features - done
-- Detecting CXX compiler ABI info
-- Detecting CXX compiler ABI info - done
-- Check for working CXX compiler: /usr/bin/c++ - skipped
-- Detecting CXX compile features
-- Detecting CXX compile features - done
-- Found ament_cmake: 2.7.2 (/opt/ros/rolling/share/ament_cmake/cmake)
-- Found Python3: /usr/bin/python3 (found version "3.12.3") found components: Interpreter 
-- Override CMake install command with custom implementation using symlinks instead of copying resources
-- Found urdf: 2.12.2 (/opt/ros/rolling/share/urdf/cmake)
-- Found xacro: 2.0.13 (/opt/ros/rolling/share/xacro/cmake)
-- Found ament_lint_auto: 0.19.1 (/opt/ros/rolling/share/ament_lint_auto/cmake)
-- Added test 'lint_cmake' to check CMake code style
-- Added test 'xmllint' to check XML markup files
-- Configuring done (0.6s)
-- Generating done (0.0s)
-- Build files have been written to: /workspaces/legged-robots/my_workspace/build/ainex_description
-- Install configuration: ""
-- Execute custom install script
-- Symlinking: /workspaces/legged-robots/my_workspace/install/ainex_description/share/ainex_description/robots/ainex.urdf
-- Symlinking: /workspaces/legged-robots/my_workspace/install/ainex_description/share/ainex_description/robots/ainex.urdf.xacro
-- Symlinking: /workspaces/legged-robots/my_workspace/install/ainex_description/share/ainex_description/robots/ainex.xacro
-- Symlinking: /workspaces/legged-robots/my_workspace/install/ainex_description/share/ainex_description/robots/gazebo.xacro
-- Symlinking: /workspaces/legged-robots/my_workspace/install/ainex_description/share/ainex_description/robots/materials.xacro
-- Symlinking: /workspaces/legged-robots/my_workspace/install/ainex_description/share/ainex_description/robots/transmissions.xacro
-- Symlinking: /workspaces/legged-robots/my_workspace/install/ainex_description/share/ament_index/resource_index/package_run_dependencies/ainex_description
-- Symlinking: /workspaces/legged-robots/my_workspace/install/ainex_description/share/ament_index/resource_index/parent_prefix_path/ainex_description
-- Symlinking: /workspaces/legged-robots/my_workspace/install/ainex_description/share/ainex_description/environment/ament_prefix_path.sh
-- Symlinking: /workspaces/legged-robots/my_workspace/install/ainex_description/share/ainex_description/environment/ament_prefix_path.dsv
-- Symlinking: /workspaces/legged-robots/my_workspace/install/ainex_description/share/ainex_description/environment/path.sh
-- Symlinking: /workspaces/legged-robots/my_workspace/install/ainex_description/share/ainex_description/environment/path.dsv
-- Symlinking: /workspaces/legged-robots/my_workspace/install/ainex_description/share/ainex_description/local_setup.bash
-- Symlinking: /workspaces/legged-robots/my_workspace/install/ainex_description/share/ainex_description/local_setup.sh
-- Symlinking: /workspaces/legged-robots/my_workspace/install/ainex_description/share/ainex_description/local_setup.zsh
-- Symlinking: /workspaces/legged-robots/my_workspace/install/ainex_description/share/ainex_description/local_setup.dsv
-- Symlinking: /workspaces/legged-robots/my_workspace/install/ainex_description/share/ainex_description/package.dsv
-- Symlinking: /workspaces/legged-robots/my_workspace/install/ainex_description/share/ament_index/resource_index/packages/ainex_description
-- Symlinking: /workspaces/legged-robots/my_workspace/install/ainex_description/share/ainex_description/cmake/ainex_descriptionConfig.cmake
-- Symlinking: /workspaces/legged-robots/my_workspace/install/ainex_description/share/ainex_description/cmake/ainex_descriptionConfig-version.cmake
-- Symlinking: /workspaces/legged-robots/my_workspace/install/ainex_description/share/ainex_description/package.xml
