[2.551s] Invoking command in '/workspaces/workspaces/my_workspace/src/simulator': PYTHONPATH=/workspaces/workspaces/my_workspace/build/simulator/prefix_override:/usr/lib/python3/dist-packages/colcon_core/task/python/colcon_distutils_commands:/workspaces/workspaces/my_workspace/install/simulator/lib/python3.12/site-packages:${PYTHONPATH} /usr/bin/python3 -W ignore:setup.py install is deprecated -W ignore:easy_install command is deprecated setup.py egg_info --egg-base ../../build/simulator build --build-base /workspaces/workspaces/my_workspace/build/simulator/build install --record /workspaces/workspaces/my_workspace/build/simulator/install.log --single-version-externally-managed install_data
[3.231s] running egg_info
[3.232s] creating ../../build/simulator/simulator.egg-info
[3.269s] writing ../../build/simulator/simulator.egg-info/PKG-INFO
[3.270s] writing dependency_links to ../../build/simulator/simulator.egg-info/dependency_links.txt
[3.270s] writing requirements to ../../build/simulator/simulator.egg-info/requires.txt
[3.271s] writing top-level names to ../../build/simulator/simulator.egg-info/top_level.txt
[3.271s] writing manifest file '../../build/simulator/simulator.egg-info/SOURCES.txt'
[3.839s] writing manifest file '../../build/simulator/simulator.egg-info/SOURCES.txt'
[3.839s] running build
[3.839s] running build_py
[3.840s] creating /workspaces/workspaces/my_workspace/build/simulator/build
[3.840s] creating /workspaces/workspaces/my_workspace/build/simulator/build/lib
[3.840s] creating /workspaces/workspaces/my_workspace/build/simulator/build/lib/simulator
[3.841s] copying simulator/__init__.py -> /workspaces/workspaces/my_workspace/build/simulator/build/lib/simulator
[3.841s] copying simulator/utilities.py -> /workspaces/workspaces/my_workspace/build/simulator/build/lib/simulator
[3.842s] copying simulator/robot.py -> /workspaces/workspaces/my_workspace/build/simulator/build/lib/simulator
[3.843s] copying simulator/pybullet_wrapper.py -> /workspaces/workspaces/my_workspace/build/simulator/build/lib/simulator
[3.844s] copying simulator/body.py -> /workspaces/workspaces/my_workspace/build/simulator/build/lib/simulator
[3.844s] copying simulator/objects.py -> /workspaces/workspaces/my_workspace/build/simulator/build/lib/simulator
[3.845s] running install
[3.865s] running install_lib
[3.897s] creating /workspaces/workspaces/my_workspace/install/simulator/lib/python3.12/site-packages/simulator
[3.897s] copying /workspaces/workspaces/my_workspace/build/simulator/build/lib/simulator/__init__.py -> /workspaces/workspaces/my_workspace/install/simulator/lib/python3.12/site-packages/simulator
[3.897s] copying /workspaces/workspaces/my_workspace/build/simulator/build/lib/simulator/utilities.py -> /workspaces/workspaces/my_workspace/install/simulator/lib/python3.12/site-packages/simulator
[3.898s] copying /workspaces/workspaces/my_workspace/build/simulator/build/lib/simulator/robot.py -> /workspaces/workspaces/my_workspace/install/simulator/lib/python3.12/site-packages/simulator
[3.898s] copying /workspaces/workspaces/my_workspace/build/simulator/build/lib/simulator/pybullet_wrapper.py -> /workspaces/workspaces/my_workspace/install/simulator/lib/python3.12/site-packages/simulator
[3.899s] copying /workspaces/workspaces/my_workspace/build/simulator/build/lib/simulator/body.py -> /workspaces/workspaces/my_workspace/install/simulator/lib/python3.12/site-packages/simulator
[3.899s] copying /workspaces/workspaces/my_workspace/build/simulator/build/lib/simulator/objects.py -> /workspaces/workspaces/my_workspace/install/simulator/lib/python3.12/site-packages/simulator
[3.899s] byte-compiling /workspaces/workspaces/my_workspace/install/simulator/lib/python3.12/site-packages/simulator/__init__.py to __init__.cpython-312.pyc
[3.900s] byte-compiling /workspaces/workspaces/my_workspace/install/simulator/lib/python3.12/site-packages/simulator/utilities.py to utilities.cpython-312.pyc
[3.901s] byte-compiling /workspaces/workspaces/my_workspace/install/simulator/lib/python3.12/site-packages/simulator/robot.py to robot.cpython-312.pyc
[3.906s] byte-compiling /workspaces/workspaces/my_workspace/install/simulator/lib/python3.12/site-packages/simulator/pybullet_wrapper.py to pybullet_wrapper.cpython-312.pyc
[3.919s] byte-compiling /workspaces/workspaces/my_workspace/install/simulator/lib/python3.12/site-packages/simulator/body.py to body.cpython-312.pyc
[3.925s] byte-compiling /workspaces/workspaces/my_workspace/install/simulator/lib/python3.12/site-packages/simulator/objects.py to objects.cpython-312.pyc
[3.927s] running install_data
[3.927s] creating /workspaces/workspaces/my_workspace/install/simulator/share/ament_index
[3.928s] creating /workspaces/workspaces/my_workspace/install/simulator/share/ament_index/resource_index
[3.928s] creating /workspaces/workspaces/my_workspace/install/simulator/share/ament_index/resource_index/packages
[3.928s] copying resource/simulator -> /workspaces/workspaces/my_workspace/install/simulator/share/ament_index/resource_index/packages
[3.929s] copying package.xml -> /workspaces/workspaces/my_workspace/install/simulator/share/simulator
[3.929s] running install_egg_info
[3.964s] Copying ../../build/simulator/simulator.egg-info to /workspaces/workspaces/my_workspace/install/simulator/lib/python3.12/site-packages/simulator-0.0.0-py3.12.egg-info
[3.965s] running install_scripts
[4.203s] writing list of installed files to '/workspaces/workspaces/my_workspace/build/simulator/install.log'
[4.270s] Invoked command in '/workspaces/workspaces/my_workspace/src/simulator' returned '0': PYTHONPATH=/workspaces/workspaces/my_workspace/build/simulator/prefix_override:/usr/lib/python3/dist-packages/colcon_core/task/python/colcon_distutils_commands:/workspaces/workspaces/my_workspace/install/simulator/lib/python3.12/site-packages:${PYTHONPATH} /usr/bin/python3 -W ignore:setup.py install is deprecated -W ignore:easy_install command is deprecated setup.py egg_info --egg-base ../../build/simulator build --build-base /workspaces/workspaces/my_workspace/build/simulator/build install --record /workspaces/workspaces/my_workspace/build/simulator/install.log --single-version-externally-managed install_data
