[0.551s] Invoking command in '/workspaces/workspaces/my_workspace/build/talos_description': CMAKE_PREFIX_PATH=${CMAKE_PREFIX_PATH}:/opt/ros/rolling /usr/bin/cmake /workspaces/workspaces/my_workspace/src/talos_description -DCMAKE_INSTALL_PREFIX=/workspaces/workspaces/my_workspace/install/talos_description
[0.600s] -- Found ament_cmake: 2.7.2 (/opt/ros/rolling/share/ament_cmake/cmake)
[1.172s] -- Override CMake install command with custom implementation using symlinks instead of copying resources
[1.229s] -- Found ament_lint_auto: 0.19.1 (/opt/ros/rolling/share/ament_lint_auto/cmake)
[1.668s] -- Configuring done (1.1s)
[1.702s] -- Generating done (0.0s)
[1.710s] -- Build files have been written to: /workspaces/workspaces/my_workspace/build/talos_description
[1.719s] Invoked command in '/workspaces/workspaces/my_workspace/build/talos_description' returned '0': CMAKE_PREFIX_PATH=${CMAKE_PREFIX_PATH}:/opt/ros/rolling /usr/bin/cmake /workspaces/workspaces/my_workspace/src/talos_description -DCMAKE_INSTALL_PREFIX=/workspaces/workspaces/my_workspace/install/talos_description
[1.721s] Invoking command in '/workspaces/workspaces/my_workspace/build/talos_description': CMAKE_PREFIX_PATH=${CMAKE_PREFIX_PATH}:/opt/ros/rolling /usr/bin/cmake --build /workspaces/workspaces/my_workspace/build/talos_description -- -j8 -l8
[1.862s] Invoked command in '/workspaces/workspaces/my_workspace/build/talos_description' returned '0': CMAKE_PREFIX_PATH=${CMAKE_PREFIX_PATH}:/opt/ros/rolling /usr/bin/cmake --build /workspaces/workspaces/my_workspace/build/talos_description -- -j8 -l8
[1.864s] Invoking command in '/workspaces/workspaces/my_workspace/build/talos_description': CMAKE_PREFIX_PATH=${CMAKE_PREFIX_PATH}:/opt/ros/rolling /usr/bin/cmake --install /workspaces/workspaces/my_workspace/build/talos_description
[1.897s] -- Install configuration: ""
[1.898s] -- Execute custom install script
[1.902s] -- Up-to-date symlink: /workspaces/workspaces/my_workspace/install/talos_description/share/talos_description/meshes/arm/arm_1.STL
[1.903s] -- Up-to-date symlink: /workspaces/workspaces/my_workspace/install/talos_description/share/talos_description/meshes/arm/arm_1_collision.STL
[1.904s] -- Up-to-date symlink: /workspaces/workspaces/my_workspace/install/talos_description/share/talos_description/meshes/arm/arm_2.STL
[1.904s] -- Up-to-date symlink: /workspaces/workspaces/my_workspace/install/talos_description/share/talos_description/meshes/arm/arm_2_collision.STL
[1.912s] -- Up-to-date symlink: /workspaces/workspaces/my_workspace/install/talos_description/share/talos_description/meshes/arm/arm_3.STL
[1.913s] -- Up-to-date symlink: /workspaces/workspaces/my_workspace/install/talos_description/share/talos_description/meshes/arm/arm_3_collision.STL
[1.919s] -- Up-to-date symlink: /workspaces/workspaces/my_workspace/install/talos_description/share/talos_description/meshes/arm/arm_4.STL
[1.923s] -- Up-to-date symlink: /workspaces/workspaces/my_workspace/install/talos_description/share/talos_description/meshes/arm/arm_4_collision.STL
[1.923s] -- Up-to-date symlink: /workspaces/workspaces/my_workspace/install/talos_description/share/talos_description/meshes/arm/arm_5.STL
[1.926s] -- Up-to-date symlink: /workspaces/workspaces/my_workspace/install/talos_description/share/talos_description/meshes/arm/arm_5_collision.STL
[1.927s] -- Up-to-date symlink: /workspaces/workspaces/my_workspace/install/talos_description/share/talos_description/meshes/arm/arm_6.STL
[1.927s] -- Up-to-date symlink: /workspaces/workspaces/my_workspace/install/talos_description/share/talos_description/meshes/arm/arm_6_collision.STL
[1.928s] -- Up-to-date symlink: /workspaces/workspaces/my_workspace/install/talos_description/share/talos_description/meshes/arm/arm_7.STL
[1.930s] -- Up-to-date symlink: /workspaces/workspaces/my_workspace/install/talos_description/share/talos_description/meshes/arm/arm_7_collision.STL
[1.931s] -- Up-to-date symlink: /workspaces/workspaces/my_workspace/install/talos_description/share/talos_description/meshes/bart.STL
[1.931s] -- Up-to-date symlink: /workspaces/workspaces/my_workspace/install/talos_description/share/talos_description/meshes/bart_light.STL
[1.932s] -- Up-to-date symlink: /workspaces/workspaces/my_workspace/install/talos_description/share/talos_description/meshes/dummy_hand.STL
[1.932s] -- Up-to-date symlink: /workspaces/workspaces/my_workspace/install/talos_description/share/talos_description/meshes/femur.STL
[1.933s] -- Up-to-date symlink: /workspaces/workspaces/my_workspace/install/talos_description/share/talos_description/meshes/femur_light.STL
[1.934s] -- Up-to-date symlink: /workspaces/workspaces/my_workspace/install/talos_description/share/talos_description/meshes/foot.STL
[1.934s] -- Up-to-date symlink: /workspaces/workspaces/my_workspace/install/talos_description/share/talos_description/meshes/gripper/base_link.STL
[1.935s] -- Up-to-date symlink: /workspaces/workspaces/my_workspace/install/talos_description/share/talos_description/meshes/gripper/base_link_collision.STL
[1.935s] -- Up-to-date symlink: /workspaces/workspaces/my_workspace/install/talos_description/share/talos_description/meshes/gripper/fingertip.STL
[1.936s] -- Up-to-date symlink: /workspaces/workspaces/my_workspace/install/talos_description/share/talos_description/meshes/gripper/fingertip_collision.STL
[1.937s] -- Up-to-date symlink: /workspaces/workspaces/my_workspace/install/talos_description/share/talos_description/meshes/gripper/gripper_motor_double.STL
[1.937s] -- Up-to-date symlink: /workspaces/workspaces/my_workspace/install/talos_description/share/talos_description/meshes/gripper/gripper_motor_double_collision.STL
[1.938s] -- Up-to-date symlink: /workspaces/workspaces/my_workspace/install/talos_description/share/talos_description/meshes/gripper/gripper_motor_single.STL
[1.938s] -- Up-to-date symlink: /workspaces/workspaces/my_workspace/install/talos_description/share/talos_description/meshes/gripper/gripper_motor_single_collision.STL
[1.940s] -- Up-to-date symlink: /workspaces/workspaces/my_workspace/install/talos_description/share/talos_description/meshes/gripper/gripper_simple.STL
[1.943s] -- Up-to-date symlink: /workspaces/workspaces/my_workspace/install/talos_description/share/talos_description/meshes/gripper/gripper_simple_collision.STL
[1.944s] -- Up-to-date symlink: /workspaces/workspaces/my_workspace/install/talos_description/share/talos_description/meshes/gripper/gripper_tweezers.STL
[1.946s] -- Up-to-date symlink: /workspaces/workspaces/my_workspace/install/talos_description/share/talos_description/meshes/gripper/gripper_tweezers_collision.STL
[1.947s] -- Up-to-date symlink: /workspaces/workspaces/my_workspace/install/talos_description/share/talos_description/meshes/gripper/inner_double.STL
[1.947s] -- Up-to-date symlink: /workspaces/workspaces/my_workspace/install/talos_description/share/talos_description/meshes/gripper/inner_double_collision.STL
[1.949s] -- Up-to-date symlink: /workspaces/workspaces/my_workspace/install/talos_description/share/talos_description/meshes/gripper/inner_single.STL
[1.950s] -- Up-to-date symlink: /workspaces/workspaces/my_workspace/install/talos_description/share/talos_description/meshes/gripper/inner_single_collision.STL
[1.950s] -- Up-to-date symlink: /workspaces/workspaces/my_workspace/install/talos_description/share/talos_description/meshes/head/head_1.stl
[1.954s] -- Up-to-date symlink: /workspaces/workspaces/my_workspace/install/talos_description/share/talos_description/meshes/head/head_1_collision.stl
[1.954s] -- Up-to-date symlink: /workspaces/workspaces/my_workspace/install/talos_description/share/talos_description/meshes/head/head_2.stl
[1.955s] -- Up-to-date symlink: /workspaces/workspaces/my_workspace/install/talos_description/share/talos_description/meshes/head/head_2_collision.stl
[1.955s] -- Up-to-date symlink: /workspaces/workspaces/my_workspace/install/talos_description/share/talos_description/meshes/head/head_2_default.stl
[1.955s] -- Up-to-date symlink: /workspaces/workspaces/my_workspace/install/talos_description/share/talos_description/meshes/head/head_2_default_collision.stl
[1.956s] -- Up-to-date symlink: /workspaces/workspaces/my_workspace/install/talos_description/share/talos_description/meshes/head/head_2_lidar.stl
[1.956s] -- Up-to-date symlink: /workspaces/workspaces/my_workspace/install/talos_description/share/talos_description/meshes/head/head_2_lidar_collision.stl
[1.956s] -- Up-to-date symlink: /workspaces/workspaces/my_workspace/install/talos_description/share/talos_description/meshes/hipZ.STL
[1.957s] -- Up-to-date symlink: /workspaces/workspaces/my_workspace/install/talos_description/share/talos_description/meshes/hipZ_light.STL
[1.957s] -- Up-to-date symlink: /workspaces/workspaces/my_workspace/install/talos_description/share/talos_description/meshes/marker.STL
[1.957s] -- Up-to-date symlink: /workspaces/workspaces/my_workspace/install/talos_description/share/talos_description/meshes/marker_head.STL
[1.958s] -- Up-to-date symlink: /workspaces/workspaces/my_workspace/install/talos_description/share/talos_description/meshes/sensors/orbbec/orbbec.STL
[1.959s] -- Up-to-date symlink: /workspaces/workspaces/my_workspace/install/talos_description/share/talos_description/meshes/sensors/ouster/os1_64.dae
[1.959s] -- Up-to-date symlink: /workspaces/workspaces/my_workspace/install/talos_description/share/talos_description/meshes/sensors/xtion_pro_live/xtion_pro_live.dae
[1.966s] -- Up-to-date symlink: /workspaces/workspaces/my_workspace/install/talos_description/share/talos_description/meshes/sensors/xtion_pro_live/xtion_pro_live.png
[1.967s] -- Up-to-date symlink: /workspaces/workspaces/my_workspace/install/talos_description/share/talos_description/meshes/super-simple-bart.STL
[1.968s] -- Up-to-date symlink: /workspaces/workspaces/my_workspace/install/talos_description/share/talos_description/meshes/super-simple-femur.STL
[1.968s] -- Up-to-date symlink: /workspaces/workspaces/my_workspace/install/talos_description/share/talos_description/meshes/super-simple-tibia.STL
[1.968s] -- Up-to-date symlink: /workspaces/workspaces/my_workspace/install/talos_description/share/talos_description/meshes/talos_dummy.stl
[1.972s] -- Up-to-date symlink: /workspaces/workspaces/my_workspace/install/talos_description/share/talos_description/meshes/tibia.STL
[1.973s] -- Up-to-date symlink: /workspaces/workspaces/my_workspace/install/talos_description/share/talos_description/meshes/tibia_light.STL
[1.973s] -- Up-to-date symlink: /workspaces/workspaces/my_workspace/install/talos_description/share/talos_description/meshes/torso/base_link.STL
[1.973s] -- Up-to-date symlink: /workspaces/workspaces/my_workspace/install/talos_description/share/talos_description/meshes/torso/base_link_collision.STL
[1.974s] -- Up-to-date symlink: /workspaces/workspaces/my_workspace/install/talos_description/share/talos_description/meshes/torso/torso_1.STL
[1.974s] -- Up-to-date symlink: /workspaces/workspaces/my_workspace/install/talos_description/share/talos_description/meshes/torso/torso_2.STL
[1.974s] -- Up-to-date symlink: /workspaces/workspaces/my_workspace/install/talos_description/share/talos_description/meshes/torso/torso_2_collision.STL
[1.975s] -- Up-to-date symlink: /workspaces/workspaces/my_workspace/install/talos_description/share/talos_description/meshes/v2/ankle_X_collision.stl
[1.975s] -- Up-to-date symlink: /workspaces/workspaces/my_workspace/install/talos_description/share/talos_description/meshes/v2/ankle_X_lo_res.stl
[1.976s] -- Up-to-date symlink: /workspaces/workspaces/my_workspace/install/talos_description/share/talos_description/meshes/v2/ankle_Y_collision.stl
[1.976s] -- Up-to-date symlink: /workspaces/workspaces/my_workspace/install/talos_description/share/talos_description/meshes/v2/ankle_Y_lo_res.stl
[1.976s] -- Up-to-date symlink: /workspaces/workspaces/my_workspace/install/talos_description/share/talos_description/meshes/v2/base_link_collision.stl
[1.977s] -- Up-to-date symlink: /workspaces/workspaces/my_workspace/install/talos_description/share/talos_description/meshes/v2/base_link_lo_res.stl
[1.977s] -- Up-to-date symlink: /workspaces/workspaces/my_workspace/install/talos_description/share/talos_description/meshes/v2/hip_x_collision.stl
[1.977s] -- Up-to-date symlink: /workspaces/workspaces/my_workspace/install/talos_description/share/talos_description/meshes/v2/hip_x_lo_res.stl
[1.978s] -- Up-to-date symlink: /workspaces/workspaces/my_workspace/install/talos_description/share/talos_description/meshes/v2/hip_y_collision.stl
[1.978s] -- Up-to-date symlink: /workspaces/workspaces/my_workspace/install/talos_description/share/talos_description/meshes/v2/hip_y_lo_res.stl
[1.978s] -- Up-to-date symlink: /workspaces/workspaces/my_workspace/install/talos_description/share/talos_description/meshes/v2/hip_z_collision.stl
[1.979s] -- Up-to-date symlink: /workspaces/workspaces/my_workspace/install/talos_description/share/talos_description/meshes/v2/hip_z_lo_res.stl
[1.979s] -- Up-to-date symlink: /workspaces/workspaces/my_workspace/install/talos_description/share/talos_description/meshes/v2/knee_collision.stl
[1.980s] -- Up-to-date symlink: /workspaces/workspaces/my_workspace/install/talos_description/share/talos_description/meshes/v2/knee_lo_res.stl
[1.980s] -- Up-to-date symlink: /workspaces/workspaces/my_workspace/install/talos_description/share/talos_description/robots/talos.urdf
[1.980s] -- Up-to-date symlink: /workspaces/workspaces/my_workspace/install/talos_description/share/talos_description/robots/talos_reduced.urdf
[1.981s] -- Up-to-date symlink: /workspaces/workspaces/my_workspace/install/talos_description/share/talos_description/robots/talos_reduced_no_hands.urdf
[1.981s] -- Up-to-date symlink: /workspaces/workspaces/my_workspace/install/talos_description/share/ament_index/resource_index/package_run_dependencies/talos_description
[1.981s] -- Up-to-date symlink: /workspaces/workspaces/my_workspace/install/talos_description/share/ament_index/resource_index/parent_prefix_path/talos_description
[1.982s] -- Up-to-date symlink: /workspaces/workspaces/my_workspace/install/talos_description/share/talos_description/environment/ament_prefix_path.sh
[1.982s] -- Up-to-date symlink: /workspaces/workspaces/my_workspace/install/talos_description/share/talos_description/environment/ament_prefix_path.dsv
[1.982s] -- Up-to-date symlink: /workspaces/workspaces/my_workspace/install/talos_description/share/talos_description/environment/path.sh
[1.983s] -- Up-to-date symlink: /workspaces/workspaces/my_workspace/install/talos_description/share/talos_description/environment/path.dsv
[1.983s] -- Up-to-date symlink: /workspaces/workspaces/my_workspace/install/talos_description/share/talos_description/local_setup.bash
[1.983s] -- Up-to-date symlink: /workspaces/workspaces/my_workspace/install/talos_description/share/talos_description/local_setup.sh
[1.984s] -- Up-to-date symlink: /workspaces/workspaces/my_workspace/install/talos_description/share/talos_description/local_setup.zsh
[1.984s] -- Up-to-date symlink: /workspaces/workspaces/my_workspace/install/talos_description/share/talos_description/local_setup.dsv
[1.985s] -- Symlinking: /workspaces/workspaces/my_workspace/install/talos_description/share/talos_description/package.dsv
[2.004s] -- Up-to-date symlink: /workspaces/workspaces/my_workspace/install/talos_description/share/ament_index/resource_index/packages/talos_description
[2.006s] -- Up-to-date symlink: /workspaces/workspaces/my_workspace/install/talos_description/share/talos_description/cmake/talos_descriptionConfig.cmake
[2.006s] -- Up-to-date symlink: /workspaces/workspaces/my_workspace/install/talos_description/share/talos_description/cmake/talos_descriptionConfig-version.cmake
[2.010s] -- Up-to-date symlink: /workspaces/workspaces/my_workspace/install/talos_description/share/talos_description/package.xml
[2.015s] Invoked command in '/workspaces/workspaces/my_workspace/build/talos_description' returned '0': CMAKE_PREFIX_PATH=${CMAKE_PREFIX_PATH}:/opt/ros/rolling /usr/bin/cmake --install /workspaces/workspaces/my_workspace/build/talos_description
