[1.268s] Invoking command in '/workspaces/workspaces/my_workspace/src/bullet_sims': AMENT_PREFIX_PATH=/workspaces/workspaces/my_workspace/install/talos_description:/workspaces/workspaces/my_workspace/install/simulator:/workspaces/workspaces/my_workspace/install/reemc_description:${AMENT_PREFIX_PATH} CMAKE_PREFIX_PATH=/workspaces/workspaces/my_workspace/install/talos_description:/workspaces/workspaces/my_workspace/install/reemc_description:${CMAKE_PREFIX_PATH} PYTHONPATH=/workspaces/workspaces/my_workspace/build/bullet_sims/prefix_override:/usr/lib/python3/dist-packages/colcon_core/task/python/colcon_distutils_commands:/workspaces/workspaces/my_workspace/install/bullet_sims/lib/python3.12/site-packages:/workspaces/workspaces/my_workspace/install/simulator/lib/python3.12/site-packages:${PYTHONPATH} /usr/bin/python3 -W ignore:setup.py install is deprecated -W ignore:easy_install command is deprecated setup.py egg_info --egg-base ../../build/bullet_sims build --build-base /workspaces/workspaces/my_workspace/build/bullet_sims/build install --record /workspaces/workspaces/my_workspace/build/bullet_sims/install.log --single-version-externally-managed install_data
[1.693s] running egg_info
[1.722s] writing ../../build/bullet_sims/bullet_sims.egg-info/PKG-INFO
[1.722s] writing dependency_links to ../../build/bullet_sims/bullet_sims.egg-info/dependency_links.txt
[1.723s] writing entry points to ../../build/bullet_sims/bullet_sims.egg-info/entry_points.txt
[1.723s] writing requirements to ../../build/bullet_sims/bullet_sims.egg-info/requires.txt
[1.724s] writing top-level names to ../../build/bullet_sims/bullet_sims.egg-info/top_level.txt
[2.136s] writing manifest file '../../build/bullet_sims/bullet_sims.egg-info/SOURCES.txt'
[2.137s] running build
[2.137s] running build_py
[2.139s] running install
[2.157s] running install_lib
[2.192s] running install_data
[2.192s] running install_egg_info
[2.223s] removing '/workspaces/workspaces/my_workspace/install/bullet_sims/lib/python3.12/site-packages/bullet_sims-0.0.0-py3.12.egg-info' (and everything under it)
[2.224s] Copying ../../build/bullet_sims/bullet_sims.egg-info to /workspaces/workspaces/my_workspace/install/bullet_sims/lib/python3.12/site-packages/bullet_sims-0.0.0-py3.12.egg-info
[2.227s] running install_scripts
[2.435s] Installing t21 script to /workspaces/workspaces/my_workspace/install/bullet_sims/lib/bullet_sims
[2.435s] Installing t22 script to /workspaces/workspaces/my_workspace/install/bullet_sims/lib/bullet_sims
[2.436s] Installing t23 script to /workspaces/workspaces/my_workspace/install/bullet_sims/lib/bullet_sims
[2.436s] Installing t2_temp script to /workspaces/workspaces/my_workspace/install/bullet_sims/lib/bullet_sims
[2.437s] Installing t3_main script to /workspaces/workspaces/my_workspace/install/bullet_sims/lib/bullet_sims
[2.437s] writing list of installed files to '/workspaces/workspaces/my_workspace/build/bullet_sims/install.log'
[2.488s] Invoked command in '/workspaces/workspaces/my_workspace/src/bullet_sims' returned '0': AMENT_PREFIX_PATH=/workspaces/workspaces/my_workspace/install/talos_description:/workspaces/workspaces/my_workspace/install/simulator:/workspaces/workspaces/my_workspace/install/reemc_description:${AMENT_PREFIX_PATH} CMAKE_PREFIX_PATH=/workspaces/workspaces/my_workspace/install/talos_description:/workspaces/workspaces/my_workspace/install/reemc_description:${CMAKE_PREFIX_PATH} PYTHONPATH=/workspaces/workspaces/my_workspace/build/bullet_sims/prefix_override:/usr/lib/python3/dist-packages/colcon_core/task/python/colcon_distutils_commands:/workspaces/workspaces/my_workspace/install/bullet_sims/lib/python3.12/site-packages:/workspaces/workspaces/my_workspace/install/simulator/lib/python3.12/site-packages:${PYTHONPATH} /usr/bin/python3 -W ignore:setup.py install is deprecated -W ignore:easy_install command is deprecated setup.py egg_info --egg-base ../../build/bullet_sims build --build-base /workspaces/workspaces/my_workspace/build/bullet_sims/build install --record /workspaces/workspaces/my_workspace/build/bullet_sims/install.log --single-version-externally-managed install_data
