[0.539s] Invoking command in '/workspaces/legged-robots/my_workspace/build/simulator': PYTHONPATH=/workspaces/legged-robots/my_workspace/build/simulator/prefix_override:/usr/lib/python3/dist-packages/colcon_core/task/python/colcon_distutils_commands:/workspaces/legged-robots/my_workspace/install/simulator/lib/python3.12/site-packages:${PYTHONPATH} /usr/bin/python3 -W ignore:setup.py install is deprecated -W ignore:easy_install command is deprecated setup.py develop --editable --build-directory /workspaces/legged-robots/my_workspace/build/simulator/build --no-deps symlink_data
[0.703s] running develop
[0.791s] running egg_info
[0.791s] creating simulator.egg-info
[0.799s] writing simulator.egg-info/PKG-INFO
[0.799s] writing dependency_links to simulator.egg-info/dependency_links.txt
[0.799s] writing requirements to simulator.egg-info/requires.txt
[0.799s] writing top-level names to simulator.egg-info/top_level.txt
[0.799s] writing manifest file 'simulator.egg-info/SOURCES.txt'
[0.998s] writing manifest file 'simulator.egg-info/SOURCES.txt'
[1.008s] running build_ext
[1.008s] Creating /workspaces/legged-robots/my_workspace/install/simulator/lib/python3.12/site-packages/simulator.egg-link (link to .)
[1.008s] 
[1.008s] Installed /workspaces/legged-robots/my_workspace/build/simulator
[1.008s] running symlink_data
[1.008s] creating /workspaces/legged-robots/my_workspace/install/simulator/share/ament_index
[1.008s] creating /workspaces/legged-robots/my_workspace/install/simulator/share/ament_index/resource_index
[1.008s] creating /workspaces/legged-robots/my_workspace/install/simulator/share/ament_index/resource_index/packages
[1.008s] symbolically linking /workspaces/legged-robots/my_workspace/build/simulator/resource/simulator -> /workspaces/legged-robots/my_workspace/install/simulator/share/ament_index/resource_index/packages
[1.008s] symbolically linking /workspaces/legged-robots/my_workspace/build/simulator/package.xml -> /workspaces/legged-robots/my_workspace/install/simulator/share/simulator
[1.033s] Invoked command in '/workspaces/legged-robots/my_workspace/build/simulator' returned '0': PYTHONPATH=/workspaces/legged-robots/my_workspace/build/simulator/prefix_override:/usr/lib/python3/dist-packages/colcon_core/task/python/colcon_distutils_commands:/workspaces/legged-robots/my_workspace/install/simulator/lib/python3.12/site-packages:${PYTHONPATH} /usr/bin/python3 -W ignore:setup.py install is deprecated -W ignore:easy_install command is deprecated setup.py develop --editable --build-directory /workspaces/legged-robots/my_workspace/build/simulator/build --no-deps symlink_data
