[2.019s] Invoking command in '/workspaces/workspaces/my_workspace/src/ros_visuals': PYTHONPATH=/workspaces/workspaces/my_workspace/build/ros_visuals/prefix_override:/usr/lib/python3/dist-packages/colcon_core/task/python/colcon_distutils_commands:/workspaces/workspaces/my_workspace/install/ros_visuals/lib/python3.12/site-packages:${PYTHONPATH} /usr/bin/python3 -W ignore:setup.py install is deprecated -W ignore:easy_install command is deprecated setup.py egg_info --egg-base ../../build/ros_visuals build --build-base /workspaces/workspaces/my_workspace/build/ros_visuals/build install --record /workspaces/workspaces/my_workspace/build/ros_visuals/install.log --single-version-externally-managed install_data
[2.493s] running egg_info
[2.530s] writing ../../build/ros_visuals/ros_visuals.egg-info/PKG-INFO
[2.530s] writing dependency_links to ../../build/ros_visuals/ros_visuals.egg-info/dependency_links.txt
[2.530s] writing entry points to ../../build/ros_visuals/ros_visuals.egg-info/entry_points.txt
[2.531s] writing requirements to ../../build/ros_visuals/ros_visuals.egg-info/requires.txt
[2.531s] writing top-level names to ../../build/ros_visuals/ros_visuals.egg-info/top_level.txt
[3.022s] writing manifest file '../../build/ros_visuals/ros_visuals.egg-info/SOURCES.txt'
[3.023s] running build
[3.023s] running build_py
[3.024s] running install
[3.039s] running install_lib
[3.076s] running install_data
[3.077s] running install_egg_info
[3.116s] removing '/workspaces/workspaces/my_workspace/install/ros_visuals/lib/python3.12/site-packages/ros_visuals-0.0.0-py3.12.egg-info' (and everything under it)
[3.116s] Copying ../../build/ros_visuals/ros_visuals.egg-info to /workspaces/workspaces/my_workspace/install/ros_visuals/lib/python3.12/site-packages/ros_visuals-0.0.0-py3.12.egg-info
[3.118s] running install_scripts
[3.338s] Installing t11 script to /workspaces/workspaces/my_workspace/install/ros_visuals/lib/ros_visuals
[3.338s] Installing t12 script to /workspaces/workspaces/my_workspace/install/ros_visuals/lib/ros_visuals
[3.339s] Installing t13 script to /workspaces/workspaces/my_workspace/install/ros_visuals/lib/ros_visuals
[3.339s] writing list of installed files to '/workspaces/workspaces/my_workspace/build/ros_visuals/install.log'
[3.408s] Invoked command in '/workspaces/workspaces/my_workspace/src/ros_visuals' returned '0': PYTHONPATH=/workspaces/workspaces/my_workspace/build/ros_visuals/prefix_override:/usr/lib/python3/dist-packages/colcon_core/task/python/colcon_distutils_commands:/workspaces/workspaces/my_workspace/install/ros_visuals/lib/python3.12/site-packages:${PYTHONPATH} /usr/bin/python3 -W ignore:setup.py install is deprecated -W ignore:easy_install command is deprecated setup.py egg_info --egg-base ../../build/ros_visuals build --build-base /workspaces/workspaces/my_workspace/build/ros_visuals/build install --record /workspaces/workspaces/my_workspace/build/ros_visuals/install.log --single-version-externally-managed install_data
